 
export TEST_JDK_HOME=/tmp/tmp.3UU5Oacw5H/jdk-17.0.13+11
export EXTRA_DOCKER_ARGS=-v /tmp/tmp.3UU5Oacw5H/jdk-17.0.13+11:/opt/java/openjdk ;
export BUILD_LIST=external/tomcat ;
export EXTERNAL_AQA_IMAGE=;
make compile
make _tomcat_test

JAVA_HOME is set to /tmp/tmp.3UU5Oacw5H/jdk-17.0.13+11
LIB_DIR is set to /home/jvanek/git/aqa-tests/TKG/../TKG/lib
rm -f -r /home/jvanek/git/aqa-tests/TKG/../TKG/output_compilation; \
mkdir -p /home/jvanek/git/aqa-tests/TKG/../TKG/output_compilation; \
(ant -f ./scripts/build_tools.xml -DTEST_JDK_HOME=/tmp/tmp.3UU5Oacw5H/jdk-17.0.13+11 -DTEST_ROOT=/home/jvanek/git/aqa-tests/TKG/.. -DLIB_DIR=/home/jvanek/git/aqa-tests/TKG/../TKG/lib 2>&1; echo $? ) | tee "/home/jvanek/git/aqa-tests/TKG/../TKG/output_compilation/compilation.log"; \
if [ -z "$(tail -1 /home/jvanek/git/aqa-tests/TKG/../TKG/output_compilation/compilation.log | grep 0)" ]; then perl scripts/moveDmp.pl --compileLogPath="/home/jvanek/git/aqa-tests/TKG/../TKG/output_compilation/compilation.log" --testRoot="/home/jvanek/git/aqa-tests/TKG/.."; false; else rm -f -r "/home/jvanek/git/aqa-tests/TKG/../TKG/output_compilation"; fi
Buildfile: /home/jvanek/git/aqa-tests/TKG/scripts/build_tools.xml

build:

clean:
   [delete] Deleting: /home/jvanek/git/aqa-tests/TKG/autoGenEnv.mk
   [delete] Deleting: /home/jvanek/git/aqa-tests/TKG/utils.mk
   [delete] Deleting directory /home/jvanek/git/aqa-tests/TKG/bin

init:
    [mkdir] Created dir: /home/jvanek/git/aqa-tests/TKG/bin

getDependentLibs:
     [exec] --------------------------------------------
     [exec] path is set to /home/jvanek/git/aqa-tests/TKG/../TKG/lib
     [exec] task is set to default
     [exec] dependencyList is set to json_simple
     [exec] --------------------------------------------
     [exec] Starting download third party dependent jars
     [exec] --------------------------------------------
     [exec] downloading dependent third party jars to /home/jvanek/git/aqa-tests/TKG/../TKG/lib
     [exec] /home/jvanek/git/aqa-tests/TKG/../TKG/lib/json-simple.jar exists with correct hash, not downloading
     [exec] downloaded dependent third party jars successfully

compile:
     [echo] Ant version is Apache Ant(TM) version 1.10.12 compiled on July 19 2023
     [echo] ============COMPILER SETTINGS============
     [echo] ===fork:                         yes
     [echo] ===debug:                        on
    [javac] Compiling 27 source files to /home/jvanek/git/aqa-tests/TKG/bin
    [javac] Note: /home/jvanek/git/aqa-tests/TKG/src/org/openj9/envInfo/MachineInfo.java uses or overrides a deprecated API.
    [javac] Note: Recompile with -Xlint:deprecation for details.

dist:
      [jar] Building jar: /home/jvanek/git/aqa-tests/TKG/bin/TestKitGen.jar

BUILD SUCCESSFUL
Total time: 0 seconds
0
/tmp/tmp.3UU5Oacw5H/jdk-17.0.13+11/bin/java -cp ./bin/TestKitGen.jar org.openj9.envInfo.EnvDetector
Unfamiliar microArch detected in TKG. It will not be added in TKG microArch!
microArchOutput: model name	: 11th Gen Intel(R) Core(TM) i7-11850H @ 2.50GHz
****************************** MACHINE INFO ******************************
File path : /home/jvanek/git/aqa-tests/TKG
Free Physical Memory Size : 13048147968
Free space (bytes) : 281491800064
Total Physical Memory Size : 67106488320
Total space (bytes) : 632976211968
Usable space (bytes) : 249263190016
antVersion : Apache Ant(TM) version 1.10.12 compiled on July 19 2023
cpuCores : 16
curlVersion : 
	curl 8.2.1 (x86_64-redhat-linux-gnu) libcurl/8.2.1 OpenSSL/3.1.4 zlib/1.2.13 libidn2/2.3.7 nghttp2/1.55.1
	Release-Date: 2023-07-26
	Protocols: file ftp ftps http https
	Features: alt-svc AsynchDNS GSS-API HSTS HTTP2 HTTPS-proxy IDN IPv6 Kerberos Largefile libz SPNEGO SSL threadsafe UnixSockets
docker : not on docker
gcc version : 13
gclibc version : ldd (GNU libc) 2.38
gdb version : GNU gdb (Fedora Linux) 15.1-1.fc39
lldb version : Command could not be executed
makeVersion : 
	GNU Make 4.4.1
	Built for x86_64-redhat-linux-gnu
	Copyright (C) 1988-2023 Free Software Foundation, Inc.
	License GPLv3+: GNU GPL version 3 or later <https://gnu.org/licenses/gpl.html>
	This is free software: you are free to change and redistribute it.
	There is NO WARRANTY, to the extent permitted by law.
perlVersion : 
	
	This is perl 5, version 38, subversion 2 (v5.38.2) built for x86_64-linux-thread-multi
	(with 15 registered patches, see perl -V for more detail)
	
	Copyright 1987-2023, Larry Wall
	
	Perl may be copied only under the terms of either the Artistic License or the
	GNU General Public License, which may be found in the Perl 5 source kit.
	
	Complete documentation for Perl, including FAQ lists, should be found on
	this system using "man perl" or "perldoc perl".  If you have access to the
	Internet, point your browser at https://www.perl.org/, the Perl Home Page.
	
procArch : unknown
sysArch : x86_64
sysOS : Linux
ulimit : 
	real-time non-blocking time  (microseconds, -R) unlimited
	core file size              (blocks, -c) unlimited
	data seg size               (kbytes, -d) unlimited
	scheduling priority                 (-e) 0
	file size                   (blocks, -f) unlimited
	pending signals                     (-i) 255386
	max locked memory           (kbytes, -l) 8192
	max memory size             (kbytes, -m) unlimited
	open files                          (-n) 524288
	pipe size                (512 bytes, -p) 8
	POSIX message queues         (bytes, -q) 819200
	real-time priority                  (-r) 0
	stack size                  (kbytes, -s) 8192
	cpu time                   (seconds, -t) unlimited
	max user processes                  (-u) 255386
	virtual memory              (kbytes, -v) unlimited
	file locks                          (-x) unlimited
uname : Linux fedora 6.11.6-100.fc39.x86_64 #1 SMP PREEMPT_DYNAMIC Fri Nov  1 16:07:59 UTC 2024 x86_64 GNU/Linux
vmVendor : Oracle Corporation
vmVersion : 17.0.13+11
xlc version : bash: line 1: xlC: command not found
**************************************************************************

System.getProperty('java.vm.name')=OpenJDK 64-Bit Server VM

System.getProperty('java.vendor')=Eclipse Adoptium

System.getProperty('os.name')=Linux

System.getProperty('os.arch')=amd64

System.getProperty('java.fullversion')=null

System.getProperty('sun.arch.data.model')=64

make -f clean.mk cleanBuild
make[1]: Entering directory '/home/jvanek/git/aqa-tests/TKG'
rm -f -r /home/jvanek/git/aqa-tests/TKG/../../jvmtest
make[1]: Leaving directory '/home/jvanek/git/aqa-tests/TKG'
make -f compile.mk compile
make[1]: Entering directory '/home/jvanek/git/aqa-tests/TKG'
rm -f -r /home/jvanek/git/aqa-tests/TKG/../TKG/output_compilation; \
mkdir -p /home/jvanek/git/aqa-tests/TKG/../TKG/output_compilation; \
(ant -f scripts/build_test.xml -DTEST_ROOT=/home/jvanek/git/aqa-tests/TKG/.. -DBUILD_ROOT=/home/jvanek/git/aqa-tests/TKG/../../jvmtest -DJDK_VERSION=17 -DJDK_IMPL=hotspot -DJDK_VENDOR=eclipse -DJCL_VERSION=latest -DBUILD_LIST=external/tomcat -DRESOURCES_DIR=/home/jvanek/git/aqa-tests/TKG/../../jvmtest/TestConfig/resources -DSPEC=linux_x86-64 -DTEST_JDK_HOME=/tmp/tmp.3UU5Oacw5H/jdk-17.0.13+11 -DJVM_VERSION=openjdk17 -DLIB_DIR=/home/jvanek/git/aqa-tests/TKG/../TKG/lib  2>&1; echo $? ) | tee "/home/jvanek/git/aqa-tests/TKG/../TKG/output_compilation/compilation.log"; \
if [ -z "$(tail -1 /home/jvanek/git/aqa-tests/TKG/../TKG/output_compilation/compilation.log | grep 0)" ]; then perl scripts/moveDmp.pl --compileLogPath="/home/jvanek/git/aqa-tests/TKG/../TKG/output_compilation/compilation.log" --testRoot="/home/jvanek/git/aqa-tests/TKG/.."; false; else rm -f -r "/home/jvanek/git/aqa-tests/TKG/../TKG/output_compilation"; fi
Buildfile: /home/jvanek/git/aqa-tests/TKG/scripts/build_test.xml
     [echo]  build.list is TestConfig/build.xml,external/tomcat/build.xml 

-create_test_directory:
    [mkdir] Created dir: /home/jvanek/git/jvmtest

stage_test_material:
     [copy] Copying 739 files to /home/jvanek/git/jvmtest
     [copy] Copied 320 empty directories to 128 empty directories under /home/jvanek/git/jvmtest

build:

init:
    [mkdir] Created dir: /home/jvanek/git/jvmtest/TestConfig

build:
     [copy] Copying 22 files to /home/jvanek/git/jvmtest/TestConfig
     [copy] Copied 9 empty directories to 4 empty directories under /home/jvanek/git/jvmtest/TestConfig
     [copy] Copying 2 files to /home/jvanek/git/jvmtest/TestConfig

build:

move_scripts:
     [copy] Copying 2 files to /home/jvanek/git/jvmtest/external/tomcat
     [copy] Copying 9 files to /home/jvanek/git/jvmtest/external

clean_image:
     [echo] Executing external.sh --clean --dir tomcat --tag nightly --version 17 --impl hotspot 
     [exec]    # =================== Info =================== Info =================== Info =================== #
     [exec]    # EXTRA_DOCKER_ARGS set as "-v /tmp/tmp.3UU5Oacw5H/jdk-17.0.13+11:/opt/java/openjdk"                                #
     [exec]    # =================== Info =================== Info =================== Info =================== #
     [exec]    # =================== Info =================== Info =================== Info =================== #
     [exec]    # TEST_JDK_HOME of /tmp/tmp.3UU5Oacw5H/jdk-17.0.13+11 is used in EXTRA_DOCKER_ARGS                                #
     [exec]    # =================== Info =================== Info =================== Info =================== #
     [exec] The test here is tomcat
     [exec] The directory in the external.sh is tomcat
     [exec] DOCKERIMAGE_TAG nightly has been recognized.
     [exec] Error: invalid reference format
     [exec] Result: 125

build_image:
     [echo] Executing external.sh --build --dir tomcat --tag nightly --version 17 --impl hotspot --platform linux_x86-64 --docker_args -v /tmp/tmp.3UU5Oacw5H/jdk-17.0.13+11:/opt/java/openjdk 
     [exec]    # =================== Info =================== Info =================== Info =================== #
     [exec]    # EXTRA_DOCKER_ARGS set as "-v /tmp/tmp.3UU5Oacw5H/jdk-17.0.13+11:/opt/java/openjdk"                                #
     [exec]    # =================== Info =================== Info =================== Info =================== #
     [exec]    # =================== Info =================== Info =================== Info =================== #
     [exec]    # TEST_JDK_HOME of /tmp/tmp.3UU5Oacw5H/jdk-17.0.13+11 is used in EXTRA_DOCKER_ARGS                                #
     [exec]    # =================== Info =================== Info =================== Info =================== #
     [exec] The test here is tomcat
     [exec] The directory in the external.sh is tomcat
     [exec] DOCKERIMAGE_TAG nightly has been recognized.
     [exec] build_image.sh tomcat 17 hotspot ubuntu jdk full linux_x86-64 default 0 
     [exec] /home/jvanek/git/jvmtest/external
     [exec] 
     [exec] Writing /home/jvanek/git/jvmtest/external/tomcat/dockerfile/17/jdk/ubuntu/Dockerfile.hotspot.full ... ubuntu
     [exec] done
     [exec] 
     [exec] The test in the build_image() function is tomcat
     [exec] #####################################################
     [exec] INFO:  podman build  --no-cache -t adoptopenjdk-tomcat-test:17-jdk-ubuntu-hotspot-full -f /home/jvanek/git/jvmtest/external/tomcat/dockerfile/17/jdk/ubuntu/Dockerfile.hotspot.full /home/jvanek/git/jvmtest/external/
     [exec] #####################################################
     [exec] STEP 1/20: FROM docker.io/library/eclipse-temurin:17-jdk
     [exec] STEP 2/20: ENV RESULT_COMMENT="IN CONTAINER(not-as-root/podman)"
     [exec] --> 1edb4095f7e4
     [exec] STEP 3/20: ARG TOMCAT_TAG=10.0.7
     [exec] --> c9d2cd3a69c3
     [exec] STEP 4/20: RUN apt-get update 	&& apt-get install -qq -y --no-install-recommends software-properties-common 	&& apt-get install -qq -y --no-install-recommends gnupg 	&& add-apt-repository ppa:ubuntu-toolchain-r/test 	&& apt-get update 	&& apt-get install -y --no-install-recommends  openssl make gcc perl automake autoconf subversion git wget tar  ant-optional linux-libc-dev libc6-dev build-essential libssl-dev libtool-bin 	&& rm -rf /var/lib/apt/lists/*
     [exec] Get:1 http://archive.ubuntu.com/ubuntu noble InRelease [256 kB]
     [exec] Get:2 http://security.ubuntu.com/ubuntu noble-security InRelease [126 kB]
     [exec] Get:3 http://archive.ubuntu.com/ubuntu noble-updates InRelease [126 kB]
     [exec] Get:4 http://archive.ubuntu.com/ubuntu noble-backports InRelease [126 kB]
     [exec] Get:5 http://security.ubuntu.com/ubuntu noble-security/universe amd64 Packages [726 kB]
     [exec] Get:6 http://archive.ubuntu.com/ubuntu noble/universe amd64 Packages [19.3 MB]
     [exec] Get:7 http://security.ubuntu.com/ubuntu noble-security/multiverse amd64 Packages [15.3 kB]
     [exec] Get:8 http://security.ubuntu.com/ubuntu noble-security/main amd64 Packages [627 kB]
     [exec] Get:9 http://security.ubuntu.com/ubuntu noble-security/restricted amd64 Packages [607 kB]
     [exec] Get:10 http://archive.ubuntu.com/ubuntu noble/restricted amd64 Packages [117 kB]
     [exec] Get:11 http://archive.ubuntu.com/ubuntu noble/main amd64 Packages [1,808 kB]
     [exec] Get:12 http://archive.ubuntu.com/ubuntu noble/multiverse amd64 Packages [331 kB]
     [exec] Get:13 http://archive.ubuntu.com/ubuntu noble-updates/universe amd64 Packages [939 kB]
     [exec] Get:14 http://archive.ubuntu.com/ubuntu noble-updates/main amd64 Packages [858 kB]
     [exec] Get:15 http://archive.ubuntu.com/ubuntu noble-updates/restricted amd64 Packages [628 kB]
     [exec] Get:16 http://archive.ubuntu.com/ubuntu noble-updates/multiverse amd64 Packages [19.7 kB]
     [exec] Get:17 http://archive.ubuntu.com/ubuntu noble-backports/universe amd64 Packages [11.9 kB]
     [exec] Fetched 26.6 MB in 1s (22.3 MB/s)
     [exec] Reading package lists...
     [exec] debconf: delaying package configuration, since apt-utils is not installed
     [exec] Selecting previously unselected package libpython3.12-minimal:amd64.
     [exec] (Reading database ... 
     [exec] (Reading database ... 5%(Reading database ... 10%(Reading database ... 15%(Reading database ... 20%(Reading database ... 25%(Reading database ... 30%(Reading database ... 35%(Reading database ... 40%(Reading database ... 45%(Reading database ... 50%(Reading database ... 55%(Reading database ... 60%(Reading database ... 65%(Reading database ... 70%(Reading database ... 75%(Reading database ... 80%(Reading database ... 85%(Reading database ... 90%(Reading database ... 95%(Reading database ... 100%(Reading database ... 6862 files and directories currently installed.)Preparing to unpack .../libpython3.12-minimal_3.12.3-1ubuntu0.3_amd64.deb ...
     [exec] Unpacking libpython3.12-minimal:amd64 (3.12.3-1ubuntu0.3) ...
     [exec] Selecting previously unselected package python3.12-minimal.
     [exec] Preparing to unpack .../python3.12-minimal_3.12.3-1ubuntu0.3_amd64.deb ...
     [exec] Unpacking python3.12-minimal (3.12.3-1ubuntu0.3) ...
     [exec] Setting up libpython3.12-minimal:amd64 (3.12.3-1ubuntu0.3) ...
     [exec] Setting up python3.12-minimal (3.12.3-1ubuntu0.3) ...
     [exec] Selecting previously unselected package python3-minimal.
     [exec] (Reading database ... 
     [exec] (Reading database ... 5%(Reading database ... 10%(Reading database ... 15%(Reading database ... 20%(Reading database ... 25%(Reading database ... 30%(Reading database ... 35%(Reading database ... 40%(Reading database ... 45%(Reading database ... 50%(Reading database ... 55%(Reading database ... 60%(Reading database ... 65%(Reading database ... 70%(Reading database ... 75%(Reading database ... 80%(Reading database ... 85%(Reading database ... 90%(Reading database ... 95%(Reading database ... 100%(Reading database ... 7173 files and directories currently installed.)Preparing to unpack .../0-python3-minimal_3.12.3-0ubuntu2_amd64.deb ...
     [exec] Unpacking python3-minimal (3.12.3-0ubuntu2) ...
     [exec] Selecting previously unselected package media-types.
     [exec] Preparing to unpack .../1-media-types_10.1.0_all.deb ...
     [exec] Unpacking media-types (10.1.0) ...
     [exec] Selecting previously unselected package netbase.
     [exec] Preparing to unpack .../2-netbase_6.4_all.deb ...
     [exec] Unpacking netbase (6.4) ...
     [exec] Selecting previously unselected package libpython3.12-stdlib:amd64.
     [exec] Preparing to unpack .../3-libpython3.12-stdlib_3.12.3-1ubuntu0.3_amd64.deb ...
     [exec] Unpacking libpython3.12-stdlib:amd64 (3.12.3-1ubuntu0.3) ...
     [exec] Selecting previously unselected package python3.12.
     [exec] Preparing to unpack .../4-python3.12_3.12.3-1ubuntu0.3_amd64.deb ...
     [exec] Unpacking python3.12 (3.12.3-1ubuntu0.3) ...
     [exec] Selecting previously unselected package libpython3-stdlib:amd64.
     [exec] Preparing to unpack .../5-libpython3-stdlib_3.12.3-0ubuntu2_amd64.deb ...
     [exec] Unpacking libpython3-stdlib:amd64 (3.12.3-0ubuntu2) ...
     [exec] Setting up python3-minimal (3.12.3-0ubuntu2) ...
     [exec] Selecting previously unselected package python3.
     [exec] (Reading database ... 
     [exec] (Reading database ... 5%(Reading database ... 10%(Reading database ... 15%(Reading database ... 20%(Reading database ... 25%(Reading database ... 30%(Reading database ... 35%(Reading database ... 40%(Reading database ... 45%(Reading database ... 50%(Reading database ... 55%(Reading database ... 60%(Reading database ... 65%(Reading database ... 70%(Reading database ... 75%(Reading database ... 80%(Reading database ... 85%(Reading database ... 90%(Reading database ... 95%(Reading database ... 100%(Reading database ... 7614 files and directories currently installed.)Preparing to unpack .../00-python3_3.12.3-0ubuntu2_amd64.deb ...
     [exec] Unpacking python3 (3.12.3-0ubuntu2) ...
     [exec] Selecting previously unselected package libapparmor1:amd64.
     [exec] Preparing to unpack .../01-libapparmor1_4.0.1really4.0.1-0ubuntu0.24.04.3_amd64.deb ...
     [exec] Unpacking libapparmor1:amd64 (4.0.1really4.0.1-0ubuntu0.24.04.3) ...
     [exec] Selecting previously unselected package libargon2-1:amd64.
     [exec] Preparing to unpack .../02-libargon2-1_0~20190702+dfsg-4build1_amd64.deb ...
     [exec] Unpacking libargon2-1:amd64 (0~20190702+dfsg-4build1) ...
     [exec] Selecting previously unselected package libdevmapper1.02.1:amd64.
     [exec] Preparing to unpack .../03-libdevmapper1.02.1_2%3a1.02.185-3ubuntu3.1_amd64.deb ...
     [exec] Unpacking libdevmapper1.02.1:amd64 (2:1.02.185-3ubuntu3.1) ...
     [exec] Selecting previously unselected package libjson-c5:amd64.
     [exec] Preparing to unpack .../04-libjson-c5_0.17-1build1_amd64.deb ...
     [exec] Unpacking libjson-c5:amd64 (0.17-1build1) ...
     [exec] Selecting previously unselected package libcryptsetup12:amd64.
     [exec] Preparing to unpack .../05-libcryptsetup12_2%3a2.7.0-1ubuntu4.1_amd64.deb ...
     [exec] Unpacking libcryptsetup12:amd64 (2:2.7.0-1ubuntu4.1) ...
     [exec] Selecting previously unselected package libfdisk1:amd64.
     [exec] Preparing to unpack .../06-libfdisk1_2.39.3-9ubuntu6.1_amd64.deb ...
     [exec] Unpacking libfdisk1:amd64 (2.39.3-9ubuntu6.1) ...
     [exec] Selecting previously unselected package libkmod2:amd64.
     [exec] Preparing to unpack .../07-libkmod2_31+20240202-2ubuntu7_amd64.deb ...
     [exec] Unpacking libkmod2:amd64 (31+20240202-2ubuntu7) ...
     [exec] Selecting previously unselected package libsystemd-shared:amd64.
     [exec] Preparing to unpack .../08-libsystemd-shared_255.4-1ubuntu8.4_amd64.deb ...
     [exec] Unpacking libsystemd-shared:amd64 (255.4-1ubuntu8.4) ...
     [exec] Selecting previously unselected package systemd-dev.
     [exec] Preparing to unpack .../09-systemd-dev_255.4-1ubuntu8.4_all.deb ...
     [exec] Unpacking systemd-dev (255.4-1ubuntu8.4) ...
     [exec] Selecting previously unselected package systemd.
     [exec] Preparing to unpack .../10-systemd_255.4-1ubuntu8.4_amd64.deb ...
     [exec] Unpacking systemd (255.4-1ubuntu8.4) ...
     [exec] Setting up libapparmor1:amd64 (4.0.1really4.0.1-0ubuntu0.24.04.3) ...
     [exec] Setting up libargon2-1:amd64 (0~20190702+dfsg-4build1) ...
     [exec] Setting up libdevmapper1.02.1:amd64 (2:1.02.185-3ubuntu3.1) ...
     [exec] Setting up libjson-c5:amd64 (0.17-1build1) ...
     [exec] Setting up libcryptsetup12:amd64 (2:2.7.0-1ubuntu4.1) ...
     [exec] Setting up libfdisk1:amd64 (2.39.3-9ubuntu6.1) ...
     [exec] Setting up libkmod2:amd64 (31+20240202-2ubuntu7) ...
     [exec] Setting up libsystemd-shared:amd64 (255.4-1ubuntu8.4) ...
     [exec] Setting up systemd-dev (255.4-1ubuntu8.4) ...
     [exec] Setting up systemd (255.4-1ubuntu8.4) ...
     [exec] Created symlink /etc/systemd/system/getty.target.wants/getty@tty1.service → /usr/lib/systemd/system/getty@.service.
     [exec] Created symlink /etc/systemd/system/multi-user.target.wants/remote-fs.target → /usr/lib/systemd/system/remote-fs.target.
     [exec] Created symlink /etc/systemd/system/sysinit.target.wants/systemd-pstore.service → /usr/lib/systemd/system/systemd-pstore.service.
     [exec] Initializing machine ID from random generator.
     [exec] /usr/lib/tmpfiles.d/systemd-network.conf:10: Failed to resolve user 'systemd-network': No such process
     [exec] /usr/lib/tmpfiles.d/systemd-network.conf:11: Failed to resolve user 'systemd-network': No such process
     [exec] /usr/lib/tmpfiles.d/systemd-network.conf:12: Failed to resolve user 'systemd-network': No such process
     [exec] /usr/lib/tmpfiles.d/systemd-network.conf:13: Failed to resolve user 'systemd-network': No such process
     [exec] /usr/lib/tmpfiles.d/systemd.conf:22: Failed to resolve group 'systemd-journal': No such process
     [exec] /usr/lib/tmpfiles.d/systemd.conf:23: Failed to resolve group 'systemd-journal': No such process
     [exec] /usr/lib/tmpfiles.d/systemd.conf:28: Failed to resolve group 'systemd-journal': No such process
     [exec] /usr/lib/tmpfiles.d/systemd.conf:29: Failed to resolve group 'systemd-journal': No such process
     [exec] /usr/lib/tmpfiles.d/systemd.conf:30: Failed to resolve group 'systemd-journal': No such process
     [exec] Creating group 'systemd-journal' with GID 999.
     [exec] Creating group 'systemd-network' with GID 998.
     [exec] Creating user 'systemd-network' (systemd Network Management) with UID 998 and GID 998.
     [exec] Selecting previously unselected package systemd-sysv.
     [exec] (Reading database ... 
     [exec] (Reading database ... 5%(Reading database ... 10%(Reading database ... 15%(Reading database ... 20%(Reading database ... 25%(Reading database ... 30%(Reading database ... 35%(Reading database ... 40%(Reading database ... 45%(Reading database ... 50%(Reading database ... 55%(Reading database ... 60%(Reading database ... 65%(Reading database ... 70%(Reading database ... 75%(Reading database ... 80%(Reading database ... 85%(Reading database ... 90%(Reading database ... 95%(Reading database ... 100%(Reading database ... 8661 files and directories currently installed.)Preparing to unpack .../00-systemd-sysv_255.4-1ubuntu8.4_amd64.deb ...
     [exec] Unpacking systemd-sysv (255.4-1ubuntu8.4) ...
     [exec] Selecting previously unselected package sgml-base.
     [exec] Preparing to unpack .../01-sgml-base_1.31_all.deb ...
     [exec] Unpacking sgml-base (1.31) ...
     [exec] Selecting previously unselected package libdbus-1-3:amd64.
     [exec] Preparing to unpack .../02-libdbus-1-3_1.14.10-4ubuntu4.1_amd64.deb ...
     [exec] Unpacking libdbus-1-3:amd64 (1.14.10-4ubuntu4.1) ...
     [exec] Selecting previously unselected package dbus-bin.
     [exec] Preparing to unpack .../03-dbus-bin_1.14.10-4ubuntu4.1_amd64.deb ...
     [exec] Unpacking dbus-bin (1.14.10-4ubuntu4.1) ...
     [exec] Selecting previously unselected package dbus-session-bus-common.
     [exec] Preparing to unpack .../04-dbus-session-bus-common_1.14.10-4ubuntu4.1_all.deb ...
     [exec] Unpacking dbus-session-bus-common (1.14.10-4ubuntu4.1) ...
     [exec] Selecting previously unselected package dbus-daemon.
     [exec] Preparing to unpack .../05-dbus-daemon_1.14.10-4ubuntu4.1_amd64.deb ...
     [exec] Unpacking dbus-daemon (1.14.10-4ubuntu4.1) ...
     [exec] Selecting previously unselected package dbus-system-bus-common.
     [exec] Preparing to unpack .../06-dbus-system-bus-common_1.14.10-4ubuntu4.1_all.deb ...
     [exec] Unpacking dbus-system-bus-common (1.14.10-4ubuntu4.1) ...
     [exec] Selecting previously unselected package dbus.
     [exec] Preparing to unpack .../07-dbus_1.14.10-4ubuntu4.1_amd64.deb ...
     [exec] Unpacking dbus (1.14.10-4ubuntu4.1) ...
     [exec] Selecting previously unselected package distro-info-data.
     [exec] Preparing to unpack .../08-distro-info-data_0.60ubuntu0.2_all.deb ...
     [exec] Unpacking distro-info-data (0.60ubuntu0.2) ...
     [exec] Selecting previously unselected package libglib2.0-0t64:amd64.
     [exec] Preparing to unpack .../09-libglib2.0-0t64_2.80.0-6ubuntu3.2_amd64.deb ...
     [exec] Unpacking libglib2.0-0t64:amd64 (2.80.0-6ubuntu3.2) ...
     [exec] Selecting previously unselected package gir1.2-glib-2.0:amd64.
     [exec] Preparing to unpack .../10-gir1.2-glib-2.0_2.80.0-6ubuntu3.2_amd64.deb ...
     [exec] Unpacking gir1.2-glib-2.0:amd64 (2.80.0-6ubuntu3.2) ...
     [exec] Selecting previously unselected package libgirepository-1.0-1:amd64.
     [exec] Preparing to unpack .../11-libgirepository-1.0-1_1.80.1-1_amd64.deb ...
     [exec] Unpacking libgirepository-1.0-1:amd64 (1.80.1-1) ...
     [exec] Selecting previously unselected package gir1.2-girepository-2.0:amd64.
     [exec] Preparing to unpack .../12-gir1.2-girepository-2.0_1.80.1-1_amd64.deb ...
     [exec] Unpacking gir1.2-girepository-2.0:amd64 (1.80.1-1) ...
     [exec] Selecting previously unselected package iso-codes.
     [exec] Preparing to unpack .../13-iso-codes_4.16.0-1_all.deb ...
     [exec] Unpacking iso-codes (4.16.0-1) ...
     [exec] Selecting previously unselected package libcap2-bin.
     [exec] Preparing to unpack .../14-libcap2-bin_1%3a2.66-5ubuntu2_amd64.deb ...
     [exec] Unpacking libcap2-bin (1:2.66-5ubuntu2) ...
     [exec] Selecting previously unselected package libelf1t64:amd64.
     [exec] Preparing to unpack .../15-libelf1t64_0.190-1.1build4_amd64.deb ...
     [exec] Unpacking libelf1t64:amd64 (0.190-1.1build4) ...
     [exec] Selecting previously unselected package libglib2.0-data.
     [exec] Preparing to unpack .../16-libglib2.0-data_2.80.0-6ubuntu3.2_all.deb ...
     [exec] Unpacking libglib2.0-data (2.80.0-6ubuntu3.2) ...
     [exec] Selecting previously unselected package libicu74:amd64.
     [exec] Preparing to unpack .../17-libicu74_74.2-1ubuntu3.1_amd64.deb ...
     [exec] Unpacking libicu74:amd64 (74.2-1ubuntu3.1) ...
     [exec] Selecting previously unselected package libpam-systemd:amd64.
     [exec] Preparing to unpack .../18-libpam-systemd_255.4-1ubuntu8.4_amd64.deb ...
     [exec] Unpacking libpam-systemd:amd64 (255.4-1ubuntu8.4) ...
     [exec] Selecting previously unselected package libxml2:amd64.
     [exec] Preparing to unpack .../19-libxml2_2.9.14+dfsg-1.3ubuntu3_amd64.deb ...
     [exec] Unpacking libxml2:amd64 (2.9.14+dfsg-1.3ubuntu3) ...
     [exec] Selecting previously unselected package libyaml-0-2:amd64.
     [exec] Preparing to unpack .../20-libyaml-0-2_0.2.5-1build1_amd64.deb ...
     [exec] Unpacking libyaml-0-2:amd64 (0.2.5-1build1) ...
     [exec] Selecting previously unselected package lsb-release.
     [exec] Preparing to unpack .../21-lsb-release_12.0-2_all.deb ...
     [exec] Unpacking lsb-release (12.0-2) ...
     [exec] Selecting previously unselected package python-apt-common.
     [exec] Preparing to unpack .../22-python-apt-common_2.7.7ubuntu3_all.deb ...
     [exec] Unpacking python-apt-common (2.7.7ubuntu3) ...
     [exec] Selecting previously unselected package python3-apt.
     [exec] Preparing to unpack .../23-python3-apt_2.7.7ubuntu3_amd64.deb ...
     [exec] Unpacking python3-apt (2.7.7ubuntu3) ...
     [exec] Selecting previously unselected package python3-cffi-backend:amd64.
     [exec] Preparing to unpack .../24-python3-cffi-backend_1.16.0-2build1_amd64.deb ...
     [exec] Unpacking python3-cffi-backend:amd64 (1.16.0-2build1) ...
     [exec] Selecting previously unselected package python3-dbus.
     [exec] Preparing to unpack .../25-python3-dbus_1.3.2-5build3_amd64.deb ...
     [exec] Unpacking python3-dbus (1.3.2-5build3) ...
     [exec] Selecting previously unselected package python3-gi.
     [exec] Preparing to unpack .../26-python3-gi_3.48.2-1_amd64.deb ...
     [exec] Unpacking python3-gi (3.48.2-1) ...
     [exec] Selecting previously unselected package python3-pkg-resources.
     [exec] Preparing to unpack .../27-python3-pkg-resources_68.1.2-2ubuntu1.1_all.deb ...
     [exec] Unpacking python3-pkg-resources (68.1.2-2ubuntu1.1) ...
     [exec] Selecting previously unselected package libpackagekit-glib2-18:amd64.
     [exec] Preparing to unpack .../28-libpackagekit-glib2-18_1.2.8-2build3_amd64.deb ...
     [exec] Unpacking libpackagekit-glib2-18:amd64 (1.2.8-2build3) ...
     [exec] Selecting previously unselected package gir1.2-packagekitglib-1.0.
     [exec] Preparing to unpack .../29-gir1.2-packagekitglib-1.0_1.2.8-2build3_amd64.deb ...
     [exec] Unpacking gir1.2-packagekitglib-1.0 (1.2.8-2build3) ...
     [exec] Selecting previously unselected package libcurl3t64-gnutls:amd64.
     [exec] Preparing to unpack .../30-libcurl3t64-gnutls_8.5.0-2ubuntu10.5_amd64.deb ...
     [exec] Unpacking libcurl3t64-gnutls:amd64 (8.5.0-2ubuntu10.5) ...
     [exec] Selecting previously unselected package libstemmer0d:amd64.
     [exec] Preparing to unpack .../31-libstemmer0d_2.2.0-4build1_amd64.deb ...
     [exec] Unpacking libstemmer0d:amd64 (2.2.0-4build1) ...
     [exec] Selecting previously unselected package libxmlb2:amd64.
     [exec] Preparing to unpack .../32-libxmlb2_0.3.18-1_amd64.deb ...
     [exec] Unpacking libxmlb2:amd64 (0.3.18-1) ...
     [exec] Selecting previously unselected package libappstream5:amd64.
     [exec] Preparing to unpack .../33-libappstream5_1.0.2-1build6_amd64.deb ...
     [exec] Unpacking libappstream5:amd64 (1.0.2-1build6) ...
     [exec] Selecting previously unselected package libduktape207:amd64.
     [exec] Preparing to unpack .../34-libduktape207_2.7.0+tests-0ubuntu3_amd64.deb ...
     [exec] Unpacking libduktape207:amd64 (2.7.0+tests-0ubuntu3) ...
     [exec] Selecting previously unselected package libdw1t64:amd64.
     [exec] Preparing to unpack .../35-libdw1t64_0.190-1.1build4_amd64.deb ...
     [exec] Unpacking libdw1t64:amd64 (0.190-1.1build4) ...
     [exec] Selecting previously unselected package libglib2.0-bin.
     [exec] Preparing to unpack .../36-libglib2.0-bin_2.80.0-6ubuntu3.2_amd64.deb ...
     [exec] Unpacking libglib2.0-bin (2.80.0-6ubuntu3.2) ...
     [exec] Selecting previously unselected package libunwind8:amd64.
     [exec] Preparing to unpack .../37-libunwind8_1.6.2-3build1_amd64.deb ...
     [exec] Unpacking libunwind8:amd64 (1.6.2-3build1) ...
     [exec] Selecting previously unselected package libgstreamer1.0-0:amd64.
     [exec] Preparing to unpack .../38-libgstreamer1.0-0_1.24.2-1_amd64.deb ...
     [exec] Unpacking libgstreamer1.0-0:amd64 (1.24.2-1) ...
     [exec] Selecting previously unselected package libpolkit-gobject-1-0:amd64.
     [exec] Preparing to unpack .../39-libpolkit-gobject-1-0_124-2ubuntu1_amd64.deb ...
     [exec] Unpacking libpolkit-gobject-1-0:amd64 (124-2ubuntu1) ...
     [exec] Selecting previously unselected package libpolkit-agent-1-0:amd64.
     [exec] Preparing to unpack .../40-libpolkit-agent-1-0_124-2ubuntu1_amd64.deb ...
     [exec] Unpacking libpolkit-agent-1-0:amd64 (124-2ubuntu1) ...
     [exec] Selecting previously unselected package xml-core.
     [exec] Preparing to unpack .../41-xml-core_0.19_all.deb ...
     [exec] Unpacking xml-core (0.19) ...
     [exec] Selecting previously unselected package polkitd.
     [exec] Preparing to unpack .../42-polkitd_124-2ubuntu1_amd64.deb ...
     [exec] Unpacking polkitd (124-2ubuntu1) ...
     [exec] Selecting previously unselected package python3-blinker.
     [exec] Preparing to unpack .../43-python3-blinker_1.7.0-1_all.deb ...
     [exec] Unpacking python3-blinker (1.7.0-1) ...
     [exec] Selecting previously unselected package python3-cryptography.
     [exec] Preparing to unpack .../44-python3-cryptography_41.0.7-4ubuntu0.1_amd64.deb ...
     [exec] Unpacking python3-cryptography (41.0.7-4ubuntu0.1) ...
     [exec] Selecting previously unselected package python3-pyparsing.
     [exec] Preparing to unpack .../45-python3-pyparsing_3.1.1-1_all.deb ...
     [exec] Unpacking python3-pyparsing (3.1.1-1) ...
     [exec] Selecting previously unselected package python3-httplib2.
     [exec] Preparing to unpack .../46-python3-httplib2_0.20.4-3_all.deb ...
     [exec] Unpacking python3-httplib2 (0.20.4-3) ...
     [exec] Selecting previously unselected package python3-jwt.
     [exec] Preparing to unpack .../47-python3-jwt_2.7.0-1_all.deb ...
     [exec] Unpacking python3-jwt (2.7.0-1) ...
     [exec] Selecting previously unselected package python3-lazr.uri.
     [exec] Preparing to unpack .../48-python3-lazr.uri_1.0.6-3_all.deb ...
     [exec] Unpacking python3-lazr.uri (1.0.6-3) ...
     [exec] Selecting previously unselected package python3-wadllib.
     [exec] Preparing to unpack .../49-python3-wadllib_1.3.6-5_all.deb ...
     [exec] Unpacking python3-wadllib (1.3.6-5) ...
     [exec] Selecting previously unselected package python3-distro.
     [exec] Preparing to unpack .../50-python3-distro_1.9.0-1_all.deb ...
     [exec] Unpacking python3-distro (1.9.0-1) ...
     [exec] Selecting previously unselected package python3-oauthlib.
     [exec] Preparing to unpack .../51-python3-oauthlib_3.2.2-1_all.deb ...
     [exec] Unpacking python3-oauthlib (3.2.2-1) ...
     [exec] Selecting previously unselected package python3-lazr.restfulclient.
     [exec] Preparing to unpack .../52-python3-lazr.restfulclient_0.14.6-1_all.deb ...
     [exec] Unpacking python3-lazr.restfulclient (0.14.6-1) ...
     [exec] Selecting previously unselected package python3-six.
     [exec] Preparing to unpack .../53-python3-six_1.16.0-4_all.deb ...
     [exec] Unpacking python3-six (1.16.0-4) ...
     [exec] Selecting previously unselected package python3-launchpadlib.
     [exec] Preparing to unpack .../54-python3-launchpadlib_1.11.0-6_all.deb ...
     [exec] Unpacking python3-launchpadlib (1.11.0-6) ...
     [exec] Selecting previously unselected package python3-software-properties.
     [exec] Preparing to unpack .../55-python3-software-properties_0.99.49.1_all.deb ...
     [exec] Unpacking python3-software-properties (0.99.49.1) ...
     [exec] Selecting previously unselected package packagekit.
     [exec] Preparing to unpack .../56-packagekit_1.2.8-2build3_amd64.deb ...
     [exec] Unpacking packagekit (1.2.8-2build3) ...
     [exec] Selecting previously unselected package software-properties-common.
     [exec] Preparing to unpack .../57-software-properties-common_0.99.49.1_all.deb ...
     [exec] Unpacking software-properties-common (0.99.49.1) ...
     [exec] Setting up media-types (10.1.0) ...
     [exec] Setting up systemd-sysv (255.4-1ubuntu8.4) ...
     [exec] Setting up libyaml-0-2:amd64 (0.2.5-1build1) ...
     [exec] Setting up distro-info-data (0.60ubuntu0.2) ...
     [exec] Setting up libcurl3t64-gnutls:amd64 (8.5.0-2ubuntu10.5) ...
     [exec] Setting up libunwind8:amd64 (1.6.2-3build1) ...
     [exec] Setting up libelf1t64:amd64 (0.190-1.1build4) ...
     [exec] Setting up libdw1t64:amd64 (0.190-1.1build4) ...
     [exec] Setting up libcap2-bin (1:2.66-5ubuntu2) ...
     [exec] Setting up libglib2.0-0t64:amd64 (2.80.0-6ubuntu3.2) ...
     [exec] No schema files found: doing nothing.
     [exec] Setting up libglib2.0-data (2.80.0-6ubuntu3.2) ...
     [exec] Setting up libdbus-1-3:amd64 (1.14.10-4ubuntu4.1) ...
     [exec] Setting up gir1.2-glib-2.0:amd64 (2.80.0-6ubuntu3.2) ...
     [exec] Setting up libicu74:amd64 (74.2-1ubuntu3.1) ...
     [exec] Setting up python-apt-common (2.7.7ubuntu3) ...
     [exec] Setting up libduktape207:amd64 (2.7.0+tests-0ubuntu3) ...
     [exec] Setting up dbus-session-bus-common (1.14.10-4ubuntu4.1) ...
     [exec] Setting up libgirepository-1.0-1:amd64 (1.80.1-1) ...
     [exec] Setting up netbase (6.4) ...
     [exec] Setting up sgml-base (1.31) ...
     [exec] Setting up libstemmer0d:amd64 (2.2.0-4build1) ...
     [exec] Setting up lsb-release (12.0-2) ...
     [exec] Setting up dbus-system-bus-common (1.14.10-4ubuntu4.1) ...
     [exec] Setting up libxml2:amd64 (2.9.14+dfsg-1.3ubuntu3) ...
     [exec] Setting up iso-codes (4.16.0-1) ...
     [exec] Setting up dbus-bin (1.14.10-4ubuntu4.1) ...
     [exec] Setting up libpolkit-gobject-1-0:amd64 (124-2ubuntu1) ...
     [exec] Setting up libgstreamer1.0-0:amd64 (1.24.2-1) ...
     [exec] Setcap worked! gst-ptp-helper is not suid!
     [exec] Setting up libpython3.12-stdlib:amd64 (3.12.3-1ubuntu0.3) ...
     [exec] Setting up libxmlb2:amd64 (0.3.18-1) ...
     [exec] Setting up python3.12 (3.12.3-1ubuntu0.3) ...
     [exec] Setting up libglib2.0-bin (2.80.0-6ubuntu3.2) ...
     [exec] Setting up libpackagekit-glib2-18:amd64 (1.2.8-2build3) ...
     [exec] Setting up libappstream5:amd64 (1.0.2-1build6) ...
     [exec] Setting up dbus-daemon (1.14.10-4ubuntu4.1) ...
     [exec] Setting up gir1.2-packagekitglib-1.0 (1.2.8-2build3) ...
     [exec] Setting up gir1.2-girepository-2.0:amd64 (1.80.1-1) ...
     [exec] Setting up dbus (1.14.10-4ubuntu4.1) ...
     [exec] Setting up xml-core (0.19) ...
     [exec] Setting up libpam-systemd:amd64 (255.4-1ubuntu8.4) ...
     [exec] debconf: unable to initialize frontend: Dialog
     [exec] debconf: (TERM is not set, so the dialog frontend is not usable.)
     [exec] debconf: falling back to frontend: Readline
     [exec] debconf: unable to initialize frontend: Readline
     [exec] debconf: (Can't locate Term/ReadLine.pm in @INC (you may need to install the Term::ReadLine module) (@INC entries checked: /etc/perl /usr/local/lib/x86_64-linux-gnu/perl/5.38.2 /usr/local/share/perl/5.38.2 /usr/lib/x86_64-linux-gnu/perl5/5.38 /usr/share/perl5 /usr/lib/x86_64-linux-gnu/perl-base /usr/lib/x86_64-linux-gnu/perl/5.38 /usr/share/perl/5.38 /usr/local/lib/site_perl) at /usr/share/perl5/Debconf/FrontEnd/Readline.pm line 8.)
     [exec] debconf: falling back to frontend: Teletype
     [exec] Setting up libpolkit-agent-1-0:amd64 (124-2ubuntu1) ...
     [exec] Setting up libpython3-stdlib:amd64 (3.12.3-0ubuntu2) ...
     [exec] Setting up python3 (3.12.3-0ubuntu2) ...
     [exec] running python rtupdate hooks for python3.12...
     [exec] running python post-rtupdate hooks for python3.12...
     [exec] Setting up python3-six (1.16.0-4) ...
     [exec] Setting up python3-pyparsing (3.1.1-1) ...
     [exec] Setting up python3-gi (3.48.2-1) ...
     [exec] Setting up python3-httplib2 (0.20.4-3) ...
     [exec] Setting up python3-cffi-backend:amd64 (1.16.0-2build1) ...
     [exec] Setting up python3-blinker (1.7.0-1) ...
     [exec] Setting up python3-pkg-resources (68.1.2-2ubuntu1.1) ...
     [exec] Setting up python3-dbus (1.3.2-5build3) ...
     [exec] Setting up python3-distro (1.9.0-1) ...
     [exec] Setting up python3-jwt (2.7.0-1) ...
     [exec] Setting up python3-apt (2.7.7ubuntu3) ...
     [exec] Setting up python3-lazr.uri (1.0.6-3) ...
     [exec] Setting up python3-cryptography (41.0.7-4ubuntu0.1) ...
     [exec] Setting up python3-wadllib (1.3.6-5) ...
     [exec] Setting up python3-oauthlib (3.2.2-1) ...
     [exec] Setting up python3-lazr.restfulclient (0.14.6-1) ...
     [exec] Setting up python3-launchpadlib (1.11.0-6) ...
     [exec] Created symlink /etc/systemd/user/timers.target.wants/launchpadlib-cache-clean.timer → /usr/lib/systemd/user/launchpadlib-cache-clean.timer.
     [exec] Setting up python3-software-properties (0.99.49.1) ...
     [exec] Processing triggers for libc-bin (2.39-0ubuntu8.3) ...
     [exec] Processing triggers for sgml-base (1.31) ...
     [exec] Setting up polkitd (124-2ubuntu1) ...
     [exec] Creating group 'polkitd' with GID 997.
     [exec] Creating user 'polkitd' (User for polkitd) with UID 997 and GID 997.
     [exec] invoke-rc.d: could not determine current runlevel
     [exec] invoke-rc.d: policy-rc.d denied execution of reload.
     [exec] start-stop-daemon: unable to stat /usr/libexec/polkitd (No such file or directory)
     [exec] Setting up packagekit (1.2.8-2build3) ...
     [exec] invoke-rc.d: could not determine current runlevel
     [exec] invoke-rc.d: policy-rc.d denied execution of force-reload.
     [exec] Failed to open connection to "system" message bus: Failed to connect to socket /run/dbus/system_bus_socket: No such file or directory
     [exec] Created symlink /etc/systemd/user/sockets.target.wants/pk-debconf-helper.socket → /usr/lib/systemd/user/pk-debconf-helper.socket.
     [exec] Setting up software-properties-common (0.99.49.1) ...
     [exec] Processing triggers for dbus (1.14.10-4ubuntu4.1) ...
     [exec] Hit:1 http://security.ubuntu.com/ubuntu noble-security InRelease
     [exec] Get:2 https://ppa.launchpadcontent.net/ubuntu-toolchain-r/test/ubuntu noble InRelease [24.4 kB]
     [exec] Hit:3 http://archive.ubuntu.com/ubuntu noble InRelease
     [exec] Hit:4 http://archive.ubuntu.com/ubuntu noble-updates InRelease
     [exec] Hit:5 http://archive.ubuntu.com/ubuntu noble-backports InRelease
     [exec] Fetched 24.4 kB in 0s (55.4 kB/s)
     [exec] Reading package lists...
     [exec] PPA publishes dbgsym, you may need to include 'main/debug' component
     [exec] Repository: 'Types: deb
     [exec] URIs: https://ppa.launchpadcontent.net/ubuntu-toolchain-r/test/ubuntu/
     [exec] Suites: noble
     [exec] Components: main
     [exec] '
     [exec] Description:
     [exec] Toolchain test builds; see https://wiki.ubuntu.com/ToolChain
     [exec] 
     [exec] More info: https://launchpad.net/~ubuntu-toolchain-r/+archive/ubuntu/test
     [exec] Adding repository.
     [exec] Hit:1 https://ppa.launchpadcontent.net/ubuntu-toolchain-r/test/ubuntu noble InRelease
     [exec] Hit:2 http://security.ubuntu.com/ubuntu noble-security InRelease
     [exec] Hit:3 http://archive.ubuntu.com/ubuntu noble InRelease
     [exec] Hit:4 http://archive.ubuntu.com/ubuntu noble-updates InRelease
     [exec] Hit:5 http://archive.ubuntu.com/ubuntu noble-backports InRelease
     [exec] Reading package lists...
     [exec] Reading package lists...
     [exec] Building dependency tree...
     [exec] Reading state information...
     [exec] openssl is already the newest version (3.0.13-0ubuntu3.4).
     [exec] openssl set to manually installed.
     [exec] wget is already the newest version (1.21.4-1ubuntu4.1).
     [exec] tar is already the newest version (1.35+dfsg-3build1).
     [exec] The following additional packages will be installed:
     [exec]   ant autotools-dev bzip2 ca-certificates-java cpp cpp-13
     [exec]   cpp-13-x86-64-linux-gnu cpp-x86-64-linux-gnu default-jre-headless dpkg-dev
     [exec]   file g++ g++-13 g++-13-x86-64-linux-gnu g++-x86-64-linux-gnu gcc-13
     [exec]   gcc-13-base gcc-13-x86-64-linux-gnu gcc-x86-64-linux-gnu git-man java-common
     [exec]   libapr1t64 libaprutil1t64 libasan8 libatomic1 libc-dev-bin libcc1-0
     [exec]   libcrypt-dev libdpkg-perl liberror-perl libgcc-13-dev libgdbm-compat4t64
     [exec]   libgdbm6t64 libgomp1 libhwasan0 libisl23 libitm1 libjpeg-turbo8 libjpeg8
     [exec]   liblcms2-2 liblsan0 libmagic-mgc libmagic1t64 libmpc3 libmpfr6 libnspr4
     [exec]   libnss3 libpcsclite1 libperl5.38t64 libquadmath0 libserf-1-1
     [exec]   libstdc++-13-dev libsvn1 libtool libtsan2 libubsan1 libutf8proc3
     [exec]   lto-disabled-list m4 openjdk-21-jre-headless patch perl-modules-5.38
     [exec]   rpcsvc-proto xz-utils
     [exec] Suggested packages:
     [exec]   ant-doc default-jdk | java-compiler | java-sdk antlr javacc junit junit4
     [exec]   jython libactivation-java libbcel-java libbsf-java libcommons-logging-java
     [exec]   libcommons-net-java libmail-java libjaxp1.3-java libjdepend-java
     [exec]   libjsch-java liblog4j1.2-java liboro-java libregexp-java libxalan2-java
     [exec]   libxml-commons-resolver1.1-java libxz-java autoconf-archive gnu-standards
     [exec]   autoconf-doc gettext bzip2-doc cpp-doc gcc-13-locales cpp-13-doc default-jre
     [exec]   debian-keyring g++-multilib g++-13-multilib gcc-13-doc gcc-multilib
     [exec]   manpages-dev flex bison gdb gcc-doc gcc-13-multilib gdb-x86-64-linux-gnu
     [exec]   gettext-base git-daemon-run | git-daemon-sysvinit git-doc git-email git-gui
     [exec]   gitk gitweb git-cvs git-mediawiki git-svn glibc-doc bzr gdbm-l10n
     [exec]   liblcms2-utils pcscd libssl-doc libstdc++-13-doc libtool-doc gfortran
     [exec]   | fortran95-compiler gcj-jdk m4-doc make-doc libnss-mdns fonts-dejavu-extra
     [exec]   fonts-ipafont-gothic fonts-ipafont-mincho fonts-wqy-microhei
     [exec]   | fonts-wqy-zenhei fonts-indic ed diffutils-doc perl-doc
     [exec]   libterm-readline-gnu-perl | libterm-readline-perl-perl
     [exec]   libtap-harness-archive-perl db5.3-util libapache2-mod-svn subversion-tools
     [exec] Recommended packages:
     [exec]   fakeroot libalgorithm-merge-perl less ssh-client manpages manpages-dev
     [exec]   libc-devtools libfile-fcntllock-perl liblocale-gettext-perl libltdl-dev
     [exec]   libcups2t64 libharfbuzz0b libasound2t64
     [exec] The following NEW packages will be installed:
     [exec]   ant ant-optional autoconf automake autotools-dev build-essential bzip2
     [exec]   ca-certificates-java cpp cpp-13 cpp-13-x86-64-linux-gnu cpp-x86-64-linux-gnu
     [exec]   default-jre-headless dpkg-dev file g++ g++-13 g++-13-x86-64-linux-gnu
     [exec]   g++-x86-64-linux-gnu gcc gcc-13 gcc-13-base gcc-13-x86-64-linux-gnu
     [exec]   gcc-x86-64-linux-gnu git git-man java-common libapr1t64 libaprutil1t64
     [exec]   libasan8 libatomic1 libc-dev-bin libc6-dev libcc1-0 libcrypt-dev
     [exec]   libdpkg-perl liberror-perl libgcc-13-dev libgdbm-compat4t64 libgdbm6t64
     [exec]   libgomp1 libhwasan0 libisl23 libitm1 libjpeg-turbo8 libjpeg8 liblcms2-2
     [exec]   liblsan0 libmagic-mgc libmagic1t64 libmpc3 libmpfr6 libnspr4 libnss3
     [exec]   libpcsclite1 libperl5.38t64 libquadmath0 libserf-1-1 libssl-dev
     [exec]   libstdc++-13-dev libsvn1 libtool libtool-bin libtsan2 libubsan1 libutf8proc3
     [exec]   linux-libc-dev lto-disabled-list m4 make openjdk-21-jre-headless patch perl
     [exec]   perl-modules-5.38 rpcsvc-proto subversion xz-utils
     [exec] 0 upgraded, 77 newly installed, 0 to remove and 0 not upgraded.
     [exec] Need to get 140 MB of archives.
     [exec] After this operation, 575 MB of additional disk space will be used.
     [exec] Get:1 http://archive.ubuntu.com/ubuntu noble/main amd64 perl-modules-5.38 all 5.38.2-3.2build2 [3,110 kB]
     [exec] Get:2 http://archive.ubuntu.com/ubuntu noble/main amd64 libgdbm6t64 amd64 1.23-5.1build1 [34.4 kB]
     [exec] Get:3 http://archive.ubuntu.com/ubuntu noble/main amd64 libgdbm-compat4t64 amd64 1.23-5.1build1 [6,710 B]
     [exec] Get:4 http://archive.ubuntu.com/ubuntu noble/main amd64 libperl5.38t64 amd64 5.38.2-3.2build2 [4,873 kB]
     [exec] Get:5 http://archive.ubuntu.com/ubuntu noble/main amd64 perl amd64 5.38.2-3.2build2 [231 kB]
     [exec] Get:6 http://archive.ubuntu.com/ubuntu noble/main amd64 libmagic-mgc amd64 1:5.45-3build1 [307 kB]
     [exec] Get:7 http://archive.ubuntu.com/ubuntu noble/main amd64 libmagic1t64 amd64 1:5.45-3build1 [87.2 kB]
     [exec] Get:8 http://archive.ubuntu.com/ubuntu noble/main amd64 file amd64 1:5.45-3build1 [22.0 kB]
     [exec] Get:9 http://archive.ubuntu.com/ubuntu noble-updates/main amd64 xz-utils amd64 5.6.1+really5.4.5-1build0.1 [267 kB]
     [exec] Get:10 http://archive.ubuntu.com/ubuntu noble/main amd64 ca-certificates-java all 20240118 [11.6 kB]
     [exec] Get:11 http://archive.ubuntu.com/ubuntu noble/main amd64 java-common all 0.75+exp1 [6,798 B]
     [exec] Get:12 http://archive.ubuntu.com/ubuntu noble/main amd64 liblcms2-2 amd64 2.14-2build1 [161 kB]
     [exec] Get:13 http://archive.ubuntu.com/ubuntu noble/main amd64 libjpeg-turbo8 amd64 2.1.5-2ubuntu2 [150 kB]
     [exec] Get:14 http://archive.ubuntu.com/ubuntu noble/main amd64 libjpeg8 amd64 8c-2ubuntu11 [2,148 B]
     [exec] Get:15 http://archive.ubuntu.com/ubuntu noble/main amd64 libnspr4 amd64 2:4.35-1.1build1 [117 kB]
     [exec] Get:16 http://archive.ubuntu.com/ubuntu noble/main amd64 libnss3 amd64 2:3.98-1build1 [1,445 kB]
     [exec] Get:17 http://archive.ubuntu.com/ubuntu noble/main amd64 libpcsclite1 amd64 2.0.3-1build1 [21.4 kB]
     [exec] Get:18 http://archive.ubuntu.com/ubuntu noble-updates/main amd64 openjdk-21-jre-headless amd64 21.0.5+11-1ubuntu1~24.04 [46.4 MB]
     [exec] Get:19 http://archive.ubuntu.com/ubuntu noble/main amd64 default-jre-headless amd64 2:1.21-75+exp1 [3,094 B]
     [exec] Get:20 http://archive.ubuntu.com/ubuntu noble/universe amd64 ant all 1.10.14-1 [2,147 kB]
     [exec] Get:21 http://archive.ubuntu.com/ubuntu noble/universe amd64 ant-optional all 1.10.14-1 [451 kB]
     [exec] Get:22 http://archive.ubuntu.com/ubuntu noble/main amd64 m4 amd64 1.4.19-4build1 [244 kB]
     [exec] Get:23 http://archive.ubuntu.com/ubuntu noble/main amd64 autoconf all 2.71-3 [339 kB]
     [exec] Get:24 http://archive.ubuntu.com/ubuntu noble/main amd64 autotools-dev all 20220109.1 [44.9 kB]
     [exec] Get:25 http://archive.ubuntu.com/ubuntu noble/main amd64 automake all 1:1.16.5-1.3ubuntu1 [558 kB]
     [exec] Get:26 http://archive.ubuntu.com/ubuntu noble-updates/main amd64 libc-dev-bin amd64 2.39-0ubuntu8.3 [60.8 kB]
     [exec] Get:27 http://archive.ubuntu.com/ubuntu noble-updates/main amd64 linux-libc-dev amd64 6.8.0-49.49 [1,716 kB]
     [exec] Get:28 http://archive.ubuntu.com/ubuntu noble/main amd64 libcrypt-dev amd64 1:4.4.36-4build1 [112 kB]
     [exec] Get:29 http://archive.ubuntu.com/ubuntu noble/main amd64 rpcsvc-proto amd64 1.4.2-0ubuntu7 [67.4 kB]
     [exec] Get:30 http://archive.ubuntu.com/ubuntu noble-updates/main amd64 libc6-dev amd64 2.39-0ubuntu8.3 [2,164 kB]
     [exec] Get:31 http://archive.ubuntu.com/ubuntu noble/main amd64 gcc-13-base amd64 13.2.0-23ubuntu4 [49.0 kB]
     [exec] Get:32 http://archive.ubuntu.com/ubuntu noble/main amd64 libisl23 amd64 0.26-3build1 [680 kB]
     [exec] Get:33 http://archive.ubuntu.com/ubuntu noble/main amd64 libmpfr6 amd64 4.2.1-1build1 [355 kB]
     [exec] Get:34 http://archive.ubuntu.com/ubuntu noble/main amd64 libmpc3 amd64 1.3.1-1build1 [54.5 kB]
     [exec] Get:35 http://archive.ubuntu.com/ubuntu noble/main amd64 cpp-13-x86-64-linux-gnu amd64 13.2.0-23ubuntu4 [11.2 MB]
     [exec] Get:36 http://archive.ubuntu.com/ubuntu noble/main amd64 cpp-13 amd64 13.2.0-23ubuntu4 [1,032 B]
     [exec] Get:37 http://archive.ubuntu.com/ubuntu noble/main amd64 cpp-x86-64-linux-gnu amd64 4:13.2.0-7ubuntu1 [5,326 B]
     [exec] Get:38 http://archive.ubuntu.com/ubuntu noble/main amd64 cpp amd64 4:13.2.0-7ubuntu1 [22.4 kB]
     [exec] Get:39 http://archive.ubuntu.com/ubuntu noble-updates/main amd64 libcc1-0 amd64 14.2.0-4ubuntu2~24.04 [48.0 kB]
     [exec] Get:40 http://archive.ubuntu.com/ubuntu noble-updates/main amd64 libgomp1 amd64 14.2.0-4ubuntu2~24.04 [148 kB]
     [exec] Get:41 http://archive.ubuntu.com/ubuntu noble-updates/main amd64 libitm1 amd64 14.2.0-4ubuntu2~24.04 [29.7 kB]
     [exec] Get:42 http://archive.ubuntu.com/ubuntu noble-updates/main amd64 libatomic1 amd64 14.2.0-4ubuntu2~24.04 [10.5 kB]
     [exec] Get:43 http://archive.ubuntu.com/ubuntu noble-updates/main amd64 libasan8 amd64 14.2.0-4ubuntu2~24.04 [3,031 kB]
     [exec] Get:44 http://archive.ubuntu.com/ubuntu noble-updates/main amd64 liblsan0 amd64 14.2.0-4ubuntu2~24.04 [1,322 kB]
     [exec] Get:45 http://archive.ubuntu.com/ubuntu noble-updates/main amd64 libtsan2 amd64 14.2.0-4ubuntu2~24.04 [2,772 kB]
     [exec] Get:46 http://archive.ubuntu.com/ubuntu noble-updates/main amd64 libubsan1 amd64 14.2.0-4ubuntu2~24.04 [1,184 kB]
     [exec] Get:47 http://archive.ubuntu.com/ubuntu noble-updates/main amd64 libhwasan0 amd64 14.2.0-4ubuntu2~24.04 [1,641 kB]
     [exec] Get:48 http://archive.ubuntu.com/ubuntu noble-updates/main amd64 libquadmath0 amd64 14.2.0-4ubuntu2~24.04 [153 kB]
     [exec] Get:49 http://archive.ubuntu.com/ubuntu noble/main amd64 libgcc-13-dev amd64 13.2.0-23ubuntu4 [2,688 kB]
     [exec] Get:50 http://archive.ubuntu.com/ubuntu noble/main amd64 gcc-13-x86-64-linux-gnu amd64 13.2.0-23ubuntu4 [21.9 MB]
     [exec] Get:51 http://archive.ubuntu.com/ubuntu noble/main amd64 gcc-13 amd64 13.2.0-23ubuntu4 [482 kB]
     [exec] Get:52 http://archive.ubuntu.com/ubuntu noble/main amd64 gcc-x86-64-linux-gnu amd64 4:13.2.0-7ubuntu1 [1,212 B]
     [exec] Get:53 http://archive.ubuntu.com/ubuntu noble/main amd64 gcc amd64 4:13.2.0-7ubuntu1 [5,018 B]
     [exec] Get:54 http://archive.ubuntu.com/ubuntu noble/main amd64 libstdc++-13-dev amd64 13.2.0-23ubuntu4 [2,399 kB]
     [exec] Get:55 http://archive.ubuntu.com/ubuntu noble/main amd64 g++-13-x86-64-linux-gnu amd64 13.2.0-23ubuntu4 [12.5 MB]
     [exec] Get:56 http://archive.ubuntu.com/ubuntu noble/main amd64 g++-13 amd64 13.2.0-23ubuntu4 [14.5 kB]
     [exec] Get:57 http://archive.ubuntu.com/ubuntu noble/main amd64 g++-x86-64-linux-gnu amd64 4:13.2.0-7ubuntu1 [964 B]
     [exec] Get:58 http://archive.ubuntu.com/ubuntu noble/main amd64 g++ amd64 4:13.2.0-7ubuntu1 [1,100 B]
     [exec] Get:59 http://archive.ubuntu.com/ubuntu noble/main amd64 make amd64 4.3-4.1build2 [180 kB]
     [exec] Get:60 http://archive.ubuntu.com/ubuntu noble-updates/main amd64 libdpkg-perl all 1.22.6ubuntu6.1 [269 kB]
     [exec] Get:61 http://archive.ubuntu.com/ubuntu noble-updates/main amd64 bzip2 amd64 1.0.8-5.1build0.1 [34.5 kB]
     [exec] Get:62 http://archive.ubuntu.com/ubuntu noble/main amd64 patch amd64 2.7.6-7build3 [104 kB]
     [exec] Get:63 http://archive.ubuntu.com/ubuntu noble/main amd64 lto-disabled-list all 47 [12.4 kB]
     [exec] Get:64 http://archive.ubuntu.com/ubuntu noble-updates/main amd64 dpkg-dev all 1.22.6ubuntu6.1 [1,074 kB]
     [exec] Get:65 http://archive.ubuntu.com/ubuntu noble/main amd64 build-essential amd64 12.10ubuntu1 [4,928 B]
     [exec] Get:66 http://archive.ubuntu.com/ubuntu noble/main amd64 liberror-perl all 0.17029-2 [25.6 kB]
     [exec] Get:67 http://archive.ubuntu.com/ubuntu noble-updates/main amd64 git-man all 1:2.43.0-1ubuntu7.1 [1,100 kB]
     [exec] Get:68 http://archive.ubuntu.com/ubuntu noble-updates/main amd64 git amd64 1:2.43.0-1ubuntu7.1 [3,679 kB]
     [exec] Get:69 http://archive.ubuntu.com/ubuntu noble-updates/main amd64 libapr1t64 amd64 1.7.2-3.1ubuntu0.1 [108 kB]
     [exec] Get:70 http://archive.ubuntu.com/ubuntu noble/main amd64 libaprutil1t64 amd64 1.6.3-1.1ubuntu7 [91.9 kB]
     [exec] Get:71 http://archive.ubuntu.com/ubuntu noble-updates/universe amd64 libserf-1-1 amd64 1.3.10-1ubuntu0.24.04.1 [48.2 kB]
     [exec] Get:72 http://archive.ubuntu.com/ubuntu noble-updates/main amd64 libssl-dev amd64 3.0.13-0ubuntu3.4 [2,408 kB]
     [exec] Get:73 http://archive.ubuntu.com/ubuntu noble/universe amd64 libutf8proc3 amd64 2.9.0-1build1 [70.6 kB]
     [exec] Get:74 http://archive.ubuntu.com/ubuntu noble/universe amd64 libsvn1 amd64 1.14.3-1build4 [1,345 kB]
     [exec] Get:75 http://archive.ubuntu.com/ubuntu noble/main amd64 libtool all 2.4.7-7build1 [166 kB]
     [exec] Get:76 http://archive.ubuntu.com/ubuntu noble/main amd64 libtool-bin amd64 2.4.7-7build1 [84.1 kB]
     [exec] Get:77 http://archive.ubuntu.com/ubuntu noble/universe amd64 subversion amd64 1.14.3-1build4 [908 kB]
     [exec] debconf: delaying package configuration, since apt-utils is not installed
     [exec] Fetched 140 MB in 2s (92.7 MB/s)
     [exec] Selecting previously unselected package perl-modules-5.38.
     [exec] (Reading database ... 
     [exec] (Reading database ... 5%(Reading database ... 10%(Reading database ... 15%(Reading database ... 20%(Reading database ... 25%(Reading database ... 30%(Reading database ... 35%(Reading database ... 40%(Reading database ... 45%(Reading database ... 50%(Reading database ... 55%(Reading database ... 60%(Reading database ... 65%(Reading database ... 70%(Reading database ... 75%(Reading database ... 80%(Reading database ... 85%(Reading database ... 90%(Reading database ... 95%(Reading database ... 100%(Reading database ... 11252 files and directories currently installed.)Preparing to unpack .../00-perl-modules-5.38_5.38.2-3.2build2_all.deb ...
     [exec] Unpacking perl-modules-5.38 (5.38.2-3.2build2) ...
     [exec] Selecting previously unselected package libgdbm6t64:amd64.
     [exec] Preparing to unpack .../01-libgdbm6t64_1.23-5.1build1_amd64.deb ...
     [exec] Unpacking libgdbm6t64:amd64 (1.23-5.1build1) ...
     [exec] Selecting previously unselected package libgdbm-compat4t64:amd64.
     [exec] Preparing to unpack .../02-libgdbm-compat4t64_1.23-5.1build1_amd64.deb ...
     [exec] Unpacking libgdbm-compat4t64:amd64 (1.23-5.1build1) ...
     [exec] Selecting previously unselected package libperl5.38t64:amd64.
     [exec] Preparing to unpack .../03-libperl5.38t64_5.38.2-3.2build2_amd64.deb ...
     [exec] Unpacking libperl5.38t64:amd64 (5.38.2-3.2build2) ...
     [exec] Selecting previously unselected package perl.
     [exec] Preparing to unpack .../04-perl_5.38.2-3.2build2_amd64.deb ...
     [exec] Unpacking perl (5.38.2-3.2build2) ...
     [exec] Selecting previously unselected package libmagic-mgc.
     [exec] Preparing to unpack .../05-libmagic-mgc_1%3a5.45-3build1_amd64.deb ...
     [exec] Unpacking libmagic-mgc (1:5.45-3build1) ...
     [exec] Selecting previously unselected package libmagic1t64:amd64.
     [exec] Preparing to unpack .../06-libmagic1t64_1%3a5.45-3build1_amd64.deb ...
     [exec] Unpacking libmagic1t64:amd64 (1:5.45-3build1) ...
     [exec] Selecting previously unselected package file.
     [exec] Preparing to unpack .../07-file_1%3a5.45-3build1_amd64.deb ...
     [exec] Unpacking file (1:5.45-3build1) ...
     [exec] Selecting previously unselected package xz-utils.
     [exec] Preparing to unpack .../08-xz-utils_5.6.1+really5.4.5-1build0.1_amd64.deb ...
     [exec] Unpacking xz-utils (5.6.1+really5.4.5-1build0.1) ...
     [exec] Selecting previously unselected package ca-certificates-java.
     [exec] Preparing to unpack .../09-ca-certificates-java_20240118_all.deb ...
     [exec] Unpacking ca-certificates-java (20240118) ...
     [exec] Selecting previously unselected package java-common.
     [exec] Preparing to unpack .../10-java-common_0.75+exp1_all.deb ...
     [exec] Unpacking java-common (0.75+exp1) ...
     [exec] Selecting previously unselected package liblcms2-2:amd64.
     [exec] Preparing to unpack .../11-liblcms2-2_2.14-2build1_amd64.deb ...
     [exec] Unpacking liblcms2-2:amd64 (2.14-2build1) ...
     [exec] Selecting previously unselected package libjpeg-turbo8:amd64.
     [exec] Preparing to unpack .../12-libjpeg-turbo8_2.1.5-2ubuntu2_amd64.deb ...
     [exec] Unpacking libjpeg-turbo8:amd64 (2.1.5-2ubuntu2) ...
     [exec] Selecting previously unselected package libjpeg8:amd64.
     [exec] Preparing to unpack .../13-libjpeg8_8c-2ubuntu11_amd64.deb ...
     [exec] Unpacking libjpeg8:amd64 (8c-2ubuntu11) ...
     [exec] Selecting previously unselected package libnspr4:amd64.
     [exec] Preparing to unpack .../14-libnspr4_2%3a4.35-1.1build1_amd64.deb ...
     [exec] Unpacking libnspr4:amd64 (2:4.35-1.1build1) ...
     [exec] Selecting previously unselected package libnss3:amd64.
     [exec] Preparing to unpack .../15-libnss3_2%3a3.98-1build1_amd64.deb ...
     [exec] Unpacking libnss3:amd64 (2:3.98-1build1) ...
     [exec] Selecting previously unselected package libpcsclite1:amd64.
     [exec] Preparing to unpack .../16-libpcsclite1_2.0.3-1build1_amd64.deb ...
     [exec] Unpacking libpcsclite1:amd64 (2.0.3-1build1) ...
     [exec] Selecting previously unselected package openjdk-21-jre-headless:amd64.
     [exec] Preparing to unpack .../17-openjdk-21-jre-headless_21.0.5+11-1ubuntu1~24.04_amd64.deb ...
     [exec] Unpacking openjdk-21-jre-headless:amd64 (21.0.5+11-1ubuntu1~24.04) ...
     [exec] Selecting previously unselected package default-jre-headless.
     [exec] Preparing to unpack .../18-default-jre-headless_2%3a1.21-75+exp1_amd64.deb ...
     [exec] Unpacking default-jre-headless (2:1.21-75+exp1) ...
     [exec] Selecting previously unselected package ant.
     [exec] Preparing to unpack .../19-ant_1.10.14-1_all.deb ...
     [exec] Unpacking ant (1.10.14-1) ...
     [exec] Selecting previously unselected package ant-optional.
     [exec] Preparing to unpack .../20-ant-optional_1.10.14-1_all.deb ...
     [exec] Unpacking ant-optional (1.10.14-1) ...
     [exec] Selecting previously unselected package m4.
     [exec] Preparing to unpack .../21-m4_1.4.19-4build1_amd64.deb ...
     [exec] Unpacking m4 (1.4.19-4build1) ...
     [exec] Selecting previously unselected package autoconf.
     [exec] Preparing to unpack .../22-autoconf_2.71-3_all.deb ...
     [exec] Unpacking autoconf (2.71-3) ...
     [exec] Selecting previously unselected package autotools-dev.
     [exec] Preparing to unpack .../23-autotools-dev_20220109.1_all.deb ...
     [exec] Unpacking autotools-dev (20220109.1) ...
     [exec] Selecting previously unselected package automake.
     [exec] Preparing to unpack .../24-automake_1%3a1.16.5-1.3ubuntu1_all.deb ...
     [exec] Unpacking automake (1:1.16.5-1.3ubuntu1) ...
     [exec] Selecting previously unselected package libc-dev-bin.
     [exec] Preparing to unpack .../25-libc-dev-bin_2.39-0ubuntu8.3_amd64.deb ...
     [exec] Unpacking libc-dev-bin (2.39-0ubuntu8.3) ...
     [exec] Selecting previously unselected package linux-libc-dev:amd64.
     [exec] Preparing to unpack .../26-linux-libc-dev_6.8.0-49.49_amd64.deb ...
     [exec] Unpacking linux-libc-dev:amd64 (6.8.0-49.49) ...
     [exec] Selecting previously unselected package libcrypt-dev:amd64.
     [exec] Preparing to unpack .../27-libcrypt-dev_1%3a4.4.36-4build1_amd64.deb ...
     [exec] Unpacking libcrypt-dev:amd64 (1:4.4.36-4build1) ...
     [exec] Selecting previously unselected package rpcsvc-proto.
     [exec] Preparing to unpack .../28-rpcsvc-proto_1.4.2-0ubuntu7_amd64.deb ...
     [exec] Unpacking rpcsvc-proto (1.4.2-0ubuntu7) ...
     [exec] Selecting previously unselected package libc6-dev:amd64.
     [exec] Preparing to unpack .../29-libc6-dev_2.39-0ubuntu8.3_amd64.deb ...
     [exec] Unpacking libc6-dev:amd64 (2.39-0ubuntu8.3) ...
     [exec] Selecting previously unselected package gcc-13-base:amd64.
     [exec] Preparing to unpack .../30-gcc-13-base_13.2.0-23ubuntu4_amd64.deb ...
     [exec] Unpacking gcc-13-base:amd64 (13.2.0-23ubuntu4) ...
     [exec] Selecting previously unselected package libisl23:amd64.
     [exec] Preparing to unpack .../31-libisl23_0.26-3build1_amd64.deb ...
     [exec] Unpacking libisl23:amd64 (0.26-3build1) ...
     [exec] Selecting previously unselected package libmpfr6:amd64.
     [exec] Preparing to unpack .../32-libmpfr6_4.2.1-1build1_amd64.deb ...
     [exec] Unpacking libmpfr6:amd64 (4.2.1-1build1) ...
     [exec] Selecting previously unselected package libmpc3:amd64.
     [exec] Preparing to unpack .../33-libmpc3_1.3.1-1build1_amd64.deb ...
     [exec] Unpacking libmpc3:amd64 (1.3.1-1build1) ...
     [exec] Selecting previously unselected package cpp-13-x86-64-linux-gnu.
     [exec] Preparing to unpack .../34-cpp-13-x86-64-linux-gnu_13.2.0-23ubuntu4_amd64.deb ...
     [exec] Unpacking cpp-13-x86-64-linux-gnu (13.2.0-23ubuntu4) ...
     [exec] Selecting previously unselected package cpp-13.
     [exec] Preparing to unpack .../35-cpp-13_13.2.0-23ubuntu4_amd64.deb ...
     [exec] Unpacking cpp-13 (13.2.0-23ubuntu4) ...
     [exec] Selecting previously unselected package cpp-x86-64-linux-gnu.
     [exec] Preparing to unpack .../36-cpp-x86-64-linux-gnu_4%3a13.2.0-7ubuntu1_amd64.deb ...
     [exec] Unpacking cpp-x86-64-linux-gnu (4:13.2.0-7ubuntu1) ...
     [exec] Selecting previously unselected package cpp.
     [exec] Preparing to unpack .../37-cpp_4%3a13.2.0-7ubuntu1_amd64.deb ...
     [exec] Unpacking cpp (4:13.2.0-7ubuntu1) ...
     [exec] Selecting previously unselected package libcc1-0:amd64.
     [exec] Preparing to unpack .../38-libcc1-0_14.2.0-4ubuntu2~24.04_amd64.deb ...
     [exec] Unpacking libcc1-0:amd64 (14.2.0-4ubuntu2~24.04) ...
     [exec] Selecting previously unselected package libgomp1:amd64.
     [exec] Preparing to unpack .../39-libgomp1_14.2.0-4ubuntu2~24.04_amd64.deb ...
     [exec] Unpacking libgomp1:amd64 (14.2.0-4ubuntu2~24.04) ...
     [exec] Selecting previously unselected package libitm1:amd64.
     [exec] Preparing to unpack .../40-libitm1_14.2.0-4ubuntu2~24.04_amd64.deb ...
     [exec] Unpacking libitm1:amd64 (14.2.0-4ubuntu2~24.04) ...
     [exec] Selecting previously unselected package libatomic1:amd64.
     [exec] Preparing to unpack .../41-libatomic1_14.2.0-4ubuntu2~24.04_amd64.deb ...
     [exec] Unpacking libatomic1:amd64 (14.2.0-4ubuntu2~24.04) ...
     [exec] Selecting previously unselected package libasan8:amd64.
     [exec] Preparing to unpack .../42-libasan8_14.2.0-4ubuntu2~24.04_amd64.deb ...
     [exec] Unpacking libasan8:amd64 (14.2.0-4ubuntu2~24.04) ...
     [exec] Selecting previously unselected package liblsan0:amd64.
     [exec] Preparing to unpack .../43-liblsan0_14.2.0-4ubuntu2~24.04_amd64.deb ...
     [exec] Unpacking liblsan0:amd64 (14.2.0-4ubuntu2~24.04) ...
     [exec] Selecting previously unselected package libtsan2:amd64.
     [exec] Preparing to unpack .../44-libtsan2_14.2.0-4ubuntu2~24.04_amd64.deb ...
     [exec] Unpacking libtsan2:amd64 (14.2.0-4ubuntu2~24.04) ...
     [exec] Selecting previously unselected package libubsan1:amd64.
     [exec] Preparing to unpack .../45-libubsan1_14.2.0-4ubuntu2~24.04_amd64.deb ...
     [exec] Unpacking libubsan1:amd64 (14.2.0-4ubuntu2~24.04) ...
     [exec] Selecting previously unselected package libhwasan0:amd64.
     [exec] Preparing to unpack .../46-libhwasan0_14.2.0-4ubuntu2~24.04_amd64.deb ...
     [exec] Unpacking libhwasan0:amd64 (14.2.0-4ubuntu2~24.04) ...
     [exec] Selecting previously unselected package libquadmath0:amd64.
     [exec] Preparing to unpack .../47-libquadmath0_14.2.0-4ubuntu2~24.04_amd64.deb ...
     [exec] Unpacking libquadmath0:amd64 (14.2.0-4ubuntu2~24.04) ...
     [exec] Selecting previously unselected package libgcc-13-dev:amd64.
     [exec] Preparing to unpack .../48-libgcc-13-dev_13.2.0-23ubuntu4_amd64.deb ...
     [exec] Unpacking libgcc-13-dev:amd64 (13.2.0-23ubuntu4) ...
     [exec] Selecting previously unselected package gcc-13-x86-64-linux-gnu.
     [exec] Preparing to unpack .../49-gcc-13-x86-64-linux-gnu_13.2.0-23ubuntu4_amd64.deb ...
     [exec] Unpacking gcc-13-x86-64-linux-gnu (13.2.0-23ubuntu4) ...
     [exec] Selecting previously unselected package gcc-13.
     [exec] Preparing to unpack .../50-gcc-13_13.2.0-23ubuntu4_amd64.deb ...
     [exec] Unpacking gcc-13 (13.2.0-23ubuntu4) ...
     [exec] Selecting previously unselected package gcc-x86-64-linux-gnu.
     [exec] Preparing to unpack .../51-gcc-x86-64-linux-gnu_4%3a13.2.0-7ubuntu1_amd64.deb ...
     [exec] Unpacking gcc-x86-64-linux-gnu (4:13.2.0-7ubuntu1) ...
     [exec] Selecting previously unselected package gcc.
     [exec] Preparing to unpack .../52-gcc_4%3a13.2.0-7ubuntu1_amd64.deb ...
     [exec] Unpacking gcc (4:13.2.0-7ubuntu1) ...
     [exec] Selecting previously unselected package libstdc++-13-dev:amd64.
     [exec] Preparing to unpack .../53-libstdc++-13-dev_13.2.0-23ubuntu4_amd64.deb ...
     [exec] Unpacking libstdc++-13-dev:amd64 (13.2.0-23ubuntu4) ...
     [exec] Selecting previously unselected package g++-13-x86-64-linux-gnu.
     [exec] Preparing to unpack .../54-g++-13-x86-64-linux-gnu_13.2.0-23ubuntu4_amd64.deb ...
     [exec] Unpacking g++-13-x86-64-linux-gnu (13.2.0-23ubuntu4) ...
     [exec] Selecting previously unselected package g++-13.
     [exec] Preparing to unpack .../55-g++-13_13.2.0-23ubuntu4_amd64.deb ...
     [exec] Unpacking g++-13 (13.2.0-23ubuntu4) ...
     [exec] Selecting previously unselected package g++-x86-64-linux-gnu.
     [exec] Preparing to unpack .../56-g++-x86-64-linux-gnu_4%3a13.2.0-7ubuntu1_amd64.deb ...
     [exec] Unpacking g++-x86-64-linux-gnu (4:13.2.0-7ubuntu1) ...
     [exec] Selecting previously unselected package g++.
     [exec] Preparing to unpack .../57-g++_4%3a13.2.0-7ubuntu1_amd64.deb ...
     [exec] Unpacking g++ (4:13.2.0-7ubuntu1) ...
     [exec] Selecting previously unselected package make.
     [exec] Preparing to unpack .../58-make_4.3-4.1build2_amd64.deb ...
     [exec] Unpacking make (4.3-4.1build2) ...
     [exec] Selecting previously unselected package libdpkg-perl.
     [exec] Preparing to unpack .../59-libdpkg-perl_1.22.6ubuntu6.1_all.deb ...
     [exec] Unpacking libdpkg-perl (1.22.6ubuntu6.1) ...
     [exec] Selecting previously unselected package bzip2.
     [exec] Preparing to unpack .../60-bzip2_1.0.8-5.1build0.1_amd64.deb ...
     [exec] Unpacking bzip2 (1.0.8-5.1build0.1) ...
     [exec] Selecting previously unselected package patch.
     [exec] Preparing to unpack .../61-patch_2.7.6-7build3_amd64.deb ...
     [exec] Unpacking patch (2.7.6-7build3) ...
     [exec] Selecting previously unselected package lto-disabled-list.
     [exec] Preparing to unpack .../62-lto-disabled-list_47_all.deb ...
     [exec] Unpacking lto-disabled-list (47) ...
     [exec] Selecting previously unselected package dpkg-dev.
     [exec] Preparing to unpack .../63-dpkg-dev_1.22.6ubuntu6.1_all.deb ...
     [exec] Unpacking dpkg-dev (1.22.6ubuntu6.1) ...
     [exec] Selecting previously unselected package build-essential.
     [exec] Preparing to unpack .../64-build-essential_12.10ubuntu1_amd64.deb ...
     [exec] Unpacking build-essential (12.10ubuntu1) ...
     [exec] Selecting previously unselected package liberror-perl.
     [exec] Preparing to unpack .../65-liberror-perl_0.17029-2_all.deb ...
     [exec] Unpacking liberror-perl (0.17029-2) ...
     [exec] Selecting previously unselected package git-man.
     [exec] Preparing to unpack .../66-git-man_1%3a2.43.0-1ubuntu7.1_all.deb ...
     [exec] Unpacking git-man (1:2.43.0-1ubuntu7.1) ...
     [exec] Selecting previously unselected package git.
     [exec] Preparing to unpack .../67-git_1%3a2.43.0-1ubuntu7.1_amd64.deb ...
     [exec] Unpacking git (1:2.43.0-1ubuntu7.1) ...
     [exec] Selecting previously unselected package libapr1t64:amd64.
     [exec] Preparing to unpack .../68-libapr1t64_1.7.2-3.1ubuntu0.1_amd64.deb ...
     [exec] Unpacking libapr1t64:amd64 (1.7.2-3.1ubuntu0.1) ...
     [exec] Selecting previously unselected package libaprutil1t64:amd64.
     [exec] Preparing to unpack .../69-libaprutil1t64_1.6.3-1.1ubuntu7_amd64.deb ...
     [exec] Unpacking libaprutil1t64:amd64 (1.6.3-1.1ubuntu7) ...
     [exec] Selecting previously unselected package libserf-1-1:amd64.
     [exec] Preparing to unpack .../70-libserf-1-1_1.3.10-1ubuntu0.24.04.1_amd64.deb ...
     [exec] Unpacking libserf-1-1:amd64 (1.3.10-1ubuntu0.24.04.1) ...
     [exec] Selecting previously unselected package libssl-dev:amd64.
     [exec] Preparing to unpack .../71-libssl-dev_3.0.13-0ubuntu3.4_amd64.deb ...
     [exec] Unpacking libssl-dev:amd64 (3.0.13-0ubuntu3.4) ...
     [exec] Selecting previously unselected package libutf8proc3:amd64.
     [exec] Preparing to unpack .../72-libutf8proc3_2.9.0-1build1_amd64.deb ...
     [exec] Unpacking libutf8proc3:amd64 (2.9.0-1build1) ...
     [exec] Selecting previously unselected package libsvn1:amd64.
     [exec] Preparing to unpack .../73-libsvn1_1.14.3-1build4_amd64.deb ...
     [exec] Unpacking libsvn1:amd64 (1.14.3-1build4) ...
     [exec] Selecting previously unselected package libtool.
     [exec] Preparing to unpack .../74-libtool_2.4.7-7build1_all.deb ...
     [exec] Unpacking libtool (2.4.7-7build1) ...
     [exec] Selecting previously unselected package libtool-bin.
     [exec] Preparing to unpack .../75-libtool-bin_2.4.7-7build1_amd64.deb ...
     [exec] Unpacking libtool-bin (2.4.7-7build1) ...
     [exec] Selecting previously unselected package subversion.
     [exec] Preparing to unpack .../76-subversion_1.14.3-1build4_amd64.deb ...
     [exec] Unpacking subversion (1.14.3-1build4) ...
     [exec] Setting up liblcms2-2:amd64 (2.14-2build1) ...
     [exec] Setting up lto-disabled-list (47) ...
     [exec] Setting up libgdbm6t64:amd64 (1.23-5.1build1) ...
     [exec] Setting up java-common (0.75+exp1) ...
     [exec] Setting up libgdbm-compat4t64:amd64 (1.23-5.1build1) ...
     [exec] Setting up libmagic-mgc (1:5.45-3build1) ...
     [exec] Setting up libutf8proc3:amd64 (2.9.0-1build1) ...
     [exec] Setting up libmagic1t64:amd64 (1:5.45-3build1) ...
     [exec] Setting up linux-libc-dev:amd64 (6.8.0-49.49) ...
     [exec] Setting up m4 (1.4.19-4build1) ...
     [exec] Setting up file (1:5.45-3build1) ...
     [exec] Setting up libgomp1:amd64 (14.2.0-4ubuntu2~24.04) ...
     [exec] Setting up bzip2 (1.0.8-5.1build0.1) ...
     [exec] Setting up autotools-dev (20220109.1) ...
     [exec] Setting up rpcsvc-proto (1.4.2-0ubuntu7) ...
     [exec] Setting up gcc-13-base:amd64 (13.2.0-23ubuntu4) ...
     [exec] Setting up make (4.3-4.1build2) ...
     [exec] Setting up libmpfr6:amd64 (4.2.1-1build1) ...
     [exec] Setting up libnspr4:amd64 (2:4.35-1.1build1) ...
     [exec] Setting up xz-utils (5.6.1+really5.4.5-1build0.1) ...
     [exec] update-alternatives: using /usr/bin/xz to provide /usr/bin/lzma (lzma) in auto mode
     [exec] update-alternatives: warning: skip creation of /usr/share/man/man1/lzma.1.gz because associated file /usr/share/man/man1/xz.1.gz (of link group lzma) doesn't exist
     [exec] update-alternatives: warning: skip creation of /usr/share/man/man1/unlzma.1.gz because associated file /usr/share/man/man1/unxz.1.gz (of link group lzma) doesn't exist
     [exec] update-alternatives: warning: skip creation of /usr/share/man/man1/lzcat.1.gz because associated file /usr/share/man/man1/xzcat.1.gz (of link group lzma) doesn't exist
     [exec] update-alternatives: warning: skip creation of /usr/share/man/man1/lzmore.1.gz because associated file /usr/share/man/man1/xzmore.1.gz (of link group lzma) doesn't exist
     [exec] update-alternatives: warning: skip creation of /usr/share/man/man1/lzless.1.gz because associated file /usr/share/man/man1/xzless.1.gz (of link group lzma) doesn't exist
     [exec] update-alternatives: warning: skip creation of /usr/share/man/man1/lzdiff.1.gz because associated file /usr/share/man/man1/xzdiff.1.gz (of link group lzma) doesn't exist
     [exec] update-alternatives: warning: skip creation of /usr/share/man/man1/lzcmp.1.gz because associated file /usr/share/man/man1/xzcmp.1.gz (of link group lzma) doesn't exist
     [exec] update-alternatives: warning: skip creation of /usr/share/man/man1/lzgrep.1.gz because associated file /usr/share/man/man1/xzgrep.1.gz (of link group lzma) doesn't exist
     [exec] update-alternatives: warning: skip creation of /usr/share/man/man1/lzegrep.1.gz because associated file /usr/share/man/man1/xzegrep.1.gz (of link group lzma) doesn't exist
     [exec] update-alternatives: warning: skip creation of /usr/share/man/man1/lzfgrep.1.gz because associated file /usr/share/man/man1/xzfgrep.1.gz (of link group lzma) doesn't exist
     [exec] Setting up perl-modules-5.38 (5.38.2-3.2build2) ...
     [exec] Setting up libquadmath0:amd64 (14.2.0-4ubuntu2~24.04) ...
     [exec] Setting up libssl-dev:amd64 (3.0.13-0ubuntu3.4) ...
     [exec] Setting up libmpc3:amd64 (1.3.1-1build1) ...
     [exec] Setting up libatomic1:amd64 (14.2.0-4ubuntu2~24.04) ...
     [exec] Setting up patch (2.7.6-7build3) ...
     [exec] Setting up libpcsclite1:amd64 (2.0.3-1build1) ...
     [exec] Setting up libjpeg-turbo8:amd64 (2.1.5-2ubuntu2) ...
     [exec] Setting up libubsan1:amd64 (14.2.0-4ubuntu2~24.04) ...
     [exec] Setting up libhwasan0:amd64 (14.2.0-4ubuntu2~24.04) ...
     [exec] Setting up libcrypt-dev:amd64 (1:4.4.36-4build1) ...
     [exec] Setting up libasan8:amd64 (14.2.0-4ubuntu2~24.04) ...
     [exec] Setting up libapr1t64:amd64 (1.7.2-3.1ubuntu0.1) ...
     [exec] Setting up git-man (1:2.43.0-1ubuntu7.1) ...
     [exec] Setting up libperl5.38t64:amd64 (5.38.2-3.2build2) ...
     [exec] Setting up libtsan2:amd64 (14.2.0-4ubuntu2~24.04) ...
     [exec] Setting up ca-certificates-java (20240118) ...
     [exec] No JRE found. Skipping Java certificates setup.
     [exec] Setting up libisl23:amd64 (0.26-3build1) ...
     [exec] Setting up libc-dev-bin (2.39-0ubuntu8.3) ...
     [exec] Setting up libcc1-0:amd64 (14.2.0-4ubuntu2~24.04) ...
     [exec] Setting up liblsan0:amd64 (14.2.0-4ubuntu2~24.04) ...
     [exec] Setting up libitm1:amd64 (14.2.0-4ubuntu2~24.04) ...
     [exec] Setting up libjpeg8:amd64 (8c-2ubuntu11) ...
     [exec] Setting up libaprutil1t64:amd64 (1.6.3-1.1ubuntu7) ...
     [exec] Setting up cpp-13-x86-64-linux-gnu (13.2.0-23ubuntu4) ...
     [exec] Setting up libserf-1-1:amd64 (1.3.10-1ubuntu0.24.04.1) ...
     [exec] Setting up libnss3:amd64 (2:3.98-1build1) ...
     [exec] Setting up perl (5.38.2-3.2build2) ...
     [exec] Setting up libdpkg-perl (1.22.6ubuntu6.1) ...
     [exec] Setting up autoconf (2.71-3) ...
     [exec] Setting up libgcc-13-dev:amd64 (13.2.0-23ubuntu4) ...
     [exec] Setting up libc6-dev:amd64 (2.39-0ubuntu8.3) ...
     [exec] Setting up libsvn1:amd64 (1.14.3-1build4) ...
     [exec] Setting up libstdc++-13-dev:amd64 (13.2.0-23ubuntu4) ...
     [exec] Setting up cpp-x86-64-linux-gnu (4:13.2.0-7ubuntu1) ...
     [exec] Setting up automake (1:1.16.5-1.3ubuntu1) ...
     [exec] update-alternatives: using /usr/bin/automake-1.16 to provide /usr/bin/automake (automake) in auto mode
     [exec] update-alternatives: warning: skip creation of /usr/share/man/man1/automake.1.gz because associated file /usr/share/man/man1/automake-1.16.1.gz (of link group automake) doesn't exist
     [exec] update-alternatives: warning: skip creation of /usr/share/man/man1/aclocal.1.gz because associated file /usr/share/man/man1/aclocal-1.16.1.gz (of link group automake) doesn't exist
     [exec] Setting up openjdk-21-jre-headless:amd64 (21.0.5+11-1ubuntu1~24.04) ...
     [exec] update-alternatives: using /usr/lib/jvm/java-21-openjdk-amd64/bin/java to provide /usr/bin/java (java) in auto mode
     [exec] update-alternatives: using /usr/lib/jvm/java-21-openjdk-amd64/bin/jpackage to provide /usr/bin/jpackage (jpackage) in auto mode
     [exec] update-alternatives: using /usr/lib/jvm/java-21-openjdk-amd64/bin/keytool to provide /usr/bin/keytool (keytool) in auto mode
     [exec] update-alternatives: using /usr/lib/jvm/java-21-openjdk-amd64/bin/rmiregistry to provide /usr/bin/rmiregistry (rmiregistry) in auto mode
     [exec] update-alternatives: using /usr/lib/jvm/java-21-openjdk-amd64/lib/jexec to provide /usr/bin/jexec (jexec) in auto mode
     [exec] Setting up cpp-13 (13.2.0-23ubuntu4) ...
     [exec] Setting up gcc-13-x86-64-linux-gnu (13.2.0-23ubuntu4) ...
     [exec] Setting up subversion (1.14.3-1build4) ...
     [exec] Setting up dpkg-dev (1.22.6ubuntu6.1) ...
     [exec] Setting up liberror-perl (0.17029-2) ...
     [exec] Setting up gcc-13 (13.2.0-23ubuntu4) ...
     [exec] Setting up git (1:2.43.0-1ubuntu7.1) ...
     [exec] Setting up cpp (4:13.2.0-7ubuntu1) ...
     [exec] Setting up g++-13-x86-64-linux-gnu (13.2.0-23ubuntu4) ...
     [exec] Setting up gcc-x86-64-linux-gnu (4:13.2.0-7ubuntu1) ...
     [exec] Setting up libtool (2.4.7-7build1) ...
     [exec] Setting up gcc (4:13.2.0-7ubuntu1) ...
     [exec] Setting up g++-x86-64-linux-gnu (4:13.2.0-7ubuntu1) ...
     [exec] Setting up g++-13 (13.2.0-23ubuntu4) ...
     [exec] Setting up libtool-bin (2.4.7-7build1) ...
     [exec] Setting up g++ (4:13.2.0-7ubuntu1) ...
     [exec] update-alternatives: using /usr/bin/g++ to provide /usr/bin/c++ (c++) in auto mode
     [exec] update-alternatives: warning: skip creation of /usr/share/man/man1/c++.1.gz because associated file /usr/share/man/man1/g++.1.gz (of link group c++) doesn't exist
     [exec] Setting up build-essential (12.10ubuntu1) ...
     [exec] Processing triggers for libc-bin (2.39-0ubuntu8.3) ...
     [exec] Processing triggers for ca-certificates-java (20240118) ...
     [exec] Adding debian:ACCVRAIZ1.pem
     [exec] Adding debian:AC_RAIZ_FNMT-RCM.pem
     [exec] Adding debian:AC_RAIZ_FNMT-RCM_SERVIDORES_SEGUROS.pem
     [exec] Adding debian:Actalis_Authentication_Root_CA.pem
     [exec] Adding debian:AffirmTrust_Commercial.pem
     [exec] Adding debian:AffirmTrust_Networking.pem
     [exec] Adding debian:AffirmTrust_Premium_ECC.pem
     [exec] Adding debian:AffirmTrust_Premium.pem
     [exec] Adding debian:Amazon_Root_CA_1.pem
     [exec] Adding debian:Amazon_Root_CA_2.pem
     [exec] Adding debian:Amazon_Root_CA_3.pem
     [exec] Adding debian:Amazon_Root_CA_4.pem
     [exec] Adding debian:ANF_Secure_Server_Root_CA.pem
     [exec] Adding debian:Atos_TrustedRoot_2011.pem
     [exec] Adding debian:Atos_TrustedRoot_Root_CA_ECC_TLS_2021.pem
     [exec] Adding debian:Atos_TrustedRoot_Root_CA_RSA_TLS_2021.pem
     [exec] Adding debian:Autoridad_de_Certificacion_Firmaprofesional_CIF_A62634068.pem
     [exec] Adding debian:Baltimore_CyberTrust_Root.pem
     [exec] Adding debian:BJCA_Global_Root_CA1.pem
     [exec] Adding debian:BJCA_Global_Root_CA2.pem
     [exec] Adding debian:Buypass_Class_2_Root_CA.pem
     [exec] Adding debian:Buypass_Class_3_Root_CA.pem
     [exec] Adding debian:CA_Disig_Root_R2.pem
     [exec] Adding debian:Certainly_Root_E1.pem
     [exec] Adding debian:Certainly_Root_R1.pem
     [exec] Adding debian:Certigna.pem
     [exec] Adding debian:Certigna_Root_CA.pem
     [exec] Adding debian:certSIGN_Root_CA_G2.pem
     [exec] Adding debian:certSIGN_ROOT_CA.pem
     [exec] Adding debian:Certum_EC-384_CA.pem
     [exec] Adding debian:Certum_Trusted_Network_CA_2.pem
     [exec] Adding debian:Certum_Trusted_Network_CA.pem
     [exec] Adding debian:Certum_Trusted_Root_CA.pem
     [exec] Adding debian:CFCA_EV_ROOT.pem
     [exec] Adding debian:CommScope_Public_Trust_ECC_Root-01.pem
     [exec] Adding debian:CommScope_Public_Trust_ECC_Root-02.pem
     [exec] Adding debian:CommScope_Public_Trust_RSA_Root-01.pem
     [exec] Adding debian:CommScope_Public_Trust_RSA_Root-02.pem
     [exec] Adding debian:Comodo_AAA_Services_root.pem
     [exec] Adding debian:COMODO_Certification_Authority.pem
     [exec] Adding debian:COMODO_ECC_Certification_Authority.pem
     [exec] Adding debian:COMODO_RSA_Certification_Authority.pem
     [exec] Adding debian:DigiCert_Assured_ID_Root_CA.pem
     [exec] Adding debian:DigiCert_Assured_ID_Root_G2.pem
     [exec] Adding debian:DigiCert_Assured_ID_Root_G3.pem
     [exec] Adding debian:DigiCert_Global_Root_CA.pem
     [exec] Adding debian:DigiCert_Global_Root_G2.pem
     [exec] Adding debian:DigiCert_Global_Root_G3.pem
     [exec] Adding debian:DigiCert_High_Assurance_EV_Root_CA.pem
     [exec] Adding debian:DigiCert_TLS_ECC_P384_Root_G5.pem
     [exec] Adding debian:DigiCert_TLS_RSA4096_Root_G5.pem
     [exec] Adding debian:DigiCert_Trusted_Root_G4.pem
     [exec] Adding debian:D-TRUST_BR_Root_CA_1_2020.pem
     [exec] Adding debian:D-TRUST_EV_Root_CA_1_2020.pem
     [exec] Adding debian:D-TRUST_Root_Class_3_CA_2_2009.pem
     [exec] Adding debian:D-TRUST_Root_Class_3_CA_2_EV_2009.pem
     [exec] Adding debian:emSign_ECC_Root_CA_-_C3.pem
     [exec] Adding debian:emSign_ECC_Root_CA_-_G3.pem
     [exec] Adding debian:emSign_Root_CA_-_C1.pem
     [exec] Adding debian:emSign_Root_CA_-_G1.pem
     [exec] Adding debian:Entrust.net_Premium_2048_Secure_Server_CA.pem
     [exec] Adding debian:Entrust_Root_Certification_Authority_-_EC1.pem
     [exec] Adding debian:Entrust_Root_Certification_Authority_-_G2.pem
     [exec] Adding debian:Entrust_Root_Certification_Authority_-_G4.pem
     [exec] Adding debian:Entrust_Root_Certification_Authority.pem
     [exec] Adding debian:ePKI_Root_Certification_Authority.pem
     [exec] Adding debian:e-Szigno_Root_CA_2017.pem
     [exec] Adding debian:GDCA_TrustAUTH_R5_ROOT.pem
     [exec] Adding debian:GlobalSign_ECC_Root_CA_-_R4.pem
     [exec] Adding debian:GlobalSign_ECC_Root_CA_-_R5.pem
     [exec] Adding debian:GlobalSign_Root_CA.pem
     [exec] Adding debian:GlobalSign_Root_CA_-_R3.pem
     [exec] Adding debian:GlobalSign_Root_CA_-_R6.pem
     [exec] Adding debian:GlobalSign_Root_E46.pem
     [exec] Adding debian:GlobalSign_Root_R46.pem
     [exec] Adding debian:GLOBALTRUST_2020.pem
     [exec] Adding debian:Go_Daddy_Class_2_CA.pem
     [exec] Adding debian:Go_Daddy_Root_Certificate_Authority_-_G2.pem
     [exec] Adding debian:GTS_Root_R1.pem
     [exec] Adding debian:GTS_Root_R2.pem
     [exec] Adding debian:GTS_Root_R3.pem
     [exec] Adding debian:GTS_Root_R4.pem
     [exec] Adding debian:HARICA_TLS_ECC_Root_CA_2021.pem
     [exec] Adding debian:HARICA_TLS_RSA_Root_CA_2021.pem
     [exec] Adding debian:Hellenic_Academic_and_Research_Institutions_ECC_RootCA_2015.pem
     [exec] Adding debian:Hellenic_Academic_and_Research_Institutions_RootCA_2015.pem
     [exec] Adding debian:HiPKI_Root_CA_-_G1.pem
     [exec] Adding debian:Hongkong_Post_Root_CA_3.pem
     [exec] Adding debian:IdenTrust_Commercial_Root_CA_1.pem
     [exec] Adding debian:IdenTrust_Public_Sector_Root_CA_1.pem
     [exec] Adding debian:ISRG_Root_X1.pem
     [exec] Adding debian:ISRG_Root_X2.pem
     [exec] Adding debian:Izenpe.com.pem
     [exec] Adding debian:Microsec_e-Szigno_Root_CA_2009.pem
     [exec] Adding debian:Microsoft_ECC_Root_Certificate_Authority_2017.pem
     [exec] Adding debian:Microsoft_RSA_Root_Certificate_Authority_2017.pem
     [exec] Adding debian:NAVER_Global_Root_Certification_Authority.pem
     [exec] Adding debian:NetLock_Arany_=Class_Gold=_Főtanúsítvány.pem
     [exec] Adding debian:OISTE_WISeKey_Global_Root_GB_CA.pem
     [exec] Adding debian:OISTE_WISeKey_Global_Root_GC_CA.pem
     [exec] Adding debian:QuoVadis_Root_CA_1_G3.pem
     [exec] Adding debian:QuoVadis_Root_CA_2_G3.pem
     [exec] Adding debian:QuoVadis_Root_CA_2.pem
     [exec] Adding debian:QuoVadis_Root_CA_3_G3.pem
     [exec] Adding debian:QuoVadis_Root_CA_3.pem
     [exec] Adding debian:Sectigo_Public_Server_Authentication_Root_E46.pem
     [exec] Adding debian:Sectigo_Public_Server_Authentication_Root_R46.pem
     [exec] Adding debian:Secure_Global_CA.pem
     [exec] Adding debian:SecureSign_RootCA11.pem
     [exec] Adding debian:SecureTrust_CA.pem
     [exec] Adding debian:Security_Communication_ECC_RootCA1.pem
     [exec] Adding debian:Security_Communication_RootCA2.pem
     [exec] Adding debian:Security_Communication_RootCA3.pem
     [exec] Adding debian:Security_Communication_Root_CA.pem
     [exec] Adding debian:SSL.com_EV_Root_Certification_Authority_ECC.pem
     [exec] Adding debian:SSL.com_EV_Root_Certification_Authority_RSA_R2.pem
     [exec] Adding debian:SSL.com_Root_Certification_Authority_ECC.pem
     [exec] Adding debian:SSL.com_Root_Certification_Authority_RSA.pem
     [exec] Adding debian:SSL.com_TLS_ECC_Root_CA_2022.pem
     [exec] Adding debian:SSL.com_TLS_RSA_Root_CA_2022.pem
     [exec] Adding debian:Starfield_Class_2_CA.pem
     [exec] Adding debian:Starfield_Root_Certificate_Authority_-_G2.pem
     [exec] Adding debian:Starfield_Services_Root_Certificate_Authority_-_G2.pem
     [exec] Adding debian:SwissSign_Gold_CA_-_G2.pem
     [exec] Adding debian:SwissSign_Silver_CA_-_G2.pem
     [exec] Adding debian:SZAFIR_ROOT_CA2.pem
     [exec] Adding debian:Telia_Root_CA_v2.pem
     [exec] Adding debian:TeliaSonera_Root_CA_v1.pem
     [exec] Adding debian:TrustAsia_Global_Root_CA_G3.pem
     [exec] Adding debian:TrustAsia_Global_Root_CA_G4.pem
     [exec] Adding debian:Trustwave_Global_Certification_Authority.pem
     [exec] Adding debian:Trustwave_Global_ECC_P256_Certification_Authority.pem
     [exec] Adding debian:Trustwave_Global_ECC_P384_Certification_Authority.pem
     [exec] Adding debian:T-TeleSec_GlobalRoot_Class_2.pem
     [exec] Adding debian:T-TeleSec_GlobalRoot_Class_3.pem
     [exec] Adding debian:TUBITAK_Kamu_SM_SSL_Kok_Sertifikasi_-_Surum_1.pem
     [exec] Adding debian:TunTrust_Root_CA.pem
     [exec] Adding debian:TWCA_Global_Root_CA.pem
     [exec] Adding debian:TWCA_Root_Certification_Authority.pem
     [exec] Adding debian:UCA_Extended_Validation_Root.pem
     [exec] Adding debian:UCA_Global_G2_Root.pem
     [exec] Adding debian:USERTrust_ECC_Certification_Authority.pem
     [exec] Adding debian:USERTrust_RSA_Certification_Authority.pem
     [exec] Adding debian:vTrus_ECC_Root_CA.pem
     [exec] Adding debian:vTrus_Root_CA.pem
     [exec] Adding debian:XRamp_Global_CA_Root.pem
     [exec] done.
     [exec] Setting up ant (1.10.14-1) ...
     [exec] Setting up default-jre-headless (2:1.21-75+exp1) ...
     [exec] Setting up ant-optional (1.10.14-1) ...
     [exec] --> 189046b47d95
     [exec] STEP 5/20: ENV JAVA_TOOL_OPTIONS=" -Dfile.encoding=UTF8 -Djava.security.egd=file:/dev/./urandom"
     [exec] --> b2ff7887d101
     [exec] STEP 6/20: ENV TEST_HOME /tomcat
     [exec] --> 895482c301a9
     [exec] STEP 7/20: ENV APPLICATION_NAME=tomcat
     [exec] --> 6a135f41e3c4
     [exec] STEP 8/20: ENV APPLICATION_TAG=10.0.7
     [exec] --> a99ffc12b8b8
     [exec] STEP 9/20: ENV OS_TAG=ubuntu
     [exec] --> c19cfbf1fc15
     [exec] STEP 10/20: ENV JDK_VERSION=17
     [exec] --> 93b86ba07d8a
     [exec] STEP 11/20: ENV JDK_IMPL=hotspot
     [exec] --> acea0941ce44
     [exec] STEP 12/20: ENV TOMCAT_TAG=$TOMCAT_TAG
     [exec] --> 4d982f497512
     [exec] STEP 13/20: RUN git clone https://github.com/apache/tomcat.git
     [exec] Cloning into 'tomcat'...
     [exec] --> 24df31cc2002
     [exec] STEP 14/20: WORKDIR /tomcat/
     [exec] --> b0285de51c38
     [exec] STEP 15/20: RUN git checkout $TOMCAT_TAG
     [exec] Note: switching to '10.0.7'.
     [exec] 
     [exec] You are in 'detached HEAD' state. You can look around, make experimental
     [exec] changes and commit them, and you can discard any commits you make in this
     [exec] state without impacting any branches by switching back to a branch.
     [exec] 
     [exec] If you want to create a new branch to retain commits you create, you may
     [exec] do so (now or later) by using -c with the switch command. Example:
     [exec] 
     [exec]   git switch -c <new-branch-name>
     [exec] 
     [exec] Or undo this operation with:
     [exec] 
     [exec]   git switch -
     [exec] 
     [exec] Turn off this advice by setting config variable advice.detachedHead to false
     [exec] 
     [exec] HEAD is now at f021319466 Tag 10.0.7
     [exec] --> 0fa22166fdf0
     [exec] STEP 16/20: WORKDIR /
     [exec] --> d6dcd8b8b157
     [exec] STEP 17/20: COPY tomcat/test.sh /test.sh
     [exec] --> ecc3f5cceae0
     [exec] STEP 18/20: COPY test_base_functions.sh test_base_functions.sh
     [exec] --> 668eb9f1165b
     [exec] STEP 19/20: WORKDIR ${TEST_HOME}
     [exec] --> b9eb4ba6f68b
     [exec] STEP 20/20: ENTRYPOINT ["/bin/bash", "/test.sh"]
     [exec] COMMIT adoptopenjdk-tomcat-test:17-jdk-ubuntu-hotspot-full
     [exec] --> 55d886cca491
     [exec] Successfully tagged localhost/adoptopenjdk-tomcat-test:17-jdk-ubuntu-hotspot-full
     [exec] 55d886cca4918965aad5cfd5aebd9d96c300c8b12cff9f822bb879869b3d61c1

dist:
     [copy] Copying 3 files to /home/jvanek/git/jvmtest/external/tomcat

BUILD SUCCESSFUL
Total time: 45 seconds
0
make[1]: Leaving directory '/home/jvanek/git/aqa-tests/TKG'
JAVA_HOME is set to /tmp/tmp.3UU5Oacw5H/jdk-17.0.13+11
LIB_DIR is set to /home/jvanek/git/aqa-tests/TKG/../TKG/lib
make -f makeGen.mk AUTO_DETECT= MODE=tests TESTTARGET=tomcat_test TESTLIST=
make[1]: Entering directory '/home/jvanek/git/aqa-tests/TKG'
perl scripts/configure.pl
/tmp/tmp.3UU5Oacw5H/jdk-17.0.13+11/bin/java -cp "./bin/TestKitGen.jar:/home/jvanek/git/aqa-tests/TKG/../TKG/lib/json-simple.jar" org.testKitGen.MainRunner --mode=tests --spec=linux_x86-64 --microArch="" --osLabel="" --jdkVersion=17 --impl=hotspot --vendor="eclipse" --buildList=external/tomcat --iterations=1 --aotIterations= --testFlag= --testTarget=tomcat_test --testList= --numOfMachines= --testTime= --TRSSURL= 
Modes data parsed from resources/modes.xml and resources/ottawa.csv.

Starting to generate test make files.

Parsing /home/jvanek/git/aqa-tests/TKG/../external/tomcat/playlist.xml
Generated /home/jvanek/git/aqa-tests/TKG/../external/tomcat/autoGen.mk

Generated /home/jvanek/git/aqa-tests/TKG/../external/autoGen.mk

Generated /home/jvanek/git/aqa-tests/TKG/../autoGen.mk

Generated /home/jvanek/git/aqa-tests/TKG/../TKG/utils.mk

Generated /home/jvanek/git/aqa-tests/TKG/../TKG/rerun.mk

Make files are generated successfully.

make[1]: Leaving directory '/home/jvanek/git/aqa-tests/TKG'
make -f runtest.mk _tomcat_test
make[1]: Entering directory '/home/jvanek/git/aqa-tests/TKG'

Running make 4.4.1
set TEST_ROOT to /home/jvanek/git/aqa-tests/TKG/..
set JDK_VERSION to 17
set JDK_IMPL to hotspot
set JVM_VERSION to openjdk17
set JCL_VERSION to latest
set JAVA_HOME to /tmp/tmp.3UU5Oacw5H/jdk-17.0.13+11
set SPEC to linux_x86-64
set TEST_FLAG to
Running tomcat_test ...
There are 1 test targets in tomcat_test
"/tmp/tmp.3UU5Oacw5H/jdk-17.0.13+11/bin/java" -version
openjdk version "17.0.13" 2024-10-15
OpenJDK Runtime Environment Temurin-17.0.13+11 (build 17.0.13+11)
OpenJDK 64-Bit Server VM Temurin-17.0.13+11 (build 17.0.13+11, mixed mode, sharing)
make[2]: Entering directory '/home/jvanek/git/aqa-tests'
make[3]: Entering directory '/home/jvanek/git/aqa-tests/external'
make[4]: Entering directory '/home/jvanek/git/aqa-tests/external/tomcat'

===============================================
Running test tomcat_test_0 ...
===============================================
tomcat_test_0 Start Time: Mon Dec  9 16:03:25 2024 Epoch Time (ms): 1733756605165
variation: NoOptions
JVM_OPTIONS:  
{ \
echo "";	echo "TEST SETUP:"; \
echo "Nothing to be done for setup."; \
mkdir -p "/home/jvanek/git/aqa-tests/TKG/../TKG/output_17337566056766/tomcat_test_0"; \
cd "/home/jvanek/git/aqa-tests/TKG/../TKG/output_17337566056766/tomcat_test_0"; \
echo "";	echo "TESTING:"; \
/home/jvanek/git/aqa-tests/TKG/../external/external.sh --run --tag "" --dir tomcat --reportdst "/home/jvanek/git/aqa-tests/TKG/../TKG/output_17337566056766/tomcat_test_0" --docker_args "-v /tmp/tmp.3UU5Oacw5H/jdk-17.0.13+11:/opt/java/openjdk" ; \
	if [ $? -eq 0 ]; then echo "-----------------------------------"; echo "tomcat_test_0""_PASSED"; echo "-----------------------------------"; cd /home/jvanek/git/aqa-tests/TKG/..;  else echo "-----------------------------------"; echo "tomcat_test_0""_FAILED"; echo "-----------------------------------"; fi; \
	/home/jvanek/git/aqa-tests/TKG/../external/external.sh --clean --tag "" --dir tomcat; \
echo "";	echo "TEST TEARDOWN:"; \
echo "Nothing to be done for teardown."; \
 } 2>&1 | tee -a "/home/jvanek/git/aqa-tests/TKG/../TKG/output_17337566056766/TestTargetResult";

TEST SETUP:
Nothing to be done for setup.

TESTING:
   # =================== Info =================== Info =================== Info =================== #
   # EXTRA_DOCKER_ARGS set as "-v /tmp/tmp.3UU5Oacw5H/jdk-17.0.13+11:/opt/java/openjdk"                                #
   # =================== Info =================== Info =================== Info =================== #
   # =================== Info =================== Info =================== Info =================== #
   # TEST_JDK_HOME of /tmp/tmp.3UU5Oacw5H/jdk-17.0.13+11 is used in EXTRA_DOCKER_ARGS                                #
   # =================== Info =================== Info =================== Info =================== #
No DOCKERIMAGE_TAG set, tag as default 'nightly'
DOCKERIMAGE_TAG nightly has been recognized.
The test here is tomcat
The directory in the external.sh is tomcat
 podman run --privileged  -v /tmp/tmp.3UU5Oacw5H/jdk-17.0.13+11:/opt/java/openjdk  --name tomcat-test --rm adoptopenjdk-tomcat-test:17-jdk-ubuntu-hotspot-full 
time="2024-12-09T16:03:25+01:00" level=warning msg="Error validating CNI config file /home/jvanek/.config/cni/net.d/87-podman.conflist: [failed to find plugin \"bridge\" in path [/usr/local/libexec/cni /usr/libexec/cni /usr/local/lib/cni /usr/lib/cni /opt/cni/bin] failed to find plugin \"portmap\" in path [/usr/local/libexec/cni /usr/libexec/cni /usr/local/lib/cni /usr/lib/cni /opt/cni/bin] failed to find plugin \"firewall\" in path [/usr/local/libexec/cni /usr/libexec/cni /usr/local/lib/cni /usr/lib/cni /opt/cni/bin] failed to find plugin \"tuning\" in path [/usr/local/libexec/cni /usr/libexec/cni /usr/local/lib/cni /usr/lib/cni /opt/cni/bin]]"
APPLICATION_NAME=tomcat
APPLICATION_TAG=10.0.7
OS_TAG=ubuntu
Using /opt mounted Java
JAVA_BIN is: /opt/java/openjdk/bin
=JAVA VERSION OUTPUT BEGIN=
Picked up JAVA_TOOL_OPTIONS:  -Dfile.encoding=UTF8 -Djava.security.egd=file:/dev/./urandom
openjdk version "17.0.13" 2024-10-15
OpenJDK Runtime Environment Temurin-17.0.13+11 (build 17.0.13+11)
OpenJDK 64-Bit Server VM Temurin-17.0.13+11 (build 17.0.13+11, mixed mode, sharing)
=JAVA VERSION OUTPUT END=
buildconf: checking installation...
buildconf: python version 3.12.3 (ok)
buildconf: autoconf version 2.71 (ok)
buildconf: libtool version 2.4.7 (ok)
buildconf: copying libtool helper files using /usr/bin/libtoolize
buildconf: creating include/arch/unix/apr_private.h.in ...
autoheader: warning: autoconf input should be named 'configure.ac', not 'configure.in'
buildconf: creating configure ...
configure.in:10: warning: The macro `AC_CONFIG_HEADER' is obsolete.
configure.in:10: You should run autoupdate.
./lib/autoconf/status.m4:719: AC_CONFIG_HEADER is expanded from...
configure.in:10: the top level
configure.in:117: warning: The macro `AC_CANONICAL_SYSTEM' is obsolete.
configure.in:117: You should run autoupdate.
./lib/autoconf/general.m4:2081: AC_CANONICAL_SYSTEM is expanded from...
configure.in:117: the top level
configure.in:221: warning: The macro `AC_ISC_POSIX' is obsolete.
configure.in:221: You should run autoupdate.
./lib/autoconf/specific.m4:550: AC_ISC_POSIX is expanded from...
configure.in:221: the top level
configure.in:222: warning: The macro `AC_TRY_RUN' is obsolete.
configure.in:222: You should run autoupdate.
./lib/autoconf/general.m4:2997: AC_TRY_RUN is expanded from...
lib/m4sugar/m4sh.m4:692: _AS_IF_ELSE is expanded from...
lib/m4sugar/m4sh.m4:699: AS_IF is expanded from...
./lib/autoconf/general.m4:2249: AC_CACHE_VAL is expanded from...
./lib/autoconf/general.m4:2270: AC_CACHE_CHECK is expanded from...
build/apr_network.m4:974: APR_EBCDIC is expanded from...
configure.in:222: the top level
configure.in:264: warning: The macro `AC_LIBTOOL_WIN32_DLL' is obsolete.
configure.in:264: You should run autoupdate.
build/ltoptions.m4:148: AC_LIBTOOL_WIN32_DLL is expanded from...
configure.in:264: the top level
configure.in:264: warning: AC_LIBTOOL_WIN32_DLL: Remove this warning and the call to _LT_SET_OPTION when you
configure.in:264: put the 'win32-dll' option into LT_INIT's first parameter.
./lib/autoconf/general.m4:2434: AC_DIAGNOSE is expanded from...
build/ltoptions.m4:148: AC_LIBTOOL_WIN32_DLL is expanded from...
configure.in:264: the top level
configure.in:265: warning: The macro `AC_PROG_LIBTOOL' is obsolete.
configure.in:265: You should run autoupdate.
build/libtool.m4:100: AC_PROG_LIBTOOL is expanded from...
configure.in:265: the top level
configure.in:457: warning: The macro `AC_TRY_RUN' is obsolete.
configure.in:457: You should run autoupdate.
./lib/autoconf/general.m4:2997: AC_TRY_RUN is expanded from...
lib/m4sugar/m4sh.m4:692: _AS_IF_ELSE is expanded from...
lib/m4sugar/m4sh.m4:699: AS_IF is expanded from...
./lib/autoconf/general.m4:2249: AC_CACHE_VAL is expanded from...
./lib/autoconf/general.m4:2270: AC_CACHE_CHECK is expanded from...
configure.in:457: the top level
configure.in:605: warning: The macro `AC_TRY_RUN' is obsolete.
configure.in:605: You should run autoupdate.
./lib/autoconf/general.m4:2997: AC_TRY_RUN is expanded from...
lib/m4sugar/m4sh.m4:692: _AS_IF_ELSE is expanded from...
lib/m4sugar/m4sh.m4:699: AS_IF is expanded from...
./lib/autoconf/general.m4:2249: AC_CACHE_VAL is expanded from...
./lib/autoconf/general.m4:2270: AC_CACHE_CHECK is expanded from...
configure.in:605: the top level
configure.in:648: warning: The macro `AC_TRY_COMPILE' is obsolete.
configure.in:648: You should run autoupdate.
./lib/autoconf/general.m4:2847: AC_TRY_COMPILE is expanded from...
lib/m4sugar/m4sh.m4:692: _AS_IF_ELSE is expanded from...
lib/m4sugar/m4sh.m4:699: AS_IF is expanded from...
./lib/autoconf/general.m4:1534: AC_ARG_ENABLE is expanded from...
configure.in:648: the top level
configure.in:755: warning: The macro `AC_TRY_RUN' is obsolete.
configure.in:755: You should run autoupdate.
./lib/autoconf/general.m4:2997: AC_TRY_RUN is expanded from...
build/apr_threads.m4:94: APR_PTHREADS_TRY_RUN is expanded from...
lib/m4sugar/m4sh.m4:692: _AS_IF_ELSE is expanded from...
lib/m4sugar/m4sh.m4:699: AS_IF is expanded from...
./lib/autoconf/general.m4:2249: AC_CACHE_VAL is expanded from...
./lib/autoconf/general.m4:2270: AC_CACHE_CHECK is expanded from...
build/apr_threads.m4:125: APR_PTHREADS_CHECK is expanded from...
configure.in:755: the top level
configure.in:773: warning: The macro `AC_TRY_RUN' is obsolete.
configure.in:773: You should run autoupdate.
./lib/autoconf/general.m4:2997: AC_TRY_RUN is expanded from...
build/apr_threads.m4:94: APR_PTHREADS_TRY_RUN is expanded from...
lib/m4sugar/m4sh.m4:692: _AS_IF_ELSE is expanded from...
lib/m4sugar/m4sh.m4:699: AS_IF is expanded from...
./lib/autoconf/general.m4:2249: AC_CACHE_VAL is expanded from...
./lib/autoconf/general.m4:2270: AC_CACHE_CHECK is expanded from...
build/apr_threads.m4:125: APR_PTHREADS_CHECK is expanded from...
configure.in:773: the top level
configure.in:784: warning: The macro `AC_TRY_COMPILE' is obsolete.
configure.in:784: You should run autoupdate.
./lib/autoconf/general.m4:2847: AC_TRY_COMPILE is expanded from...
lib/m4sugar/m4sh.m4:692: _AS_IF_ELSE is expanded from...
lib/m4sugar/m4sh.m4:699: AS_IF is expanded from...
./lib/autoconf/general.m4:2249: AC_CACHE_VAL is expanded from...
./lib/autoconf/general.m4:2270: AC_CACHE_CHECK is expanded from...
build/apr_threads.m4:44: APR_CHECK_PTHREAD_GETSPECIFIC_TWO_ARGS is expanded from...
configure.in:784: the top level
configure.in:785: warning: The macro `AC_TRY_COMPILE' is obsolete.
configure.in:785: You should run autoupdate.
./lib/autoconf/general.m4:2847: AC_TRY_COMPILE is expanded from...
lib/m4sugar/m4sh.m4:692: _AS_IF_ELSE is expanded from...
lib/m4sugar/m4sh.m4:699: AS_IF is expanded from...
./lib/autoconf/general.m4:2249: AC_CACHE_VAL is expanded from...
./lib/autoconf/general.m4:2270: AC_CACHE_CHECK is expanded from...
build/apr_threads.m4:68: APR_CHECK_PTHREAD_ATTR_GETDETACHSTATE_ONE_ARG is expanded from...
configure.in:785: the top level
configure.in:786: warning: The macro `AC_TRY_RUN' is obsolete.
configure.in:786: You should run autoupdate.
./lib/autoconf/general.m4:2997: AC_TRY_RUN is expanded from...
lib/m4sugar/m4sh.m4:692: _AS_IF_ELSE is expanded from...
lib/m4sugar/m4sh.m4:699: AS_IF is expanded from...
./lib/autoconf/general.m4:2249: AC_CACHE_VAL is expanded from...
./lib/autoconf/general.m4:2270: AC_CACHE_CHECK is expanded from...
build/apr_threads.m4:225: APR_CHECK_PTHREAD_RECURSIVE_MUTEX is expanded from...
configure.in:786: the top level
configure.in:793: warning: The macro `AC_TRY_COMPILE' is obsolete.
configure.in:793: You should run autoupdate.
./lib/autoconf/general.m4:2847: AC_TRY_COMPILE is expanded from...
configure.in:793: the top level
configure.in:898: warning: The macro `AC_TRY_RUN' is obsolete.
configure.in:898: You should run autoupdate.
./lib/autoconf/general.m4:2997: AC_TRY_RUN is expanded from...
lib/m4sugar/m4sh.m4:692: _AS_IF_ELSE is expanded from...
lib/m4sugar/m4sh.m4:699: AS_IF is expanded from...
./lib/autoconf/general.m4:2249: AC_CACHE_VAL is expanded from...
./lib/autoconf/general.m4:2270: AC_CACHE_CHECK is expanded from...
configure.in:898: the top level
configure.in:914: warning: The macro `AC_TRY_RUN' is obsolete.
configure.in:914: You should run autoupdate.
./lib/autoconf/general.m4:2997: AC_TRY_RUN is expanded from...
lib/m4sugar/m4sh.m4:692: _AS_IF_ELSE is expanded from...
lib/m4sugar/m4sh.m4:699: AS_IF is expanded from...
./lib/autoconf/general.m4:2249: AC_CACHE_VAL is expanded from...
./lib/autoconf/general.m4:2270: AC_CACHE_CHECK is expanded from...
configure.in:914: the top level
configure.in:929: warning: The macro `AC_TRY_RUN' is obsolete.
configure.in:929: You should run autoupdate.
./lib/autoconf/general.m4:2997: AC_TRY_RUN is expanded from...
lib/m4sugar/m4sh.m4:692: _AS_IF_ELSE is expanded from...
lib/m4sugar/m4sh.m4:699: AS_IF is expanded from...
./lib/autoconf/general.m4:2249: AC_CACHE_VAL is expanded from...
./lib/autoconf/general.m4:2270: AC_CACHE_CHECK is expanded from...
configure.in:929: the top level
configure.in:946: warning: The macro `AC_TRY_RUN' is obsolete.
configure.in:946: You should run autoupdate.
./lib/autoconf/general.m4:2997: AC_TRY_RUN is expanded from...
lib/m4sugar/m4sh.m4:692: _AS_IF_ELSE is expanded from...
lib/m4sugar/m4sh.m4:699: AS_IF is expanded from...
./lib/autoconf/general.m4:2249: AC_CACHE_VAL is expanded from...
./lib/autoconf/general.m4:2270: AC_CACHE_CHECK is expanded from...
configure.in:946: the top level
configure.in:989: warning: The macro `AC_TRY_RUN' is obsolete.
configure.in:989: You should run autoupdate.
./lib/autoconf/general.m4:2997: AC_TRY_RUN is expanded from...
lib/m4sugar/m4sh.m4:692: _AS_IF_ELSE is expanded from...
lib/m4sugar/m4sh.m4:699: AS_IF is expanded from...
./lib/autoconf/general.m4:2249: AC_CACHE_VAL is expanded from...
./lib/autoconf/general.m4:2270: AC_CACHE_CHECK is expanded from...
configure.in:989: the top level
configure.in:1008: warning: The macro `AC_TRY_RUN' is obsolete.
configure.in:1008: You should run autoupdate.
./lib/autoconf/general.m4:2997: AC_TRY_RUN is expanded from...
lib/m4sugar/m4sh.m4:692: _AS_IF_ELSE is expanded from...
lib/m4sugar/m4sh.m4:699: AS_IF is expanded from...
./lib/autoconf/general.m4:2249: AC_CACHE_VAL is expanded from...
./lib/autoconf/general.m4:2270: AC_CACHE_CHECK is expanded from...
configure.in:1008: the top level
configure.in:1023: warning: The macro `AC_TRY_RUN' is obsolete.
configure.in:1023: You should run autoupdate.
./lib/autoconf/general.m4:2997: AC_TRY_RUN is expanded from...
lib/m4sugar/m4sh.m4:692: _AS_IF_ELSE is expanded from...
lib/m4sugar/m4sh.m4:699: AS_IF is expanded from...
./lib/autoconf/general.m4:2249: AC_CACHE_VAL is expanded from...
./lib/autoconf/general.m4:2270: AC_CACHE_CHECK is expanded from...
configure.in:1023: the top level
configure.in:1042: warning: The macro `AC_TRY_RUN' is obsolete.
configure.in:1042: You should run autoupdate.
./lib/autoconf/general.m4:2997: AC_TRY_RUN is expanded from...
lib/m4sugar/m4sh.m4:692: _AS_IF_ELSE is expanded from...
lib/m4sugar/m4sh.m4:699: AS_IF is expanded from...
./lib/autoconf/general.m4:2249: AC_CACHE_VAL is expanded from...
./lib/autoconf/general.m4:2270: AC_CACHE_CHECK is expanded from...
configure.in:1042: the top level
configure.in:1056: warning: The macro `AC_TRY_RUN' is obsolete.
configure.in:1056: You should run autoupdate.
./lib/autoconf/general.m4:2997: AC_TRY_RUN is expanded from...
lib/m4sugar/m4sh.m4:692: _AS_IF_ELSE is expanded from...
lib/m4sugar/m4sh.m4:699: AS_IF is expanded from...
./lib/autoconf/general.m4:2249: AC_CACHE_VAL is expanded from...
./lib/autoconf/general.m4:2270: AC_CACHE_CHECK is expanded from...
configure.in:1056: the top level
configure.in:1133: warning: The macro `AC_TRY_RUN' is obsolete.
configure.in:1133: You should run autoupdate.
./lib/autoconf/general.m4:2997: AC_TRY_RUN is expanded from...
lib/m4sugar/m4sh.m4:692: _AS_IF_ELSE is expanded from...
lib/m4sugar/m4sh.m4:699: AS_IF is expanded from...
./lib/autoconf/general.m4:2249: AC_CACHE_VAL is expanded from...
./lib/autoconf/general.m4:2270: AC_CACHE_CHECK is expanded from...
configure.in:1133: the top level
configure.in:1184: warning: The macro `AC_TRY_RUN' is obsolete.
configure.in:1184: You should run autoupdate.
./lib/autoconf/general.m4:2997: AC_TRY_RUN is expanded from...
configure.in:1184: the top level
configure.in:1439: warning: The macro `AC_DECL_SYS_SIGLIST' is obsolete.
configure.in:1439: You should run autoupdate.
./lib/autoconf/specific.m4:40: AC_DECL_SYS_SIGLIST is expanded from...
configure.in:1439: the top level
configure.in:1442: warning: The macro `AC_TRY_COMPILE' is obsolete.
configure.in:1442: You should run autoupdate.
./lib/autoconf/general.m4:2847: AC_TRY_COMPILE is expanded from...
lib/m4sugar/m4sh.m4:692: _AS_IF_ELSE is expanded from...
lib/m4sugar/m4sh.m4:699: AS_IF is expanded from...
./lib/autoconf/general.m4:2249: AC_CACHE_VAL is expanded from...
./lib/autoconf/general.m4:2270: AC_CACHE_CHECK is expanded from...
build/apr_network.m4:728: APR_CHECK_INET_ADDR is expanded from...
configure.in:1442: the top level
configure.in:1443: warning: The macro `AC_TRY_COMPILE' is obsolete.
configure.in:1443: You should run autoupdate.
./lib/autoconf/general.m4:2847: AC_TRY_COMPILE is expanded from...
lib/m4sugar/m4sh.m4:692: _AS_IF_ELSE is expanded from...
lib/m4sugar/m4sh.m4:699: AS_IF is expanded from...
./lib/autoconf/general.m4:2249: AC_CACHE_VAL is expanded from...
./lib/autoconf/general.m4:2270: AC_CACHE_CHECK is expanded from...
build/apr_network.m4:754: APR_CHECK_INET_NETWORK is expanded from...
configure.in:1443: the top level
configure.in:1448: warning: The macro `AC_TRY_RUN' is obsolete.
configure.in:1448: You should run autoupdate.
./lib/autoconf/general.m4:2997: AC_TRY_RUN is expanded from...
build/apr_common.m4:528: APR_CHECK_STRERROR_R_RC is expanded from...
configure.in:1448: the top level
configure.in:1476: warning: The macro `AC_TRY_COMPILE' is obsolete.
configure.in:1476: You should run autoupdate.
./lib/autoconf/general.m4:2847: AC_TRY_COMPILE is expanded from...
lib/m4sugar/m4sh.m4:692: _AS_IF_ELSE is expanded from...
lib/m4sugar/m4sh.m4:699: AS_IF is expanded from...
./lib/autoconf/general.m4:2249: AC_CACHE_VAL is expanded from...
./lib/autoconf/general.m4:2270: AC_CACHE_CHECK is expanded from...
build/apr_threads.m4:198: APR_CHECK_SIGWAIT_ONE_ARG is expanded from...
configure.in:1476: the top level
configure.in:1479: warning: The macro `AC_HEADER_STDC' is obsolete.
configure.in:1479: You should run autoupdate.
./lib/autoconf/headers.m4:704: AC_HEADER_STDC is expanded from...
configure.in:1479: the top level
configure.in:1551: warning: The macro `AC_TRY_CPP' is obsolete.
configure.in:1551: You should run autoupdate.
./lib/autoconf/general.m4:2762: AC_TRY_CPP is expanded from...
lib/m4sugar/m4sh.m4:692: _AS_IF_ELSE is expanded from...
lib/m4sugar/m4sh.m4:699: AS_IF is expanded from...
./lib/autoconf/general.m4:2249: AC_CACHE_VAL is expanded from...
./lib/autoconf/general.m4:2270: AC_CACHE_CHECK is expanded from...
configure.in:1551: the top level
configure.in:1606: warning: The macro `AC_TRY_COMPILE' is obsolete.
configure.in:1606: You should run autoupdate.
./lib/autoconf/general.m4:2847: AC_TRY_COMPILE is expanded from...
build/apr_network.m4:860: APR_H_ERRNO_COMPILE_CHECK is expanded from...
lib/m4sugar/m4sh.m4:692: _AS_IF_ELSE is expanded from...
lib/m4sugar/m4sh.m4:699: AS_IF is expanded from...
./lib/autoconf/general.m4:2249: AC_CACHE_VAL is expanded from...
build/apr_network.m4:946: APR_CHECK_H_ERRNO_FLAG is expanded from...
configure.in:1606: the top level
configure.in:1654: warning: The macro `AC_TRY_COMPILE' is obsolete.
configure.in:1654: You should run autoupdate.
./lib/autoconf/general.m4:2847: AC_TRY_COMPILE is expanded from...
lib/m4sugar/m4sh.m4:692: _AS_IF_ELSE is expanded from...
lib/m4sugar/m4sh.m4:699: AS_IF is expanded from...
./lib/autoconf/general.m4:2249: AC_CACHE_VAL is expanded from...
./lib/autoconf/general.m4:2270: AC_CACHE_CHECK is expanded from...
build/apr_network.m4:704: APR_CHECK_SOCKLEN_T is expanded from...
configure.in:1654: the top level
configure.in:1662: warning: The macro `AC_ERROR' is obsolete.
configure.in:1662: You should run autoupdate.
./lib/autoconf/oldnames.m4:34: AC_ERROR is expanded from...
configure.in:1662: the top level
configure.in:1723: warning: The macro `AC_ERROR' is obsolete.
configure.in:1723: You should run autoupdate.
./lib/autoconf/oldnames.m4:34: AC_ERROR is expanded from...
configure.in:1723: the top level
configure.in:1777: warning: The macro `AC_TRY_RUN' is obsolete.
configure.in:1777: You should run autoupdate.
./lib/autoconf/general.m4:2997: AC_TRY_RUN is expanded from...
lib/m4sugar/m4sh.m4:692: _AS_IF_ELSE is expanded from...
lib/m4sugar/m4sh.m4:699: AS_IF is expanded from...
./lib/autoconf/general.m4:2249: AC_CACHE_VAL is expanded from...
build/apr_common.m4:460: APR_CHECK_SIZEOF_EXTENDED is expanded from...
configure.in:1777: the top level
configure.in:1841: warning: The macro `AC_TRY_COMPILE' is obsolete.
configure.in:1841: You should run autoupdate.
./lib/autoconf/general.m4:2847: AC_TRY_COMPILE is expanded from...
lib/m4sugar/m4sh.m4:692: _AS_IF_ELSE is expanded from...
lib/m4sugar/m4sh.m4:699: AS_IF is expanded from...
./lib/autoconf/general.m4:2249: AC_CACHE_VAL is expanded from...
./lib/autoconf/general.m4:2270: AC_CACHE_CHECK is expanded from...
build/apr_common.m4:983: APR_CHECK_TYPES_COMPATIBLE is expanded from...
configure.in:1841: the top level
configure.in:1842: warning: The macro `AC_TRY_COMPILE' is obsolete.
configure.in:1842: You should run autoupdate.
./lib/autoconf/general.m4:2847: AC_TRY_COMPILE is expanded from...
lib/m4sugar/m4sh.m4:692: _AS_IF_ELSE is expanded from...
lib/m4sugar/m4sh.m4:699: AS_IF is expanded from...
./lib/autoconf/general.m4:2249: AC_CACHE_VAL is expanded from...
./lib/autoconf/general.m4:2270: AC_CACHE_CHECK is expanded from...
build/apr_common.m4:983: APR_CHECK_TYPES_COMPATIBLE is expanded from...
configure.in:1842: the top level
configure.in:1843: warning: The macro `AC_TRY_COMPILE' is obsolete.
configure.in:1843: You should run autoupdate.
./lib/autoconf/general.m4:2847: AC_TRY_COMPILE is expanded from...
lib/m4sugar/m4sh.m4:692: _AS_IF_ELSE is expanded from...
lib/m4sugar/m4sh.m4:699: AS_IF is expanded from...
./lib/autoconf/general.m4:2249: AC_CACHE_VAL is expanded from...
./lib/autoconf/general.m4:2270: AC_CACHE_CHECK is expanded from...
build/apr_common.m4:983: APR_CHECK_TYPES_COMPATIBLE is expanded from...
configure.in:1843: the top level
configure.in:1844: warning: The macro `AC_TRY_COMPILE' is obsolete.
configure.in:1844: You should run autoupdate.
./lib/autoconf/general.m4:2847: AC_TRY_COMPILE is expanded from...
lib/m4sugar/m4sh.m4:692: _AS_IF_ELSE is expanded from...
lib/m4sugar/m4sh.m4:699: AS_IF is expanded from...
./lib/autoconf/general.m4:2249: AC_CACHE_VAL is expanded from...
./lib/autoconf/general.m4:2270: AC_CACHE_CHECK is expanded from...
build/apr_common.m4:983: APR_CHECK_TYPES_COMPATIBLE is expanded from...
configure.in:1844: the top level
configure.in:1846: warning: The macro `AC_TRY_RUN' is obsolete.
configure.in:1846: You should run autoupdate.
./lib/autoconf/general.m4:2997: AC_TRY_RUN is expanded from...
lib/m4sugar/m4sh.m4:692: _AS_IF_ELSE is expanded from...
lib/m4sugar/m4sh.m4:699: AS_IF is expanded from...
./lib/autoconf/general.m4:2249: AC_CACHE_VAL is expanded from...
build/apr_common.m4:460: APR_CHECK_SIZEOF_EXTENDED is expanded from...
configure.in:1846: the top level
configure.in:1858: warning: The macro `AC_ERROR' is obsolete.
configure.in:1858: You should run autoupdate.
./lib/autoconf/oldnames.m4:34: AC_ERROR is expanded from...
configure.in:1858: the top level
configure.in:1863: warning: The macro `AC_TRY_RUN' is obsolete.
configure.in:1863: You should run autoupdate.
./lib/autoconf/general.m4:2997: AC_TRY_RUN is expanded from...
lib/m4sugar/m4sh.m4:692: _AS_IF_ELSE is expanded from...
lib/m4sugar/m4sh.m4:699: AS_IF is expanded from...
./lib/autoconf/general.m4:2249: AC_CACHE_VAL is expanded from...
build/apr_common.m4:460: APR_CHECK_SIZEOF_EXTENDED is expanded from...
configure.in:1863: the top level
configure.in:1875: warning: The macro `AC_ERROR' is obsolete.
configure.in:1875: You should run autoupdate.
./lib/autoconf/oldnames.m4:34: AC_ERROR is expanded from...
configure.in:1875: the top level
configure.in:1880: warning: The macro `AC_TRY_RUN' is obsolete.
configure.in:1880: You should run autoupdate.
./lib/autoconf/general.m4:2997: AC_TRY_RUN is expanded from...
lib/m4sugar/m4sh.m4:692: _AS_IF_ELSE is expanded from...
lib/m4sugar/m4sh.m4:699: AS_IF is expanded from...
./lib/autoconf/general.m4:2249: AC_CACHE_VAL is expanded from...
build/apr_common.m4:460: APR_CHECK_SIZEOF_EXTENDED is expanded from...
configure.in:1880: the top level
configure.in:1930: warning: The macro `AC_ERROR' is obsolete.
configure.in:1930: You should run autoupdate.
./lib/autoconf/oldnames.m4:34: AC_ERROR is expanded from...
configure.in:1930: the top level
configure.in:1967: warning: The macro `AC_TRY_RUN' is obsolete.
configure.in:1967: You should run autoupdate.
./lib/autoconf/general.m4:2997: AC_TRY_RUN is expanded from...
lib/m4sugar/m4sh.m4:692: _AS_IF_ELSE is expanded from...
lib/m4sugar/m4sh.m4:699: AS_IF is expanded from...
./lib/autoconf/general.m4:2249: AC_CACHE_VAL is expanded from...
build/apr_common.m4:460: APR_CHECK_SIZEOF_EXTENDED is expanded from...
configure.in:1967: the top level
configure.in:1987: warning: The macro `AC_TRY_RUN' is obsolete.
configure.in:1987: You should run autoupdate.
./lib/autoconf/general.m4:2997: AC_TRY_RUN is expanded from...
lib/m4sugar/m4sh.m4:692: _AS_IF_ELSE is expanded from...
lib/m4sugar/m4sh.m4:699: AS_IF is expanded from...
./lib/autoconf/general.m4:2249: AC_CACHE_VAL is expanded from...
build/apr_common.m4:460: APR_CHECK_SIZEOF_EXTENDED is expanded from...
configure.in:1987: the top level
configure.in:2160: warning: The macro `ac_cv_prog_gcc' is obsolete.
configure.in:2160: You should run autoupdate.
./lib/autoconf/c.m4:440: ac_cv_prog_gcc is expanded from...
build/apr_common.m4:500: APR_TRY_COMPILE_NO_WARNING is expanded from...
configure.in:2160: the top level
configure.in:2170: warning: The macro `AC_TRY_RUN' is obsolete.
configure.in:2170: You should run autoupdate.
./lib/autoconf/general.m4:2997: AC_TRY_RUN is expanded from...
lib/m4sugar/m4sh.m4:692: _AS_IF_ELSE is expanded from...
lib/m4sugar/m4sh.m4:699: AS_IF is expanded from...
./lib/autoconf/general.m4:2249: AC_CACHE_VAL is expanded from...
./lib/autoconf/general.m4:2270: AC_CACHE_CHECK is expanded from...
configure.in:2170: the top level
configure.in:2198: warning: The macro `AC_TRY_RUN' is obsolete.
configure.in:2198: You should run autoupdate.
./lib/autoconf/general.m4:2997: AC_TRY_RUN is expanded from...
lib/m4sugar/m4sh.m4:692: _AS_IF_ELSE is expanded from...
lib/m4sugar/m4sh.m4:699: AS_IF is expanded from...
./lib/autoconf/general.m4:2249: AC_CACHE_VAL is expanded from...
./lib/autoconf/general.m4:2270: AC_CACHE_CHECK is expanded from...
configure.in:2198: the top level
configure.in:2229: warning: The macro `AC_TRY_COMPILE' is obsolete.
configure.in:2229: You should run autoupdate.
./lib/autoconf/general.m4:2847: AC_TRY_COMPILE is expanded from...
configure.in:2229: the top level
configure.in:2259: warning: The macro `AC_TRY_RUN' is obsolete.
configure.in:2259: You should run autoupdate.
./lib/autoconf/general.m4:2997: AC_TRY_RUN is expanded from...
lib/m4sugar/m4sh.m4:692: _AS_IF_ELSE is expanded from...
lib/m4sugar/m4sh.m4:699: AS_IF is expanded from...
./lib/autoconf/general.m4:2249: AC_CACHE_VAL is expanded from...
./lib/autoconf/general.m4:2270: AC_CACHE_CHECK is expanded from...
configure.in:2259: the top level
configure.in:2284: warning: The macro `AC_TRY_RUN' is obsolete.
configure.in:2284: You should run autoupdate.
./lib/autoconf/general.m4:2997: AC_TRY_RUN is expanded from...
lib/m4sugar/m4sh.m4:692: _AS_IF_ELSE is expanded from...
lib/m4sugar/m4sh.m4:699: AS_IF is expanded from...
./lib/autoconf/general.m4:2249: AC_CACHE_VAL is expanded from...
./lib/autoconf/general.m4:2270: AC_CACHE_CHECK is expanded from...
build/apr_threads.m4:248: APR_CHECK_PTHREAD_ROBUST_SHARED_MUTEX is expanded from...
configure.in:2284: the top level
configure.in:2356: warning: The macro `AC_TRY_RUN' is obsolete.
configure.in:2356: You should run autoupdate.
./lib/autoconf/general.m4:2997: AC_TRY_RUN is expanded from...
configure.in:2356: the top level
configure.in:2517: warning: The macro `AC_ERROR' is obsolete.
configure.in:2517: You should run autoupdate.
./lib/autoconf/oldnames.m4:34: AC_ERROR is expanded from...
configure.in:2517: the top level
configure.in:2578: warning: The macro `AC_TRY_COMPILE' is obsolete.
configure.in:2578: You should run autoupdate.
./lib/autoconf/general.m4:2847: AC_TRY_COMPILE is expanded from...
lib/m4sugar/m4sh.m4:692: _AS_IF_ELSE is expanded from...
lib/m4sugar/m4sh.m4:699: AS_IF is expanded from...
./lib/autoconf/general.m4:2249: AC_CACHE_VAL is expanded from...
./lib/autoconf/general.m4:2270: AC_CACHE_CHECK is expanded from...
build/apr_common.m4:563: APR_CHECK_DIRENT_INODE is expanded from...
configure.in:2578: the top level
configure.in:2579: warning: The macro `AC_TRY_COMPILE' is obsolete.
configure.in:2579: You should run autoupdate.
./lib/autoconf/general.m4:2847: AC_TRY_COMPILE is expanded from...
lib/m4sugar/m4sh.m4:692: _AS_IF_ELSE is expanded from...
lib/m4sugar/m4sh.m4:699: AS_IF is expanded from...
./lib/autoconf/general.m4:2249: AC_CACHE_VAL is expanded from...
./lib/autoconf/general.m4:2270: AC_CACHE_CHECK is expanded from...
build/apr_common.m4:601: APR_CHECK_DIRENT_TYPE is expanded from...
configure.in:2579: the top level
configure.in:2598: warning: The macro `AC_TRY_LINK' is obsolete.
configure.in:2598: You should run autoupdate.
./lib/autoconf/general.m4:2920: AC_TRY_LINK is expanded from...
lib/m4sugar/m4sh.m4:692: _AS_IF_ELSE is expanded from...
lib/m4sugar/m4sh.m4:699: AS_IF is expanded from...
./lib/autoconf/general.m4:2249: AC_CACHE_VAL is expanded from...
./lib/autoconf/general.m4:2270: AC_CACHE_CHECK is expanded from...
configure.in:2598: the top level
configure.in:2650: warning: The macro `AC_TRY_COMPILE' is obsolete.
configure.in:2650: You should run autoupdate.
./lib/autoconf/general.m4:2847: AC_TRY_COMPILE is expanded from...
lib/m4sugar/m4sh.m4:692: _AS_IF_ELSE is expanded from...
lib/m4sugar/m4sh.m4:699: AS_IF is expanded from...
./lib/autoconf/general.m4:2249: AC_CACHE_VAL is expanded from...
./lib/autoconf/general.m4:2270: AC_CACHE_CHECK is expanded from...
build/apr_network.m4:24: APR_TYPE_IN_ADDR is expanded from...
configure.in:2650: the top level
configure.in:2675: warning: The macro `ac_cv_prog_gcc' is obsolete.
configure.in:2675: You should run autoupdate.
./lib/autoconf/c.m4:440: ac_cv_prog_gcc is expanded from...
build/apr_common.m4:500: APR_TRY_COMPILE_NO_WARNING is expanded from...
build/apr_network.m4:223: APR_CHECK_GETHOSTBYNAME_R_STYLE is expanded from...
configure.in:2675: the top level
configure.in:2680: warning: The macro `ac_cv_prog_gcc' is obsolete.
configure.in:2680: You should run autoupdate.
./lib/autoconf/c.m4:440: ac_cv_prog_gcc is expanded from...
build/apr_common.m4:500: APR_TRY_COMPILE_NO_WARNING is expanded from...
lib/m4sugar/m4sh.m4:692: _AS_IF_ELSE is expanded from...
lib/m4sugar/m4sh.m4:699: AS_IF is expanded from...
./lib/autoconf/general.m4:2249: AC_CACHE_VAL is expanded from...
./lib/autoconf/general.m4:2270: AC_CACHE_CHECK is expanded from...
build/apr_network.m4:291: APR_CHECK_GETSERVBYNAME_R_STYLE is expanded from...
configure.in:2680: the top level
configure.in:2683: warning: The macro `AC_TRY_RUN' is obsolete.
configure.in:2683: You should run autoupdate.
./lib/autoconf/general.m4:2997: AC_TRY_RUN is expanded from...
lib/m4sugar/m4sh.m4:692: _AS_IF_ELSE is expanded from...
lib/m4sugar/m4sh.m4:699: AS_IF is expanded from...
./lib/autoconf/general.m4:2249: AC_CACHE_VAL is expanded from...
./lib/autoconf/general.m4:2270: AC_CACHE_CHECK is expanded from...
build/apr_network.m4:387: APR_CHECK_TCP_NODELAY_INHERITED is expanded from...
configure.in:2683: the top level
configure.in:2684: warning: The macro `AC_TRY_RUN' is obsolete.
configure.in:2684: You should run autoupdate.
./lib/autoconf/general.m4:2997: AC_TRY_RUN is expanded from...
lib/m4sugar/m4sh.m4:692: _AS_IF_ELSE is expanded from...
lib/m4sugar/m4sh.m4:699: AS_IF is expanded from...
./lib/autoconf/general.m4:2249: AC_CACHE_VAL is expanded from...
./lib/autoconf/general.m4:2270: AC_CACHE_CHECK is expanded from...
build/apr_network.m4:555: APR_CHECK_O_NONBLOCK_INHERITED is expanded from...
configure.in:2684: the top level
configure.in:2724: warning: The macro `AC_TRY_RUN' is obsolete.
configure.in:2724: You should run autoupdate.
./lib/autoconf/general.m4:2997: AC_TRY_RUN is expanded from...
lib/m4sugar/m4sh.m4:692: _AS_IF_ELSE is expanded from...
lib/m4sugar/m4sh.m4:699: AS_IF is expanded from...
./lib/autoconf/general.m4:2249: AC_CACHE_VAL is expanded from...
./lib/autoconf/general.m4:2270: AC_CACHE_CHECK is expanded from...
build/apr_network.m4:889: APR_CHECK_SCTP is expanded from...
configure.in:2724: the top level
configure.in:2725: warning: The macro `AC_TRY_COMPILE' is obsolete.
configure.in:2725: You should run autoupdate.
./lib/autoconf/general.m4:2847: AC_TRY_COMPILE is expanded from...
lib/m4sugar/m4sh.m4:692: _AS_IF_ELSE is expanded from...
lib/m4sugar/m4sh.m4:699: AS_IF is expanded from...
./lib/autoconf/general.m4:2249: AC_CACHE_VAL is expanded from...
./lib/autoconf/general.m4:2270: AC_CACHE_CHECK is expanded from...
build/apr_network.m4:926: APR_CHECK_MCAST is expanded from...
configure.in:2725: the top level
configure.in:2753: warning: The macro `AC_TRY_RUN' is obsolete.
configure.in:2753: You should run autoupdate.
./lib/autoconf/general.m4:2997: AC_TRY_RUN is expanded from...
lib/m4sugar/m4sh.m4:692: _AS_IF_ELSE is expanded from...
lib/m4sugar/m4sh.m4:699: AS_IF is expanded from...
./lib/autoconf/general.m4:2249: AC_CACHE_VAL is expanded from...
./lib/autoconf/general.m4:2270: AC_CACHE_CHECK is expanded from...
build/apr_network.m4:51: APR_CHECK_WORKING_GETADDRINFO is expanded from...
configure.in:2753: the top level
configure.in:2754: warning: The macro `AC_TRY_RUN' is obsolete.
configure.in:2754: You should run autoupdate.
./lib/autoconf/general.m4:2997: AC_TRY_RUN is expanded from...
lib/m4sugar/m4sh.m4:692: _AS_IF_ELSE is expanded from...
lib/m4sugar/m4sh.m4:699: AS_IF is expanded from...
./lib/autoconf/general.m4:2249: AC_CACHE_VAL is expanded from...
./lib/autoconf/general.m4:2270: AC_CACHE_CHECK is expanded from...
build/apr_network.m4:191: APR_CHECK_NEGATIVE_EAI is expanded from...
configure.in:2754: the top level
configure.in:2755: warning: The macro `AC_TRY_RUN' is obsolete.
configure.in:2755: You should run autoupdate.
./lib/autoconf/general.m4:2997: AC_TRY_RUN is expanded from...
lib/m4sugar/m4sh.m4:692: _AS_IF_ELSE is expanded from...
lib/m4sugar/m4sh.m4:699: AS_IF is expanded from...
./lib/autoconf/general.m4:2249: AC_CACHE_VAL is expanded from...
./lib/autoconf/general.m4:2270: AC_CACHE_CHECK is expanded from...
build/apr_network.m4:136: APR_CHECK_WORKING_GETNAMEINFO is expanded from...
configure.in:2755: the top level
configure.in:2756: warning: The macro `AC_TRY_COMPILE' is obsolete.
configure.in:2756: You should run autoupdate.
./lib/autoconf/general.m4:2847: AC_TRY_COMPILE is expanded from...
lib/m4sugar/m4sh.m4:692: _AS_IF_ELSE is expanded from...
lib/m4sugar/m4sh.m4:699: AS_IF is expanded from...
./lib/autoconf/general.m4:2249: AC_CACHE_VAL is expanded from...
./lib/autoconf/general.m4:2270: AC_CACHE_CHECK is expanded from...
build/apr_network.m4:802: APR_CHECK_SOCKADDR_IN6 is expanded from...
configure.in:2756: the top level
configure.in:2757: warning: The macro `AC_TRY_COMPILE' is obsolete.
configure.in:2757: You should run autoupdate.
./lib/autoconf/general.m4:2847: AC_TRY_COMPILE is expanded from...
lib/m4sugar/m4sh.m4:692: _AS_IF_ELSE is expanded from...
lib/m4sugar/m4sh.m4:699: AS_IF is expanded from...
./lib/autoconf/general.m4:2249: AC_CACHE_VAL is expanded from...
./lib/autoconf/general.m4:2270: AC_CACHE_CHECK is expanded from...
build/apr_network.m4:780: APR_CHECK_SOCKADDR_STORAGE is expanded from...
configure.in:2757: the top level
configure.in:2758: warning: The macro `AC_TRY_COMPILE' is obsolete.
configure.in:2758: You should run autoupdate.
./lib/autoconf/general.m4:2847: AC_TRY_COMPILE is expanded from...
lib/m4sugar/m4sh.m4:692: _AS_IF_ELSE is expanded from...
lib/m4sugar/m4sh.m4:699: AS_IF is expanded from...
./lib/autoconf/general.m4:2249: AC_CACHE_VAL is expanded from...
./lib/autoconf/general.m4:2270: AC_CACHE_CHECK is expanded from...
build/apr_network.m4:828: APR_CHECK_SOCKADDR_UN is expanded from...
configure.in:2758: the top level
configure.in:2768: warning: The macro `AC_TRY_RUN' is obsolete.
configure.in:2768: You should run autoupdate.
./lib/autoconf/general.m4:2997: AC_TRY_RUN is expanded from...
lib/m4sugar/m4sh.m4:692: _AS_IF_ELSE is expanded from...
lib/m4sugar/m4sh.m4:699: AS_IF is expanded from...
./lib/autoconf/general.m4:2249: AC_CACHE_VAL is expanded from...
./lib/autoconf/general.m4:2270: AC_CACHE_CHECK is expanded from...
build/apr_network.m4:100: APR_CHECK_GETADDRINFO_ADDRCONFIG is expanded from...
configure.in:2768: the top level
buildconf: generating 'make' outputs ...
buildconf: rebuilding rpm spec file
checking build system type... x86_64-pc-linux-gnu
checking host system type... x86_64-pc-linux-gnu
checking target system type... x86_64-pc-linux-gnu
Configuring APR library
Platform: x86_64-pc-linux-gnu
checking for working mkdir -p... yes
APR Version: 1.6.6
checking for chosen layout... apr
checking for gcc... gcc
checking whether the C compiler works... yes
checking for C compiler default output file name... a.out
checking for suffix of executables... 
checking whether we are cross compiling... no
checking for suffix of object files... o
checking whether the compiler supports GNU C... yes
checking whether gcc accepts -g... yes
checking for gcc option to enable C11 features... none needed
checking for a sed that does not truncate output... /usr/bin/sed
Applying APR hints file rules for x86_64-pc-linux-gnu
  setting CPPFLAGS to "-DLINUX -D_REENTRANT -D_GNU_SOURCE"
(Default will be unix)
checking whether make sets $(MAKE)... yes
checking how to run the C preprocessor... gcc -E
checking for gawk... no
checking for mawk... mawk
checking whether ln -s works... yes
checking for ranlib... ranlib
checking for a BSD-compatible install... /usr/bin/install -c
checking for rm... rm
checking for as... as
checking for cpp... cpp
checking for ar... ar
checking for stdio.h... yes
checking for stdlib.h... yes
checking for string.h... yes
checking for inttypes.h... yes
checking for stdint.h... yes
checking for strings.h... yes
checking for sys/stat.h... yes
checking for sys/types.h... yes
checking for unistd.h... yes
checking for wchar.h... yes
checking for minix/config.h... no
checking whether it is safe to define __EXTENSIONS__... yes
checking whether _XOPEN_SOURCE should be defined... no
checking for library containing strerror... none required
checking whether system uses EBCDIC... no
performing libtool configuration...
checking how to print strings... printf
checking for a sed that does not truncate output... (cached) /usr/bin/sed
checking for grep that handles long lines and -e... /usr/bin/grep
checking for egrep... /usr/bin/grep -E
checking for fgrep... /usr/bin/grep -F
checking for ld used by gcc... /usr/bin/ld
checking if the linker (/usr/bin/ld) is GNU ld... yes
checking for BSD- or MS-compatible name lister (nm)... /usr/bin/nm -B
checking the name lister (/usr/bin/nm -B) interface... BSD nm
checking the maximum length of command line arguments... 1572864
checking how to convert x86_64-pc-linux-gnu file names to x86_64-pc-linux-gnu format... func_convert_file_noop
checking how to convert x86_64-pc-linux-gnu file names to toolchain format... func_convert_file_noop
checking for /usr/bin/ld option to reload object files... -r
checking for file... file
checking for objdump... objdump
checking how to recognize dependent libraries... pass_all
checking for dlltool... dlltool
checking how to associate runtime and link libraries... printf %s\n
checking for archiver @FILE support... @
checking for strip... strip
checking for ranlib... (cached) ranlib
checking command to parse /usr/bin/nm -B output from gcc object... ok
checking for sysroot... no
checking for a working dd... /usr/bin/dd
checking how to truncate binary pipes... /usr/bin/dd bs=4096 count=1
checking for mt... no
checking if : is a manifest tool... no
checking for dlfcn.h... yes
checking for objdir... .libs
checking if gcc supports -fno-rtti -fno-exceptions... no
checking for gcc option to produce PIC... -fPIC -DPIC
checking if gcc PIC flag -fPIC -DPIC works... yes
checking if gcc static flag -static works... yes
checking if gcc supports -c -o file.o... rm: cannot remove 'conftest*': No such file or directory
yes
checking if gcc supports -c -o file.o... (cached) yes
checking whether the gcc linker (/usr/bin/ld -m elf_x86_64) supports shared libraries... yes
checking whether -lc should be explicitly linked in... rm: cannot remove 'conftest*': No such file or directory
no
checking dynamic linker characteristics... GNU/Linux ld.so
checking how to hardcode library paths into programs... immediate
checking whether stripping libraries is possible... yes
checking if libtool supports shared libraries... yes
checking whether to build shared libraries... yes
checking whether to build static libraries... yes
grep: /tomcat/tmp/apr/libtool: No such file or directory

Check for compiler flags...
checking whether the compiler provides atomic builtins... yes
checking whether to enable -D_LARGEFILE64_SOURCE... no
configure: Configured for Linux 6.11

Checking for libraries...
checking for library containing gethostbyname... none required
checking for library containing gethostname... none required
checking for library containing socket... none required
checking for library containing crypt... -lcrypt
checking for main in -ltruerand... no
checking for library containing modf... none required

Checking for Threads...
checking for pthread.h... yes
checking for CFLAGS needed for pthreads... none
checking for LIBS needed for pthreads... -lpthread
  adding "-lpthread" to LIBS
checking for pthread.h... (cached) yes
checking whether pthread_getspecific takes two arguments... no
checking whether pthread_attr_getdetachstate takes one argument... no
checking for recursive mutex support... yes
checking for pthread_key_delete... yes
checking for pthread_rwlock_init... yes
checking for pthread_attr_setguardsize... yes
checking for pthread_yield... no
checking for pthread_rwlock_t... yes
checking for sched.h... yes
checking for sched_yield... yes
APR will use threads
checking for readdir in -lc_r... no
checking for gethostbyname in -lc_r... no
checking for gethostbyaddr in -lc_r... no
checking for getservbyname in -lc_r... no
checking for gethostbyname_r... yes
checking for gethostbyaddr_r... yes
checking for getservbyname_r... yes
checking for sigsuspend... yes
checking for sigwait... yes
checking for poll... yes
checking for kqueue... no
checking for port_create... no
checking for epoll support... yes
checking for epoll_create1 support... yes
checking for dup3 support... yes
checking for accept4 support... yes
checking for SOCK_CLOEXEC support... yes
checking for fdatasync... yes
checking for epoll_create1 support... (cached) yes
checking for asio -> message queue support... no
checking for dup3 support... (cached) yes
checking for accept4 support... (cached) yes
checking for SOCK_CLOEXEC support... (cached) yes
checking for getpwnam_r... yes
checking for getpwuid_r... yes
checking for getgrnam_r... yes
checking for getgrgid_r... yes

Checking for Shared Memory Support...
checking for library containing shm_open... none required
checking for sys/types.h... (cached) yes
checking for sys/mman.h... yes
checking for sys/ipc.h... yes
checking for sys/mutex.h... no
checking for sys/shm.h... yes
checking for sys/file.h... yes
checking for sys/socket.h... yes
checking for kernel/OS.h... no
checking for os2.h... no
checking for windows.h... no
checking for net/if.h... yes
checking for mmap... yes
checking for munmap... yes
checking for shm_open... yes
checking for shm_unlink... yes
checking for shmget... yes
checking for shmat... yes
checking for shmdt... yes
checking for shmctl... yes
checking for create_area... no
checking for mprotect... yes
checking for MAP_ANON in sys/mman.h... yes
checking for /dev/zero... yes
checking for mmap that can map /dev/zero... yes
decision on anonymous shared memory allocation method... 4.4BSD-style mmap() via MAP_ANON
decision on namebased memory allocation method... SysV IPC shmget()
checking for size_t... yes
checking for working alloca.h... yes
checking for alloca... yes
checking for calloc... yes
checking for setsid... yes
checking for isinf... yes
checking for isnan... yes
checking for getenv... yes
checking for putenv... yes
checking for setenv... yes
checking for unsetenv... yes
checking for writev... yes
checking for getifaddrs... yes
checking for utime... yes
checking for utimes... yes
checking for setrlimit... yes
checking for getrlimit... yes
checking for sendfilev in -lsendfile... no
checking for sendfile... yes
checking for send_file... no
checking for sendfilev... no
checking for sigaction... yes
checking for gcc options needed to detect all undeclared functions... none needed
checking whether sys_siglist is declared... no
checking for fork... yes
checking for inet_addr... yes
checking for inet_network... yes
checking for _getch... no
checking for strerror_r... yes
checking for type of return code from strerror_r... pointer
checking for mmap... (cached) yes
checking for memmove... yes
checking for getpass... yes
checking for getpassphrase... no
checking for gmtime_r... yes
checking for localtime_r... yes
checking for mkstemp... yes
checking whether sigwait takes one argument... no
checking for egrep... (cached) /usr/bin/grep -E
checking for ByteOrder.h... no
checking for conio.h... no
checking for crypt.h... yes
checking for ctype.h... yes
checking for dir.h... no
checking for dirent.h... yes
checking for dl.h... no
checking for dlfcn.h... (cached) yes
checking for errno.h... yes
checking for fcntl.h... yes
checking for grp.h... yes
checking for io.h... no
checking for limits.h... yes
checking for mach-o/dyld.h... no
checking for malloc.h... yes
checking for memory.h... yes
checking for netdb.h... yes
checking for osreldate.h... no
checking for poll.h... yes
checking for process.h... no
checking for pwd.h... yes
checking for semaphore.h... yes
checking for signal.h... yes
checking for stdarg.h... yes
checking for stddef.h... yes
checking for stdio.h... (cached) yes
checking for stdlib.h... (cached) yes
checking for string.h... (cached) yes
checking for strings.h... (cached) yes
checking for sysapi.h... no
checking for sysgtime.h... no
checking for termios.h... yes
checking for time.h... yes
checking for tpfeq.h... no
checking for tpfio.h... no
checking for unistd.h... (cached) yes
checking for unix.h... no
checking for windows.h... (cached) no
checking for winsock2.h... no
checking for arpa/inet.h... yes
checking for kernel/OS.h... (cached) no
checking for net/errno.h... no
checking for netinet/in.h... yes
checking for netinet/sctp.h... no
checking for netinet/sctp_uio.h... no
checking for sys/file.h... (cached) yes
checking for sys/ioctl.h... yes
checking for sys/mman.h... (cached) yes
checking for sys/param.h... yes
checking for sys/poll.h... yes
checking for sys/resource.h... yes
checking for sys/select.h... yes
checking for sys/sem.h... yes
checking for sys/sendfile.h... yes
checking for sys/signal.h... yes
checking for sys/socket.h... (cached) yes
checking for sys/sockio.h... no
checking for sys/stat.h... (cached) yes
checking for sys/sysctl.h... no
checking for sys/syslimits.h... no
checking for sys/time.h... yes
checking for sys/types.h... (cached) yes
checking for sys/uio.h... yes
checking for sys/un.h... yes
checking for sys/wait.h... yes
checking for netinet/tcp.h... yes
checking for h_errno in netdb.h... yes
checking for off_t... yes
checking for pid_t... yes
checking for size_t... (cached) yes
checking for uid_t in sys/types.h... yes
checking for ssize_t... yes
checking for inline... inline
checking for an ANSI C-conforming const... yes
checking whether setpgrp requires zero arguments... yes
checking for socklen_t... yes
checking size of void*... 8
checking size of char... 1
checking size of int... 4
checking size of long... 8
checking size of short... 2
checking size of long long... 8
checking for INT64_C... yes
checking size of pid_t... 4
checking whether ssize_t and int are the same... no
checking whether ssize_t and long are the same... yes
checking whether size_t and unsigned int are the same... no
checking whether size_t and unsigned long are the same... yes
checking size of ssize_t... 8
checking which format to use for apr_ssize_t... %ld
checking size of size_t... 8
checking which format to use for apr_size_t... %lu
checking size of off_t... 8
checking which type to use for apr_off_t... off_t
checking size of ino_t... 8
configure: using ino_t for ino_t
checking whether byte ordering is bigendian... no
checking size of struct iovec... 16
checking for strnicmp... no
checking for strncasecmp... yes
checking for stricmp... no
checking for strcasecmp... yes
checking for strdup... yes
checking for strstr... yes
checking for memchr... yes
checking for strtol... yes

Checking for DSO...
checking for dlopen... yes
checking for dlsym... yes

Checking for Processes...
checking for waitpid... yes
checking for Variable Length Arrays... no
checking struct rlimit... yes

Checking for Locking...
checking for semget... yes
checking for semctl... yes
checking for flock... yes
checking for semaphore.h... (cached) yes
checking for OS.h... no
checking for library containing sem_open... none required
checking for sem_close... yes
checking for sem_unlink... yes
checking for sem_post... yes
checking for sem_wait... yes
checking for create_sem... no
checking for working sem_open... yes
checking for union semun in sys/sem.h... no
checking for LOCK_EX in sys/file.h... yes
checking for F_SETLK in fcntl.h... yes
checking for SEM_UNDO in sys/sem.h... yes
checking for POLLIN in poll.h sys/poll.h... yes
checking for PTHREAD_PROCESS_SHARED in pthread.h... yes
checking for pthread_mutexattr_setpshared... yes
checking for working PROCESS_SHARED locks... yes
checking for robust cross-process mutex support... yes
decision on apr_lock implementation method... SysV IPC semget()
checking if fcntl returns EACCES when F_SETLK is already held... no
checking if all interprocess locks affect threads... no
checking if POSIX sems affect threads in the same process... no
checking if SysV sems affect threads in the same process... no
checking if fcntl locks affect threads in the same process... no
checking if flock locks affect threads in the same process... no
checking for entropy source... /dev/urandom

Checking for File Info Support...
checking for struct stat.st_blocks... yes
checking for struct stat.st_atimensec... no
checking for struct stat.st_ctimensec... no
checking for struct stat.st_mtimensec... no
checking for struct stat.st_atim.tv_nsec... yes
checking for struct stat.st_ctim.tv_nsec... yes
checking for struct stat.st_mtim.tv_nsec... yes
checking for struct stat.st_atime_n... no
checking for struct stat.st_ctime_n... no
checking for struct stat.st_mtime_n... no
checking for inode member of struct dirent... d_fileno
checking for file type member of struct dirent... d_type

Checking for OS UUID Support...
checking for uuid.h... no
checking for uuid/uuid.h... no
checking for sys/uuid.h... no
checking for library containing uuid_create... no
checking for library containing uuid_generate... no
checking for uuid_create... no
checking for uuid_generate... no
checking for os uuid usability... no

Checking for Time Support...
checking for struct tm.tm_gmtoff... yes
checking for struct tm.__tm_gmtoff... no

Checking for Networking support...
checking for type in_addr... yes
checking if fd == socket on this platform... yes
checking style of gethostbyname_r routine... none
checking 3rd argument to the gethostbyname_r routines... char
checking style of getservbyname_r routine... none
checking if TCP_NODELAY setting is inherited from listening sockets... yes
checking if O_NONBLOCK setting is inherited from listening sockets... no
checking whether TCP_NODELAY and TCP_CORK can both be enabled... yes
checking for TCP_CORK in netinet/tcp.h... yes
checking for TCP_NOPUSH in netinet/tcp.h... no
checking for SO_ACCEPTFILTER in sys/socket.h... no
checking whether SCTP is supported... no
checking for struct ip_mreq... yes
checking for set_h_errno... no

Checking for IPv6 Networking support...
checking for library containing getaddrinfo... none required
checking for library containing gai_strerror... none required
checking for library containing getnameinfo... none required
checking for gai_strerror... yes
checking for working getaddrinfo... yes
checking for negative error codes for getaddrinfo... yes
checking for working getnameinfo... yes
checking for sockaddr_in6... yes
checking for sockaddr_storage... yes
checking for sockaddr_un... yes
checking for working AI_ADDRCONFIG... yes
checking if APR supports IPv6... yes
checking for langinfo.h... yes
checking for nl_langinfo... yes
  setting have_unicode_fs to "0"
  setting apr_has_xthread_files to "0"
  setting apr_procattr_user_set_requires_password to "0"
  setting apr_thread_func to ""
  setting apr_has_user to "1"

Restore user-defined environment settings...
  restoring CPPFLAGS to ""
  setting EXTRA_CPPFLAGS to "-DLINUX -D_REENTRANT -D_GNU_SOURCE"
  restoring CFLAGS to ""
  setting EXTRA_CFLAGS to "-g -O2"
  restoring LDFLAGS to ""
  setting EXTRA_LDFLAGS to ""
  restoring LIBS to ""
  setting EXTRA_LIBS to "-lcrypt  -lpthread"
  restoring INCLUDES to ""
  setting EXTRA_INCLUDES to ""
configure: creating ./config.status
config.status: creating Makefile
config.status: WARNING:  'Makefile.in' seems to ignore the --datarootdir setting
config.status: creating include/apr.h
config.status: creating build/apr_rules.mk
config.status: creating build/pkg/pkginfo
config.status: creating apr-1-config
config.status: creating apr.pc
config.status: creating test/Makefile
config.status: creating test/internal/Makefile
config.status: creating include/arch/unix/apr_private.h
config.status: executing libtool commands
rm: cannot remove 'libtoolT': No such file or directory
config.status: executing default commands
make[1]: Entering directory '/tomcat/tmp/apr'
/tomcat/tmp/apr/build/mkdir.sh tools
/bin/bash /tomcat/tmp/apr/libtool --silent --mode=compile --tag=CC gcc -g -O2   -DHAVE_CONFIG_H  -DLINUX -D_REENTRANT -D_GNU_SOURCE   -I./include -I/tomcat/tmp/apr/include/arch/unix -I./include/arch/unix -I/tomcat/tmp/apr/include/arch/unix -I/tomcat/tmp/apr/include -I/tomcat/tmp/apr/include/private -I/tomcat/tmp/apr/include/private  -o tools/gen_test_char.lo -c tools/gen_test_char.c && touch tools/gen_test_char.lo
/bin/bash /tomcat/tmp/apr/libtool --silent --mode=link --tag=CC gcc -g -O2   -DHAVE_CONFIG_H  -DLINUX -D_REENTRANT -D_GNU_SOURCE   -I./include -I/tomcat/tmp/apr/include/arch/unix -I./include/arch/unix -I/tomcat/tmp/apr/include/arch/unix -I/tomcat/tmp/apr/include -I/tomcat/tmp/apr/include/private -I/tomcat/tmp/apr/include/private   -no-install    -o tools/gen_test_char tools/gen_test_char.lo    -lcrypt  -lpthread
/tomcat/tmp/apr/build/mkdir.sh include/private
mkdir include/private
tools/gen_test_char > include/private/apr_escape_test_char.h
/bin/bash /tomcat/tmp/apr/libtool --silent --mode=compile --tag=CC gcc -g -O2   -DHAVE_CONFIG_H  -DLINUX -D_REENTRANT -D_GNU_SOURCE   -I./include -I/tomcat/tmp/apr/include/arch/unix -I./include/arch/unix -I/tomcat/tmp/apr/include/arch/unix -I/tomcat/tmp/apr/include -I/tomcat/tmp/apr/include/private -I/tomcat/tmp/apr/include/private  -o encoding/apr_escape.lo -c encoding/apr_escape.c && touch encoding/apr_escape.lo
/bin/bash /tomcat/tmp/apr/libtool --silent --mode=compile --tag=CC gcc -g -O2   -DHAVE_CONFIG_H  -DLINUX -D_REENTRANT -D_GNU_SOURCE   -I./include -I/tomcat/tmp/apr/include/arch/unix -I./include/arch/unix -I/tomcat/tmp/apr/include/arch/unix -I/tomcat/tmp/apr/include -I/tomcat/tmp/apr/include/private -I/tomcat/tmp/apr/include/private  -o passwd/apr_getpass.lo -c passwd/apr_getpass.c && touch passwd/apr_getpass.lo
/bin/bash /tomcat/tmp/apr/libtool --silent --mode=compile --tag=CC gcc -g -O2   -DHAVE_CONFIG_H  -DLINUX -D_REENTRANT -D_GNU_SOURCE   -I./include -I/tomcat/tmp/apr/include/arch/unix -I./include/arch/unix -I/tomcat/tmp/apr/include/arch/unix -I/tomcat/tmp/apr/include -I/tomcat/tmp/apr/include/private -I/tomcat/tmp/apr/include/private  -o strings/apr_cpystrn.lo -c strings/apr_cpystrn.c && touch strings/apr_cpystrn.lo
/bin/bash /tomcat/tmp/apr/libtool --silent --mode=compile --tag=CC gcc -g -O2   -DHAVE_CONFIG_H  -DLINUX -D_REENTRANT -D_GNU_SOURCE   -I./include -I/tomcat/tmp/apr/include/arch/unix -I./include/arch/unix -I/tomcat/tmp/apr/include/arch/unix -I/tomcat/tmp/apr/include -I/tomcat/tmp/apr/include/private -I/tomcat/tmp/apr/include/private  -o strings/apr_cstr.lo -c strings/apr_cstr.c && touch strings/apr_cstr.lo
/bin/bash /tomcat/tmp/apr/libtool --silent --mode=compile --tag=CC gcc -g -O2   -DHAVE_CONFIG_H  -DLINUX -D_REENTRANT -D_GNU_SOURCE   -I./include -I/tomcat/tmp/apr/include/arch/unix -I./include/arch/unix -I/tomcat/tmp/apr/include/arch/unix -I/tomcat/tmp/apr/include -I/tomcat/tmp/apr/include/private -I/tomcat/tmp/apr/include/private  -o strings/apr_fnmatch.lo -c strings/apr_fnmatch.c && touch strings/apr_fnmatch.lo
/bin/bash /tomcat/tmp/apr/libtool --silent --mode=compile --tag=CC gcc -g -O2   -DHAVE_CONFIG_H  -DLINUX -D_REENTRANT -D_GNU_SOURCE   -I./include -I/tomcat/tmp/apr/include/arch/unix -I./include/arch/unix -I/tomcat/tmp/apr/include/arch/unix -I/tomcat/tmp/apr/include -I/tomcat/tmp/apr/include/private -I/tomcat/tmp/apr/include/private  -o strings/apr_snprintf.lo -c strings/apr_snprintf.c && touch strings/apr_snprintf.lo
/bin/bash /tomcat/tmp/apr/libtool --silent --mode=compile --tag=CC gcc -g -O2   -DHAVE_CONFIG_H  -DLINUX -D_REENTRANT -D_GNU_SOURCE   -I./include -I/tomcat/tmp/apr/include/arch/unix -I./include/arch/unix -I/tomcat/tmp/apr/include/arch/unix -I/tomcat/tmp/apr/include -I/tomcat/tmp/apr/include/private -I/tomcat/tmp/apr/include/private  -o strings/apr_strings.lo -c strings/apr_strings.c && touch strings/apr_strings.lo
/bin/bash /tomcat/tmp/apr/libtool --silent --mode=compile --tag=CC gcc -g -O2   -DHAVE_CONFIG_H  -DLINUX -D_REENTRANT -D_GNU_SOURCE   -I./include -I/tomcat/tmp/apr/include/arch/unix -I./include/arch/unix -I/tomcat/tmp/apr/include/arch/unix -I/tomcat/tmp/apr/include -I/tomcat/tmp/apr/include/private -I/tomcat/tmp/apr/include/private  -o strings/apr_strnatcmp.lo -c strings/apr_strnatcmp.c && touch strings/apr_strnatcmp.lo
/bin/bash /tomcat/tmp/apr/libtool --silent --mode=compile --tag=CC gcc -g -O2   -DHAVE_CONFIG_H  -DLINUX -D_REENTRANT -D_GNU_SOURCE   -I./include -I/tomcat/tmp/apr/include/arch/unix -I./include/arch/unix -I/tomcat/tmp/apr/include/arch/unix -I/tomcat/tmp/apr/include -I/tomcat/tmp/apr/include/private -I/tomcat/tmp/apr/include/private  -o strings/apr_strtok.lo -c strings/apr_strtok.c && touch strings/apr_strtok.lo
/bin/bash /tomcat/tmp/apr/libtool --silent --mode=compile --tag=CC gcc -g -O2   -DHAVE_CONFIG_H  -DLINUX -D_REENTRANT -D_GNU_SOURCE   -I./include -I/tomcat/tmp/apr/include/arch/unix -I./include/arch/unix -I/tomcat/tmp/apr/include/arch/unix -I/tomcat/tmp/apr/include -I/tomcat/tmp/apr/include/private -I/tomcat/tmp/apr/include/private  -o tables/apr_hash.lo -c tables/apr_hash.c && touch tables/apr_hash.lo
/bin/bash /tomcat/tmp/apr/libtool --silent --mode=compile --tag=CC gcc -g -O2   -DHAVE_CONFIG_H  -DLINUX -D_REENTRANT -D_GNU_SOURCE   -I./include -I/tomcat/tmp/apr/include/arch/unix -I./include/arch/unix -I/tomcat/tmp/apr/include/arch/unix -I/tomcat/tmp/apr/include -I/tomcat/tmp/apr/include/private -I/tomcat/tmp/apr/include/private  -o tables/apr_skiplist.lo -c tables/apr_skiplist.c && touch tables/apr_skiplist.lo
/bin/bash /tomcat/tmp/apr/libtool --silent --mode=compile --tag=CC gcc -g -O2   -DHAVE_CONFIG_H  -DLINUX -D_REENTRANT -D_GNU_SOURCE   -I./include -I/tomcat/tmp/apr/include/arch/unix -I./include/arch/unix -I/tomcat/tmp/apr/include/arch/unix -I/tomcat/tmp/apr/include -I/tomcat/tmp/apr/include/private -I/tomcat/tmp/apr/include/private  -o tables/apr_tables.lo -c tables/apr_tables.c && touch tables/apr_tables.lo
/bin/bash /tomcat/tmp/apr/libtool --silent --mode=compile --tag=CC gcc -g -O2   -DHAVE_CONFIG_H  -DLINUX -D_REENTRANT -D_GNU_SOURCE   -I./include -I/tomcat/tmp/apr/include/arch/unix -I./include/arch/unix -I/tomcat/tmp/apr/include/arch/unix -I/tomcat/tmp/apr/include -I/tomcat/tmp/apr/include/private -I/tomcat/tmp/apr/include/private  -o atomic/unix/builtins.lo -c atomic/unix/builtins.c && touch atomic/unix/builtins.lo
/bin/bash /tomcat/tmp/apr/libtool --silent --mode=compile --tag=CC gcc -g -O2   -DHAVE_CONFIG_H  -DLINUX -D_REENTRANT -D_GNU_SOURCE   -I./include -I/tomcat/tmp/apr/include/arch/unix -I./include/arch/unix -I/tomcat/tmp/apr/include/arch/unix -I/tomcat/tmp/apr/include -I/tomcat/tmp/apr/include/private -I/tomcat/tmp/apr/include/private  -o atomic/unix/ia32.lo -c atomic/unix/ia32.c && touch atomic/unix/ia32.lo
/bin/bash /tomcat/tmp/apr/libtool --silent --mode=compile --tag=CC gcc -g -O2   -DHAVE_CONFIG_H  -DLINUX -D_REENTRANT -D_GNU_SOURCE   -I./include -I/tomcat/tmp/apr/include/arch/unix -I./include/arch/unix -I/tomcat/tmp/apr/include/arch/unix -I/tomcat/tmp/apr/include -I/tomcat/tmp/apr/include/private -I/tomcat/tmp/apr/include/private  -o atomic/unix/mutex.lo -c atomic/unix/mutex.c && touch atomic/unix/mutex.lo
/bin/bash /tomcat/tmp/apr/libtool --silent --mode=compile --tag=CC gcc -g -O2   -DHAVE_CONFIG_H  -DLINUX -D_REENTRANT -D_GNU_SOURCE   -I./include -I/tomcat/tmp/apr/include/arch/unix -I./include/arch/unix -I/tomcat/tmp/apr/include/arch/unix -I/tomcat/tmp/apr/include -I/tomcat/tmp/apr/include/private -I/tomcat/tmp/apr/include/private  -o atomic/unix/ppc.lo -c atomic/unix/ppc.c && touch atomic/unix/ppc.lo
/bin/bash /tomcat/tmp/apr/libtool --silent --mode=compile --tag=CC gcc -g -O2   -DHAVE_CONFIG_H  -DLINUX -D_REENTRANT -D_GNU_SOURCE   -I./include -I/tomcat/tmp/apr/include/arch/unix -I./include/arch/unix -I/tomcat/tmp/apr/include/arch/unix -I/tomcat/tmp/apr/include -I/tomcat/tmp/apr/include/private -I/tomcat/tmp/apr/include/private  -o atomic/unix/s390.lo -c atomic/unix/s390.c && touch atomic/unix/s390.lo
/bin/bash /tomcat/tmp/apr/libtool --silent --mode=compile --tag=CC gcc -g -O2   -DHAVE_CONFIG_H  -DLINUX -D_REENTRANT -D_GNU_SOURCE   -I./include -I/tomcat/tmp/apr/include/arch/unix -I./include/arch/unix -I/tomcat/tmp/apr/include/arch/unix -I/tomcat/tmp/apr/include -I/tomcat/tmp/apr/include/private -I/tomcat/tmp/apr/include/private  -o atomic/unix/solaris.lo -c atomic/unix/solaris.c && touch atomic/unix/solaris.lo
/bin/bash /tomcat/tmp/apr/libtool --silent --mode=compile --tag=CC gcc -g -O2   -DHAVE_CONFIG_H  -DLINUX -D_REENTRANT -D_GNU_SOURCE   -I./include -I/tomcat/tmp/apr/include/arch/unix -I./include/arch/unix -I/tomcat/tmp/apr/include/arch/unix -I/tomcat/tmp/apr/include -I/tomcat/tmp/apr/include/private -I/tomcat/tmp/apr/include/private  -o dso/unix/dso.lo -c dso/unix/dso.c && touch dso/unix/dso.lo
/bin/bash /tomcat/tmp/apr/libtool --silent --mode=compile --tag=CC gcc -g -O2   -DHAVE_CONFIG_H  -DLINUX -D_REENTRANT -D_GNU_SOURCE   -I./include -I/tomcat/tmp/apr/include/arch/unix -I./include/arch/unix -I/tomcat/tmp/apr/include/arch/unix -I/tomcat/tmp/apr/include -I/tomcat/tmp/apr/include/private -I/tomcat/tmp/apr/include/private  -o file_io/unix/buffer.lo -c file_io/unix/buffer.c && touch file_io/unix/buffer.lo
/bin/bash /tomcat/tmp/apr/libtool --silent --mode=compile --tag=CC gcc -g -O2   -DHAVE_CONFIG_H  -DLINUX -D_REENTRANT -D_GNU_SOURCE   -I./include -I/tomcat/tmp/apr/include/arch/unix -I./include/arch/unix -I/tomcat/tmp/apr/include/arch/unix -I/tomcat/tmp/apr/include -I/tomcat/tmp/apr/include/private -I/tomcat/tmp/apr/include/private  -o file_io/unix/copy.lo -c file_io/unix/copy.c && touch file_io/unix/copy.lo
/bin/bash /tomcat/tmp/apr/libtool --silent --mode=compile --tag=CC gcc -g -O2   -DHAVE_CONFIG_H  -DLINUX -D_REENTRANT -D_GNU_SOURCE   -I./include -I/tomcat/tmp/apr/include/arch/unix -I./include/arch/unix -I/tomcat/tmp/apr/include/arch/unix -I/tomcat/tmp/apr/include -I/tomcat/tmp/apr/include/private -I/tomcat/tmp/apr/include/private  -o file_io/unix/dir.lo -c file_io/unix/dir.c && touch file_io/unix/dir.lo
file_io/unix/dir.c: In function ‘apr_dir_read’:
file_io/unix/dir.c:162:5: warning: ‘readdir_r’ is deprecated [-Wdeprecated-declarations]
  162 |     ret = readdir_r(thedir->dirstruct, thedir->entry, &retent);
      |     ^~~
In file included from /tomcat/tmp/apr/include/arch/unix/apr_arch_file_io.h:50,
                 from file_io/unix/dir.c:17:
/usr/include/dirent.h:185:12: note: declared here
  185 | extern int readdir_r (DIR *__restrict __dirp,
      |            ^~~~~~~~~
/bin/bash /tomcat/tmp/apr/libtool --silent --mode=compile --tag=CC gcc -g -O2   -DHAVE_CONFIG_H  -DLINUX -D_REENTRANT -D_GNU_SOURCE   -I./include -I/tomcat/tmp/apr/include/arch/unix -I./include/arch/unix -I/tomcat/tmp/apr/include/arch/unix -I/tomcat/tmp/apr/include -I/tomcat/tmp/apr/include/private -I/tomcat/tmp/apr/include/private  -o file_io/unix/fileacc.lo -c file_io/unix/fileacc.c && touch file_io/unix/fileacc.lo
/bin/bash /tomcat/tmp/apr/libtool --silent --mode=compile --tag=CC gcc -g -O2   -DHAVE_CONFIG_H  -DLINUX -D_REENTRANT -D_GNU_SOURCE   -I./include -I/tomcat/tmp/apr/include/arch/unix -I./include/arch/unix -I/tomcat/tmp/apr/include/arch/unix -I/tomcat/tmp/apr/include -I/tomcat/tmp/apr/include/private -I/tomcat/tmp/apr/include/private  -o file_io/unix/filedup.lo -c file_io/unix/filedup.c && touch file_io/unix/filedup.lo
/bin/bash /tomcat/tmp/apr/libtool --silent --mode=compile --tag=CC gcc -g -O2   -DHAVE_CONFIG_H  -DLINUX -D_REENTRANT -D_GNU_SOURCE   -I./include -I/tomcat/tmp/apr/include/arch/unix -I./include/arch/unix -I/tomcat/tmp/apr/include/arch/unix -I/tomcat/tmp/apr/include -I/tomcat/tmp/apr/include/private -I/tomcat/tmp/apr/include/private  -o file_io/unix/filepath.lo -c file_io/unix/filepath.c && touch file_io/unix/filepath.lo
/bin/bash /tomcat/tmp/apr/libtool --silent --mode=compile --tag=CC gcc -g -O2   -DHAVE_CONFIG_H  -DLINUX -D_REENTRANT -D_GNU_SOURCE   -I./include -I/tomcat/tmp/apr/include/arch/unix -I./include/arch/unix -I/tomcat/tmp/apr/include/arch/unix -I/tomcat/tmp/apr/include -I/tomcat/tmp/apr/include/private -I/tomcat/tmp/apr/include/private  -o file_io/unix/filepath_util.lo -c file_io/unix/filepath_util.c && touch file_io/unix/filepath_util.lo
/bin/bash /tomcat/tmp/apr/libtool --silent --mode=compile --tag=CC gcc -g -O2   -DHAVE_CONFIG_H  -DLINUX -D_REENTRANT -D_GNU_SOURCE   -I./include -I/tomcat/tmp/apr/include/arch/unix -I./include/arch/unix -I/tomcat/tmp/apr/include/arch/unix -I/tomcat/tmp/apr/include -I/tomcat/tmp/apr/include/private -I/tomcat/tmp/apr/include/private  -o file_io/unix/filestat.lo -c file_io/unix/filestat.c && touch file_io/unix/filestat.lo
/bin/bash /tomcat/tmp/apr/libtool --silent --mode=compile --tag=CC gcc -g -O2   -DHAVE_CONFIG_H  -DLINUX -D_REENTRANT -D_GNU_SOURCE   -I./include -I/tomcat/tmp/apr/include/arch/unix -I./include/arch/unix -I/tomcat/tmp/apr/include/arch/unix -I/tomcat/tmp/apr/include -I/tomcat/tmp/apr/include/private -I/tomcat/tmp/apr/include/private  -o file_io/unix/flock.lo -c file_io/unix/flock.c && touch file_io/unix/flock.lo
/bin/bash /tomcat/tmp/apr/libtool --silent --mode=compile --tag=CC gcc -g -O2   -DHAVE_CONFIG_H  -DLINUX -D_REENTRANT -D_GNU_SOURCE   -I./include -I/tomcat/tmp/apr/include/arch/unix -I./include/arch/unix -I/tomcat/tmp/apr/include/arch/unix -I/tomcat/tmp/apr/include -I/tomcat/tmp/apr/include/private -I/tomcat/tmp/apr/include/private  -o file_io/unix/fullrw.lo -c file_io/unix/fullrw.c && touch file_io/unix/fullrw.lo
/bin/bash /tomcat/tmp/apr/libtool --silent --mode=compile --tag=CC gcc -g -O2   -DHAVE_CONFIG_H  -DLINUX -D_REENTRANT -D_GNU_SOURCE   -I./include -I/tomcat/tmp/apr/include/arch/unix -I./include/arch/unix -I/tomcat/tmp/apr/include/arch/unix -I/tomcat/tmp/apr/include -I/tomcat/tmp/apr/include/private -I/tomcat/tmp/apr/include/private  -o file_io/unix/mktemp.lo -c file_io/unix/mktemp.c && touch file_io/unix/mktemp.lo
/bin/bash /tomcat/tmp/apr/libtool --silent --mode=compile --tag=CC gcc -g -O2   -DHAVE_CONFIG_H  -DLINUX -D_REENTRANT -D_GNU_SOURCE   -I./include -I/tomcat/tmp/apr/include/arch/unix -I./include/arch/unix -I/tomcat/tmp/apr/include/arch/unix -I/tomcat/tmp/apr/include -I/tomcat/tmp/apr/include/private -I/tomcat/tmp/apr/include/private  -o file_io/unix/open.lo -c file_io/unix/open.c && touch file_io/unix/open.lo
/bin/bash /tomcat/tmp/apr/libtool --silent --mode=compile --tag=CC gcc -g -O2   -DHAVE_CONFIG_H  -DLINUX -D_REENTRANT -D_GNU_SOURCE   -I./include -I/tomcat/tmp/apr/include/arch/unix -I./include/arch/unix -I/tomcat/tmp/apr/include/arch/unix -I/tomcat/tmp/apr/include -I/tomcat/tmp/apr/include/private -I/tomcat/tmp/apr/include/private  -o file_io/unix/pipe.lo -c file_io/unix/pipe.c && touch file_io/unix/pipe.lo
/bin/bash /tomcat/tmp/apr/libtool --silent --mode=compile --tag=CC gcc -g -O2   -DHAVE_CONFIG_H  -DLINUX -D_REENTRANT -D_GNU_SOURCE   -I./include -I/tomcat/tmp/apr/include/arch/unix -I./include/arch/unix -I/tomcat/tmp/apr/include/arch/unix -I/tomcat/tmp/apr/include -I/tomcat/tmp/apr/include/private -I/tomcat/tmp/apr/include/private  -o file_io/unix/readwrite.lo -c file_io/unix/readwrite.c && touch file_io/unix/readwrite.lo
/bin/bash /tomcat/tmp/apr/libtool --silent --mode=compile --tag=CC gcc -g -O2   -DHAVE_CONFIG_H  -DLINUX -D_REENTRANT -D_GNU_SOURCE   -I./include -I/tomcat/tmp/apr/include/arch/unix -I./include/arch/unix -I/tomcat/tmp/apr/include/arch/unix -I/tomcat/tmp/apr/include -I/tomcat/tmp/apr/include/private -I/tomcat/tmp/apr/include/private  -o file_io/unix/seek.lo -c file_io/unix/seek.c && touch file_io/unix/seek.lo
/bin/bash /tomcat/tmp/apr/libtool --silent --mode=compile --tag=CC gcc -g -O2   -DHAVE_CONFIG_H  -DLINUX -D_REENTRANT -D_GNU_SOURCE   -I./include -I/tomcat/tmp/apr/include/arch/unix -I./include/arch/unix -I/tomcat/tmp/apr/include/arch/unix -I/tomcat/tmp/apr/include -I/tomcat/tmp/apr/include/private -I/tomcat/tmp/apr/include/private  -o file_io/unix/tempdir.lo -c file_io/unix/tempdir.c && touch file_io/unix/tempdir.lo
/bin/bash /tomcat/tmp/apr/libtool --silent --mode=compile --tag=CC gcc -g -O2   -DHAVE_CONFIG_H  -DLINUX -D_REENTRANT -D_GNU_SOURCE   -I./include -I/tomcat/tmp/apr/include/arch/unix -I./include/arch/unix -I/tomcat/tmp/apr/include/arch/unix -I/tomcat/tmp/apr/include -I/tomcat/tmp/apr/include/private -I/tomcat/tmp/apr/include/private  -o locks/unix/global_mutex.lo -c locks/unix/global_mutex.c && touch locks/unix/global_mutex.lo
/bin/bash /tomcat/tmp/apr/libtool --silent --mode=compile --tag=CC gcc -g -O2   -DHAVE_CONFIG_H  -DLINUX -D_REENTRANT -D_GNU_SOURCE   -I./include -I/tomcat/tmp/apr/include/arch/unix -I./include/arch/unix -I/tomcat/tmp/apr/include/arch/unix -I/tomcat/tmp/apr/include -I/tomcat/tmp/apr/include/private -I/tomcat/tmp/apr/include/private  -o locks/unix/proc_mutex.lo -c locks/unix/proc_mutex.c && touch locks/unix/proc_mutex.lo
locks/unix/proc_mutex.c: In function ‘proc_mutex_pthread_create’:
locks/unix/proc_mutex.c:477:5: warning: ‘pthread_mutexattr_setrobust_np’ is deprecated: pthread_mutexattr_setrobust_np is deprecated, use pthread_mutexattr_setrobust [-Wdeprecated-declarations]
  477 |     if ((rv = pthread_mutexattr_setrobust_np(&mattr,
      |     ^~
In file included from /usr/include/features.h:502,
                 from /usr/include/x86_64-linux-gnu/sys/types.h:25,
                 from ./include/apr.h:164,
                 from locks/unix/proc_mutex.c:17:
/usr/include/pthread.h:951:12: note: declared here
  951 | extern int __REDIRECT_NTH (pthread_mutexattr_setrobust_np,
      |            ^~~~~~~~~~~~~~
locks/unix/proc_mutex.c: In function ‘proc_mutex_pthread_acquire’:
locks/unix/proc_mutex.c:547:13: warning: ‘pthread_mutex_consistent_np’ is deprecated: pthread_mutex_consistent_np is deprecated, use pthread_mutex_consistent [-Wdeprecated-declarations]
  547 |             pthread_mutex_consistent_np(mutex->os.pthread_interproc);
      |             ^~~~~~~~~~~~~~~~~~~~~~~~~~~
/usr/include/pthread.h:859:12: note: declared here
  859 | extern int __REDIRECT_NTH (pthread_mutex_consistent_np, (pthread_mutex_t *),
      |            ^~~~~~~~~~~~~~
locks/unix/proc_mutex.c: In function ‘proc_mutex_pthread_tryacquire’:
locks/unix/proc_mutex.c:572:13: warning: ‘pthread_mutex_consistent_np’ is deprecated: pthread_mutex_consistent_np is deprecated, use pthread_mutex_consistent [-Wdeprecated-declarations]
  572 |             pthread_mutex_consistent_np(mutex->os.pthread_interproc);
      |             ^~~~~~~~~~~~~~~~~~~~~~~~~~~
/usr/include/pthread.h:859:12: note: declared here
  859 | extern int __REDIRECT_NTH (pthread_mutex_consistent_np, (pthread_mutex_t *),
      |            ^~~~~~~~~~~~~~
/bin/bash /tomcat/tmp/apr/libtool --silent --mode=compile --tag=CC gcc -g -O2   -DHAVE_CONFIG_H  -DLINUX -D_REENTRANT -D_GNU_SOURCE   -I./include -I/tomcat/tmp/apr/include/arch/unix -I./include/arch/unix -I/tomcat/tmp/apr/include/arch/unix -I/tomcat/tmp/apr/include -I/tomcat/tmp/apr/include/private -I/tomcat/tmp/apr/include/private  -o locks/unix/thread_cond.lo -c locks/unix/thread_cond.c && touch locks/unix/thread_cond.lo
/bin/bash /tomcat/tmp/apr/libtool --silent --mode=compile --tag=CC gcc -g -O2   -DHAVE_CONFIG_H  -DLINUX -D_REENTRANT -D_GNU_SOURCE   -I./include -I/tomcat/tmp/apr/include/arch/unix -I./include/arch/unix -I/tomcat/tmp/apr/include/arch/unix -I/tomcat/tmp/apr/include -I/tomcat/tmp/apr/include/private -I/tomcat/tmp/apr/include/private  -o locks/unix/thread_mutex.lo -c locks/unix/thread_mutex.c && touch locks/unix/thread_mutex.lo
/bin/bash /tomcat/tmp/apr/libtool --silent --mode=compile --tag=CC gcc -g -O2   -DHAVE_CONFIG_H  -DLINUX -D_REENTRANT -D_GNU_SOURCE   -I./include -I/tomcat/tmp/apr/include/arch/unix -I./include/arch/unix -I/tomcat/tmp/apr/include/arch/unix -I/tomcat/tmp/apr/include -I/tomcat/tmp/apr/include/private -I/tomcat/tmp/apr/include/private  -o locks/unix/thread_rwlock.lo -c locks/unix/thread_rwlock.c && touch locks/unix/thread_rwlock.lo
/bin/bash /tomcat/tmp/apr/libtool --silent --mode=compile --tag=CC gcc -g -O2   -DHAVE_CONFIG_H  -DLINUX -D_REENTRANT -D_GNU_SOURCE   -I./include -I/tomcat/tmp/apr/include/arch/unix -I./include/arch/unix -I/tomcat/tmp/apr/include/arch/unix -I/tomcat/tmp/apr/include -I/tomcat/tmp/apr/include/private -I/tomcat/tmp/apr/include/private  -o memory/unix/apr_pools.lo -c memory/unix/apr_pools.c && touch memory/unix/apr_pools.lo
/bin/bash /tomcat/tmp/apr/libtool --silent --mode=compile --tag=CC gcc -g -O2   -DHAVE_CONFIG_H  -DLINUX -D_REENTRANT -D_GNU_SOURCE   -I./include -I/tomcat/tmp/apr/include/arch/unix -I./include/arch/unix -I/tomcat/tmp/apr/include/arch/unix -I/tomcat/tmp/apr/include -I/tomcat/tmp/apr/include/private -I/tomcat/tmp/apr/include/private  -o misc/unix/charset.lo -c misc/unix/charset.c && touch misc/unix/charset.lo
/bin/bash /tomcat/tmp/apr/libtool --silent --mode=compile --tag=CC gcc -g -O2   -DHAVE_CONFIG_H  -DLINUX -D_REENTRANT -D_GNU_SOURCE   -I./include -I/tomcat/tmp/apr/include/arch/unix -I./include/arch/unix -I/tomcat/tmp/apr/include/arch/unix -I/tomcat/tmp/apr/include -I/tomcat/tmp/apr/include/private -I/tomcat/tmp/apr/include/private  -o misc/unix/env.lo -c misc/unix/env.c && touch misc/unix/env.lo
/bin/bash /tomcat/tmp/apr/libtool --silent --mode=compile --tag=CC gcc -g -O2   -DHAVE_CONFIG_H  -DLINUX -D_REENTRANT -D_GNU_SOURCE   -I./include -I/tomcat/tmp/apr/include/arch/unix -I./include/arch/unix -I/tomcat/tmp/apr/include/arch/unix -I/tomcat/tmp/apr/include -I/tomcat/tmp/apr/include/private -I/tomcat/tmp/apr/include/private  -o misc/unix/errorcodes.lo -c misc/unix/errorcodes.c && touch misc/unix/errorcodes.lo
/bin/bash /tomcat/tmp/apr/libtool --silent --mode=compile --tag=CC gcc -g -O2   -DHAVE_CONFIG_H  -DLINUX -D_REENTRANT -D_GNU_SOURCE   -I./include -I/tomcat/tmp/apr/include/arch/unix -I./include/arch/unix -I/tomcat/tmp/apr/include/arch/unix -I/tomcat/tmp/apr/include -I/tomcat/tmp/apr/include/private -I/tomcat/tmp/apr/include/private  -o misc/unix/getopt.lo -c misc/unix/getopt.c && touch misc/unix/getopt.lo
/bin/bash /tomcat/tmp/apr/libtool --silent --mode=compile --tag=CC gcc -g -O2   -DHAVE_CONFIG_H  -DLINUX -D_REENTRANT -D_GNU_SOURCE   -I./include -I/tomcat/tmp/apr/include/arch/unix -I./include/arch/unix -I/tomcat/tmp/apr/include/arch/unix -I/tomcat/tmp/apr/include -I/tomcat/tmp/apr/include/private -I/tomcat/tmp/apr/include/private  -o misc/unix/otherchild.lo -c misc/unix/otherchild.c && touch misc/unix/otherchild.lo
/bin/bash /tomcat/tmp/apr/libtool --silent --mode=compile --tag=CC gcc -g -O2   -DHAVE_CONFIG_H  -DLINUX -D_REENTRANT -D_GNU_SOURCE   -I./include -I/tomcat/tmp/apr/include/arch/unix -I./include/arch/unix -I/tomcat/tmp/apr/include/arch/unix -I/tomcat/tmp/apr/include -I/tomcat/tmp/apr/include/private -I/tomcat/tmp/apr/include/private  -o misc/unix/rand.lo -c misc/unix/rand.c && touch misc/unix/rand.lo
/bin/bash /tomcat/tmp/apr/libtool --silent --mode=compile --tag=CC gcc -g -O2   -DHAVE_CONFIG_H  -DLINUX -D_REENTRANT -D_GNU_SOURCE   -I./include -I/tomcat/tmp/apr/include/arch/unix -I./include/arch/unix -I/tomcat/tmp/apr/include/arch/unix -I/tomcat/tmp/apr/include -I/tomcat/tmp/apr/include/private -I/tomcat/tmp/apr/include/private  -o misc/unix/start.lo -c misc/unix/start.c && touch misc/unix/start.lo
/bin/bash /tomcat/tmp/apr/libtool --silent --mode=compile --tag=CC gcc -g -O2   -DHAVE_CONFIG_H  -DLINUX -D_REENTRANT -D_GNU_SOURCE   -I./include -I/tomcat/tmp/apr/include/arch/unix -I./include/arch/unix -I/tomcat/tmp/apr/include/arch/unix -I/tomcat/tmp/apr/include -I/tomcat/tmp/apr/include/private -I/tomcat/tmp/apr/include/private  -o misc/unix/version.lo -c misc/unix/version.c && touch misc/unix/version.lo
/bin/bash /tomcat/tmp/apr/libtool --silent --mode=compile --tag=CC gcc -g -O2   -DHAVE_CONFIG_H  -DLINUX -D_REENTRANT -D_GNU_SOURCE   -I./include -I/tomcat/tmp/apr/include/arch/unix -I./include/arch/unix -I/tomcat/tmp/apr/include/arch/unix -I/tomcat/tmp/apr/include -I/tomcat/tmp/apr/include/private -I/tomcat/tmp/apr/include/private  -o mmap/unix/common.lo -c mmap/unix/common.c && touch mmap/unix/common.lo
/bin/bash /tomcat/tmp/apr/libtool --silent --mode=compile --tag=CC gcc -g -O2   -DHAVE_CONFIG_H  -DLINUX -D_REENTRANT -D_GNU_SOURCE   -I./include -I/tomcat/tmp/apr/include/arch/unix -I./include/arch/unix -I/tomcat/tmp/apr/include/arch/unix -I/tomcat/tmp/apr/include -I/tomcat/tmp/apr/include/private -I/tomcat/tmp/apr/include/private  -o mmap/unix/mmap.lo -c mmap/unix/mmap.c && touch mmap/unix/mmap.lo
/bin/bash /tomcat/tmp/apr/libtool --silent --mode=compile --tag=CC gcc -g -O2   -DHAVE_CONFIG_H  -DLINUX -D_REENTRANT -D_GNU_SOURCE   -I./include -I/tomcat/tmp/apr/include/arch/unix -I./include/arch/unix -I/tomcat/tmp/apr/include/arch/unix -I/tomcat/tmp/apr/include -I/tomcat/tmp/apr/include/private -I/tomcat/tmp/apr/include/private  -o network_io/unix/inet_ntop.lo -c network_io/unix/inet_ntop.c && touch network_io/unix/inet_ntop.lo
/bin/bash /tomcat/tmp/apr/libtool --silent --mode=compile --tag=CC gcc -g -O2   -DHAVE_CONFIG_H  -DLINUX -D_REENTRANT -D_GNU_SOURCE   -I./include -I/tomcat/tmp/apr/include/arch/unix -I./include/arch/unix -I/tomcat/tmp/apr/include/arch/unix -I/tomcat/tmp/apr/include -I/tomcat/tmp/apr/include/private -I/tomcat/tmp/apr/include/private  -o network_io/unix/inet_pton.lo -c network_io/unix/inet_pton.c && touch network_io/unix/inet_pton.lo
/bin/bash /tomcat/tmp/apr/libtool --silent --mode=compile --tag=CC gcc -g -O2   -DHAVE_CONFIG_H  -DLINUX -D_REENTRANT -D_GNU_SOURCE   -I./include -I/tomcat/tmp/apr/include/arch/unix -I./include/arch/unix -I/tomcat/tmp/apr/include/arch/unix -I/tomcat/tmp/apr/include -I/tomcat/tmp/apr/include/private -I/tomcat/tmp/apr/include/private  -o network_io/unix/multicast.lo -c network_io/unix/multicast.c && touch network_io/unix/multicast.lo
/bin/bash /tomcat/tmp/apr/libtool --silent --mode=compile --tag=CC gcc -g -O2   -DHAVE_CONFIG_H  -DLINUX -D_REENTRANT -D_GNU_SOURCE   -I./include -I/tomcat/tmp/apr/include/arch/unix -I./include/arch/unix -I/tomcat/tmp/apr/include/arch/unix -I/tomcat/tmp/apr/include -I/tomcat/tmp/apr/include/private -I/tomcat/tmp/apr/include/private  -o network_io/unix/sendrecv.lo -c network_io/unix/sendrecv.c && touch network_io/unix/sendrecv.lo
/bin/bash /tomcat/tmp/apr/libtool --silent --mode=compile --tag=CC gcc -g -O2   -DHAVE_CONFIG_H  -DLINUX -D_REENTRANT -D_GNU_SOURCE   -I./include -I/tomcat/tmp/apr/include/arch/unix -I./include/arch/unix -I/tomcat/tmp/apr/include/arch/unix -I/tomcat/tmp/apr/include -I/tomcat/tmp/apr/include/private -I/tomcat/tmp/apr/include/private  -o network_io/unix/sockaddr.lo -c network_io/unix/sockaddr.c && touch network_io/unix/sockaddr.lo
/bin/bash /tomcat/tmp/apr/libtool --silent --mode=compile --tag=CC gcc -g -O2   -DHAVE_CONFIG_H  -DLINUX -D_REENTRANT -D_GNU_SOURCE   -I./include -I/tomcat/tmp/apr/include/arch/unix -I./include/arch/unix -I/tomcat/tmp/apr/include/arch/unix -I/tomcat/tmp/apr/include -I/tomcat/tmp/apr/include/private -I/tomcat/tmp/apr/include/private  -o network_io/unix/socket_util.lo -c network_io/unix/socket_util.c && touch network_io/unix/socket_util.lo
/bin/bash /tomcat/tmp/apr/libtool --silent --mode=compile --tag=CC gcc -g -O2   -DHAVE_CONFIG_H  -DLINUX -D_REENTRANT -D_GNU_SOURCE   -I./include -I/tomcat/tmp/apr/include/arch/unix -I./include/arch/unix -I/tomcat/tmp/apr/include/arch/unix -I/tomcat/tmp/apr/include -I/tomcat/tmp/apr/include/private -I/tomcat/tmp/apr/include/private  -o network_io/unix/sockets.lo -c network_io/unix/sockets.c && touch network_io/unix/sockets.lo
/bin/bash /tomcat/tmp/apr/libtool --silent --mode=compile --tag=CC gcc -g -O2   -DHAVE_CONFIG_H  -DLINUX -D_REENTRANT -D_GNU_SOURCE   -I./include -I/tomcat/tmp/apr/include/arch/unix -I./include/arch/unix -I/tomcat/tmp/apr/include/arch/unix -I/tomcat/tmp/apr/include -I/tomcat/tmp/apr/include/private -I/tomcat/tmp/apr/include/private  -o network_io/unix/sockopt.lo -c network_io/unix/sockopt.c && touch network_io/unix/sockopt.lo
/bin/bash /tomcat/tmp/apr/libtool --silent --mode=compile --tag=CC gcc -g -O2   -DHAVE_CONFIG_H  -DLINUX -D_REENTRANT -D_GNU_SOURCE   -I./include -I/tomcat/tmp/apr/include/arch/unix -I./include/arch/unix -I/tomcat/tmp/apr/include/arch/unix -I/tomcat/tmp/apr/include -I/tomcat/tmp/apr/include/private -I/tomcat/tmp/apr/include/private  -o poll/unix/epoll.lo -c poll/unix/epoll.c && touch poll/unix/epoll.lo
/bin/bash /tomcat/tmp/apr/libtool --silent --mode=compile --tag=CC gcc -g -O2   -DHAVE_CONFIG_H  -DLINUX -D_REENTRANT -D_GNU_SOURCE   -I./include -I/tomcat/tmp/apr/include/arch/unix -I./include/arch/unix -I/tomcat/tmp/apr/include/arch/unix -I/tomcat/tmp/apr/include -I/tomcat/tmp/apr/include/private -I/tomcat/tmp/apr/include/private  -o poll/unix/kqueue.lo -c poll/unix/kqueue.c && touch poll/unix/kqueue.lo
/bin/bash /tomcat/tmp/apr/libtool --silent --mode=compile --tag=CC gcc -g -O2   -DHAVE_CONFIG_H  -DLINUX -D_REENTRANT -D_GNU_SOURCE   -I./include -I/tomcat/tmp/apr/include/arch/unix -I./include/arch/unix -I/tomcat/tmp/apr/include/arch/unix -I/tomcat/tmp/apr/include -I/tomcat/tmp/apr/include/private -I/tomcat/tmp/apr/include/private  -o poll/unix/poll.lo -c poll/unix/poll.c && touch poll/unix/poll.lo
/bin/bash /tomcat/tmp/apr/libtool --silent --mode=compile --tag=CC gcc -g -O2   -DHAVE_CONFIG_H  -DLINUX -D_REENTRANT -D_GNU_SOURCE   -I./include -I/tomcat/tmp/apr/include/arch/unix -I./include/arch/unix -I/tomcat/tmp/apr/include/arch/unix -I/tomcat/tmp/apr/include -I/tomcat/tmp/apr/include/private -I/tomcat/tmp/apr/include/private  -o poll/unix/pollcb.lo -c poll/unix/pollcb.c && touch poll/unix/pollcb.lo
/bin/bash /tomcat/tmp/apr/libtool --silent --mode=compile --tag=CC gcc -g -O2   -DHAVE_CONFIG_H  -DLINUX -D_REENTRANT -D_GNU_SOURCE   -I./include -I/tomcat/tmp/apr/include/arch/unix -I./include/arch/unix -I/tomcat/tmp/apr/include/arch/unix -I/tomcat/tmp/apr/include -I/tomcat/tmp/apr/include/private -I/tomcat/tmp/apr/include/private  -o poll/unix/pollset.lo -c poll/unix/pollset.c && touch poll/unix/pollset.lo
/bin/bash /tomcat/tmp/apr/libtool --silent --mode=compile --tag=CC gcc -g -O2   -DHAVE_CONFIG_H  -DLINUX -D_REENTRANT -D_GNU_SOURCE   -I./include -I/tomcat/tmp/apr/include/arch/unix -I./include/arch/unix -I/tomcat/tmp/apr/include/arch/unix -I/tomcat/tmp/apr/include -I/tomcat/tmp/apr/include/private -I/tomcat/tmp/apr/include/private  -o poll/unix/port.lo -c poll/unix/port.c && touch poll/unix/port.lo
/bin/bash /tomcat/tmp/apr/libtool --silent --mode=compile --tag=CC gcc -g -O2   -DHAVE_CONFIG_H  -DLINUX -D_REENTRANT -D_GNU_SOURCE   -I./include -I/tomcat/tmp/apr/include/arch/unix -I./include/arch/unix -I/tomcat/tmp/apr/include/arch/unix -I/tomcat/tmp/apr/include -I/tomcat/tmp/apr/include/private -I/tomcat/tmp/apr/include/private  -o poll/unix/select.lo -c poll/unix/select.c && touch poll/unix/select.lo
/bin/bash /tomcat/tmp/apr/libtool --silent --mode=compile --tag=CC gcc -g -O2   -DHAVE_CONFIG_H  -DLINUX -D_REENTRANT -D_GNU_SOURCE   -I./include -I/tomcat/tmp/apr/include/arch/unix -I./include/arch/unix -I/tomcat/tmp/apr/include/arch/unix -I/tomcat/tmp/apr/include -I/tomcat/tmp/apr/include/private -I/tomcat/tmp/apr/include/private  -o poll/unix/wakeup.lo -c poll/unix/wakeup.c && touch poll/unix/wakeup.lo
/bin/bash /tomcat/tmp/apr/libtool --silent --mode=compile --tag=CC gcc -g -O2   -DHAVE_CONFIG_H  -DLINUX -D_REENTRANT -D_GNU_SOURCE   -I./include -I/tomcat/tmp/apr/include/arch/unix -I./include/arch/unix -I/tomcat/tmp/apr/include/arch/unix -I/tomcat/tmp/apr/include -I/tomcat/tmp/apr/include/private -I/tomcat/tmp/apr/include/private  -o poll/unix/z_asio.lo -c poll/unix/z_asio.c && touch poll/unix/z_asio.lo
/bin/bash /tomcat/tmp/apr/libtool --silent --mode=compile --tag=CC gcc -g -O2   -DHAVE_CONFIG_H  -DLINUX -D_REENTRANT -D_GNU_SOURCE   -I./include -I/tomcat/tmp/apr/include/arch/unix -I./include/arch/unix -I/tomcat/tmp/apr/include/arch/unix -I/tomcat/tmp/apr/include -I/tomcat/tmp/apr/include/private -I/tomcat/tmp/apr/include/private  -o random/unix/apr_random.lo -c random/unix/apr_random.c && touch random/unix/apr_random.lo
/bin/bash /tomcat/tmp/apr/libtool --silent --mode=compile --tag=CC gcc -g -O2   -DHAVE_CONFIG_H  -DLINUX -D_REENTRANT -D_GNU_SOURCE   -I./include -I/tomcat/tmp/apr/include/arch/unix -I./include/arch/unix -I/tomcat/tmp/apr/include/arch/unix -I/tomcat/tmp/apr/include -I/tomcat/tmp/apr/include/private -I/tomcat/tmp/apr/include/private  -o random/unix/sha2.lo -c random/unix/sha2.c && touch random/unix/sha2.lo
/bin/bash /tomcat/tmp/apr/libtool --silent --mode=compile --tag=CC gcc -g -O2   -DHAVE_CONFIG_H  -DLINUX -D_REENTRANT -D_GNU_SOURCE   -I./include -I/tomcat/tmp/apr/include/arch/unix -I./include/arch/unix -I/tomcat/tmp/apr/include/arch/unix -I/tomcat/tmp/apr/include -I/tomcat/tmp/apr/include/private -I/tomcat/tmp/apr/include/private  -o random/unix/sha2_glue.lo -c random/unix/sha2_glue.c && touch random/unix/sha2_glue.lo
/bin/bash /tomcat/tmp/apr/libtool --silent --mode=compile --tag=CC gcc -g -O2   -DHAVE_CONFIG_H  -DLINUX -D_REENTRANT -D_GNU_SOURCE   -I./include -I/tomcat/tmp/apr/include/arch/unix -I./include/arch/unix -I/tomcat/tmp/apr/include/arch/unix -I/tomcat/tmp/apr/include -I/tomcat/tmp/apr/include/private -I/tomcat/tmp/apr/include/private  -o shmem/unix/shm.lo -c shmem/unix/shm.c && touch shmem/unix/shm.lo
/bin/bash /tomcat/tmp/apr/libtool --silent --mode=compile --tag=CC gcc -g -O2   -DHAVE_CONFIG_H  -DLINUX -D_REENTRANT -D_GNU_SOURCE   -I./include -I/tomcat/tmp/apr/include/arch/unix -I./include/arch/unix -I/tomcat/tmp/apr/include/arch/unix -I/tomcat/tmp/apr/include -I/tomcat/tmp/apr/include/private -I/tomcat/tmp/apr/include/private  -o support/unix/waitio.lo -c support/unix/waitio.c && touch support/unix/waitio.lo
/bin/bash /tomcat/tmp/apr/libtool --silent --mode=compile --tag=CC gcc -g -O2   -DHAVE_CONFIG_H  -DLINUX -D_REENTRANT -D_GNU_SOURCE   -I./include -I/tomcat/tmp/apr/include/arch/unix -I./include/arch/unix -I/tomcat/tmp/apr/include/arch/unix -I/tomcat/tmp/apr/include -I/tomcat/tmp/apr/include/private -I/tomcat/tmp/apr/include/private  -o threadproc/unix/proc.lo -c threadproc/unix/proc.c && touch threadproc/unix/proc.lo
/bin/bash /tomcat/tmp/apr/libtool --silent --mode=compile --tag=CC gcc -g -O2   -DHAVE_CONFIG_H  -DLINUX -D_REENTRANT -D_GNU_SOURCE   -I./include -I/tomcat/tmp/apr/include/arch/unix -I./include/arch/unix -I/tomcat/tmp/apr/include/arch/unix -I/tomcat/tmp/apr/include -I/tomcat/tmp/apr/include/private -I/tomcat/tmp/apr/include/private  -o threadproc/unix/procsup.lo -c threadproc/unix/procsup.c && touch threadproc/unix/procsup.lo
/bin/bash /tomcat/tmp/apr/libtool --silent --mode=compile --tag=CC gcc -g -O2   -DHAVE_CONFIG_H  -DLINUX -D_REENTRANT -D_GNU_SOURCE   -I./include -I/tomcat/tmp/apr/include/arch/unix -I./include/arch/unix -I/tomcat/tmp/apr/include/arch/unix -I/tomcat/tmp/apr/include -I/tomcat/tmp/apr/include/private -I/tomcat/tmp/apr/include/private  -o threadproc/unix/signals.lo -c threadproc/unix/signals.c && touch threadproc/unix/signals.lo
/bin/bash /tomcat/tmp/apr/libtool --silent --mode=compile --tag=CC gcc -g -O2   -DHAVE_CONFIG_H  -DLINUX -D_REENTRANT -D_GNU_SOURCE   -I./include -I/tomcat/tmp/apr/include/arch/unix -I./include/arch/unix -I/tomcat/tmp/apr/include/arch/unix -I/tomcat/tmp/apr/include -I/tomcat/tmp/apr/include/private -I/tomcat/tmp/apr/include/private  -o threadproc/unix/thread.lo -c threadproc/unix/thread.c && touch threadproc/unix/thread.lo
/bin/bash /tomcat/tmp/apr/libtool --silent --mode=compile --tag=CC gcc -g -O2   -DHAVE_CONFIG_H  -DLINUX -D_REENTRANT -D_GNU_SOURCE   -I./include -I/tomcat/tmp/apr/include/arch/unix -I./include/arch/unix -I/tomcat/tmp/apr/include/arch/unix -I/tomcat/tmp/apr/include -I/tomcat/tmp/apr/include/private -I/tomcat/tmp/apr/include/private  -o threadproc/unix/threadpriv.lo -c threadproc/unix/threadpriv.c && touch threadproc/unix/threadpriv.lo
/bin/bash /tomcat/tmp/apr/libtool --silent --mode=compile --tag=CC gcc -g -O2   -DHAVE_CONFIG_H  -DLINUX -D_REENTRANT -D_GNU_SOURCE   -I./include -I/tomcat/tmp/apr/include/arch/unix -I./include/arch/unix -I/tomcat/tmp/apr/include/arch/unix -I/tomcat/tmp/apr/include -I/tomcat/tmp/apr/include/private -I/tomcat/tmp/apr/include/private  -o time/unix/time.lo -c time/unix/time.c && touch time/unix/time.lo
/bin/bash /tomcat/tmp/apr/libtool --silent --mode=compile --tag=CC gcc -g -O2   -DHAVE_CONFIG_H  -DLINUX -D_REENTRANT -D_GNU_SOURCE   -I./include -I/tomcat/tmp/apr/include/arch/unix -I./include/arch/unix -I/tomcat/tmp/apr/include/arch/unix -I/tomcat/tmp/apr/include -I/tomcat/tmp/apr/include/private -I/tomcat/tmp/apr/include/private  -o time/unix/timestr.lo -c time/unix/timestr.c && touch time/unix/timestr.lo
/bin/bash /tomcat/tmp/apr/libtool --silent --mode=compile --tag=CC gcc -g -O2   -DHAVE_CONFIG_H  -DLINUX -D_REENTRANT -D_GNU_SOURCE   -I./include -I/tomcat/tmp/apr/include/arch/unix -I./include/arch/unix -I/tomcat/tmp/apr/include/arch/unix -I/tomcat/tmp/apr/include -I/tomcat/tmp/apr/include/private -I/tomcat/tmp/apr/include/private  -o user/unix/groupinfo.lo -c user/unix/groupinfo.c && touch user/unix/groupinfo.lo
/bin/bash /tomcat/tmp/apr/libtool --silent --mode=compile --tag=CC gcc -g -O2   -DHAVE_CONFIG_H  -DLINUX -D_REENTRANT -D_GNU_SOURCE   -I./include -I/tomcat/tmp/apr/include/arch/unix -I./include/arch/unix -I/tomcat/tmp/apr/include/arch/unix -I/tomcat/tmp/apr/include -I/tomcat/tmp/apr/include/private -I/tomcat/tmp/apr/include/private  -o user/unix/userinfo.lo -c user/unix/userinfo.c && touch user/unix/userinfo.lo
/bin/bash /tomcat/tmp/apr/libtool --silent --mode=link --tag=CC gcc -g -O2   -DHAVE_CONFIG_H  -DLINUX -D_REENTRANT -D_GNU_SOURCE   -I./include -I/tomcat/tmp/apr/include/arch/unix -I./include/arch/unix -I/tomcat/tmp/apr/include/arch/unix -I/tomcat/tmp/apr/include -I/tomcat/tmp/apr/include/private -I/tomcat/tmp/apr/include/private   -version-info 6:6:6    -o libapr-1.la -rpath /tomcat/tmp/apr-build/lib encoding/apr_escape.lo passwd/apr_getpass.lo strings/apr_cpystrn.lo strings/apr_cstr.lo strings/apr_fnmatch.lo strings/apr_snprintf.lo strings/apr_strings.lo strings/apr_strnatcmp.lo strings/apr_strtok.lo tables/apr_hash.lo tables/apr_skiplist.lo tables/apr_tables.lo atomic/unix/builtins.lo atomic/unix/ia32.lo atomic/unix/mutex.lo atomic/unix/ppc.lo atomic/unix/s390.lo atomic/unix/solaris.lo dso/unix/dso.lo file_io/unix/buffer.lo file_io/unix/copy.lo file_io/unix/dir.lo file_io/unix/fileacc.lo file_io/unix/filedup.lo file_io/unix/filepath.lo file_io/unix/filepath_util.lo file_io/unix/filestat.lo file_io/unix/flock.lo file_io/unix/fullrw.lo file_io/unix/mktemp.lo file_io/unix/open.lo file_io/unix/pipe.lo file_io/unix/readwrite.lo file_io/unix/seek.lo file_io/unix/tempdir.lo locks/unix/global_mutex.lo locks/unix/proc_mutex.lo locks/unix/thread_cond.lo locks/unix/thread_mutex.lo locks/unix/thread_rwlock.lo memory/unix/apr_pools.lo misc/unix/charset.lo misc/unix/env.lo misc/unix/errorcodes.lo misc/unix/getopt.lo misc/unix/otherchild.lo misc/unix/rand.lo misc/unix/start.lo misc/unix/version.lo mmap/unix/common.lo mmap/unix/mmap.lo network_io/unix/inet_ntop.lo network_io/unix/inet_pton.lo network_io/unix/multicast.lo network_io/unix/sendrecv.lo network_io/unix/sockaddr.lo network_io/unix/socket_util.lo network_io/unix/sockets.lo network_io/unix/sockopt.lo poll/unix/epoll.lo poll/unix/kqueue.lo poll/unix/poll.lo poll/unix/pollcb.lo poll/unix/pollset.lo poll/unix/port.lo poll/unix/select.lo poll/unix/wakeup.lo poll/unix/z_asio.lo random/unix/apr_random.lo random/unix/sha2.lo random/unix/sha2_glue.lo shmem/unix/shm.lo support/unix/waitio.lo threadproc/unix/proc.lo threadproc/unix/procsup.lo threadproc/unix/signals.lo threadproc/unix/thread.lo threadproc/unix/threadpriv.lo time/unix/time.lo time/unix/timestr.lo user/unix/groupinfo.lo user/unix/userinfo.lo   -lcrypt  -lpthread
mawk -f /tomcat/tmp/apr/build/make_exports.awk /tomcat/tmp/apr/include/apr_allocator.h /tomcat/tmp/apr/include/apr_atomic.h /tomcat/tmp/apr/include/apr_cstr.h /tomcat/tmp/apr/include/apr_dso.h /tomcat/tmp/apr/include/apr_env.h /tomcat/tmp/apr/include/apr_errno.h /tomcat/tmp/apr/include/apr_escape.h /tomcat/tmp/apr/include/apr_file_info.h /tomcat/tmp/apr/include/apr_file_io.h /tomcat/tmp/apr/include/apr_fnmatch.h /tomcat/tmp/apr/include/apr_general.h /tomcat/tmp/apr/include/apr_getopt.h /tomcat/tmp/apr/include/apr_global_mutex.h /tomcat/tmp/apr/include/apr_hash.h /tomcat/tmp/apr/include/apr_inherit.h /tomcat/tmp/apr/include/apr_lib.h /tomcat/tmp/apr/include/apr_mmap.h /tomcat/tmp/apr/include/apr_network_io.h /tomcat/tmp/apr/include/apr_perms_set.h /tomcat/tmp/apr/include/apr_poll.h /tomcat/tmp/apr/include/apr_pools.h /tomcat/tmp/apr/include/apr_portable.h /tomcat/tmp/apr/include/apr_proc_mutex.h /tomcat/tmp/apr/include/apr_random.h /tomcat/tmp/apr/include/apr_ring.h /tomcat/tmp/apr/include/apr_shm.h /tomcat/tmp/apr/include/apr_signal.h /tomcat/tmp/apr/include/apr_skiplist.h /tomcat/tmp/apr/include/apr_strings.h /tomcat/tmp/apr/include/apr_support.h /tomcat/tmp/apr/include/apr_tables.h /tomcat/tmp/apr/include/apr_thread_cond.h /tomcat/tmp/apr/include/apr_thread_mutex.h /tomcat/tmp/apr/include/apr_thread_proc.h /tomcat/tmp/apr/include/apr_thread_rwlock.h /tomcat/tmp/apr/include/apr_time.h /tomcat/tmp/apr/include/apr_user.h /tomcat/tmp/apr/include/apr_version.h /tomcat/tmp/apr/include/apr_want.h > exports.c
mawk -f /tomcat/tmp/apr/build/make_var_export.awk /tomcat/tmp/apr/include/apr_allocator.h /tomcat/tmp/apr/include/apr_atomic.h /tomcat/tmp/apr/include/apr_cstr.h /tomcat/tmp/apr/include/apr_dso.h /tomcat/tmp/apr/include/apr_env.h /tomcat/tmp/apr/include/apr_errno.h /tomcat/tmp/apr/include/apr_escape.h /tomcat/tmp/apr/include/apr_file_info.h /tomcat/tmp/apr/include/apr_file_io.h /tomcat/tmp/apr/include/apr_fnmatch.h /tomcat/tmp/apr/include/apr_general.h /tomcat/tmp/apr/include/apr_getopt.h /tomcat/tmp/apr/include/apr_global_mutex.h /tomcat/tmp/apr/include/apr_hash.h /tomcat/tmp/apr/include/apr_inherit.h /tomcat/tmp/apr/include/apr_lib.h /tomcat/tmp/apr/include/apr_mmap.h /tomcat/tmp/apr/include/apr_network_io.h /tomcat/tmp/apr/include/apr_perms_set.h /tomcat/tmp/apr/include/apr_poll.h /tomcat/tmp/apr/include/apr_pools.h /tomcat/tmp/apr/include/apr_portable.h /tomcat/tmp/apr/include/apr_proc_mutex.h /tomcat/tmp/apr/include/apr_random.h /tomcat/tmp/apr/include/apr_ring.h /tomcat/tmp/apr/include/apr_shm.h /tomcat/tmp/apr/include/apr_signal.h /tomcat/tmp/apr/include/apr_skiplist.h /tomcat/tmp/apr/include/apr_strings.h /tomcat/tmp/apr/include/apr_support.h /tomcat/tmp/apr/include/apr_tables.h /tomcat/tmp/apr/include/apr_thread_cond.h /tomcat/tmp/apr/include/apr_thread_mutex.h /tomcat/tmp/apr/include/apr_thread_proc.h /tomcat/tmp/apr/include/apr_thread_rwlock.h /tomcat/tmp/apr/include/apr_time.h /tomcat/tmp/apr/include/apr_user.h /tomcat/tmp/apr/include/apr_version.h /tomcat/tmp/apr/include/apr_want.h > export_vars.c
gcc -E -DHAVE_CONFIG_H  -DLINUX -D_REENTRANT -D_GNU_SOURCE   -I./include -I/tomcat/tmp/apr/include/arch/unix -I./include/arch/unix -I/tomcat/tmp/apr/include/arch/unix -I/tomcat/tmp/apr/include -I/tomcat/tmp/apr/include/private -I/tomcat/tmp/apr/include/private  exports.c | grep "ap_hack_" | sed -e 's/^.*[)]\(.*\);$/\1/' >> apr.exp
gcc -E -DHAVE_CONFIG_H  -DLINUX -D_REENTRANT -D_GNU_SOURCE   -I./include -I/tomcat/tmp/apr/include/arch/unix -I./include/arch/unix -I/tomcat/tmp/apr/include/arch/unix -I/tomcat/tmp/apr/include -I/tomcat/tmp/apr/include/private -I/tomcat/tmp/apr/include/private  export_vars.c | sed -e 's/^\#[^!]*//' | sed -e '/^$/d' >> apr.exp
sed 's,^\(location=\).*$,\1installed,' < apr-1-config > apr-config.out
sed -e 's,^\(apr_build.*=\).*$,\1/tomcat/tmp/apr-build/build-1,' -e 's,^\(top_build.*=\).*$,\1/tomcat/tmp/apr-build/build-1,' < build/apr_rules.mk > build/apr_rules.out
make[1]: Leaving directory '/tomcat/tmp/apr'
make[1]: Entering directory '/tomcat/tmp/apr'
make[1]: Nothing to be done for 'local-all'.
make[1]: Leaving directory '/tomcat/tmp/apr'
/tomcat/tmp/apr/build/mkdir.sh /tomcat/tmp/apr-build/lib /tomcat/tmp/apr-build/bin /tomcat/tmp/apr-build/build-1 \
	     /tomcat/tmp/apr-build/lib/pkgconfig /tomcat/tmp/apr-build/include/apr-1
mkdir /tomcat/tmp/apr-build
mkdir /tomcat/tmp/apr-build/lib
mkdir /tomcat/tmp/apr-build/bin
mkdir /tomcat/tmp/apr-build/build-1
mkdir /tomcat/tmp/apr-build/lib/pkgconfig
mkdir /tomcat/tmp/apr-build/include
mkdir /tomcat/tmp/apr-build/include/apr-1
/usr/bin/install -c -m 644 /tomcat/tmp/apr/include/apr.h /tomcat/tmp/apr-build/include/apr-1
for f in /tomcat/tmp/apr/include/apr_*.h; do \
    /usr/bin/install -c -m 644 ${f} /tomcat/tmp/apr-build/include/apr-1; \
done
/bin/bash /tomcat/tmp/apr/libtool --mode=install /usr/bin/install -c -m 755 libapr-1.la /tomcat/tmp/apr-build/lib
libtool: install: /usr/bin/install -c -m 755 .libs/libapr-1.so.0.6.6 /tomcat/tmp/apr-build/lib/libapr-1.so.0.6.6
libtool: install: (cd /tomcat/tmp/apr-build/lib && { ln -s -f libapr-1.so.0.6.6 libapr-1.so.0 || { rm -f libapr-1.so.0 && ln -s libapr-1.so.0.6.6 libapr-1.so.0; }; })
libtool: install: (cd /tomcat/tmp/apr-build/lib && { ln -s -f libapr-1.so.0.6.6 libapr-1.so || { rm -f libapr-1.so && ln -s libapr-1.so.0.6.6 libapr-1.so; }; })
libtool: install: /usr/bin/install -c -m 755 .libs/libapr-1.lai /tomcat/tmp/apr-build/lib/libapr-1.la
libtool: install: /usr/bin/install -c -m 755 .libs/libapr-1.a /tomcat/tmp/apr-build/lib/libapr-1.a
libtool: install: chmod 644 /tomcat/tmp/apr-build/lib/libapr-1.a
libtool: install: ranlib /tomcat/tmp/apr-build/lib/libapr-1.a
libtool: finish: PATH="/opt/java/openjdk/bin:/opt/java/openjdk/bin:/usr/local/sbin:/usr/local/bin:/usr/sbin:/usr/bin:/sbin:/bin:/sbin" ldconfig -n /tomcat/tmp/apr-build/lib
----------------------------------------------------------------------
Libraries have been installed in:
   /tomcat/tmp/apr-build/lib

If you ever happen to want to link against installed libraries
in a given directory, LIBDIR, you must either use libtool, and
specify the full pathname of the library, or use the '-LLIBDIR'
flag during linking and do at least one of the following:
   - add LIBDIR to the 'LD_LIBRARY_PATH' environment variable
     during execution
   - add LIBDIR to the 'LD_RUN_PATH' environment variable
     during linking
   - use the '-Wl,-rpath -Wl,LIBDIR' linker flag
   - have your system administrator add LIBDIR to '/etc/ld.so.conf'

See any operating system documentation about shared libraries for
more information, such as the ld(1) and ld.so(8) manual pages.
----------------------------------------------------------------------
/usr/bin/install -c -m 644 apr.exp /tomcat/tmp/apr-build/lib/apr.exp
/usr/bin/install -c -m 644 apr.pc /tomcat/tmp/apr-build/lib/pkgconfig/apr-1.pc
for f in libtool shlibtool; do \
    if test -f ${f}; then /usr/bin/install -c -m 755 ${f} /tomcat/tmp/apr-build/build-1; fi; \
done
/usr/bin/install -c -m 755 /tomcat/tmp/apr/build/mkdir.sh /tomcat/tmp/apr-build/build-1
for f in make_exports.awk make_var_export.awk; do \
    /usr/bin/install -c -m 644 /tomcat/tmp/apr/build/${f} /tomcat/tmp/apr-build/build-1; \
done
/usr/bin/install -c -m 644 build/apr_rules.out /tomcat/tmp/apr-build/build-1/apr_rules.mk
/usr/bin/install -c -m 644 /tomcat/tmp/apr/build/apr_common.m4 /tomcat/tmp/apr-build/build-1
/usr/bin/install -c -m 644 /tomcat/tmp/apr/build/find_apr.m4 /tomcat/tmp/apr-build/build-1
/usr/bin/install -c -m 755 apr-config.out /tomcat/tmp/apr-build/bin/apr-1-config

Looking for apr source in /tomcat/tmp/apr
Creating configure ...
libtoolize: putting auxiliary files in AC_CONFIG_AUX_DIR, 'build'.
libtoolize: copying file 'build/ltmain.sh'
libtoolize: Consider adding 'AC_CONFIG_MACRO_DIRS([m4])' to configure.ac,
libtoolize: and rerunning libtoolize and aclocal.
libtoolize: Consider adding '-I m4' to ACLOCAL_AMFLAGS in Makefile.am.
Generating 'make' outputs ...
rebuilding rpm spec file
Using version '2.0.9' and release '1' in RPM spec file
checking build system type... x86_64-pc-linux-gnu
checking host system type... x86_64-pc-linux-gnu
checking target system type... x86_64-pc-linux-gnu
checking for a BSD-compatible install... /usr/bin/install -c
checking how to print strings... printf
checking for gcc... gcc
checking whether the C compiler works... yes
checking for C compiler default output file name... a.out
checking for suffix of executables... 
checking whether we are cross compiling... no
checking for suffix of object files... o
checking whether the compiler supports GNU C... yes
checking whether gcc accepts -g... yes
checking for gcc option to enable C11 features... none needed
checking for a sed that does not truncate output... /usr/bin/sed
checking for grep that handles long lines and -e... /usr/bin/grep
checking for egrep... /usr/bin/grep -E
checking for fgrep... /usr/bin/grep -F
checking for ld used by gcc... /usr/bin/ld
checking if the linker (/usr/bin/ld) is GNU ld... yes
checking for BSD- or MS-compatible name lister (nm)... /usr/bin/nm -B
checking the name lister (/usr/bin/nm -B) interface... BSD nm
checking whether ln -s works... yes
checking the maximum length of command line arguments... 1572864
checking how to convert x86_64-pc-linux-gnu file names to x86_64-pc-linux-gnu format... func_convert_file_noop
checking how to convert x86_64-pc-linux-gnu file names to toolchain format... func_convert_file_noop
checking for /usr/bin/ld option to reload object files... -r
checking for file... file
checking for objdump... objdump
checking how to recognize dependent libraries... pass_all
checking for dlltool... no
checking how to associate runtime and link libraries... printf %s\n
checking for ar... ar
checking for archiver @FILE support... @
checking for strip... strip
checking for ranlib... ranlib
checking for gawk... no
checking for mawk... mawk
checking command to parse /usr/bin/nm -B output from gcc object... ok
checking for sysroot... no
checking for a working dd... /usr/bin/dd
checking how to truncate binary pipes... /usr/bin/dd bs=4096 count=1
checking for mt... no
checking if : is a manifest tool... no
checking for stdio.h... yes
checking for stdlib.h... yes
checking for string.h... yes
checking for inttypes.h... yes
checking for stdint.h... yes
checking for strings.h... yes
checking for sys/stat.h... yes
checking for sys/types.h... yes
checking for unistd.h... yes
checking for dlfcn.h... yes
checking for objdir... .libs
checking if gcc supports -fno-rtti -fno-exceptions... no
checking for gcc option to produce PIC... -fPIC -DPIC
checking if gcc PIC flag -fPIC -DPIC works... yes
checking if gcc static flag -static works... yes
checking if gcc supports -c -o file.o... yes
checking if gcc supports -c -o file.o... (cached) yes
checking whether the gcc linker (/usr/bin/ld -m elf_x86_64) supports shared libraries... yes
checking whether -lc should be explicitly linked in... no
checking dynamic linker characteristics... GNU/Linux ld.so
checking how to hardcode library paths into programs... immediate
checking whether stripping libraries is possible... yes
checking if libtool supports shared libraries... yes
checking whether to build shared libraries... yes
checking whether to build static libraries... yes
checking for working mkdir -p... yes
Tomcat Native Version: 2.0.9
checking for chosen layout... tcnative
checking for APR... yes
configure: error: Found APR 1.6.6. You need version 1.7.0 or newer installed.
make: *** No targets specified and no makefile found.  Stop.
make: *** No rule to make target 'install'.  Stop.
Building tomcat
Picked up JAVA_TOOL_OPTIONS:  -Dfile.encoding=UTF8 -Djava.security.egd=file:/dev/./urandom
Buildfile: /tomcat/build.xml

download-bnd:

testexist:
     [echo] Testing  for /root/tomcat-build-libs/bnd-5.3.0/biz.aQute.bnd-5.3.0.jar

setproxy:

downloadfile:
    [mkdir] Created dir: /root/tomcat-build-libs
      [get] Getting: https://repo.maven.apache.org/maven2/biz/aQute/bnd/biz.aQute.bnd/5.3.0/biz.aQute.bnd-5.3.0.jar
      [get] To: /root/tomcat-build-libs/download-1707764613.tmp
     [echo] Checksum check for biz.aQute.bnd-5.3.0.jar, algorithm MD5|SHA-1: OK
    [mkdir] Created dir: /root/tomcat-build-libs/bnd-5.3.0
     [move] Moving 1 file to /root/tomcat-build-libs/bnd-5.3.0

testexist:
     [echo] Testing  for /root/tomcat-build-libs/osgi-annotations-1.0.0/org.osgi.annotation.bundle-1.0.0.jar

setproxy:

downloadfile:
      [get] Getting: https://repo.maven.apache.org/maven2/org/osgi/org.osgi.annotation.bundle/1.0.0/org.osgi.annotation.bundle-1.0.0.jar
      [get] To: /root/tomcat-build-libs/download-1321564574.tmp
     [echo] Checksum check for org.osgi.annotation.bundle-1.0.0.jar, algorithm MD5|SHA-1: OK
    [mkdir] Created dir: /root/tomcat-build-libs/osgi-annotations-1.0.0
     [move] Moving 1 file to /root/tomcat-build-libs/osgi-annotations-1.0.0

setup-bnd:

download-compile:

testexist:
     [echo] Testing  for /root/tomcat-build-libs/commons-daemon-1.2.4/commons-daemon-1.2.4.jar

downloadgz-2:

setproxy:

trydownload.check:

trydownload:

setproxy:

trydownload.check:

trydownload:
 [checksum] Could not find file /root/tomcat-build-libs/download-1078203190.tar.gz to generate checksum for.

BUILD FAILED
/tomcat/build.xml:3180: The following error occurred while executing this line:
/tomcat/build.xml:3535: The following error occurred while executing this line:
/tomcat/build.xml:3445: Could not find file /root/tomcat-build-libs/download-1078203190.tar.gz to generate checksum for.

Total time: 2 minutes 34 seconds
Picked up JAVA_TOOL_OPTIONS:  -Dfile.encoding=UTF8 -Djava.security.egd=file:/dev/./urandom
Buildfile: /tomcat/build.xml

download-bnd:

testexist:
     [echo] Testing  for /root/tomcat-build-libs/bnd-5.3.0/biz.aQute.bnd-5.3.0.jar

setproxy:

downloadfile:

testexist:
     [echo] Testing  for /root/tomcat-build-libs/osgi-annotations-1.0.0/org.osgi.annotation.bundle-1.0.0.jar

setproxy:

downloadfile:

setup-bnd:

download-compile:

testexist:
     [echo] Testing  for /root/tomcat-build-libs/commons-daemon-1.2.4/commons-daemon-1.2.4.jar

downloadgz-2:

setproxy:

trydownload.check:

trydownload:

setproxy:

trydownload.check:

trydownload:
 [checksum] Could not find file /root/tomcat-build-libs/download-1118052641.tar.gz to generate checksum for.

BUILD FAILED
/tomcat/build.xml:3180: The following error occurred while executing this line:
/tomcat/build.xml:3535: The following error occurred while executing this line:
/tomcat/build.xml:3445: Could not find file /root/tomcat-build-libs/download-1118052641.tar.gz to generate checksum for.

Total time: 2 minutes 33 seconds
-----------------------------------
tomcat_test_0_FAILED
-----------------------------------
   # =================== Info =================== Info =================== Info =================== #
   # EXTRA_DOCKER_ARGS set as "-v /tmp/tmp.3UU5Oacw5H/jdk-17.0.13+11:/opt/java/openjdk"                                #
   # =================== Info =================== Info =================== Info =================== #
   # =================== Info =================== Info =================== Info =================== #
   # TEST_JDK_HOME of /tmp/tmp.3UU5Oacw5H/jdk-17.0.13+11 is used in EXTRA_DOCKER_ARGS                                #
   # =================== Info =================== Info =================== Info =================== #
No DOCKERIMAGE_TAG set, tag as default 'nightly'
DOCKERIMAGE_TAG nightly has been recognized.
The test here is tomcat
The directory in the external.sh is tomcat
Untagged: localhost/adoptopenjdk-tomcat-test:17-jdk-ubuntu-hotspot-full
Deleted: 55d886cca4918965aad5cfd5aebd9d96c300c8b12cff9f822bb879869b3d61c1
Deleted: b9eb4ba6f68b2b22a89e2e0117b4c0642aedff1eb1c47c765e8d067b5166cc1a
Deleted: 668eb9f1165bf6e97e31002c1e44f7689328a311266d89341d022db22f43c22d
Deleted: ecc3f5cceae03722dc90729f169dc6fb725ec54d5716c5ecda50e32b5f54412f
Deleted: d6dcd8b8b15721f8d400cf681d6773796f70b49b127855594cbc683cf914e596
Deleted: 0fa22166fdf03f55fe680fbab56926b33bbb6eed9d75a8cdc129755d5f553466
Deleted: b0285de51c3875e28336a4b0807b44ff9e6b43bcbc6dbadf0c4bd188a9c1583b
Deleted: 24df31cc2002f2b5b1ba694dc1b01e8e1bf2f727ab859b315a847bbb7a5e54f9
Deleted: 4d982f4975125835b956b70e6800fe0c5e7299f5e7ba62c2ee7028096b7c9bcf
Deleted: acea0941ce4411dc01e2092601e5ca79feb9581c4436a9d46821254daa5a2fd1
Deleted: 93b86ba07d8a91d768bb96a71ecd44d781b8ec5f001dbf9d2e4519242e5aba49
Deleted: c19cfbf1fc1504c0b6267af54a4cff7b23ea85e9623d449e4dbd68a468dcc81a
Deleted: a99ffc12b8b8712357d3c2b1d7798718676e820af5e7d2e080ff635f439e2492
Deleted: 6a135f41e3c4486b81e274f51786eb14a2cb2bcbe836424ec73ca8d54a758de6
Deleted: 895482c301a99afa247c981c6bda3bb6a71f4bc791174222ea213a49204114ef
Deleted: b2ff7887d1011bc5a697b45072b3192d1a62fc6ebe6a2410c2ce669777e6a5df
Deleted: 189046b47d9508072d19972ffab229fd91e5192f459b933f40b168808ab6641e
Deleted: c9d2cd3a69c36fa0e4ead65c0a507b8546198a0333d26ad1d521e4a6dd2a9fba
Deleted: 1edb4095f7e458617f70f874bc3b2945d1610ab85b4885e15819e6e647bdc7fe
Error: invalid reference format

TEST TEARDOWN:
Nothing to be done for teardown.
tomcat_test_0 Finish Time: Mon Dec  9 16:09:05 2024 Epoch Time (ms): 1733756945060
make[4]: Leaving directory '/home/jvanek/git/aqa-tests/external/tomcat'
make[3]: Leaving directory '/home/jvanek/git/aqa-tests/external'
make[2]: Leaving directory '/home/jvanek/git/aqa-tests'


All tests finished, run result summary:
cd "/home/jvanek/git/aqa-tests/TKG/../TKG/scripts"; \
perl "resultsSum.pl" --failuremk="/home/jvanek/git/aqa-tests/TKG/../TKG/failedtargets.mk" --resultFile="/home/jvanek/git/aqa-tests/TKG/../TKG/output_17337566056766/TestTargetResult" --platFile="/home/jvanek/git/aqa-tests/TKG/../TKG/resources/buildPlatformMap.properties" --diagnostic=failure --jdkVersion=17 --jdkImpl=hotspot --jdkVendor="eclipse" --spec=linux_x86-64 --buildList=external/tomcat --customTarget="" --testTarget=tomcat_test --tapPath=/home/jvanek/git/aqa-tests/TKG/../TKG/output_17337566056766/ --tapName= --comment=""


TEST TARGETS SUMMARY
++++++++++++++++++++++++++++++++++++++++++++++++++++++++++++++++++++++++++
FAILED test targets:
	tomcat_test_0

TOTAL: 1   EXECUTED: 1   PASSED: 0   FAILED: 1   DISABLED: 0   SKIPPED: 0
++++++++++++++++++++++++++++++++++++++++++++++++++++++++++++++++++++++++++

To rebuild the failed test in a jenkins job, copy the following link and fill out the <Jenkins URL> and <FAILED test target>:
<Jenkins URL>/parambuild/?JDK_VERSION=17&JDK_IMPL=hotspot&JDK_VENDOR=eclipse&BUILD_LIST=external/tomcat&PLATFORM=x86-64_linux&TARGET=<FAILED test target>

For example, to rebuild the failed tests in <Jenkins URL>=https://ci.adoptium.net/job/Grinder, use the following links:
https://ci.adoptium.net/job/Grinder/parambuild/?JDK_VERSION=17&JDK_IMPL=hotspot&JDK_VENDOR=eclipse&BUILD_LIST=external/tomcat&PLATFORM=x86-64_linux&TARGET=tomcat_test_0
++++++++++++++++++++++++++++++++++++++++++++++++++++++++++++++++++++++++++
make[1]: *** [settings.mk:446: resultsSummary] Error 2
make[1]: Leaving directory '/home/jvanek/git/aqa-tests/TKG'
make: *** [makefile:61: _tomcat_test] Error 2
compilation: 0
runtime: 2
