 
export TEST_JDK_HOME=/tmp/tmp.R8GQYntyCK/jdk-23.0.1+11
export EXTRA_DOCKER_ARGS=-v /tmp/tmp.R8GQYntyCK/jdk-23.0.1+11:/opt/java/openjdk ;
export BUILD_LIST=external/wycheproof ;
export EXTERNAL_AQA_IMAGE=;
make compile
make _wycheproof_test

JAVA_HOME is set to /tmp/tmp.R8GQYntyCK/jdk-23.0.1+11
LIB_DIR is set to /home/jvanek/git/aqa-tests/TKG/../TKG/lib
rm -f -r /home/jvanek/git/aqa-tests/TKG/../TKG/output_compilation; \
mkdir -p /home/jvanek/git/aqa-tests/TKG/../TKG/output_compilation; \
(ant -f ./scripts/build_tools.xml -DTEST_JDK_HOME=/tmp/tmp.R8GQYntyCK/jdk-23.0.1+11 -DTEST_ROOT=/home/jvanek/git/aqa-tests/TKG/.. -DLIB_DIR=/home/jvanek/git/aqa-tests/TKG/../TKG/lib 2>&1; echo $? ) | tee "/home/jvanek/git/aqa-tests/TKG/../TKG/output_compilation/compilation.log"; \
if [ -z "$(tail -1 /home/jvanek/git/aqa-tests/TKG/../TKG/output_compilation/compilation.log | grep 0)" ]; then perl scripts/moveDmp.pl --compileLogPath="/home/jvanek/git/aqa-tests/TKG/../TKG/output_compilation/compilation.log" --testRoot="/home/jvanek/git/aqa-tests/TKG/.."; false; else rm -f -r "/home/jvanek/git/aqa-tests/TKG/../TKG/output_compilation"; fi
Buildfile: /home/jvanek/git/aqa-tests/TKG/scripts/build_tools.xml

build:

clean:
   [delete] Deleting: /home/jvanek/git/aqa-tests/TKG/autoGenEnv.mk
   [delete] Deleting: /home/jvanek/git/aqa-tests/TKG/utils.mk
   [delete] Deleting directory /home/jvanek/git/aqa-tests/TKG/bin

init:
    [mkdir] Created dir: /home/jvanek/git/aqa-tests/TKG/bin

getDependentLibs:
     [exec] --------------------------------------------
     [exec] path is set to /home/jvanek/git/aqa-tests/TKG/../TKG/lib
     [exec] task is set to default
     [exec] dependencyList is set to json_simple
     [exec] --------------------------------------------
     [exec] Starting download third party dependent jars
     [exec] --------------------------------------------
     [exec] downloading dependent third party jars to /home/jvanek/git/aqa-tests/TKG/../TKG/lib
     [exec] /home/jvanek/git/aqa-tests/TKG/../TKG/lib/json-simple.jar exists with correct hash, not downloading
     [exec] downloaded dependent third party jars successfully

compile:
     [echo] Ant version is Apache Ant(TM) version 1.10.12 compiled on July 19 2023
     [echo] ============COMPILER SETTINGS============
     [echo] ===fork:                         yes
     [echo] ===debug:                        on
    [javac] Compiling 27 source files to /home/jvanek/git/aqa-tests/TKG/bin
    [javac] Note: Some input files use or override a deprecated API.
    [javac] Note: Recompile with -Xlint:deprecation for details.

dist:
      [jar] Building jar: /home/jvanek/git/aqa-tests/TKG/bin/TestKitGen.jar

BUILD SUCCESSFUL
Total time: 0 seconds
0
/tmp/tmp.R8GQYntyCK/jdk-23.0.1+11/bin/java -cp ./bin/TestKitGen.jar org.openj9.envInfo.EnvDetector
Unfamiliar microArch detected in TKG. It will not be added in TKG microArch!
microArchOutput: model name	: 11th Gen Intel(R) Core(TM) i7-11850H @ 2.50GHz
****************************** MACHINE INFO ******************************
File path : /home/jvanek/git/aqa-tests/TKG
Free Physical Memory Size : 8180129792
Free space (bytes) : 287230087168
Total Physical Memory Size : 67106488320
Total space (bytes) : 632976211968
Usable space (bytes) : 255001477120
antVersion : Apache Ant(TM) version 1.10.12 compiled on July 19 2023
cpuCores : 16
curlVersion : 
	curl 8.2.1 (x86_64-redhat-linux-gnu) libcurl/8.2.1 OpenSSL/3.1.4 zlib/1.2.13 libidn2/2.3.7 nghttp2/1.55.1
	Release-Date: 2023-07-26
	Protocols: file ftp ftps http https
	Features: alt-svc AsynchDNS GSS-API HSTS HTTP2 HTTPS-proxy IDN IPv6 Kerberos Largefile libz SPNEGO SSL threadsafe UnixSockets
docker : not on docker
gcc version : 13
gclibc version : ldd (GNU libc) 2.38
gdb version : GNU gdb (Fedora Linux) 15.1-1.fc39
lldb version : Command could not be executed
makeVersion : 
	GNU Make 4.4.1
	Built for x86_64-redhat-linux-gnu
	Copyright (C) 1988-2023 Free Software Foundation, Inc.
	License GPLv3+: GNU GPL version 3 or later <https://gnu.org/licenses/gpl.html>
	This is free software: you are free to change and redistribute it.
	There is NO WARRANTY, to the extent permitted by law.
perlVersion : 
	
	This is perl 5, version 38, subversion 2 (v5.38.2) built for x86_64-linux-thread-multi
	(with 15 registered patches, see perl -V for more detail)
	
	Copyright 1987-2023, Larry Wall
	
	Perl may be copied only under the terms of either the Artistic License or the
	GNU General Public License, which may be found in the Perl 5 source kit.
	
	Complete documentation for Perl, including FAQ lists, should be found on
	this system using "man perl" or "perldoc perl".  If you have access to the
	Internet, point your browser at https://www.perl.org/, the Perl Home Page.
	
procArch : unknown
sysArch : x86_64
sysOS : Linux
ulimit : 
	real-time non-blocking time  (microseconds, -R) unlimited
	core file size              (blocks, -c) unlimited
	data seg size               (kbytes, -d) unlimited
	scheduling priority                 (-e) 0
	file size                   (blocks, -f) unlimited
	pending signals                     (-i) 255386
	max locked memory           (kbytes, -l) 8192
	max memory size             (kbytes, -m) unlimited
	open files                          (-n) 524288
	pipe size                (512 bytes, -p) 8
	POSIX message queues         (bytes, -q) 819200
	real-time priority                  (-r) 0
	stack size                  (kbytes, -s) 8192
	cpu time                   (seconds, -t) unlimited
	max user processes                  (-u) 255386
	virtual memory              (kbytes, -v) unlimited
	file locks                          (-x) unlimited
uname : Linux fedora 6.11.6-100.fc39.x86_64 #1 SMP PREEMPT_DYNAMIC Fri Nov  1 16:07:59 UTC 2024 x86_64 GNU/Linux
vmVendor : Oracle Corporation
vmVersion : 23.0.1+11
xlc version : bash: line 1: xlC: command not found
**************************************************************************

System.getProperty('java.vm.name')=OpenJDK 64-Bit Server VM

System.getProperty('java.vendor')=Eclipse Adoptium

System.getProperty('os.name')=Linux

System.getProperty('os.arch')=amd64

System.getProperty('java.fullversion')=null

System.getProperty('sun.arch.data.model')=64

make -f clean.mk cleanBuild
make[1]: Entering directory '/home/jvanek/git/aqa-tests/TKG'
rm -f -r /home/jvanek/git/aqa-tests/TKG/../../jvmtest
make[1]: Leaving directory '/home/jvanek/git/aqa-tests/TKG'
make -f compile.mk compile
make[1]: Entering directory '/home/jvanek/git/aqa-tests/TKG'
rm -f -r /home/jvanek/git/aqa-tests/TKG/../TKG/output_compilation; \
mkdir -p /home/jvanek/git/aqa-tests/TKG/../TKG/output_compilation; \
(ant -f scripts/build_test.xml -DTEST_ROOT=/home/jvanek/git/aqa-tests/TKG/.. -DBUILD_ROOT=/home/jvanek/git/aqa-tests/TKG/../../jvmtest -DJDK_VERSION=23 -DJDK_IMPL=hotspot -DJDK_VENDOR=eclipse -DJCL_VERSION=latest -DBUILD_LIST=external/wycheproof -DRESOURCES_DIR=/home/jvanek/git/aqa-tests/TKG/../../jvmtest/TestConfig/resources -DSPEC=linux_x86-64 -DTEST_JDK_HOME=/tmp/tmp.R8GQYntyCK/jdk-23.0.1+11 -DJVM_VERSION=openjdk23 -DLIB_DIR=/home/jvanek/git/aqa-tests/TKG/../TKG/lib  2>&1; echo $? ) | tee "/home/jvanek/git/aqa-tests/TKG/../TKG/output_compilation/compilation.log"; \
if [ -z "$(tail -1 /home/jvanek/git/aqa-tests/TKG/../TKG/output_compilation/compilation.log | grep 0)" ]; then perl scripts/moveDmp.pl --compileLogPath="/home/jvanek/git/aqa-tests/TKG/../TKG/output_compilation/compilation.log" --testRoot="/home/jvanek/git/aqa-tests/TKG/.."; false; else rm -f -r "/home/jvanek/git/aqa-tests/TKG/../TKG/output_compilation"; fi
Buildfile: /home/jvanek/git/aqa-tests/TKG/scripts/build_test.xml
     [echo]  build.list is TestConfig/build.xml,external/wycheproof/build.xml 

-create_test_directory:
    [mkdir] Created dir: /home/jvanek/git/jvmtest

stage_test_material:
     [copy] Copying 1340 files to /home/jvanek/git/jvmtest
     [copy] Copied 601 empty directories to 257 empty directories under /home/jvanek/git/jvmtest

build:

init:
    [mkdir] Created dir: /home/jvanek/git/jvmtest/TestConfig

build:
     [copy] Copying 22 files to /home/jvanek/git/jvmtest/TestConfig
     [copy] Copied 9 empty directories to 4 empty directories under /home/jvanek/git/jvmtest/TestConfig
     [copy] Copying 2 files to /home/jvanek/git/jvmtest/TestConfig

build:

move_scripts:
     [copy] Copying 2 files to /home/jvanek/git/jvmtest/external/wycheproof
     [copy] Copying 9 files to /home/jvanek/git/jvmtest/external

clean_image:
     [echo] Executing external.sh --clean --dir wycheproof --tag nightly --version 23 --impl hotspot 
     [exec]    # =================== Info =================== Info =================== Info =================== #
     [exec]    # EXTRA_DOCKER_ARGS set as "-v /tmp/tmp.R8GQYntyCK/jdk-23.0.1+11:/opt/java/openjdk"                                #
     [exec]    # =================== Info =================== Info =================== Info =================== #
     [exec]    # =================== Info =================== Info =================== Info =================== #
     [exec]    # TEST_JDK_HOME of /tmp/tmp.R8GQYntyCK/jdk-23.0.1+11 is used in EXTRA_DOCKER_ARGS                                #
     [exec]    # =================== Info =================== Info =================== Info =================== #
     [exec] The test here is wycheproof
     [exec] The directory in the external.sh is wycheproof
     [exec] DOCKERIMAGE_TAG nightly has been recognized.
     [exec] Error: invalid reference format
     [exec] Result: 125

build_image:
     [echo] Executing external.sh --build --dir wycheproof --tag nightly --version 23 --impl hotspot --platform linux_x86-64 --docker_args -v /tmp/tmp.R8GQYntyCK/jdk-23.0.1+11:/opt/java/openjdk 
     [exec]    # =================== Info =================== Info =================== Info =================== #
     [exec]    # EXTRA_DOCKER_ARGS set as "-v /tmp/tmp.R8GQYntyCK/jdk-23.0.1+11:/opt/java/openjdk"                                #
     [exec]    # =================== Info =================== Info =================== Info =================== #
     [exec]    # =================== Info =================== Info =================== Info =================== #
     [exec]    # TEST_JDK_HOME of /tmp/tmp.R8GQYntyCK/jdk-23.0.1+11 is used in EXTRA_DOCKER_ARGS                                #
     [exec]    # =================== Info =================== Info =================== Info =================== #
     [exec] The test here is wycheproof
     [exec] The directory in the external.sh is wycheproof
     [exec] DOCKERIMAGE_TAG nightly has been recognized.
     [exec] build_image.sh wycheproof 23 hotspot ubuntu jdk full linux_x86-64 default 0 
     [exec] /home/jvanek/git/jvmtest/external
     [exec] 
     [exec] Writing /home/jvanek/git/jvmtest/external/wycheproof/dockerfile/23/jdk/ubuntu/Dockerfile.hotspot.full ... ubuntu
     [exec] done
     [exec] 
     [exec] The test in the build_image() function is wycheproof
     [exec] #####################################################
     [exec] INFO:  podman build  --no-cache -t adoptopenjdk-wycheproof-test:23-jdk-ubuntu-hotspot-full -f /home/jvanek/git/jvmtest/external/wycheproof/dockerfile/23/jdk/ubuntu/Dockerfile.hotspot.full /home/jvanek/git/jvmtest/external/
     [exec] #####################################################
     [exec] STEP 1/26: FROM docker.io/library/eclipse-temurin:23-jdk
     [exec] STEP 2/26: ENV RESULT_COMMENT="IN CONTAINER(not-as-root/podman)"
     [exec] --> 6c2c36bdfde9
     [exec] STEP 3/26: ARG WYCHEPROOF_TAG=master
     [exec] --> 203d5621a246
     [exec] STEP 4/26: RUN apt-get update 	&& apt-get install -qq -y --no-install-recommends software-properties-common 	&& apt-get install -qq -y --no-install-recommends gnupg 	&& add-apt-repository ppa:ubuntu-toolchain-r/test 	&& apt-get update 	&& apt-get install -y --no-install-recommends  git wget unzip zip  g++ 	&& rm -rf /var/lib/apt/lists/*
     [exec] Get:1 http://archive.ubuntu.com/ubuntu noble InRelease [256 kB]
     [exec] Get:2 http://security.ubuntu.com/ubuntu noble-security InRelease [126 kB]
     [exec] Get:3 http://archive.ubuntu.com/ubuntu noble-updates InRelease [126 kB]
     [exec] Get:4 http://archive.ubuntu.com/ubuntu noble-backports InRelease [126 kB]
     [exec] Get:5 http://archive.ubuntu.com/ubuntu noble/universe amd64 Packages [19.3 MB]
     [exec] Get:6 http://archive.ubuntu.com/ubuntu noble/main amd64 Packages [1,808 kB]
     [exec] Get:7 http://archive.ubuntu.com/ubuntu noble/multiverse amd64 Packages [331 kB]
     [exec] Get:8 http://archive.ubuntu.com/ubuntu noble/restricted amd64 Packages [117 kB]
     [exec] Get:9 http://archive.ubuntu.com/ubuntu noble-updates/restricted amd64 Packages [679 kB]
     [exec] Get:10 http://archive.ubuntu.com/ubuntu noble-updates/main amd64 Packages [897 kB]
     [exec] Get:11 http://archive.ubuntu.com/ubuntu noble-updates/multiverse amd64 Packages [19.7 kB]
     [exec] Get:12 http://archive.ubuntu.com/ubuntu noble-updates/universe amd64 Packages [947 kB]
     [exec] Get:13 http://archive.ubuntu.com/ubuntu noble-backports/universe amd64 Packages [11.9 kB]
     [exec] Get:14 http://security.ubuntu.com/ubuntu noble-security/universe amd64 Packages [728 kB]
     [exec] Get:15 http://security.ubuntu.com/ubuntu noble-security/multiverse amd64 Packages [15.3 kB]
     [exec] Get:16 http://security.ubuntu.com/ubuntu noble-security/restricted amd64 Packages [609 kB]
     [exec] Get:17 http://security.ubuntu.com/ubuntu noble-security/main amd64 Packages [630 kB]
     [exec] Fetched 26.7 MB in 1s (20.4 MB/s)
     [exec] Reading package lists...
     [exec] debconf: delaying package configuration, since apt-utils is not installed
     [exec] Selecting previously unselected package libpython3.12-minimal:amd64.
     [exec] (Reading database ... 
     [exec] (Reading database ... 5%(Reading database ... 10%(Reading database ... 15%(Reading database ... 20%(Reading database ... 25%(Reading database ... 30%(Reading database ... 35%(Reading database ... 40%(Reading database ... 45%(Reading database ... 50%(Reading database ... 55%(Reading database ... 60%(Reading database ... 65%(Reading database ... 70%(Reading database ... 75%(Reading database ... 80%(Reading database ... 85%(Reading database ... 90%(Reading database ... 95%(Reading database ... 100%(Reading database ... 6792 files and directories currently installed.)Preparing to unpack .../libpython3.12-minimal_3.12.3-1ubuntu0.3_amd64.deb ...
     [exec] Unpacking libpython3.12-minimal:amd64 (3.12.3-1ubuntu0.3) ...
     [exec] Selecting previously unselected package python3.12-minimal.
     [exec] Preparing to unpack .../python3.12-minimal_3.12.3-1ubuntu0.3_amd64.deb ...
     [exec] Unpacking python3.12-minimal (3.12.3-1ubuntu0.3) ...
     [exec] Setting up libpython3.12-minimal:amd64 (3.12.3-1ubuntu0.3) ...
     [exec] Setting up python3.12-minimal (3.12.3-1ubuntu0.3) ...
     [exec] Selecting previously unselected package python3-minimal.
     [exec] (Reading database ... 
     [exec] (Reading database ... 5%(Reading database ... 10%(Reading database ... 15%(Reading database ... 20%(Reading database ... 25%(Reading database ... 30%(Reading database ... 35%(Reading database ... 40%(Reading database ... 45%(Reading database ... 50%(Reading database ... 55%(Reading database ... 60%(Reading database ... 65%(Reading database ... 70%(Reading database ... 75%(Reading database ... 80%(Reading database ... 85%(Reading database ... 90%(Reading database ... 95%(Reading database ... 100%(Reading database ... 7103 files and directories currently installed.)Preparing to unpack .../0-python3-minimal_3.12.3-0ubuntu2_amd64.deb ...
     [exec] Unpacking python3-minimal (3.12.3-0ubuntu2) ...
     [exec] Selecting previously unselected package media-types.
     [exec] Preparing to unpack .../1-media-types_10.1.0_all.deb ...
     [exec] Unpacking media-types (10.1.0) ...
     [exec] Selecting previously unselected package netbase.
     [exec] Preparing to unpack .../2-netbase_6.4_all.deb ...
     [exec] Unpacking netbase (6.4) ...
     [exec] Selecting previously unselected package libpython3.12-stdlib:amd64.
     [exec] Preparing to unpack .../3-libpython3.12-stdlib_3.12.3-1ubuntu0.3_amd64.deb ...
     [exec] Unpacking libpython3.12-stdlib:amd64 (3.12.3-1ubuntu0.3) ...
     [exec] Selecting previously unselected package python3.12.
     [exec] Preparing to unpack .../4-python3.12_3.12.3-1ubuntu0.3_amd64.deb ...
     [exec] Unpacking python3.12 (3.12.3-1ubuntu0.3) ...
     [exec] Selecting previously unselected package libpython3-stdlib:amd64.
     [exec] Preparing to unpack .../5-libpython3-stdlib_3.12.3-0ubuntu2_amd64.deb ...
     [exec] Unpacking libpython3-stdlib:amd64 (3.12.3-0ubuntu2) ...
     [exec] Setting up python3-minimal (3.12.3-0ubuntu2) ...
     [exec] Selecting previously unselected package python3.
     [exec] (Reading database ... 
     [exec] (Reading database ... 5%(Reading database ... 10%(Reading database ... 15%(Reading database ... 20%(Reading database ... 25%(Reading database ... 30%(Reading database ... 35%(Reading database ... 40%(Reading database ... 45%(Reading database ... 50%(Reading database ... 55%(Reading database ... 60%(Reading database ... 65%(Reading database ... 70%(Reading database ... 75%(Reading database ... 80%(Reading database ... 85%(Reading database ... 90%(Reading database ... 95%(Reading database ... 100%(Reading database ... 7544 files and directories currently installed.)Preparing to unpack .../00-python3_3.12.3-0ubuntu2_amd64.deb ...
     [exec] Unpacking python3 (3.12.3-0ubuntu2) ...
     [exec] Selecting previously unselected package libapparmor1:amd64.
     [exec] Preparing to unpack .../01-libapparmor1_4.0.1really4.0.1-0ubuntu0.24.04.3_amd64.deb ...
     [exec] Unpacking libapparmor1:amd64 (4.0.1really4.0.1-0ubuntu0.24.04.3) ...
     [exec] Selecting previously unselected package libargon2-1:amd64.
     [exec] Preparing to unpack .../02-libargon2-1_0~20190702+dfsg-4build1_amd64.deb ...
     [exec] Unpacking libargon2-1:amd64 (0~20190702+dfsg-4build1) ...
     [exec] Selecting previously unselected package libdevmapper1.02.1:amd64.
     [exec] Preparing to unpack .../03-libdevmapper1.02.1_2%3a1.02.185-3ubuntu3.1_amd64.deb ...
     [exec] Unpacking libdevmapper1.02.1:amd64 (2:1.02.185-3ubuntu3.1) ...
     [exec] Selecting previously unselected package libjson-c5:amd64.
     [exec] Preparing to unpack .../04-libjson-c5_0.17-1build1_amd64.deb ...
     [exec] Unpacking libjson-c5:amd64 (0.17-1build1) ...
     [exec] Selecting previously unselected package libcryptsetup12:amd64.
     [exec] Preparing to unpack .../05-libcryptsetup12_2%3a2.7.0-1ubuntu4.1_amd64.deb ...
     [exec] Unpacking libcryptsetup12:amd64 (2:2.7.0-1ubuntu4.1) ...
     [exec] Selecting previously unselected package libfdisk1:amd64.
     [exec] Preparing to unpack .../06-libfdisk1_2.39.3-9ubuntu6.1_amd64.deb ...
     [exec] Unpacking libfdisk1:amd64 (2.39.3-9ubuntu6.1) ...
     [exec] Selecting previously unselected package libkmod2:amd64.
     [exec] Preparing to unpack .../07-libkmod2_31+20240202-2ubuntu7_amd64.deb ...
     [exec] Unpacking libkmod2:amd64 (31+20240202-2ubuntu7) ...
     [exec] Selecting previously unselected package libsystemd-shared:amd64.
     [exec] Preparing to unpack .../08-libsystemd-shared_255.4-1ubuntu8.4_amd64.deb ...
     [exec] Unpacking libsystemd-shared:amd64 (255.4-1ubuntu8.4) ...
     [exec] Selecting previously unselected package systemd-dev.
     [exec] Preparing to unpack .../09-systemd-dev_255.4-1ubuntu8.4_all.deb ...
     [exec] Unpacking systemd-dev (255.4-1ubuntu8.4) ...
     [exec] Selecting previously unselected package systemd.
     [exec] Preparing to unpack .../10-systemd_255.4-1ubuntu8.4_amd64.deb ...
     [exec] Unpacking systemd (255.4-1ubuntu8.4) ...
     [exec] Setting up libapparmor1:amd64 (4.0.1really4.0.1-0ubuntu0.24.04.3) ...
     [exec] Setting up libargon2-1:amd64 (0~20190702+dfsg-4build1) ...
     [exec] Setting up libdevmapper1.02.1:amd64 (2:1.02.185-3ubuntu3.1) ...
     [exec] Setting up libjson-c5:amd64 (0.17-1build1) ...
     [exec] Setting up libcryptsetup12:amd64 (2:2.7.0-1ubuntu4.1) ...
     [exec] Setting up libfdisk1:amd64 (2.39.3-9ubuntu6.1) ...
     [exec] Setting up libkmod2:amd64 (31+20240202-2ubuntu7) ...
     [exec] Setting up libsystemd-shared:amd64 (255.4-1ubuntu8.4) ...
     [exec] Setting up systemd-dev (255.4-1ubuntu8.4) ...
     [exec] Setting up systemd (255.4-1ubuntu8.4) ...
     [exec] Created symlink /etc/systemd/system/getty.target.wants/getty@tty1.service → /usr/lib/systemd/system/getty@.service.
     [exec] Created symlink /etc/systemd/system/multi-user.target.wants/remote-fs.target → /usr/lib/systemd/system/remote-fs.target.
     [exec] Created symlink /etc/systemd/system/sysinit.target.wants/systemd-pstore.service → /usr/lib/systemd/system/systemd-pstore.service.
     [exec] Initializing machine ID from random generator.
     [exec] /usr/lib/tmpfiles.d/systemd-network.conf:10: Failed to resolve user 'systemd-network': No such process
     [exec] /usr/lib/tmpfiles.d/systemd-network.conf:11: Failed to resolve user 'systemd-network': No such process
     [exec] /usr/lib/tmpfiles.d/systemd-network.conf:12: Failed to resolve user 'systemd-network': No such process
     [exec] /usr/lib/tmpfiles.d/systemd-network.conf:13: Failed to resolve user 'systemd-network': No such process
     [exec] /usr/lib/tmpfiles.d/systemd.conf:22: Failed to resolve group 'systemd-journal': No such process
     [exec] /usr/lib/tmpfiles.d/systemd.conf:23: Failed to resolve group 'systemd-journal': No such process
     [exec] /usr/lib/tmpfiles.d/systemd.conf:28: Failed to resolve group 'systemd-journal': No such process
     [exec] /usr/lib/tmpfiles.d/systemd.conf:29: Failed to resolve group 'systemd-journal': No such process
     [exec] /usr/lib/tmpfiles.d/systemd.conf:30: Failed to resolve group 'systemd-journal': No such process
     [exec] Creating group 'systemd-journal' with GID 999.
     [exec] Creating group 'systemd-network' with GID 998.
     [exec] Creating user 'systemd-network' (systemd Network Management) with UID 998 and GID 998.
     [exec] Selecting previously unselected package systemd-sysv.
     [exec] (Reading database ... 
     [exec] (Reading database ... 5%(Reading database ... 10%(Reading database ... 15%(Reading database ... 20%(Reading database ... 25%(Reading database ... 30%(Reading database ... 35%(Reading database ... 40%(Reading database ... 45%(Reading database ... 50%(Reading database ... 55%(Reading database ... 60%(Reading database ... 65%(Reading database ... 70%(Reading database ... 75%(Reading database ... 80%(Reading database ... 85%(Reading database ... 90%(Reading database ... 95%(Reading database ... 100%(Reading database ... 8593 files and directories currently installed.)Preparing to unpack .../00-systemd-sysv_255.4-1ubuntu8.4_amd64.deb ...
     [exec] Unpacking systemd-sysv (255.4-1ubuntu8.4) ...
     [exec] Selecting previously unselected package sgml-base.
     [exec] Preparing to unpack .../01-sgml-base_1.31_all.deb ...
     [exec] Unpacking sgml-base (1.31) ...
     [exec] Selecting previously unselected package libdbus-1-3:amd64.
     [exec] Preparing to unpack .../02-libdbus-1-3_1.14.10-4ubuntu4.1_amd64.deb ...
     [exec] Unpacking libdbus-1-3:amd64 (1.14.10-4ubuntu4.1) ...
     [exec] Selecting previously unselected package dbus-bin.
     [exec] Preparing to unpack .../03-dbus-bin_1.14.10-4ubuntu4.1_amd64.deb ...
     [exec] Unpacking dbus-bin (1.14.10-4ubuntu4.1) ...
     [exec] Selecting previously unselected package dbus-session-bus-common.
     [exec] Preparing to unpack .../04-dbus-session-bus-common_1.14.10-4ubuntu4.1_all.deb ...
     [exec] Unpacking dbus-session-bus-common (1.14.10-4ubuntu4.1) ...
     [exec] Selecting previously unselected package dbus-daemon.
     [exec] Preparing to unpack .../05-dbus-daemon_1.14.10-4ubuntu4.1_amd64.deb ...
     [exec] Unpacking dbus-daemon (1.14.10-4ubuntu4.1) ...
     [exec] Selecting previously unselected package dbus-system-bus-common.
     [exec] Preparing to unpack .../06-dbus-system-bus-common_1.14.10-4ubuntu4.1_all.deb ...
     [exec] Unpacking dbus-system-bus-common (1.14.10-4ubuntu4.1) ...
     [exec] Selecting previously unselected package dbus.
     [exec] Preparing to unpack .../07-dbus_1.14.10-4ubuntu4.1_amd64.deb ...
     [exec] Unpacking dbus (1.14.10-4ubuntu4.1) ...
     [exec] Selecting previously unselected package distro-info-data.
     [exec] Preparing to unpack .../08-distro-info-data_0.60ubuntu0.2_all.deb ...
     [exec] Unpacking distro-info-data (0.60ubuntu0.2) ...
     [exec] Selecting previously unselected package libglib2.0-0t64:amd64.
     [exec] Preparing to unpack .../09-libglib2.0-0t64_2.80.0-6ubuntu3.2_amd64.deb ...
     [exec] Unpacking libglib2.0-0t64:amd64 (2.80.0-6ubuntu3.2) ...
     [exec] Selecting previously unselected package gir1.2-glib-2.0:amd64.
     [exec] Preparing to unpack .../10-gir1.2-glib-2.0_2.80.0-6ubuntu3.2_amd64.deb ...
     [exec] Unpacking gir1.2-glib-2.0:amd64 (2.80.0-6ubuntu3.2) ...
     [exec] Selecting previously unselected package libgirepository-1.0-1:amd64.
     [exec] Preparing to unpack .../11-libgirepository-1.0-1_1.80.1-1_amd64.deb ...
     [exec] Unpacking libgirepository-1.0-1:amd64 (1.80.1-1) ...
     [exec] Selecting previously unselected package gir1.2-girepository-2.0:amd64.
     [exec] Preparing to unpack .../12-gir1.2-girepository-2.0_1.80.1-1_amd64.deb ...
     [exec] Unpacking gir1.2-girepository-2.0:amd64 (1.80.1-1) ...
     [exec] Selecting previously unselected package iso-codes.
     [exec] Preparing to unpack .../13-iso-codes_4.16.0-1_all.deb ...
     [exec] Unpacking iso-codes (4.16.0-1) ...
     [exec] Selecting previously unselected package libcap2-bin.
     [exec] Preparing to unpack .../14-libcap2-bin_1%3a2.66-5ubuntu2_amd64.deb ...
     [exec] Unpacking libcap2-bin (1:2.66-5ubuntu2) ...
     [exec] Selecting previously unselected package libelf1t64:amd64.
     [exec] Preparing to unpack .../15-libelf1t64_0.190-1.1build4_amd64.deb ...
     [exec] Unpacking libelf1t64:amd64 (0.190-1.1build4) ...
     [exec] Selecting previously unselected package libglib2.0-data.
     [exec] Preparing to unpack .../16-libglib2.0-data_2.80.0-6ubuntu3.2_all.deb ...
     [exec] Unpacking libglib2.0-data (2.80.0-6ubuntu3.2) ...
     [exec] Selecting previously unselected package libkrb5support0:amd64.
     [exec] Preparing to unpack .../17-libkrb5support0_1.20.1-6ubuntu2.2_amd64.deb ...
     [exec] Unpacking libkrb5support0:amd64 (1.20.1-6ubuntu2.2) ...
     [exec] Selecting previously unselected package libk5crypto3:amd64.
     [exec] Preparing to unpack .../18-libk5crypto3_1.20.1-6ubuntu2.2_amd64.deb ...
     [exec] Unpacking libk5crypto3:amd64 (1.20.1-6ubuntu2.2) ...
     [exec] Selecting previously unselected package libkeyutils1:amd64.
     [exec] Preparing to unpack .../19-libkeyutils1_1.6.3-3build1_amd64.deb ...
     [exec] Unpacking libkeyutils1:amd64 (1.6.3-3build1) ...
     [exec] Selecting previously unselected package libkrb5-3:amd64.
     [exec] Preparing to unpack .../20-libkrb5-3_1.20.1-6ubuntu2.2_amd64.deb ...
     [exec] Unpacking libkrb5-3:amd64 (1.20.1-6ubuntu2.2) ...
     [exec] Selecting previously unselected package libgssapi-krb5-2:amd64.
     [exec] Preparing to unpack .../21-libgssapi-krb5-2_1.20.1-6ubuntu2.2_amd64.deb ...
     [exec] Unpacking libgssapi-krb5-2:amd64 (1.20.1-6ubuntu2.2) ...
     [exec] Selecting previously unselected package libicu74:amd64.
     [exec] Preparing to unpack .../22-libicu74_74.2-1ubuntu3.1_amd64.deb ...
     [exec] Unpacking libicu74:amd64 (74.2-1ubuntu3.1) ...
     [exec] Selecting previously unselected package libpam-systemd:amd64.
     [exec] Preparing to unpack .../23-libpam-systemd_255.4-1ubuntu8.4_amd64.deb ...
     [exec] Unpacking libpam-systemd:amd64 (255.4-1ubuntu8.4) ...
     [exec] Selecting previously unselected package libxml2:amd64.
     [exec] Preparing to unpack .../24-libxml2_2.9.14+dfsg-1.3ubuntu3_amd64.deb ...
     [exec] Unpacking libxml2:amd64 (2.9.14+dfsg-1.3ubuntu3) ...
     [exec] Selecting previously unselected package libyaml-0-2:amd64.
     [exec] Preparing to unpack .../25-libyaml-0-2_0.2.5-1build1_amd64.deb ...
     [exec] Unpacking libyaml-0-2:amd64 (0.2.5-1build1) ...
     [exec] Selecting previously unselected package lsb-release.
     [exec] Preparing to unpack .../26-lsb-release_12.0-2_all.deb ...
     [exec] Unpacking lsb-release (12.0-2) ...
     [exec] Selecting previously unselected package python-apt-common.
     [exec] Preparing to unpack .../27-python-apt-common_2.7.7ubuntu3_all.deb ...
     [exec] Unpacking python-apt-common (2.7.7ubuntu3) ...
     [exec] Selecting previously unselected package python3-apt.
     [exec] Preparing to unpack .../28-python3-apt_2.7.7ubuntu3_amd64.deb ...
     [exec] Unpacking python3-apt (2.7.7ubuntu3) ...
     [exec] Selecting previously unselected package python3-cffi-backend:amd64.
     [exec] Preparing to unpack .../29-python3-cffi-backend_1.16.0-2build1_amd64.deb ...
     [exec] Unpacking python3-cffi-backend:amd64 (1.16.0-2build1) ...
     [exec] Selecting previously unselected package python3-dbus.
     [exec] Preparing to unpack .../30-python3-dbus_1.3.2-5build3_amd64.deb ...
     [exec] Unpacking python3-dbus (1.3.2-5build3) ...
     [exec] Selecting previously unselected package python3-gi.
     [exec] Preparing to unpack .../31-python3-gi_3.48.2-1_amd64.deb ...
     [exec] Unpacking python3-gi (3.48.2-1) ...
     [exec] Selecting previously unselected package python3-pkg-resources.
     [exec] Preparing to unpack .../32-python3-pkg-resources_68.1.2-2ubuntu1.1_all.deb ...
     [exec] Unpacking python3-pkg-resources (68.1.2-2ubuntu1.1) ...
     [exec] Selecting previously unselected package libnghttp2-14:amd64.
     [exec] Preparing to unpack .../33-libnghttp2-14_1.59.0-1ubuntu0.1_amd64.deb ...
     [exec] Unpacking libnghttp2-14:amd64 (1.59.0-1ubuntu0.1) ...
     [exec] Selecting previously unselected package libpackagekit-glib2-18:amd64.
     [exec] Preparing to unpack .../34-libpackagekit-glib2-18_1.2.8-2ubuntu1_amd64.deb ...
     [exec] Unpacking libpackagekit-glib2-18:amd64 (1.2.8-2ubuntu1) ...
     [exec] Selecting previously unselected package gir1.2-packagekitglib-1.0.
     [exec] Preparing to unpack .../35-gir1.2-packagekitglib-1.0_1.2.8-2ubuntu1_amd64.deb ...
     [exec] Unpacking gir1.2-packagekitglib-1.0 (1.2.8-2ubuntu1) ...
     [exec] Selecting previously unselected package librtmp1:amd64.
     [exec] Preparing to unpack .../36-librtmp1_2.4+20151223.gitfa8646d.1-2build7_amd64.deb ...
     [exec] Unpacking librtmp1:amd64 (2.4+20151223.gitfa8646d.1-2build7) ...
     [exec] Selecting previously unselected package libssh-4:amd64.
     [exec] Preparing to unpack .../37-libssh-4_0.10.6-2build2_amd64.deb ...
     [exec] Unpacking libssh-4:amd64 (0.10.6-2build2) ...
     [exec] Selecting previously unselected package libcurl3t64-gnutls:amd64.
     [exec] Preparing to unpack .../38-libcurl3t64-gnutls_8.5.0-2ubuntu10.5_amd64.deb ...
     [exec] Unpacking libcurl3t64-gnutls:amd64 (8.5.0-2ubuntu10.5) ...
     [exec] Selecting previously unselected package libstemmer0d:amd64.
     [exec] Preparing to unpack .../39-libstemmer0d_2.2.0-4build1_amd64.deb ...
     [exec] Unpacking libstemmer0d:amd64 (2.2.0-4build1) ...
     [exec] Selecting previously unselected package libxmlb2:amd64.
     [exec] Preparing to unpack .../40-libxmlb2_0.3.18-1_amd64.deb ...
     [exec] Unpacking libxmlb2:amd64 (0.3.18-1) ...
     [exec] Selecting previously unselected package libappstream5:amd64.
     [exec] Preparing to unpack .../41-libappstream5_1.0.2-1build6_amd64.deb ...
     [exec] Unpacking libappstream5:amd64 (1.0.2-1build6) ...
     [exec] Selecting previously unselected package libduktape207:amd64.
     [exec] Preparing to unpack .../42-libduktape207_2.7.0+tests-0ubuntu3_amd64.deb ...
     [exec] Unpacking libduktape207:amd64 (2.7.0+tests-0ubuntu3) ...
     [exec] Selecting previously unselected package libdw1t64:amd64.
     [exec] Preparing to unpack .../43-libdw1t64_0.190-1.1build4_amd64.deb ...
     [exec] Unpacking libdw1t64:amd64 (0.190-1.1build4) ...
     [exec] Selecting previously unselected package libglib2.0-bin.
     [exec] Preparing to unpack .../44-libglib2.0-bin_2.80.0-6ubuntu3.2_amd64.deb ...
     [exec] Unpacking libglib2.0-bin (2.80.0-6ubuntu3.2) ...
     [exec] Selecting previously unselected package libunwind8:amd64.
     [exec] Preparing to unpack .../45-libunwind8_1.6.2-3build1_amd64.deb ...
     [exec] Unpacking libunwind8:amd64 (1.6.2-3build1) ...
     [exec] Selecting previously unselected package libgstreamer1.0-0:amd64.
     [exec] Preparing to unpack .../46-libgstreamer1.0-0_1.24.2-1_amd64.deb ...
     [exec] Unpacking libgstreamer1.0-0:amd64 (1.24.2-1) ...
     [exec] Selecting previously unselected package libpolkit-gobject-1-0:amd64.
     [exec] Preparing to unpack .../47-libpolkit-gobject-1-0_124-2ubuntu1_amd64.deb ...
     [exec] Unpacking libpolkit-gobject-1-0:amd64 (124-2ubuntu1) ...
     [exec] Selecting previously unselected package libpolkit-agent-1-0:amd64.
     [exec] Preparing to unpack .../48-libpolkit-agent-1-0_124-2ubuntu1_amd64.deb ...
     [exec] Unpacking libpolkit-agent-1-0:amd64 (124-2ubuntu1) ...
     [exec] Selecting previously unselected package xml-core.
     [exec] Preparing to unpack .../49-xml-core_0.19_all.deb ...
     [exec] Unpacking xml-core (0.19) ...
     [exec] Selecting previously unselected package polkitd.
     [exec] Preparing to unpack .../50-polkitd_124-2ubuntu1_amd64.deb ...
     [exec] Unpacking polkitd (124-2ubuntu1) ...
     [exec] Selecting previously unselected package python3-blinker.
     [exec] Preparing to unpack .../51-python3-blinker_1.7.0-1_all.deb ...
     [exec] Unpacking python3-blinker (1.7.0-1) ...
     [exec] Selecting previously unselected package python3-cryptography.
     [exec] Preparing to unpack .../52-python3-cryptography_41.0.7-4ubuntu0.1_amd64.deb ...
     [exec] Unpacking python3-cryptography (41.0.7-4ubuntu0.1) ...
     [exec] Selecting previously unselected package python3-pyparsing.
     [exec] Preparing to unpack .../53-python3-pyparsing_3.1.1-1_all.deb ...
     [exec] Unpacking python3-pyparsing (3.1.1-1) ...
     [exec] Selecting previously unselected package python3-httplib2.
     [exec] Preparing to unpack .../54-python3-httplib2_0.20.4-3_all.deb ...
     [exec] Unpacking python3-httplib2 (0.20.4-3) ...
     [exec] Selecting previously unselected package python3-jwt.
     [exec] Preparing to unpack .../55-python3-jwt_2.7.0-1_all.deb ...
     [exec] Unpacking python3-jwt (2.7.0-1) ...
     [exec] Selecting previously unselected package python3-lazr.uri.
     [exec] Preparing to unpack .../56-python3-lazr.uri_1.0.6-3_all.deb ...
     [exec] Unpacking python3-lazr.uri (1.0.6-3) ...
     [exec] Selecting previously unselected package python3-wadllib.
     [exec] Preparing to unpack .../57-python3-wadllib_1.3.6-5_all.deb ...
     [exec] Unpacking python3-wadllib (1.3.6-5) ...
     [exec] Selecting previously unselected package python3-distro.
     [exec] Preparing to unpack .../58-python3-distro_1.9.0-1_all.deb ...
     [exec] Unpacking python3-distro (1.9.0-1) ...
     [exec] Selecting previously unselected package python3-oauthlib.
     [exec] Preparing to unpack .../59-python3-oauthlib_3.2.2-1_all.deb ...
     [exec] Unpacking python3-oauthlib (3.2.2-1) ...
     [exec] Selecting previously unselected package python3-lazr.restfulclient.
     [exec] Preparing to unpack .../60-python3-lazr.restfulclient_0.14.6-1_all.deb ...
     [exec] Unpacking python3-lazr.restfulclient (0.14.6-1) ...
     [exec] Selecting previously unselected package python3-six.
     [exec] Preparing to unpack .../61-python3-six_1.16.0-4_all.deb ...
     [exec] Unpacking python3-six (1.16.0-4) ...
     [exec] Selecting previously unselected package python3-launchpadlib.
     [exec] Preparing to unpack .../62-python3-launchpadlib_1.11.0-6_all.deb ...
     [exec] Unpacking python3-launchpadlib (1.11.0-6) ...
     [exec] Selecting previously unselected package python3-software-properties.
     [exec] Preparing to unpack .../63-python3-software-properties_0.99.49.1_all.deb ...
     [exec] Unpacking python3-software-properties (0.99.49.1) ...
     [exec] Selecting previously unselected package packagekit.
     [exec] Preparing to unpack .../64-packagekit_1.2.8-2ubuntu1_amd64.deb ...
     [exec] Unpacking packagekit (1.2.8-2ubuntu1) ...
     [exec] Selecting previously unselected package software-properties-common.
     [exec] Preparing to unpack .../65-software-properties-common_0.99.49.1_all.deb ...
     [exec] Unpacking software-properties-common (0.99.49.1) ...
     [exec] Setting up media-types (10.1.0) ...
     [exec] Setting up systemd-sysv (255.4-1ubuntu8.4) ...
     [exec] Setting up libkeyutils1:amd64 (1.6.3-3build1) ...
     [exec] Setting up libyaml-0-2:amd64 (0.2.5-1build1) ...
     [exec] Setting up distro-info-data (0.60ubuntu0.2) ...
     [exec] Setting up libnghttp2-14:amd64 (1.59.0-1ubuntu0.1) ...
     [exec] Setting up libunwind8:amd64 (1.6.2-3build1) ...
     [exec] Setting up libelf1t64:amd64 (0.190-1.1build4) ...
     [exec] Setting up libkrb5support0:amd64 (1.20.1-6ubuntu2.2) ...
     [exec] Setting up libdw1t64:amd64 (0.190-1.1build4) ...
     [exec] Setting up libcap2-bin (1:2.66-5ubuntu2) ...
     [exec] Setting up libglib2.0-0t64:amd64 (2.80.0-6ubuntu3.2) ...
     [exec] No schema files found: doing nothing.
     [exec] Setting up libglib2.0-data (2.80.0-6ubuntu3.2) ...
     [exec] Setting up librtmp1:amd64 (2.4+20151223.gitfa8646d.1-2build7) ...
     [exec] Setting up libdbus-1-3:amd64 (1.14.10-4ubuntu4.1) ...
     [exec] Setting up gir1.2-glib-2.0:amd64 (2.80.0-6ubuntu3.2) ...
     [exec] Setting up libk5crypto3:amd64 (1.20.1-6ubuntu2.2) ...
     [exec] Setting up libicu74:amd64 (74.2-1ubuntu3.1) ...
     [exec] Setting up python-apt-common (2.7.7ubuntu3) ...
     [exec] Setting up libduktape207:amd64 (2.7.0+tests-0ubuntu3) ...
     [exec] Setting up dbus-session-bus-common (1.14.10-4ubuntu4.1) ...
     [exec] Setting up libgirepository-1.0-1:amd64 (1.80.1-1) ...
     [exec] Setting up netbase (6.4) ...
     [exec] Setting up sgml-base (1.31) ...
     [exec] Setting up libkrb5-3:amd64 (1.20.1-6ubuntu2.2) ...
     [exec] Setting up libstemmer0d:amd64 (2.2.0-4build1) ...
     [exec] Setting up lsb-release (12.0-2) ...
     [exec] Setting up dbus-system-bus-common (1.14.10-4ubuntu4.1) ...
     [exec] Setting up libxml2:amd64 (2.9.14+dfsg-1.3ubuntu3) ...
     [exec] Setting up iso-codes (4.16.0-1) ...
     [exec] Setting up dbus-bin (1.14.10-4ubuntu4.1) ...
     [exec] Setting up libpolkit-gobject-1-0:amd64 (124-2ubuntu1) ...
     [exec] Setting up libgstreamer1.0-0:amd64 (1.24.2-1) ...
     [exec] Setcap worked! gst-ptp-helper is not suid!
     [exec] Setting up libpython3.12-stdlib:amd64 (3.12.3-1ubuntu0.3) ...
     [exec] Setting up libxmlb2:amd64 (0.3.18-1) ...
     [exec] Setting up python3.12 (3.12.3-1ubuntu0.3) ...
     [exec] Setting up libglib2.0-bin (2.80.0-6ubuntu3.2) ...
     [exec] Setting up libpackagekit-glib2-18:amd64 (1.2.8-2ubuntu1) ...
     [exec] Setting up dbus-daemon (1.14.10-4ubuntu4.1) ...
     [exec] Setting up gir1.2-packagekitglib-1.0 (1.2.8-2ubuntu1) ...
     [exec] Setting up gir1.2-girepository-2.0:amd64 (1.80.1-1) ...
     [exec] Setting up dbus (1.14.10-4ubuntu4.1) ...
     [exec] Setting up libgssapi-krb5-2:amd64 (1.20.1-6ubuntu2.2) ...
     [exec] Setting up libssh-4:amd64 (0.10.6-2build2) ...
     [exec] Setting up xml-core (0.19) ...
     [exec] Setting up libpam-systemd:amd64 (255.4-1ubuntu8.4) ...
     [exec] debconf: unable to initialize frontend: Dialog
     [exec] debconf: (TERM is not set, so the dialog frontend is not usable.)
     [exec] debconf: falling back to frontend: Readline
     [exec] debconf: unable to initialize frontend: Readline
     [exec] debconf: (Can't locate Term/ReadLine.pm in @INC (you may need to install the Term::ReadLine module) (@INC entries checked: /etc/perl /usr/local/lib/x86_64-linux-gnu/perl/5.38.2 /usr/local/share/perl/5.38.2 /usr/lib/x86_64-linux-gnu/perl5/5.38 /usr/share/perl5 /usr/lib/x86_64-linux-gnu/perl-base /usr/lib/x86_64-linux-gnu/perl/5.38 /usr/share/perl/5.38 /usr/local/lib/site_perl) at /usr/share/perl5/Debconf/FrontEnd/Readline.pm line 8.)
     [exec] debconf: falling back to frontend: Teletype
     [exec] Setting up libpolkit-agent-1-0:amd64 (124-2ubuntu1) ...
     [exec] Setting up libpython3-stdlib:amd64 (3.12.3-0ubuntu2) ...
     [exec] Setting up libcurl3t64-gnutls:amd64 (8.5.0-2ubuntu10.5) ...
     [exec] Setting up libappstream5:amd64 (1.0.2-1build6) ...
     [exec] Setting up python3 (3.12.3-0ubuntu2) ...
     [exec] running python rtupdate hooks for python3.12...
     [exec] running python post-rtupdate hooks for python3.12...
     [exec] Setting up python3-six (1.16.0-4) ...
     [exec] Setting up python3-pyparsing (3.1.1-1) ...
     [exec] Setting up python3-gi (3.48.2-1) ...
     [exec] Setting up python3-httplib2 (0.20.4-3) ...
     [exec] Setting up python3-cffi-backend:amd64 (1.16.0-2build1) ...
     [exec] Setting up python3-blinker (1.7.0-1) ...
     [exec] Setting up python3-pkg-resources (68.1.2-2ubuntu1.1) ...
     [exec] Setting up python3-dbus (1.3.2-5build3) ...
     [exec] Setting up python3-distro (1.9.0-1) ...
     [exec] Setting up python3-jwt (2.7.0-1) ...
     [exec] Setting up python3-apt (2.7.7ubuntu3) ...
     [exec] Setting up python3-lazr.uri (1.0.6-3) ...
     [exec] Setting up python3-cryptography (41.0.7-4ubuntu0.1) ...
     [exec] Setting up python3-wadllib (1.3.6-5) ...
     [exec] Setting up python3-oauthlib (3.2.2-1) ...
     [exec] Setting up python3-lazr.restfulclient (0.14.6-1) ...
     [exec] Setting up python3-launchpadlib (1.11.0-6) ...
     [exec] Created symlink /etc/systemd/user/timers.target.wants/launchpadlib-cache-clean.timer → /usr/lib/systemd/user/launchpadlib-cache-clean.timer.
     [exec] Setting up python3-software-properties (0.99.49.1) ...
     [exec] Processing triggers for libc-bin (2.39-0ubuntu8.3) ...
     [exec] Processing triggers for sgml-base (1.31) ...
     [exec] Setting up polkitd (124-2ubuntu1) ...
     [exec] Creating group 'polkitd' with GID 997.
     [exec] Creating user 'polkitd' (User for polkitd) with UID 997 and GID 997.
     [exec] invoke-rc.d: could not determine current runlevel
     [exec] invoke-rc.d: policy-rc.d denied execution of reload.
     [exec] start-stop-daemon: unable to stat /usr/libexec/polkitd (No such file or directory)
     [exec] Setting up packagekit (1.2.8-2ubuntu1) ...
     [exec] invoke-rc.d: could not determine current runlevel
     [exec] invoke-rc.d: policy-rc.d denied execution of force-reload.
     [exec] Failed to open connection to "system" message bus: Failed to connect to socket /run/dbus/system_bus_socket: No such file or directory
     [exec] Created symlink /etc/systemd/user/sockets.target.wants/pk-debconf-helper.socket → /usr/lib/systemd/user/pk-debconf-helper.socket.
     [exec] Setting up software-properties-common (0.99.49.1) ...
     [exec] Processing triggers for dbus (1.14.10-4ubuntu4.1) ...
     [exec] Hit:1 http://security.ubuntu.com/ubuntu noble-security InRelease
     [exec] Get:2 https://ppa.launchpadcontent.net/ubuntu-toolchain-r/test/ubuntu noble InRelease [24.4 kB]
     [exec] Hit:3 http://archive.ubuntu.com/ubuntu noble InRelease
     [exec] Hit:4 http://archive.ubuntu.com/ubuntu noble-updates InRelease
     [exec] Hit:5 http://archive.ubuntu.com/ubuntu noble-backports InRelease
     [exec] Fetched 24.4 kB in 0s (58.8 kB/s)
     [exec] Reading package lists...
     [exec] PPA publishes dbgsym, you may need to include 'main/debug' component
     [exec] Repository: 'Types: deb
     [exec] URIs: https://ppa.launchpadcontent.net/ubuntu-toolchain-r/test/ubuntu/
     [exec] Suites: noble
     [exec] Components: main
     [exec] '
     [exec] Description:
     [exec] Toolchain test builds; see https://wiki.ubuntu.com/ToolChain
     [exec] 
     [exec] More info: https://launchpad.net/~ubuntu-toolchain-r/+archive/ubuntu/test
     [exec] Adding repository.
     [exec] Hit:1 http://security.ubuntu.com/ubuntu noble-security InRelease
     [exec] Hit:2 http://archive.ubuntu.com/ubuntu noble InRelease
     [exec] Hit:3 https://ppa.launchpadcontent.net/ubuntu-toolchain-r/test/ubuntu noble InRelease
     [exec] Hit:4 http://archive.ubuntu.com/ubuntu noble-updates InRelease
     [exec] Hit:5 http://archive.ubuntu.com/ubuntu noble-backports InRelease
     [exec] Reading package lists...
     [exec] Reading package lists...
     [exec] Building dependency tree...
     [exec] Reading state information...
     [exec] wget is already the newest version (1.21.4-1ubuntu4.1).
     [exec] The following additional packages will be installed:
     [exec]   cpp cpp-13 cpp-13-x86-64-linux-gnu cpp-x86-64-linux-gnu g++-13
     [exec]   g++-13-x86-64-linux-gnu g++-x86-64-linux-gnu gcc gcc-13 gcc-13-base
     [exec]   gcc-13-x86-64-linux-gnu gcc-x86-64-linux-gnu git-man libasan8 libatomic1
     [exec]   libc-dev-bin libc6-dev libcc1-0 libcrypt-dev liberror-perl libgcc-13-dev
     [exec]   libgdbm-compat4t64 libgdbm6t64 libgomp1 libhwasan0 libisl23 libitm1 liblsan0
     [exec]   libmpc3 libmpfr6 libperl5.38t64 libquadmath0 libstdc++-13-dev libtsan2
     [exec]   libubsan1 linux-libc-dev perl perl-modules-5.38 rpcsvc-proto
     [exec] Suggested packages:
     [exec]   cpp-doc gcc-13-locales cpp-13-doc g++-multilib g++-13-multilib gcc-13-doc
     [exec]   gcc-multilib make manpages-dev autoconf automake libtool flex bison gdb
     [exec]   gcc-doc gcc-13-multilib gdb-x86-64-linux-gnu gettext-base git-daemon-run
     [exec]   | git-daemon-sysvinit git-doc git-email git-gui gitk gitweb git-cvs
     [exec]   git-mediawiki git-svn glibc-doc gdbm-l10n libstdc++-13-doc perl-doc
     [exec]   libterm-readline-gnu-perl | libterm-readline-perl-perl
     [exec]   libtap-harness-archive-perl
     [exec] Recommended packages:
     [exec]   patch less ssh-client manpages manpages-dev libc-devtools
     [exec] The following NEW packages will be installed:
     [exec]   cpp cpp-13 cpp-13-x86-64-linux-gnu cpp-x86-64-linux-gnu g++ g++-13
     [exec]   g++-13-x86-64-linux-gnu g++-x86-64-linux-gnu gcc gcc-13 gcc-13-base
     [exec]   gcc-13-x86-64-linux-gnu gcc-x86-64-linux-gnu git git-man libasan8 libatomic1
     [exec]   libc-dev-bin libc6-dev libcc1-0 libcrypt-dev liberror-perl libgcc-13-dev
     [exec]   libgdbm-compat4t64 libgdbm6t64 libgomp1 libhwasan0 libisl23 libitm1 liblsan0
     [exec]   libmpc3 libmpfr6 libperl5.38t64 libquadmath0 libstdc++-13-dev libtsan2
     [exec]   libubsan1 linux-libc-dev perl perl-modules-5.38 rpcsvc-proto unzip zip
     [exec] 0 upgraded, 43 newly installed, 0 to remove and 1 not upgraded.
     [exec] Need to get 80.3 MB of archives.
     [exec] After this operation, 321 MB of additional disk space will be used.
     [exec] Get:1 http://archive.ubuntu.com/ubuntu noble/main amd64 perl-modules-5.38 all 5.38.2-3.2build2 [3,110 kB]
     [exec] Get:2 http://archive.ubuntu.com/ubuntu noble/main amd64 libgdbm6t64 amd64 1.23-5.1build1 [34.4 kB]
     [exec] Get:3 http://archive.ubuntu.com/ubuntu noble/main amd64 libgdbm-compat4t64 amd64 1.23-5.1build1 [6,710 B]
     [exec] Get:4 http://archive.ubuntu.com/ubuntu noble/main amd64 libperl5.38t64 amd64 5.38.2-3.2build2 [4,873 kB]
     [exec] Get:5 http://archive.ubuntu.com/ubuntu noble/main amd64 perl amd64 5.38.2-3.2build2 [231 kB]
     [exec] Get:6 http://archive.ubuntu.com/ubuntu noble/main amd64 gcc-13-base amd64 13.2.0-23ubuntu4 [49.0 kB]
     [exec] Get:7 http://archive.ubuntu.com/ubuntu noble/main amd64 libisl23 amd64 0.26-3build1 [680 kB]
     [exec] Get:8 http://archive.ubuntu.com/ubuntu noble/main amd64 libmpfr6 amd64 4.2.1-1build1 [355 kB]
     [exec] Get:9 http://archive.ubuntu.com/ubuntu noble/main amd64 libmpc3 amd64 1.3.1-1build1 [54.5 kB]
     [exec] Get:10 http://archive.ubuntu.com/ubuntu noble/main amd64 cpp-13-x86-64-linux-gnu amd64 13.2.0-23ubuntu4 [11.2 MB]
     [exec] Get:11 http://archive.ubuntu.com/ubuntu noble/main amd64 cpp-13 amd64 13.2.0-23ubuntu4 [1,032 B]
     [exec] Get:12 http://archive.ubuntu.com/ubuntu noble/main amd64 cpp-x86-64-linux-gnu amd64 4:13.2.0-7ubuntu1 [5,326 B]
     [exec] Get:13 http://archive.ubuntu.com/ubuntu noble/main amd64 cpp amd64 4:13.2.0-7ubuntu1 [22.4 kB]
     [exec] Get:14 http://archive.ubuntu.com/ubuntu noble-updates/main amd64 libcc1-0 amd64 14.2.0-4ubuntu2~24.04 [48.0 kB]
     [exec] Get:15 http://archive.ubuntu.com/ubuntu noble-updates/main amd64 libgomp1 amd64 14.2.0-4ubuntu2~24.04 [148 kB]
     [exec] Get:16 http://archive.ubuntu.com/ubuntu noble-updates/main amd64 libitm1 amd64 14.2.0-4ubuntu2~24.04 [29.7 kB]
     [exec] Get:17 http://archive.ubuntu.com/ubuntu noble-updates/main amd64 libatomic1 amd64 14.2.0-4ubuntu2~24.04 [10.5 kB]
     [exec] Get:18 http://archive.ubuntu.com/ubuntu noble-updates/main amd64 libasan8 amd64 14.2.0-4ubuntu2~24.04 [3,031 kB]
     [exec] Get:19 http://archive.ubuntu.com/ubuntu noble-updates/main amd64 liblsan0 amd64 14.2.0-4ubuntu2~24.04 [1,322 kB]
     [exec] Get:20 http://archive.ubuntu.com/ubuntu noble-updates/main amd64 libtsan2 amd64 14.2.0-4ubuntu2~24.04 [2,772 kB]
     [exec] Get:21 http://archive.ubuntu.com/ubuntu noble-updates/main amd64 libubsan1 amd64 14.2.0-4ubuntu2~24.04 [1,184 kB]
     [exec] Get:22 http://archive.ubuntu.com/ubuntu noble-updates/main amd64 libhwasan0 amd64 14.2.0-4ubuntu2~24.04 [1,641 kB]
     [exec] Get:23 http://archive.ubuntu.com/ubuntu noble-updates/main amd64 libquadmath0 amd64 14.2.0-4ubuntu2~24.04 [153 kB]
     [exec] Get:24 http://archive.ubuntu.com/ubuntu noble/main amd64 libgcc-13-dev amd64 13.2.0-23ubuntu4 [2,688 kB]
     [exec] Get:25 http://archive.ubuntu.com/ubuntu noble/main amd64 gcc-13-x86-64-linux-gnu amd64 13.2.0-23ubuntu4 [21.9 MB]
     [exec] Get:26 http://archive.ubuntu.com/ubuntu noble/main amd64 gcc-13 amd64 13.2.0-23ubuntu4 [482 kB]
     [exec] Get:27 http://archive.ubuntu.com/ubuntu noble/main amd64 gcc-x86-64-linux-gnu amd64 4:13.2.0-7ubuntu1 [1,212 B]
     [exec] Get:28 http://archive.ubuntu.com/ubuntu noble/main amd64 gcc amd64 4:13.2.0-7ubuntu1 [5,018 B]
     [exec] Get:29 http://archive.ubuntu.com/ubuntu noble-updates/main amd64 libc-dev-bin amd64 2.39-0ubuntu8.3 [60.8 kB]
     [exec] Get:30 http://archive.ubuntu.com/ubuntu noble-updates/main amd64 linux-libc-dev amd64 6.8.0-50.51 [1,768 kB]
     [exec] Get:31 http://archive.ubuntu.com/ubuntu noble/main amd64 libcrypt-dev amd64 1:4.4.36-4build1 [112 kB]
     [exec] Get:32 http://archive.ubuntu.com/ubuntu noble/main amd64 rpcsvc-proto amd64 1.4.2-0ubuntu7 [67.4 kB]
     [exec] Get:33 http://archive.ubuntu.com/ubuntu noble-updates/main amd64 libc6-dev amd64 2.39-0ubuntu8.3 [2,164 kB]
     [exec] Get:34 http://archive.ubuntu.com/ubuntu noble/main amd64 libstdc++-13-dev amd64 13.2.0-23ubuntu4 [2,399 kB]
     [exec] Get:35 http://archive.ubuntu.com/ubuntu noble/main amd64 g++-13-x86-64-linux-gnu amd64 13.2.0-23ubuntu4 [12.5 MB]
     [exec] Get:36 http://archive.ubuntu.com/ubuntu noble/main amd64 g++-13 amd64 13.2.0-23ubuntu4 [14.5 kB]
     [exec] Get:37 http://archive.ubuntu.com/ubuntu noble/main amd64 g++-x86-64-linux-gnu amd64 4:13.2.0-7ubuntu1 [964 B]
     [exec] Get:38 http://archive.ubuntu.com/ubuntu noble/main amd64 g++ amd64 4:13.2.0-7ubuntu1 [1,100 B]
     [exec] Get:39 http://archive.ubuntu.com/ubuntu noble/main amd64 liberror-perl all 0.17029-2 [25.6 kB]
     [exec] Get:40 http://archive.ubuntu.com/ubuntu noble-updates/main amd64 git-man all 1:2.43.0-1ubuntu7.1 [1,100 kB]
     [exec] Get:41 http://archive.ubuntu.com/ubuntu noble-updates/main amd64 git amd64 1:2.43.0-1ubuntu7.1 [3,679 kB]
     [exec] debconf: delaying package configuration, since apt-utils is not installed
     [exec] Get:42 http://archive.ubuntu.com/ubuntu noble-updates/main amd64 unzip amd64 6.0-28ubuntu4.1 [174 kB]
     [exec] Get:43 http://archive.ubuntu.com/ubuntu noble-updates/main amd64 zip amd64 3.0-13ubuntu0.1 [176 kB]
     [exec] Fetched 80.3 MB in 1s (74.2 MB/s)
     [exec] Selecting previously unselected package perl-modules-5.38.
     [exec] (Reading database ... 
     [exec] (Reading database ... 5%(Reading database ... 10%(Reading database ... 15%(Reading database ... 20%(Reading database ... 25%(Reading database ... 30%(Reading database ... 35%(Reading database ... 40%(Reading database ... 45%(Reading database ... 50%(Reading database ... 55%(Reading database ... 60%(Reading database ... 65%(Reading database ... 70%(Reading database ... 75%(Reading database ... 80%(Reading database ... 85%(Reading database ... 90%(Reading database ... 95%(Reading database ... 100%(Reading database ... 11239 files and directories currently installed.)Preparing to unpack .../00-perl-modules-5.38_5.38.2-3.2build2_all.deb ...
     [exec] Unpacking perl-modules-5.38 (5.38.2-3.2build2) ...
     [exec] Selecting previously unselected package libgdbm6t64:amd64.
     [exec] Preparing to unpack .../01-libgdbm6t64_1.23-5.1build1_amd64.deb ...
     [exec] Unpacking libgdbm6t64:amd64 (1.23-5.1build1) ...
     [exec] Selecting previously unselected package libgdbm-compat4t64:amd64.
     [exec] Preparing to unpack .../02-libgdbm-compat4t64_1.23-5.1build1_amd64.deb ...
     [exec] Unpacking libgdbm-compat4t64:amd64 (1.23-5.1build1) ...
     [exec] Selecting previously unselected package libperl5.38t64:amd64.
     [exec] Preparing to unpack .../03-libperl5.38t64_5.38.2-3.2build2_amd64.deb ...
     [exec] Unpacking libperl5.38t64:amd64 (5.38.2-3.2build2) ...
     [exec] Selecting previously unselected package perl.
     [exec] Preparing to unpack .../04-perl_5.38.2-3.2build2_amd64.deb ...
     [exec] Unpacking perl (5.38.2-3.2build2) ...
     [exec] Selecting previously unselected package gcc-13-base:amd64.
     [exec] Preparing to unpack .../05-gcc-13-base_13.2.0-23ubuntu4_amd64.deb ...
     [exec] Unpacking gcc-13-base:amd64 (13.2.0-23ubuntu4) ...
     [exec] Selecting previously unselected package libisl23:amd64.
     [exec] Preparing to unpack .../06-libisl23_0.26-3build1_amd64.deb ...
     [exec] Unpacking libisl23:amd64 (0.26-3build1) ...
     [exec] Selecting previously unselected package libmpfr6:amd64.
     [exec] Preparing to unpack .../07-libmpfr6_4.2.1-1build1_amd64.deb ...
     [exec] Unpacking libmpfr6:amd64 (4.2.1-1build1) ...
     [exec] Selecting previously unselected package libmpc3:amd64.
     [exec] Preparing to unpack .../08-libmpc3_1.3.1-1build1_amd64.deb ...
     [exec] Unpacking libmpc3:amd64 (1.3.1-1build1) ...
     [exec] Selecting previously unselected package cpp-13-x86-64-linux-gnu.
     [exec] Preparing to unpack .../09-cpp-13-x86-64-linux-gnu_13.2.0-23ubuntu4_amd64.deb ...
     [exec] Unpacking cpp-13-x86-64-linux-gnu (13.2.0-23ubuntu4) ...
     [exec] Selecting previously unselected package cpp-13.
     [exec] Preparing to unpack .../10-cpp-13_13.2.0-23ubuntu4_amd64.deb ...
     [exec] Unpacking cpp-13 (13.2.0-23ubuntu4) ...
     [exec] Selecting previously unselected package cpp-x86-64-linux-gnu.
     [exec] Preparing to unpack .../11-cpp-x86-64-linux-gnu_4%3a13.2.0-7ubuntu1_amd64.deb ...
     [exec] Unpacking cpp-x86-64-linux-gnu (4:13.2.0-7ubuntu1) ...
     [exec] Selecting previously unselected package cpp.
     [exec] Preparing to unpack .../12-cpp_4%3a13.2.0-7ubuntu1_amd64.deb ...
     [exec] Unpacking cpp (4:13.2.0-7ubuntu1) ...
     [exec] Selecting previously unselected package libcc1-0:amd64.
     [exec] Preparing to unpack .../13-libcc1-0_14.2.0-4ubuntu2~24.04_amd64.deb ...
     [exec] Unpacking libcc1-0:amd64 (14.2.0-4ubuntu2~24.04) ...
     [exec] Selecting previously unselected package libgomp1:amd64.
     [exec] Preparing to unpack .../14-libgomp1_14.2.0-4ubuntu2~24.04_amd64.deb ...
     [exec] Unpacking libgomp1:amd64 (14.2.0-4ubuntu2~24.04) ...
     [exec] Selecting previously unselected package libitm1:amd64.
     [exec] Preparing to unpack .../15-libitm1_14.2.0-4ubuntu2~24.04_amd64.deb ...
     [exec] Unpacking libitm1:amd64 (14.2.0-4ubuntu2~24.04) ...
     [exec] Selecting previously unselected package libatomic1:amd64.
     [exec] Preparing to unpack .../16-libatomic1_14.2.0-4ubuntu2~24.04_amd64.deb ...
     [exec] Unpacking libatomic1:amd64 (14.2.0-4ubuntu2~24.04) ...
     [exec] Selecting previously unselected package libasan8:amd64.
     [exec] Preparing to unpack .../17-libasan8_14.2.0-4ubuntu2~24.04_amd64.deb ...
     [exec] Unpacking libasan8:amd64 (14.2.0-4ubuntu2~24.04) ...
     [exec] Selecting previously unselected package liblsan0:amd64.
     [exec] Preparing to unpack .../18-liblsan0_14.2.0-4ubuntu2~24.04_amd64.deb ...
     [exec] Unpacking liblsan0:amd64 (14.2.0-4ubuntu2~24.04) ...
     [exec] Selecting previously unselected package libtsan2:amd64.
     [exec] Preparing to unpack .../19-libtsan2_14.2.0-4ubuntu2~24.04_amd64.deb ...
     [exec] Unpacking libtsan2:amd64 (14.2.0-4ubuntu2~24.04) ...
     [exec] Selecting previously unselected package libubsan1:amd64.
     [exec] Preparing to unpack .../20-libubsan1_14.2.0-4ubuntu2~24.04_amd64.deb ...
     [exec] Unpacking libubsan1:amd64 (14.2.0-4ubuntu2~24.04) ...
     [exec] Selecting previously unselected package libhwasan0:amd64.
     [exec] Preparing to unpack .../21-libhwasan0_14.2.0-4ubuntu2~24.04_amd64.deb ...
     [exec] Unpacking libhwasan0:amd64 (14.2.0-4ubuntu2~24.04) ...
     [exec] Selecting previously unselected package libquadmath0:amd64.
     [exec] Preparing to unpack .../22-libquadmath0_14.2.0-4ubuntu2~24.04_amd64.deb ...
     [exec] Unpacking libquadmath0:amd64 (14.2.0-4ubuntu2~24.04) ...
     [exec] Selecting previously unselected package libgcc-13-dev:amd64.
     [exec] Preparing to unpack .../23-libgcc-13-dev_13.2.0-23ubuntu4_amd64.deb ...
     [exec] Unpacking libgcc-13-dev:amd64 (13.2.0-23ubuntu4) ...
     [exec] Selecting previously unselected package gcc-13-x86-64-linux-gnu.
     [exec] Preparing to unpack .../24-gcc-13-x86-64-linux-gnu_13.2.0-23ubuntu4_amd64.deb ...
     [exec] Unpacking gcc-13-x86-64-linux-gnu (13.2.0-23ubuntu4) ...
     [exec] Selecting previously unselected package gcc-13.
     [exec] Preparing to unpack .../25-gcc-13_13.2.0-23ubuntu4_amd64.deb ...
     [exec] Unpacking gcc-13 (13.2.0-23ubuntu4) ...
     [exec] Selecting previously unselected package gcc-x86-64-linux-gnu.
     [exec] Preparing to unpack .../26-gcc-x86-64-linux-gnu_4%3a13.2.0-7ubuntu1_amd64.deb ...
     [exec] Unpacking gcc-x86-64-linux-gnu (4:13.2.0-7ubuntu1) ...
     [exec] Selecting previously unselected package gcc.
     [exec] Preparing to unpack .../27-gcc_4%3a13.2.0-7ubuntu1_amd64.deb ...
     [exec] Unpacking gcc (4:13.2.0-7ubuntu1) ...
     [exec] Selecting previously unselected package libc-dev-bin.
     [exec] Preparing to unpack .../28-libc-dev-bin_2.39-0ubuntu8.3_amd64.deb ...
     [exec] Unpacking libc-dev-bin (2.39-0ubuntu8.3) ...
     [exec] Selecting previously unselected package linux-libc-dev:amd64.
     [exec] Preparing to unpack .../29-linux-libc-dev_6.8.0-50.51_amd64.deb ...
     [exec] Unpacking linux-libc-dev:amd64 (6.8.0-50.51) ...
     [exec] Selecting previously unselected package libcrypt-dev:amd64.
     [exec] Preparing to unpack .../30-libcrypt-dev_1%3a4.4.36-4build1_amd64.deb ...
     [exec] Unpacking libcrypt-dev:amd64 (1:4.4.36-4build1) ...
     [exec] Selecting previously unselected package rpcsvc-proto.
     [exec] Preparing to unpack .../31-rpcsvc-proto_1.4.2-0ubuntu7_amd64.deb ...
     [exec] Unpacking rpcsvc-proto (1.4.2-0ubuntu7) ...
     [exec] Selecting previously unselected package libc6-dev:amd64.
     [exec] Preparing to unpack .../32-libc6-dev_2.39-0ubuntu8.3_amd64.deb ...
     [exec] Unpacking libc6-dev:amd64 (2.39-0ubuntu8.3) ...
     [exec] Selecting previously unselected package libstdc++-13-dev:amd64.
     [exec] Preparing to unpack .../33-libstdc++-13-dev_13.2.0-23ubuntu4_amd64.deb ...
     [exec] Unpacking libstdc++-13-dev:amd64 (13.2.0-23ubuntu4) ...
     [exec] Selecting previously unselected package g++-13-x86-64-linux-gnu.
     [exec] Preparing to unpack .../34-g++-13-x86-64-linux-gnu_13.2.0-23ubuntu4_amd64.deb ...
     [exec] Unpacking g++-13-x86-64-linux-gnu (13.2.0-23ubuntu4) ...
     [exec] Selecting previously unselected package g++-13.
     [exec] Preparing to unpack .../35-g++-13_13.2.0-23ubuntu4_amd64.deb ...
     [exec] Unpacking g++-13 (13.2.0-23ubuntu4) ...
     [exec] Selecting previously unselected package g++-x86-64-linux-gnu.
     [exec] Preparing to unpack .../36-g++-x86-64-linux-gnu_4%3a13.2.0-7ubuntu1_amd64.deb ...
     [exec] Unpacking g++-x86-64-linux-gnu (4:13.2.0-7ubuntu1) ...
     [exec] Selecting previously unselected package g++.
     [exec] Preparing to unpack .../37-g++_4%3a13.2.0-7ubuntu1_amd64.deb ...
     [exec] Unpacking g++ (4:13.2.0-7ubuntu1) ...
     [exec] Selecting previously unselected package liberror-perl.
     [exec] Preparing to unpack .../38-liberror-perl_0.17029-2_all.deb ...
     [exec] Unpacking liberror-perl (0.17029-2) ...
     [exec] Selecting previously unselected package git-man.
     [exec] Preparing to unpack .../39-git-man_1%3a2.43.0-1ubuntu7.1_all.deb ...
     [exec] Unpacking git-man (1:2.43.0-1ubuntu7.1) ...
     [exec] Selecting previously unselected package git.
     [exec] Preparing to unpack .../40-git_1%3a2.43.0-1ubuntu7.1_amd64.deb ...
     [exec] Unpacking git (1:2.43.0-1ubuntu7.1) ...
     [exec] Selecting previously unselected package unzip.
     [exec] Preparing to unpack .../41-unzip_6.0-28ubuntu4.1_amd64.deb ...
     [exec] Unpacking unzip (6.0-28ubuntu4.1) ...
     [exec] Selecting previously unselected package zip.
     [exec] Preparing to unpack .../42-zip_3.0-13ubuntu0.1_amd64.deb ...
     [exec] Unpacking zip (3.0-13ubuntu0.1) ...
     [exec] Setting up libgdbm6t64:amd64 (1.23-5.1build1) ...
     [exec] Setting up libgdbm-compat4t64:amd64 (1.23-5.1build1) ...
     [exec] Setting up unzip (6.0-28ubuntu4.1) ...
     [exec] Setting up linux-libc-dev:amd64 (6.8.0-50.51) ...
     [exec] Setting up libgomp1:amd64 (14.2.0-4ubuntu2~24.04) ...
     [exec] Setting up zip (3.0-13ubuntu0.1) ...
     [exec] Setting up rpcsvc-proto (1.4.2-0ubuntu7) ...
     [exec] Setting up gcc-13-base:amd64 (13.2.0-23ubuntu4) ...
     [exec] Setting up libmpfr6:amd64 (4.2.1-1build1) ...
     [exec] Setting up perl-modules-5.38 (5.38.2-3.2build2) ...
     [exec] Setting up libquadmath0:amd64 (14.2.0-4ubuntu2~24.04) ...
     [exec] Setting up libmpc3:amd64 (1.3.1-1build1) ...
     [exec] Setting up libatomic1:amd64 (14.2.0-4ubuntu2~24.04) ...
     [exec] Setting up libubsan1:amd64 (14.2.0-4ubuntu2~24.04) ...
     [exec] Setting up libhwasan0:amd64 (14.2.0-4ubuntu2~24.04) ...
     [exec] Setting up libcrypt-dev:amd64 (1:4.4.36-4build1) ...
     [exec] Setting up libasan8:amd64 (14.2.0-4ubuntu2~24.04) ...
     [exec] Setting up git-man (1:2.43.0-1ubuntu7.1) ...
     [exec] Setting up libperl5.38t64:amd64 (5.38.2-3.2build2) ...
     [exec] Setting up libtsan2:amd64 (14.2.0-4ubuntu2~24.04) ...
     [exec] Setting up libisl23:amd64 (0.26-3build1) ...
     [exec] Setting up libc-dev-bin (2.39-0ubuntu8.3) ...
     [exec] Setting up libcc1-0:amd64 (14.2.0-4ubuntu2~24.04) ...
     [exec] Setting up liblsan0:amd64 (14.2.0-4ubuntu2~24.04) ...
     [exec] Setting up libitm1:amd64 (14.2.0-4ubuntu2~24.04) ...
     [exec] Setting up cpp-13-x86-64-linux-gnu (13.2.0-23ubuntu4) ...
     [exec] Setting up perl (5.38.2-3.2build2) ...
     [exec] Setting up libgcc-13-dev:amd64 (13.2.0-23ubuntu4) ...
     [exec] Setting up libc6-dev:amd64 (2.39-0ubuntu8.3) ...
     [exec] Setting up libstdc++-13-dev:amd64 (13.2.0-23ubuntu4) ...
     [exec] Setting up cpp-x86-64-linux-gnu (4:13.2.0-7ubuntu1) ...
     [exec] Setting up cpp-13 (13.2.0-23ubuntu4) ...
     [exec] Setting up gcc-13-x86-64-linux-gnu (13.2.0-23ubuntu4) ...
     [exec] Setting up liberror-perl (0.17029-2) ...
     [exec] Setting up gcc-13 (13.2.0-23ubuntu4) ...
     [exec] Setting up git (1:2.43.0-1ubuntu7.1) ...
     [exec] Setting up cpp (4:13.2.0-7ubuntu1) ...
     [exec] Setting up g++-13-x86-64-linux-gnu (13.2.0-23ubuntu4) ...
     [exec] Setting up gcc-x86-64-linux-gnu (4:13.2.0-7ubuntu1) ...
     [exec] Setting up gcc (4:13.2.0-7ubuntu1) ...
     [exec] Setting up g++-x86-64-linux-gnu (4:13.2.0-7ubuntu1) ...
     [exec] Setting up g++-13 (13.2.0-23ubuntu4) ...
     [exec] Setting up g++ (4:13.2.0-7ubuntu1) ...
     [exec] update-alternatives: using /usr/bin/g++ to provide /usr/bin/c++ (c++) in auto mode
     [exec] update-alternatives: warning: skip creation of /usr/share/man/man1/c++.1.gz because associated file /usr/share/man/man1/g++.1.gz (of link group c++) doesn't exist
     [exec] Processing triggers for libc-bin (2.39-0ubuntu8.3) ...
     [exec] --> 4e27c1b47fc8
     [exec] STEP 5/26: ARG BAZEL_VERSION=1.2.1
     [exec] --> 5bb1028dfb0e
     [exec] STEP 6/26: ENV BAZEL_VERSION=$BAZEL_VERSION
     [exec] --> ffeacf4fb9d9
     [exec] STEP 7/26: ENV BAZEL_HOME /opt/bazel
     [exec] --> ac2d41d663fa
     [exec] STEP 8/26: RUN  wget --no-verbose --no-check-certificate --no-cookies https://github.com/bazelbuild/bazel/releases/download/${BAZEL_VERSION}/bazel-${BAZEL_VERSION}-installer-linux-x86_64.sh 	&&  wget --no-verbose --no-check-certificate --no-cookies https://github.com/bazelbuild/bazel/releases/download/${BAZEL_VERSION}/bazel-${BAZEL_VERSION}-installer-linux-x86_64.sh.sha256 	&& echo "$(cat bazel-${BAZEL_VERSION}-installer-linux-x86_64.sh.sha256)" | sha256sum -c 	&& chmod +x bazel-${BAZEL_VERSION}-installer-linux-x86_64.sh 	&& ./bazel-${BAZEL_VERSION}-installer-linux-x86_64.sh --prefix=${BAZEL_HOME} 	&& rm -f bazel-${BAZEL_VERSION}-installer-linux-x86_64.sh 	&& rm -f bazel-${BAZEL_VERSION}-installer-linux-x86_64.sh.sha256
     [exec] 2024-12-11 23:21:50 URL:https://objects.githubusercontent.com/github-production-release-asset-2e65be/20773773/b0ae9d00-106b-11ea-8086-fea9d502d7d5?X-Amz-Algorithm=AWS4-HMAC-SHA256&X-Amz-Credential=releaseassetproduction%2F20241211%2Fus-east-1%2Fs3%2Faws4_request&X-Amz-Date=20241211T232149Z&X-Amz-Expires=300&X-Amz-Signature=a5ddb6ea54d4c6eb9939e75daaf02813a96b454262def852c6df941ea7e36141&X-Amz-SignedHeaders=host&response-content-disposition=attachment%3B%20filename%3Dbazel-1.2.1-installer-linux-x86_64.sh&response-content-type=application%2Foctet-stream [44059083/44059083] -> "bazel-1.2.1-installer-linux-x86_64.sh" [1]
     [exec] 2024-12-11 23:21:51 URL:https://objects.githubusercontent.com/github-production-release-asset-2e65be/20773773/b1dfca00-106b-11ea-91f3-b83522467f5c?X-Amz-Algorithm=AWS4-HMAC-SHA256&X-Amz-Credential=releaseassetproduction%2F20241211%2Fus-east-1%2Fs3%2Faws4_request&X-Amz-Date=20241211T232150Z&X-Amz-Expires=300&X-Amz-Signature=924fc043d88bd0fdfb8b6115f8556072fa7573caea1f399bf19ef91f59acca26&X-Amz-SignedHeaders=host&response-content-disposition=attachment%3B%20filename%3Dbazel-1.2.1-installer-linux-x86_64.sh.sha256&response-content-type=application%2Foctet-stream [104/104] -> "bazel-1.2.1-installer-linux-x86_64.sh.sha256" [1]
     [exec] bazel-1.2.1-installer-linux-x86_64.sh: OK
     [exec] Bazel installer
     [exec] ---------------
     [exec] 
     [exec] Bazel is bundled with software licensed under the GPLv2 with Classpath exception.
     [exec] You can find the sources next to the installer on our release page:
     [exec]    https://github.com/bazelbuild/bazel/releases
     [exec] 
     [exec] # Release 1.2.1 (2019-11-26)
     [exec] 
     [exec] Baseline: 11deef7582dfeec7a04ee3f7236393d9b8027367
     [exec] 
     [exec] Cherry picks:
     [exec] 
     [exec]    + c76c3e539c73ecf6e96e3e098be7be59e17bf276:
     [exec]      Replace macOS CC path with relative path
     [exec]    + 63332eb556fadfe9edd0806add79942482adddef:
     [exec]      Hardcode path to dirname on macOS
     [exec]    + ceadf0a063cb97c32aced143d2447781d1dafc38:
     [exec]      Add tool executables (from FilesToRunProvider) to action inputs.
     [exec]    + dbe63b00954a25fa4405f7cbf273df78c16498dd:
     [exec]      Fix some of the bazel Windows tools code to work with GCC.
     [exec] 
     [exec] This release fixes a single regression:
     [exec] - #10297: Bazel 1.2.0 does no longer run on macOS High Sierra.
     [exec] 
     [exec] It is the same code as Bazel 1.2.0, except that we rebuild the macOS release
     [exec] binaries with Xcode 10.2.1 to make them backwards compatible with older macOS
     [exec] versions again.
     [exec] 
     [exec] ## Build information
     [exec]    - [Commit](https://github.com/bazelbuild/bazel/commit/dbc504c)
     [exec] Uncompressing.......
     [exec] 
     [exec] Bazel is now installed!
     [exec] 
     [exec] Make sure you have "/opt/bazel/bin" in your path. You can also activate bash
     [exec] completion by adding the following line to your :
     [exec]   source /opt/bazel/lib/bazel/bin/bazel-complete.bash
     [exec] 
     [exec] See http://bazel.build/docs/getting-started.html to start a new project!
     [exec] --> e0544e085c6d
     [exec] STEP 9/26: ENV PATH ${PATH}:${BAZEL_HOME}/bin
     [exec] --> 6efab212abf8
     [exec] STEP 10/26: ENV JAVA_TOOL_OPTIONS=" -Dfile.encoding=UTF8 -Djava.security.egd=file:/dev/./urandom"
     [exec] --> a7bb00e7cdbb
     [exec] STEP 11/26: RUN mkdir testResults
     [exec] --> 3525f4caede2
     [exec] STEP 12/26: ENV TEST_HOME /wycheproof
     [exec] --> f00dc4fd5e59
     [exec] STEP 13/26: ENV APPLICATION_NAME=wycheproof
     [exec] --> fd1550845bb8
     [exec] STEP 14/26: ENV APPLICATION_TAG=master
     [exec] --> 90155fc51ae5
     [exec] STEP 15/26: ENV OS_TAG=ubuntu
     [exec] --> bcc1dc8526d9
     [exec] STEP 16/26: ENV JDK_VERSION=23
     [exec] --> cf106d21f1be
     [exec] STEP 17/26: ENV JDK_IMPL=hotspot
     [exec] --> 7f05911b63e2
     [exec] STEP 18/26: ENV WYCHEPROOF_TAG=$WYCHEPROOF_TAG
     [exec] --> a263962d0998
     [exec] STEP 19/26: RUN git clone https://github.com/google/wycheproof.git
     [exec] Cloning into 'wycheproof'...
     [exec] --> 7008e25d8788
     [exec] STEP 20/26: WORKDIR /wycheproof/
     [exec] --> 8cf62e28bef0
     [exec] STEP 21/26: RUN git checkout $WYCHEPROOF_TAG
     [exec] Your branch is up to date with 'origin/master'.
     [exec] Already on 'master'
     [exec] --> 87d3c1b75163
     [exec] STEP 22/26: WORKDIR /
     [exec] --> 7277190364ec
     [exec] STEP 23/26: COPY wycheproof/test.sh /test.sh
     [exec] --> 2077a604221b
     [exec] STEP 24/26: COPY test_base_functions.sh test_base_functions.sh
     [exec] --> 0822aa7ce8ff
     [exec] STEP 25/26: WORKDIR ${TEST_HOME}
     [exec] --> e75ca9897c39
     [exec] STEP 26/26: ENTRYPOINT ["/bin/bash", "/test.sh"]
     [exec] COMMIT adoptopenjdk-wycheproof-test:23-jdk-ubuntu-hotspot-full
     [exec] --> cc777dc3b2e5
     [exec] Successfully tagged localhost/adoptopenjdk-wycheproof-test:23-jdk-ubuntu-hotspot-full
     [exec] cc777dc3b2e5ef4bce305091a6d583f8cefe81d03b4ff799debd16355384e6a9

dist:
     [copy] Copying 3 files to /home/jvanek/git/jvmtest/external/wycheproof

BUILD SUCCESSFUL
Total time: 39 seconds
0
make[1]: Leaving directory '/home/jvanek/git/aqa-tests/TKG'
JAVA_HOME is set to /tmp/tmp.R8GQYntyCK/jdk-23.0.1+11
LIB_DIR is set to /home/jvanek/git/aqa-tests/TKG/../TKG/lib
make -f makeGen.mk AUTO_DETECT= MODE=tests TESTTARGET=wycheproof_test TESTLIST=
make[1]: Entering directory '/home/jvanek/git/aqa-tests/TKG'
perl scripts/configure.pl
/tmp/tmp.R8GQYntyCK/jdk-23.0.1+11/bin/java -cp "./bin/TestKitGen.jar:/home/jvanek/git/aqa-tests/TKG/../TKG/lib/json-simple.jar" org.testKitGen.MainRunner --mode=tests --spec=linux_x86-64 --microArch="" --osLabel="" --jdkVersion=23 --impl=hotspot --vendor="eclipse" --buildList=external/wycheproof --iterations=1 --aotIterations= --testFlag= --testTarget=wycheproof_test --testList= --numOfMachines= --testTime= --TRSSURL= 
Modes data parsed from resources/modes.xml and resources/ottawa.csv.

Starting to generate test make files.

Parsing /home/jvanek/git/aqa-tests/TKG/../external/wycheproof/playlist.xml
Generated /home/jvanek/git/aqa-tests/TKG/../external/wycheproof/autoGen.mk

Generated /home/jvanek/git/aqa-tests/TKG/../external/autoGen.mk

Generated /home/jvanek/git/aqa-tests/TKG/../autoGen.mk

Generated /home/jvanek/git/aqa-tests/TKG/../TKG/utils.mk

Generated /home/jvanek/git/aqa-tests/TKG/../TKG/rerun.mk

Make files are generated successfully.

make[1]: Leaving directory '/home/jvanek/git/aqa-tests/TKG'
make -f runtest.mk _wycheproof_test
make[1]: Entering directory '/home/jvanek/git/aqa-tests/TKG'

Running make 4.4.1
set TEST_ROOT to /home/jvanek/git/aqa-tests/TKG/..
set JDK_VERSION to 23
set JDK_IMPL to hotspot
set JVM_VERSION to openjdk23
set JCL_VERSION to latest
set JAVA_HOME to /tmp/tmp.R8GQYntyCK/jdk-23.0.1+11
set SPEC to linux_x86-64
set TEST_FLAG to
Running wycheproof_test ...
There are 1 test targets in wycheproof_test
"/tmp/tmp.R8GQYntyCK/jdk-23.0.1+11/bin/java" -version
openjdk version "23.0.1" 2024-10-15
OpenJDK Runtime Environment Temurin-23.0.1+11 (build 23.0.1+11)
OpenJDK 64-Bit Server VM Temurin-23.0.1+11 (build 23.0.1+11, mixed mode, sharing)
make[2]: Entering directory '/home/jvanek/git/aqa-tests'
make[3]: Entering directory '/home/jvanek/git/aqa-tests/external'
make[4]: Entering directory '/home/jvanek/git/aqa-tests/external/wycheproof'

===============================================
Running test wycheproof_test_0 ...
===============================================
wycheproof_test_0 Start Time: Thu Dec 12 00:22:07 2024 Epoch Time (ms): 1733959327615
variation: NoOptions
JVM_OPTIONS:  
{ \
echo "";	echo "TEST SETUP:"; \
echo "Nothing to be done for setup."; \
mkdir -p "/home/jvanek/git/aqa-tests/TKG/../TKG/output_17339593277610/wycheproof_test_0"; \
cd "/home/jvanek/git/aqa-tests/TKG/../TKG/output_17339593277610/wycheproof_test_0"; \
echo "";	echo "TESTING:"; \
/home/jvanek/git/aqa-tests/TKG/../external/external.sh --run --tag "" --dir wycheproof --reportsrc /testResults/testlogs --reportdst "/home/jvanek/git/aqa-tests/TKG/../TKG/output_17339593277610/wycheproof_test_0" --docker_args "-v /tmp/tmp.R8GQYntyCK/jdk-23.0.1+11:/opt/java/openjdk" ; \
	if [ $? -eq 0 ]; then echo "-----------------------------------"; echo "wycheproof_test_0""_PASSED"; echo "-----------------------------------"; cd /home/jvanek/git/aqa-tests/TKG/..;  else echo "-----------------------------------"; echo "wycheproof_test_0""_FAILED"; echo "-----------------------------------"; fi; \
	/home/jvanek/git/aqa-tests/TKG/../external/external.sh --clean --tag "" --dir wycheproof; \
echo "";	echo "TEST TEARDOWN:"; \
echo "Nothing to be done for teardown."; \
 } 2>&1 | tee -a "/home/jvanek/git/aqa-tests/TKG/../TKG/output_17339593277610/TestTargetResult";

TEST SETUP:
Nothing to be done for setup.

TESTING:
   # =================== Info =================== Info =================== Info =================== #
   # EXTRA_DOCKER_ARGS set as "-v /tmp/tmp.R8GQYntyCK/jdk-23.0.1+11:/opt/java/openjdk"                                #
   # =================== Info =================== Info =================== Info =================== #
   # =================== Info =================== Info =================== Info =================== #
   # TEST_JDK_HOME of /tmp/tmp.R8GQYntyCK/jdk-23.0.1+11 is used in EXTRA_DOCKER_ARGS                                #
   # =================== Info =================== Info =================== Info =================== #
No DOCKERIMAGE_TAG set, tag as default 'nightly'
DOCKERIMAGE_TAG nightly has been recognized.
The test here is wycheproof
The directory in the external.sh is wycheproof
 podman run --privileged  -v /tmp/tmp.R8GQYntyCK/jdk-23.0.1+11:/opt/java/openjdk  --name wycheproof-test adoptopenjdk-wycheproof-test:23-jdk-ubuntu-hotspot-full 
time="2024-12-12T00:22:07+01:00" level=warning msg="Error validating CNI config file /home/jvanek/.config/cni/net.d/87-podman.conflist: [failed to find plugin \"bridge\" in path [/usr/local/libexec/cni /usr/libexec/cni /usr/local/lib/cni /usr/lib/cni /opt/cni/bin] failed to find plugin \"portmap\" in path [/usr/local/libexec/cni /usr/libexec/cni /usr/local/lib/cni /usr/lib/cni /opt/cni/bin] failed to find plugin \"firewall\" in path [/usr/local/libexec/cni /usr/libexec/cni /usr/local/lib/cni /usr/lib/cni /opt/cni/bin] failed to find plugin \"tuning\" in path [/usr/local/libexec/cni /usr/libexec/cni /usr/local/lib/cni /usr/lib/cni /opt/cni/bin]]"
APPLICATION_NAME=wycheproof
APPLICATION_TAG=master
OS_TAG=ubuntu
Using /opt mounted Java
JAVA_BIN is: /opt/java/openjdk/bin
=JAVA VERSION OUTPUT BEGIN=
Picked up JAVA_TOOL_OPTIONS:  -Dfile.encoding=UTF8 -Djava.security.egd=file:/dev/./urandom
openjdk version "23.0.1" 2024-10-15
OpenJDK Runtime Environment Temurin-23.0.1+11 (build 23.0.1+11)
OpenJDK 64-Bit Server VM Temurin-23.0.1+11 (build 23.0.1+11, mixed mode, sharing)
=JAVA VERSION OUTPUT END=
Extracting Bazel installation...
Starting local Bazel server and connecting to it...
INFO: Options provided by the client:
  Inherited 'common' options: --isatty=0 --terminal_columns=80
INFO: Reading rc options for 'test' from /wycheproof/.bazelrc:
  Inherited 'build' options: --java_language_version=11
ERROR: Unrecognized option: --java_language_version=11
INFO: Options provided by the client:
  Inherited 'common' options: --isatty=0 --terminal_columns=80
INFO: Reading rc options for 'test' from /wycheproof/.bazelrc:
  Inherited 'build' options: --java_language_version=11
ERROR: Unrecognized option: --java_language_version=11
-----------------------------------
wycheproof_test_0_FAILED
-----------------------------------
   # =================== Info =================== Info =================== Info =================== #
   # EXTRA_DOCKER_ARGS set as "-v /tmp/tmp.R8GQYntyCK/jdk-23.0.1+11:/opt/java/openjdk"                                #
   # =================== Info =================== Info =================== Info =================== #
   # =================== Info =================== Info =================== Info =================== #
   # TEST_JDK_HOME of /tmp/tmp.R8GQYntyCK/jdk-23.0.1+11 is used in EXTRA_DOCKER_ARGS                                #
   # =================== Info =================== Info =================== Info =================== #
No DOCKERIMAGE_TAG set, tag as default 'nightly'
DOCKERIMAGE_TAG nightly has been recognized.
The test here is wycheproof
The directory in the external.sh is wycheproof
wycheproof-test
Untagged: localhost/adoptopenjdk-wycheproof-test:23-jdk-ubuntu-hotspot-full
Deleted: cc777dc3b2e5ef4bce305091a6d583f8cefe81d03b4ff799debd16355384e6a9
Deleted: e75ca9897c3952d3710d6a47834b94c8178315e44a18c2a6328c4c13314b1033
Deleted: 0822aa7ce8ffa441514d48dd89df4e48951b295bd83fa64c30870de0d7def978
Deleted: 2077a604221bf4aa70c8e18eb3e6334560f4f212531056e941b73fe127337787
Deleted: 7277190364ec55da248e651530c632f7d5b001db1fe4cf1e7750942ac0151a97
Deleted: 87d3c1b751631d023417ce8d2e26c3739f314a5823430d18972125f5ccff7ff1
Deleted: 8cf62e28bef092946fbf976dfa242e81721cf052bea3860ccead9dd23cca7df7
Deleted: 7008e25d878841661b8ca0dbb19843c53dc4a9b6caf393d9d80a7fb8e1ad5e72
Deleted: a263962d099823a348e8b779d80565a2a70635b8ec8c773f4499160841e2875b
Deleted: 7f05911b63e247e4bf26cdb514c403be519560f5fd7fcfebb5bd0896f432af5e
Deleted: cf106d21f1be2c3f4748d4fc8ecd393bccfd2a2abf7f7ec4975e5aca8c779639
Deleted: bcc1dc8526d968e14dd32a11a283b1979586906af02e8dbdc94c08d3e81345ad
Deleted: 90155fc51ae5cdffc1b1d08154faddead67c303141afa375a05fb0dc23e6dd18
Deleted: fd1550845bb85811be588b76d5cbb127ba312ae77e4749fa4890142b0244a012
Deleted: f00dc4fd5e595423f7fbe57c67565eaadfe9071861efea5c9ccbbe2729d6dc68
Deleted: 3525f4caede25927ee8b064626ea954e737afd9eec5a1dfdb3de22b6c26eea6f
Deleted: a7bb00e7cdbb797c8671240bb82b247d797bd0824ae7296f334d54be508c2481
Deleted: 6efab212abf88ef92ca3859bb915ec2ed41a6d477f99e492d4d9100a503c427a
Deleted: e0544e085c6df7a03e584d222f29447830fba1268f0095fd6b7e416e4f7a93bb
Deleted: ac2d41d663fad3bcef6571ffe37ebdda5d614978cf4341ca23145ac8af184309
Deleted: ffeacf4fb9d9cc32b1c2d1793d0977f57b00fc2417e0c4e4c2afc44d3b6b1bd4
Deleted: 5bb1028dfb0e7d9d98b6c7f54bb211a2198122c0f659f97d39b0f6b0e6548b59
Deleted: 4e27c1b47fc8bbe3b825193eadf0aeb33614e0f950c3ae7cc7f5bc6c3b520f30
Deleted: 203d5621a24673e9480e41c89a7f5e3d080af72db8826a54d8925f8176ab628e
Deleted: 6c2c36bdfde95d874b2dabfc5adf3ecef648ab4374bf1f890e1629646039bc05
Error: invalid reference format

TEST TEARDOWN:
Nothing to be done for teardown.
wycheproof_test_0 Finish Time: Thu Dec 12 00:22:13 2024 Epoch Time (ms): 1733959333749
make[4]: Leaving directory '/home/jvanek/git/aqa-tests/external/wycheproof'
make[3]: Leaving directory '/home/jvanek/git/aqa-tests/external'
make[2]: Leaving directory '/home/jvanek/git/aqa-tests'


All tests finished, run result summary:
cd "/home/jvanek/git/aqa-tests/TKG/../TKG/scripts"; \
perl "resultsSum.pl" --failuremk="/home/jvanek/git/aqa-tests/TKG/../TKG/failedtargets.mk" --resultFile="/home/jvanek/git/aqa-tests/TKG/../TKG/output_17339593277610/TestTargetResult" --platFile="/home/jvanek/git/aqa-tests/TKG/../TKG/resources/buildPlatformMap.properties" --diagnostic=failure --jdkVersion=23 --jdkImpl=hotspot --jdkVendor="eclipse" --spec=linux_x86-64 --buildList=external/wycheproof --customTarget="" --testTarget=wycheproof_test --tapPath=/home/jvanek/git/aqa-tests/TKG/../TKG/output_17339593277610/ --tapName= --comment=""


TEST TARGETS SUMMARY
++++++++++++++++++++++++++++++++++++++++++++++++++++++++++++++++++++++++++
FAILED test targets:
	wycheproof_test_0

TOTAL: 1   EXECUTED: 1   PASSED: 0   FAILED: 1   DISABLED: 0   SKIPPED: 0
++++++++++++++++++++++++++++++++++++++++++++++++++++++++++++++++++++++++++

To rebuild the failed test in a jenkins job, copy the following link and fill out the <Jenkins URL> and <FAILED test target>:
<Jenkins URL>/parambuild/?JDK_VERSION=23&JDK_IMPL=hotspot&JDK_VENDOR=eclipse&BUILD_LIST=external/wycheproof&PLATFORM=x86-64_linux&TARGET=<FAILED test target>

For example, to rebuild the failed tests in <Jenkins URL>=https://ci.adoptium.net/job/Grinder, use the following links:
https://ci.adoptium.net/job/Grinder/parambuild/?JDK_VERSION=23&JDK_IMPL=hotspot&JDK_VENDOR=eclipse&BUILD_LIST=external/wycheproof&PLATFORM=x86-64_linux&TARGET=wycheproof_test_0
++++++++++++++++++++++++++++++++++++++++++++++++++++++++++++++++++++++++++
make[1]: *** [settings.mk:446: resultsSummary] Error 2
make[1]: Leaving directory '/home/jvanek/git/aqa-tests/TKG'
make: *** [makefile:61: _wycheproof_test] Error 2
compilation: 0
runtime: 2
