JAVA_HOME is set to /tmp/tmp.fGIWAfomII/jdk-23.0.1+11
LIB_DIR is set to /home/jvanek/git/aqa-tests/TKG/../TKG/lib
make -f makeGen.mk AUTO_DETECT= MODE=tests TESTTARGET=zookeeper_test TESTLIST=
make[1]: Entering directory '/home/jvanek/git/aqa-tests/TKG'
perl scripts/configure.pl
/tmp/tmp.fGIWAfomII/jdk-23.0.1+11/bin/java -cp "./bin/TestKitGen.jar:/home/jvanek/git/aqa-tests/TKG/../TKG/lib/json-simple.jar" org.testKitGen.MainRunner --mode=tests --spec= --microArch="" --osLabel="" --jdkVersion= --impl= --vendor="" --buildList=external/zookeeper --iterations=1 --aotIterations= --testFlag= --testTarget=zookeeper_test --testList= --numOfMachines= --testTime= --TRSSURL= 
Error: Could not find or load main class org.testKitGen.MainRunner
Caused by: java.lang.ClassNotFoundException: org.testKitGen.MainRunner
make[1]: *** [makeGen.mk:45: autogen] Error 1
make[1]: Leaving directory '/home/jvanek/git/aqa-tests/TKG'
make: *** [makefile:60: _zookeeper_test] Error 2
compilation: 2
runtime: 2
