 
export TEST_JDK_HOME=/tmp/tmp.svcCMPocrN/jdk-21.0.5+11
export EXTRA_DOCKER_ARGS=-v /tmp/tmp.svcCMPocrN/jdk-21.0.5+11:/opt/java/openjdk ;
export BUILD_LIST=external/derby ;
export EXTERNAL_AQA_IMAGE=;
make compile
make _derby_test_junit_all

JAVA_HOME is set to /tmp/tmp.svcCMPocrN/jdk-21.0.5+11
LIB_DIR is set to /home/jvanek/git/aqa-tests/TKG/../TKG/lib
rm -f -r /home/jvanek/git/aqa-tests/TKG/../TKG/output_compilation; \
mkdir -p /home/jvanek/git/aqa-tests/TKG/../TKG/output_compilation; \
(ant -f ./scripts/build_tools.xml -DTEST_JDK_HOME=/tmp/tmp.svcCMPocrN/jdk-21.0.5+11 -DTEST_ROOT=/home/jvanek/git/aqa-tests/TKG/.. -DLIB_DIR=/home/jvanek/git/aqa-tests/TKG/../TKG/lib 2>&1; echo $? ) | tee "/home/jvanek/git/aqa-tests/TKG/../TKG/output_compilation/compilation.log"; \
if [ -z "$(tail -1 /home/jvanek/git/aqa-tests/TKG/../TKG/output_compilation/compilation.log | grep 0)" ]; then perl scripts/moveDmp.pl --compileLogPath="/home/jvanek/git/aqa-tests/TKG/../TKG/output_compilation/compilation.log" --testRoot="/home/jvanek/git/aqa-tests/TKG/.."; false; else rm -f -r "/home/jvanek/git/aqa-tests/TKG/../TKG/output_compilation"; fi
Buildfile: /home/jvanek/git/aqa-tests/TKG/scripts/build_tools.xml

build:

clean:
   [delete] Deleting: /home/jvanek/git/aqa-tests/TKG/autoGenEnv.mk
   [delete] Deleting: /home/jvanek/git/aqa-tests/TKG/utils.mk
   [delete] Deleting directory /home/jvanek/git/aqa-tests/TKG/bin

init:
    [mkdir] Created dir: /home/jvanek/git/aqa-tests/TKG/bin

getDependentLibs:
     [exec] --------------------------------------------
     [exec] path is set to /home/jvanek/git/aqa-tests/TKG/../TKG/lib
     [exec] task is set to default
     [exec] dependencyList is set to json_simple
     [exec] --------------------------------------------
     [exec] Starting download third party dependent jars
     [exec] --------------------------------------------
     [exec] downloading dependent third party jars to /home/jvanek/git/aqa-tests/TKG/../TKG/lib
     [exec] /home/jvanek/git/aqa-tests/TKG/../TKG/lib/json-simple.jar exists with correct hash, not downloading
     [exec] downloaded dependent third party jars successfully

compile:
     [echo] Ant version is Apache Ant(TM) version 1.10.12 compiled on July 19 2023
     [echo] ============COMPILER SETTINGS============
     [echo] ===fork:                         yes
     [echo] ===debug:                        on
    [javac] Compiling 27 source files to /home/jvanek/git/aqa-tests/TKG/bin
    [javac] Note: Some input files use or override a deprecated API.
    [javac] Note: Recompile with -Xlint:deprecation for details.

dist:
      [jar] Building jar: /home/jvanek/git/aqa-tests/TKG/bin/TestKitGen.jar

BUILD SUCCESSFUL
Total time: 0 seconds
0
/tmp/tmp.svcCMPocrN/jdk-21.0.5+11/bin/java -cp ./bin/TestKitGen.jar org.openj9.envInfo.EnvDetector
Unfamiliar microArch detected in TKG. It will not be added in TKG microArch!
microArchOutput: model name	: 11th Gen Intel(R) Core(TM) i7-11850H @ 2.50GHz
****************************** MACHINE INFO ******************************
File path : /home/jvanek/git/aqa-tests/TKG
Free Physical Memory Size : 15609647104
Free space (bytes) : 291546607616
Total Physical Memory Size : 67106488320
Total space (bytes) : 632976211968
Usable space (bytes) : 259317997568
antVersion : Apache Ant(TM) version 1.10.12 compiled on July 19 2023
cpuCores : 16
curlVersion : 
	curl 8.2.1 (x86_64-redhat-linux-gnu) libcurl/8.2.1 OpenSSL/3.1.4 zlib/1.2.13 libidn2/2.3.7 nghttp2/1.55.1
	Release-Date: 2023-07-26
	Protocols: file ftp ftps http https
	Features: alt-svc AsynchDNS GSS-API HSTS HTTP2 HTTPS-proxy IDN IPv6 Kerberos Largefile libz SPNEGO SSL threadsafe UnixSockets
docker : not on docker
gcc version : 13
gclibc version : ldd (GNU libc) 2.38
gdb version : GNU gdb (Fedora Linux) 15.1-1.fc39
lldb version : Command could not be executed
makeVersion : 
	GNU Make 4.4.1
	Built for x86_64-redhat-linux-gnu
	Copyright (C) 1988-2023 Free Software Foundation, Inc.
	License GPLv3+: GNU GPL version 3 or later <https://gnu.org/licenses/gpl.html>
	This is free software: you are free to change and redistribute it.
	There is NO WARRANTY, to the extent permitted by law.
perlVersion : 
	
	This is perl 5, version 38, subversion 2 (v5.38.2) built for x86_64-linux-thread-multi
	(with 15 registered patches, see perl -V for more detail)
	
	Copyright 1987-2023, Larry Wall
	
	Perl may be copied only under the terms of either the Artistic License or the
	GNU General Public License, which may be found in the Perl 5 source kit.
	
	Complete documentation for Perl, including FAQ lists, should be found on
	this system using "man perl" or "perldoc perl".  If you have access to the
	Internet, point your browser at https://www.perl.org/, the Perl Home Page.
	
procArch : unknown
sysArch : x86_64
sysOS : Linux
ulimit : 
	real-time non-blocking time  (microseconds, -R) unlimited
	core file size              (blocks, -c) unlimited
	data seg size               (kbytes, -d) unlimited
	scheduling priority                 (-e) 0
	file size                   (blocks, -f) unlimited
	pending signals                     (-i) 255386
	max locked memory           (kbytes, -l) 8192
	max memory size             (kbytes, -m) unlimited
	open files                          (-n) 524288
	pipe size                (512 bytes, -p) 8
	POSIX message queues         (bytes, -q) 819200
	real-time priority                  (-r) 0
	stack size                  (kbytes, -s) 8192
	cpu time                   (seconds, -t) unlimited
	max user processes                  (-u) 255386
	virtual memory              (kbytes, -v) unlimited
	file locks                          (-x) unlimited
uname : Linux fedora 6.11.6-100.fc39.x86_64 #1 SMP PREEMPT_DYNAMIC Fri Nov  1 16:07:59 UTC 2024 x86_64 GNU/Linux
vmVendor : Oracle Corporation
vmVersion : 21.0.5+11-LTS
xlc version : bash: line 1: xlC: command not found
**************************************************************************

System.getProperty('java.vm.name')=OpenJDK 64-Bit Server VM

System.getProperty('java.vendor')=Eclipse Adoptium

System.getProperty('os.name')=Linux

System.getProperty('os.arch')=amd64

System.getProperty('java.fullversion')=null

System.getProperty('sun.arch.data.model')=64

make -f clean.mk cleanBuild
make[1]: Entering directory '/home/jvanek/git/aqa-tests/TKG'
rm -f -r /home/jvanek/git/aqa-tests/TKG/../../jvmtest
make[1]: Leaving directory '/home/jvanek/git/aqa-tests/TKG'
make -f compile.mk compile
make[1]: Entering directory '/home/jvanek/git/aqa-tests/TKG'
rm -f -r /home/jvanek/git/aqa-tests/TKG/../TKG/output_compilation; \
mkdir -p /home/jvanek/git/aqa-tests/TKG/../TKG/output_compilation; \
(ant -f scripts/build_test.xml -DTEST_ROOT=/home/jvanek/git/aqa-tests/TKG/.. -DBUILD_ROOT=/home/jvanek/git/aqa-tests/TKG/../../jvmtest -DJDK_VERSION=21 -DJDK_IMPL=hotspot -DJDK_VENDOR=eclipse -DJCL_VERSION=latest -DBUILD_LIST=external/derby -DRESOURCES_DIR=/home/jvanek/git/aqa-tests/TKG/../../jvmtest/TestConfig/resources -DSPEC=linux_x86-64 -DTEST_JDK_HOME=/tmp/tmp.svcCMPocrN/jdk-21.0.5+11 -DJVM_VERSION=openjdk21 -DLIB_DIR=/home/jvanek/git/aqa-tests/TKG/../TKG/lib  2>&1; echo $? ) | tee "/home/jvanek/git/aqa-tests/TKG/../TKG/output_compilation/compilation.log"; \
if [ -z "$(tail -1 /home/jvanek/git/aqa-tests/TKG/../TKG/output_compilation/compilation.log | grep 0)" ]; then perl scripts/moveDmp.pl --compileLogPath="/home/jvanek/git/aqa-tests/TKG/../TKG/output_compilation/compilation.log" --testRoot="/home/jvanek/git/aqa-tests/TKG/.."; false; else rm -f -r "/home/jvanek/git/aqa-tests/TKG/../TKG/output_compilation"; fi
Buildfile: /home/jvanek/git/aqa-tests/TKG/scripts/build_test.xml
     [echo]  build.list is TestConfig/build.xml,external/derby/build.xml 

-create_test_directory:
    [mkdir] Created dir: /home/jvanek/git/jvmtest

stage_test_material:
     [copy] Copying 1247 files to /home/jvanek/git/jvmtest
     [copy] Copied 427 empty directories to 176 empty directories under /home/jvanek/git/jvmtest

build:

init:
    [mkdir] Created dir: /home/jvanek/git/jvmtest/TestConfig

build:
     [copy] Copying 22 files to /home/jvanek/git/jvmtest/TestConfig
     [copy] Copied 9 empty directories to 4 empty directories under /home/jvanek/git/jvmtest/TestConfig
     [copy] Copying 2 files to /home/jvanek/git/jvmtest/TestConfig

build:

move_scripts:
     [copy] Copying 3 files to /home/jvanek/git/jvmtest/external/derby
     [copy] Copying 9 files to /home/jvanek/git/jvmtest/external

clean_image:
     [echo] Executing external.sh --clean --dir derby --tag nightly --version 21 --impl hotspot 
     [exec]    # =================== Info =================== Info =================== Info =================== #
     [exec]    # EXTRA_DOCKER_ARGS set as "-v /tmp/tmp.svcCMPocrN/jdk-21.0.5+11:/opt/java/openjdk"                                #
     [exec]    # =================== Info =================== Info =================== Info =================== #
     [exec]    # =================== Info =================== Info =================== Info =================== #
     [exec]    # TEST_JDK_HOME of /tmp/tmp.svcCMPocrN/jdk-21.0.5+11 is used in EXTRA_DOCKER_ARGS                                #
     [exec]    # =================== Info =================== Info =================== Info =================== #
     [exec] The test here is derby
     [exec] The directory in the external.sh is derby
     [exec] DOCKERIMAGE_TAG nightly has been recognized.
     [exec] Error: invalid reference format
     [exec] Result: 125

build_image:
     [echo] Executing external.sh --build --dir derby --tag nightly --version 21 --impl hotspot --platform linux_x86-64 --docker_args -v /tmp/tmp.svcCMPocrN/jdk-21.0.5+11:/opt/java/openjdk 
     [exec]    # =================== Info =================== Info =================== Info =================== #
     [exec]    # EXTRA_DOCKER_ARGS set as "-v /tmp/tmp.svcCMPocrN/jdk-21.0.5+11:/opt/java/openjdk"                                #
     [exec]    # =================== Info =================== Info =================== Info =================== #
     [exec]    # =================== Info =================== Info =================== Info =================== #
     [exec]    # TEST_JDK_HOME of /tmp/tmp.svcCMPocrN/jdk-21.0.5+11 is used in EXTRA_DOCKER_ARGS                                #
     [exec]    # =================== Info =================== Info =================== Info =================== #
     [exec] The test here is derby
     [exec] The directory in the external.sh is derby
     [exec] DOCKERIMAGE_TAG nightly has been recognized.
     [exec] build_image.sh derby 21 hotspot ubuntu jdk full linux_x86-64 default 0 
     [exec] /home/jvanek/git/jvmtest/external
     [exec] 
     [exec] Writing /home/jvanek/git/jvmtest/external/derby/dockerfile/21/jdk/ubuntu/Dockerfile.hotspot.full ... ubuntu
     [exec] done
     [exec] 
     [exec] The test in the build_image() function is derby
     [exec] #####################################################
     [exec] INFO:  podman build  --no-cache -t adoptopenjdk-derby-test:21-jdk-ubuntu-hotspot-full -f /home/jvanek/git/jvmtest/external/derby/dockerfile/21/jdk/ubuntu/Dockerfile.hotspot.full /home/jvanek/git/jvmtest/external/
     [exec] #####################################################
     [exec] STEP 1/21: FROM docker.io/library/eclipse-temurin:21-jdk
     [exec] STEP 2/21: ENV RESULT_COMMENT="IN CONTAINER(not-as-root/podman)"
     [exec] --> a36007d29043
     [exec] STEP 3/21: ARG DERBY_TAG=trunk
     [exec] --> 44e3be9d847e
     [exec] STEP 4/21: RUN apt-get update 	&& apt-get install -qq -y --no-install-recommends software-properties-common 	&& apt-get install -qq -y --no-install-recommends gnupg 	&& add-apt-repository ppa:ubuntu-toolchain-r/test 	&& apt-get update 	&& apt-get install -y --no-install-recommends  git wget tar  ant-optional 	&& rm -rf /var/lib/apt/lists/*
     [exec] Get:1 http://security.ubuntu.com/ubuntu noble-security InRelease [126 kB]
     [exec] Get:2 http://archive.ubuntu.com/ubuntu noble InRelease [256 kB]
     [exec] Get:3 http://security.ubuntu.com/ubuntu noble-security/restricted amd64 Packages [609 kB]
     [exec] Get:4 http://archive.ubuntu.com/ubuntu noble-updates InRelease [126 kB]
     [exec] Get:5 http://archive.ubuntu.com/ubuntu noble-backports InRelease [126 kB]
     [exec] Get:6 http://security.ubuntu.com/ubuntu noble-security/universe amd64 Packages [728 kB]
     [exec] Get:7 http://archive.ubuntu.com/ubuntu noble/multiverse amd64 Packages [331 kB]
     [exec] Get:8 http://security.ubuntu.com/ubuntu noble-security/multiverse amd64 Packages [15.3 kB]
     [exec] Get:9 http://security.ubuntu.com/ubuntu noble-security/main amd64 Packages [630 kB]
     [exec] Get:10 http://archive.ubuntu.com/ubuntu noble/restricted amd64 Packages [117 kB]
     [exec] Get:11 http://archive.ubuntu.com/ubuntu noble/main amd64 Packages [1,808 kB]
     [exec] Get:12 http://archive.ubuntu.com/ubuntu noble/universe amd64 Packages [19.3 MB]
     [exec] Get:13 http://archive.ubuntu.com/ubuntu noble-updates/main amd64 Packages [891 kB]
     [exec] Get:14 http://archive.ubuntu.com/ubuntu noble-updates/multiverse amd64 Packages [19.7 kB]
     [exec] Get:15 http://archive.ubuntu.com/ubuntu noble-updates/universe amd64 Packages [944 kB]
     [exec] Get:16 http://archive.ubuntu.com/ubuntu noble-updates/restricted amd64 Packages [679 kB]
     [exec] Get:17 http://archive.ubuntu.com/ubuntu noble-backports/universe amd64 Packages [11.9 kB]
     [exec] Fetched 26.7 MB in 2s (11.4 MB/s)
     [exec] Reading package lists...
     [exec] debconf: delaying package configuration, since apt-utils is not installed
     [exec] Selecting previously unselected package libpython3.12-minimal:amd64.
     [exec] (Reading database ... 
     [exec] (Reading database ... 5%(Reading database ... 10%(Reading database ... 15%(Reading database ... 20%(Reading database ... 25%(Reading database ... 30%(Reading database ... 35%(Reading database ... 40%(Reading database ... 45%(Reading database ... 50%(Reading database ... 55%(Reading database ... 60%(Reading database ... 65%(Reading database ... 70%(Reading database ... 75%(Reading database ... 80%(Reading database ... 85%(Reading database ... 90%(Reading database ... 95%(Reading database ... 100%(Reading database ... 6862 files and directories currently installed.)Preparing to unpack .../libpython3.12-minimal_3.12.3-1ubuntu0.3_amd64.deb ...
     [exec] Unpacking libpython3.12-minimal:amd64 (3.12.3-1ubuntu0.3) ...
     [exec] Selecting previously unselected package python3.12-minimal.
     [exec] Preparing to unpack .../python3.12-minimal_3.12.3-1ubuntu0.3_amd64.deb ...
     [exec] Unpacking python3.12-minimal (3.12.3-1ubuntu0.3) ...
     [exec] Setting up libpython3.12-minimal:amd64 (3.12.3-1ubuntu0.3) ...
     [exec] Setting up python3.12-minimal (3.12.3-1ubuntu0.3) ...
     [exec] Selecting previously unselected package python3-minimal.
     [exec] (Reading database ... 
     [exec] (Reading database ... 5%(Reading database ... 10%(Reading database ... 15%(Reading database ... 20%(Reading database ... 25%(Reading database ... 30%(Reading database ... 35%(Reading database ... 40%(Reading database ... 45%(Reading database ... 50%(Reading database ... 55%(Reading database ... 60%(Reading database ... 65%(Reading database ... 70%(Reading database ... 75%(Reading database ... 80%(Reading database ... 85%(Reading database ... 90%(Reading database ... 95%(Reading database ... 100%(Reading database ... 7173 files and directories currently installed.)Preparing to unpack .../0-python3-minimal_3.12.3-0ubuntu2_amd64.deb ...
     [exec] Unpacking python3-minimal (3.12.3-0ubuntu2) ...
     [exec] Selecting previously unselected package media-types.
     [exec] Preparing to unpack .../1-media-types_10.1.0_all.deb ...
     [exec] Unpacking media-types (10.1.0) ...
     [exec] Selecting previously unselected package netbase.
     [exec] Preparing to unpack .../2-netbase_6.4_all.deb ...
     [exec] Unpacking netbase (6.4) ...
     [exec] Selecting previously unselected package libpython3.12-stdlib:amd64.
     [exec] Preparing to unpack .../3-libpython3.12-stdlib_3.12.3-1ubuntu0.3_amd64.deb ...
     [exec] Unpacking libpython3.12-stdlib:amd64 (3.12.3-1ubuntu0.3) ...
     [exec] Selecting previously unselected package python3.12.
     [exec] Preparing to unpack .../4-python3.12_3.12.3-1ubuntu0.3_amd64.deb ...
     [exec] Unpacking python3.12 (3.12.3-1ubuntu0.3) ...
     [exec] Selecting previously unselected package libpython3-stdlib:amd64.
     [exec] Preparing to unpack .../5-libpython3-stdlib_3.12.3-0ubuntu2_amd64.deb ...
     [exec] Unpacking libpython3-stdlib:amd64 (3.12.3-0ubuntu2) ...
     [exec] Setting up python3-minimal (3.12.3-0ubuntu2) ...
     [exec] Selecting previously unselected package python3.
     [exec] (Reading database ... 
     [exec] (Reading database ... 5%(Reading database ... 10%(Reading database ... 15%(Reading database ... 20%(Reading database ... 25%(Reading database ... 30%(Reading database ... 35%(Reading database ... 40%(Reading database ... 45%(Reading database ... 50%(Reading database ... 55%(Reading database ... 60%(Reading database ... 65%(Reading database ... 70%(Reading database ... 75%(Reading database ... 80%(Reading database ... 85%(Reading database ... 90%(Reading database ... 95%(Reading database ... 100%(Reading database ... 7614 files and directories currently installed.)Preparing to unpack .../00-python3_3.12.3-0ubuntu2_amd64.deb ...
     [exec] Unpacking python3 (3.12.3-0ubuntu2) ...
     [exec] Selecting previously unselected package libapparmor1:amd64.
     [exec] Preparing to unpack .../01-libapparmor1_4.0.1really4.0.1-0ubuntu0.24.04.3_amd64.deb ...
     [exec] Unpacking libapparmor1:amd64 (4.0.1really4.0.1-0ubuntu0.24.04.3) ...
     [exec] Selecting previously unselected package libargon2-1:amd64.
     [exec] Preparing to unpack .../02-libargon2-1_0~20190702+dfsg-4build1_amd64.deb ...
     [exec] Unpacking libargon2-1:amd64 (0~20190702+dfsg-4build1) ...
     [exec] Selecting previously unselected package libdevmapper1.02.1:amd64.
     [exec] Preparing to unpack .../03-libdevmapper1.02.1_2%3a1.02.185-3ubuntu3.1_amd64.deb ...
     [exec] Unpacking libdevmapper1.02.1:amd64 (2:1.02.185-3ubuntu3.1) ...
     [exec] Selecting previously unselected package libjson-c5:amd64.
     [exec] Preparing to unpack .../04-libjson-c5_0.17-1build1_amd64.deb ...
     [exec] Unpacking libjson-c5:amd64 (0.17-1build1) ...
     [exec] Selecting previously unselected package libcryptsetup12:amd64.
     [exec] Preparing to unpack .../05-libcryptsetup12_2%3a2.7.0-1ubuntu4.1_amd64.deb ...
     [exec] Unpacking libcryptsetup12:amd64 (2:2.7.0-1ubuntu4.1) ...
     [exec] Selecting previously unselected package libfdisk1:amd64.
     [exec] Preparing to unpack .../06-libfdisk1_2.39.3-9ubuntu6.1_amd64.deb ...
     [exec] Unpacking libfdisk1:amd64 (2.39.3-9ubuntu6.1) ...
     [exec] Selecting previously unselected package libkmod2:amd64.
     [exec] Preparing to unpack .../07-libkmod2_31+20240202-2ubuntu7_amd64.deb ...
     [exec] Unpacking libkmod2:amd64 (31+20240202-2ubuntu7) ...
     [exec] Selecting previously unselected package libsystemd-shared:amd64.
     [exec] Preparing to unpack .../08-libsystemd-shared_255.4-1ubuntu8.4_amd64.deb ...
     [exec] Unpacking libsystemd-shared:amd64 (255.4-1ubuntu8.4) ...
     [exec] Selecting previously unselected package systemd-dev.
     [exec] Preparing to unpack .../09-systemd-dev_255.4-1ubuntu8.4_all.deb ...
     [exec] Unpacking systemd-dev (255.4-1ubuntu8.4) ...
     [exec] Selecting previously unselected package systemd.
     [exec] Preparing to unpack .../10-systemd_255.4-1ubuntu8.4_amd64.deb ...
     [exec] Unpacking systemd (255.4-1ubuntu8.4) ...
     [exec] Setting up libapparmor1:amd64 (4.0.1really4.0.1-0ubuntu0.24.04.3) ...
     [exec] Setting up libargon2-1:amd64 (0~20190702+dfsg-4build1) ...
     [exec] Setting up libdevmapper1.02.1:amd64 (2:1.02.185-3ubuntu3.1) ...
     [exec] Setting up libjson-c5:amd64 (0.17-1build1) ...
     [exec] Setting up libcryptsetup12:amd64 (2:2.7.0-1ubuntu4.1) ...
     [exec] Setting up libfdisk1:amd64 (2.39.3-9ubuntu6.1) ...
     [exec] Setting up libkmod2:amd64 (31+20240202-2ubuntu7) ...
     [exec] Setting up libsystemd-shared:amd64 (255.4-1ubuntu8.4) ...
     [exec] Setting up systemd-dev (255.4-1ubuntu8.4) ...
     [exec] Setting up systemd (255.4-1ubuntu8.4) ...
     [exec] Created symlink /etc/systemd/system/getty.target.wants/getty@tty1.service → /usr/lib/systemd/system/getty@.service.
     [exec] Created symlink /etc/systemd/system/multi-user.target.wants/remote-fs.target → /usr/lib/systemd/system/remote-fs.target.
     [exec] Created symlink /etc/systemd/system/sysinit.target.wants/systemd-pstore.service → /usr/lib/systemd/system/systemd-pstore.service.
     [exec] Initializing machine ID from random generator.
     [exec] /usr/lib/tmpfiles.d/systemd-network.conf:10: Failed to resolve user 'systemd-network': No such process
     [exec] /usr/lib/tmpfiles.d/systemd-network.conf:11: Failed to resolve user 'systemd-network': No such process
     [exec] /usr/lib/tmpfiles.d/systemd-network.conf:12: Failed to resolve user 'systemd-network': No such process
     [exec] /usr/lib/tmpfiles.d/systemd-network.conf:13: Failed to resolve user 'systemd-network': No such process
     [exec] /usr/lib/tmpfiles.d/systemd.conf:22: Failed to resolve group 'systemd-journal': No such process
     [exec] /usr/lib/tmpfiles.d/systemd.conf:23: Failed to resolve group 'systemd-journal': No such process
     [exec] /usr/lib/tmpfiles.d/systemd.conf:28: Failed to resolve group 'systemd-journal': No such process
     [exec] /usr/lib/tmpfiles.d/systemd.conf:29: Failed to resolve group 'systemd-journal': No such process
     [exec] /usr/lib/tmpfiles.d/systemd.conf:30: Failed to resolve group 'systemd-journal': No such process
     [exec] Creating group 'systemd-journal' with GID 999.
     [exec] Creating group 'systemd-network' with GID 998.
     [exec] Creating user 'systemd-network' (systemd Network Management) with UID 998 and GID 998.
     [exec] Selecting previously unselected package systemd-sysv.
     [exec] (Reading database ... 
     [exec] (Reading database ... 5%(Reading database ... 10%(Reading database ... 15%(Reading database ... 20%(Reading database ... 25%(Reading database ... 30%(Reading database ... 35%(Reading database ... 40%(Reading database ... 45%(Reading database ... 50%(Reading database ... 55%(Reading database ... 60%(Reading database ... 65%(Reading database ... 70%(Reading database ... 75%(Reading database ... 80%(Reading database ... 85%(Reading database ... 90%(Reading database ... 95%(Reading database ... 100%(Reading database ... 8661 files and directories currently installed.)Preparing to unpack .../00-systemd-sysv_255.4-1ubuntu8.4_amd64.deb ...
     [exec] Unpacking systemd-sysv (255.4-1ubuntu8.4) ...
     [exec] Selecting previously unselected package sgml-base.
     [exec] Preparing to unpack .../01-sgml-base_1.31_all.deb ...
     [exec] Unpacking sgml-base (1.31) ...
     [exec] Selecting previously unselected package libdbus-1-3:amd64.
     [exec] Preparing to unpack .../02-libdbus-1-3_1.14.10-4ubuntu4.1_amd64.deb ...
     [exec] Unpacking libdbus-1-3:amd64 (1.14.10-4ubuntu4.1) ...
     [exec] Selecting previously unselected package dbus-bin.
     [exec] Preparing to unpack .../03-dbus-bin_1.14.10-4ubuntu4.1_amd64.deb ...
     [exec] Unpacking dbus-bin (1.14.10-4ubuntu4.1) ...
     [exec] Selecting previously unselected package dbus-session-bus-common.
     [exec] Preparing to unpack .../04-dbus-session-bus-common_1.14.10-4ubuntu4.1_all.deb ...
     [exec] Unpacking dbus-session-bus-common (1.14.10-4ubuntu4.1) ...
     [exec] Selecting previously unselected package dbus-daemon.
     [exec] Preparing to unpack .../05-dbus-daemon_1.14.10-4ubuntu4.1_amd64.deb ...
     [exec] Unpacking dbus-daemon (1.14.10-4ubuntu4.1) ...
     [exec] Selecting previously unselected package dbus-system-bus-common.
     [exec] Preparing to unpack .../06-dbus-system-bus-common_1.14.10-4ubuntu4.1_all.deb ...
     [exec] Unpacking dbus-system-bus-common (1.14.10-4ubuntu4.1) ...
     [exec] Selecting previously unselected package dbus.
     [exec] Preparing to unpack .../07-dbus_1.14.10-4ubuntu4.1_amd64.deb ...
     [exec] Unpacking dbus (1.14.10-4ubuntu4.1) ...
     [exec] Selecting previously unselected package distro-info-data.
     [exec] Preparing to unpack .../08-distro-info-data_0.60ubuntu0.2_all.deb ...
     [exec] Unpacking distro-info-data (0.60ubuntu0.2) ...
     [exec] Selecting previously unselected package libglib2.0-0t64:amd64.
     [exec] Preparing to unpack .../09-libglib2.0-0t64_2.80.0-6ubuntu3.2_amd64.deb ...
     [exec] Unpacking libglib2.0-0t64:amd64 (2.80.0-6ubuntu3.2) ...
     [exec] Selecting previously unselected package gir1.2-glib-2.0:amd64.
     [exec] Preparing to unpack .../10-gir1.2-glib-2.0_2.80.0-6ubuntu3.2_amd64.deb ...
     [exec] Unpacking gir1.2-glib-2.0:amd64 (2.80.0-6ubuntu3.2) ...
     [exec] Selecting previously unselected package libgirepository-1.0-1:amd64.
     [exec] Preparing to unpack .../11-libgirepository-1.0-1_1.80.1-1_amd64.deb ...
     [exec] Unpacking libgirepository-1.0-1:amd64 (1.80.1-1) ...
     [exec] Selecting previously unselected package gir1.2-girepository-2.0:amd64.
     [exec] Preparing to unpack .../12-gir1.2-girepository-2.0_1.80.1-1_amd64.deb ...
     [exec] Unpacking gir1.2-girepository-2.0:amd64 (1.80.1-1) ...
     [exec] Selecting previously unselected package iso-codes.
     [exec] Preparing to unpack .../13-iso-codes_4.16.0-1_all.deb ...
     [exec] Unpacking iso-codes (4.16.0-1) ...
     [exec] Selecting previously unselected package libcap2-bin.
     [exec] Preparing to unpack .../14-libcap2-bin_1%3a2.66-5ubuntu2_amd64.deb ...
     [exec] Unpacking libcap2-bin (1:2.66-5ubuntu2) ...
     [exec] Selecting previously unselected package libelf1t64:amd64.
     [exec] Preparing to unpack .../15-libelf1t64_0.190-1.1build4_amd64.deb ...
     [exec] Unpacking libelf1t64:amd64 (0.190-1.1build4) ...
     [exec] Selecting previously unselected package libglib2.0-data.
     [exec] Preparing to unpack .../16-libglib2.0-data_2.80.0-6ubuntu3.2_all.deb ...
     [exec] Unpacking libglib2.0-data (2.80.0-6ubuntu3.2) ...
     [exec] Selecting previously unselected package libicu74:amd64.
     [exec] Preparing to unpack .../17-libicu74_74.2-1ubuntu3.1_amd64.deb ...
     [exec] Unpacking libicu74:amd64 (74.2-1ubuntu3.1) ...
     [exec] Selecting previously unselected package libpam-systemd:amd64.
     [exec] Preparing to unpack .../18-libpam-systemd_255.4-1ubuntu8.4_amd64.deb ...
     [exec] Unpacking libpam-systemd:amd64 (255.4-1ubuntu8.4) ...
     [exec] Selecting previously unselected package libxml2:amd64.
     [exec] Preparing to unpack .../19-libxml2_2.9.14+dfsg-1.3ubuntu3_amd64.deb ...
     [exec] Unpacking libxml2:amd64 (2.9.14+dfsg-1.3ubuntu3) ...
     [exec] Selecting previously unselected package libyaml-0-2:amd64.
     [exec] Preparing to unpack .../20-libyaml-0-2_0.2.5-1build1_amd64.deb ...
     [exec] Unpacking libyaml-0-2:amd64 (0.2.5-1build1) ...
     [exec] Selecting previously unselected package lsb-release.
     [exec] Preparing to unpack .../21-lsb-release_12.0-2_all.deb ...
     [exec] Unpacking lsb-release (12.0-2) ...
     [exec] Selecting previously unselected package python-apt-common.
     [exec] Preparing to unpack .../22-python-apt-common_2.7.7ubuntu3_all.deb ...
     [exec] Unpacking python-apt-common (2.7.7ubuntu3) ...
     [exec] Selecting previously unselected package python3-apt.
     [exec] Preparing to unpack .../23-python3-apt_2.7.7ubuntu3_amd64.deb ...
     [exec] Unpacking python3-apt (2.7.7ubuntu3) ...
     [exec] Selecting previously unselected package python3-cffi-backend:amd64.
     [exec] Preparing to unpack .../24-python3-cffi-backend_1.16.0-2build1_amd64.deb ...
     [exec] Unpacking python3-cffi-backend:amd64 (1.16.0-2build1) ...
     [exec] Selecting previously unselected package python3-dbus.
     [exec] Preparing to unpack .../25-python3-dbus_1.3.2-5build3_amd64.deb ...
     [exec] Unpacking python3-dbus (1.3.2-5build3) ...
     [exec] Selecting previously unselected package python3-gi.
     [exec] Preparing to unpack .../26-python3-gi_3.48.2-1_amd64.deb ...
     [exec] Unpacking python3-gi (3.48.2-1) ...
     [exec] Selecting previously unselected package python3-pkg-resources.
     [exec] Preparing to unpack .../27-python3-pkg-resources_68.1.2-2ubuntu1.1_all.deb ...
     [exec] Unpacking python3-pkg-resources (68.1.2-2ubuntu1.1) ...
     [exec] Selecting previously unselected package libpackagekit-glib2-18:amd64.
     [exec] Preparing to unpack .../28-libpackagekit-glib2-18_1.2.8-2build3_amd64.deb ...
     [exec] Unpacking libpackagekit-glib2-18:amd64 (1.2.8-2build3) ...
     [exec] Selecting previously unselected package gir1.2-packagekitglib-1.0.
     [exec] Preparing to unpack .../29-gir1.2-packagekitglib-1.0_1.2.8-2build3_amd64.deb ...
     [exec] Unpacking gir1.2-packagekitglib-1.0 (1.2.8-2build3) ...
     [exec] Selecting previously unselected package libcurl3t64-gnutls:amd64.
     [exec] Preparing to unpack .../30-libcurl3t64-gnutls_8.5.0-2ubuntu10.5_amd64.deb ...
     [exec] Unpacking libcurl3t64-gnutls:amd64 (8.5.0-2ubuntu10.5) ...
     [exec] Selecting previously unselected package libstemmer0d:amd64.
     [exec] Preparing to unpack .../31-libstemmer0d_2.2.0-4build1_amd64.deb ...
     [exec] Unpacking libstemmer0d:amd64 (2.2.0-4build1) ...
     [exec] Selecting previously unselected package libxmlb2:amd64.
     [exec] Preparing to unpack .../32-libxmlb2_0.3.18-1_amd64.deb ...
     [exec] Unpacking libxmlb2:amd64 (0.3.18-1) ...
     [exec] Selecting previously unselected package libappstream5:amd64.
     [exec] Preparing to unpack .../33-libappstream5_1.0.2-1build6_amd64.deb ...
     [exec] Unpacking libappstream5:amd64 (1.0.2-1build6) ...
     [exec] Selecting previously unselected package libduktape207:amd64.
     [exec] Preparing to unpack .../34-libduktape207_2.7.0+tests-0ubuntu3_amd64.deb ...
     [exec] Unpacking libduktape207:amd64 (2.7.0+tests-0ubuntu3) ...
     [exec] Selecting previously unselected package libdw1t64:amd64.
     [exec] Preparing to unpack .../35-libdw1t64_0.190-1.1build4_amd64.deb ...
     [exec] Unpacking libdw1t64:amd64 (0.190-1.1build4) ...
     [exec] Selecting previously unselected package libglib2.0-bin.
     [exec] Preparing to unpack .../36-libglib2.0-bin_2.80.0-6ubuntu3.2_amd64.deb ...
     [exec] Unpacking libglib2.0-bin (2.80.0-6ubuntu3.2) ...
     [exec] Selecting previously unselected package libunwind8:amd64.
     [exec] Preparing to unpack .../37-libunwind8_1.6.2-3build1_amd64.deb ...
     [exec] Unpacking libunwind8:amd64 (1.6.2-3build1) ...
     [exec] Selecting previously unselected package libgstreamer1.0-0:amd64.
     [exec] Preparing to unpack .../38-libgstreamer1.0-0_1.24.2-1_amd64.deb ...
     [exec] Unpacking libgstreamer1.0-0:amd64 (1.24.2-1) ...
     [exec] Selecting previously unselected package libpolkit-gobject-1-0:amd64.
     [exec] Preparing to unpack .../39-libpolkit-gobject-1-0_124-2ubuntu1_amd64.deb ...
     [exec] Unpacking libpolkit-gobject-1-0:amd64 (124-2ubuntu1) ...
     [exec] Selecting previously unselected package libpolkit-agent-1-0:amd64.
     [exec] Preparing to unpack .../40-libpolkit-agent-1-0_124-2ubuntu1_amd64.deb ...
     [exec] Unpacking libpolkit-agent-1-0:amd64 (124-2ubuntu1) ...
     [exec] Selecting previously unselected package xml-core.
     [exec] Preparing to unpack .../41-xml-core_0.19_all.deb ...
     [exec] Unpacking xml-core (0.19) ...
     [exec] Selecting previously unselected package polkitd.
     [exec] Preparing to unpack .../42-polkitd_124-2ubuntu1_amd64.deb ...
     [exec] Unpacking polkitd (124-2ubuntu1) ...
     [exec] Selecting previously unselected package python3-blinker.
     [exec] Preparing to unpack .../43-python3-blinker_1.7.0-1_all.deb ...
     [exec] Unpacking python3-blinker (1.7.0-1) ...
     [exec] Selecting previously unselected package python3-cryptography.
     [exec] Preparing to unpack .../44-python3-cryptography_41.0.7-4ubuntu0.1_amd64.deb ...
     [exec] Unpacking python3-cryptography (41.0.7-4ubuntu0.1) ...
     [exec] Selecting previously unselected package python3-pyparsing.
     [exec] Preparing to unpack .../45-python3-pyparsing_3.1.1-1_all.deb ...
     [exec] Unpacking python3-pyparsing (3.1.1-1) ...
     [exec] Selecting previously unselected package python3-httplib2.
     [exec] Preparing to unpack .../46-python3-httplib2_0.20.4-3_all.deb ...
     [exec] Unpacking python3-httplib2 (0.20.4-3) ...
     [exec] Selecting previously unselected package python3-jwt.
     [exec] Preparing to unpack .../47-python3-jwt_2.7.0-1_all.deb ...
     [exec] Unpacking python3-jwt (2.7.0-1) ...
     [exec] Selecting previously unselected package python3-lazr.uri.
     [exec] Preparing to unpack .../48-python3-lazr.uri_1.0.6-3_all.deb ...
     [exec] Unpacking python3-lazr.uri (1.0.6-3) ...
     [exec] Selecting previously unselected package python3-wadllib.
     [exec] Preparing to unpack .../49-python3-wadllib_1.3.6-5_all.deb ...
     [exec] Unpacking python3-wadllib (1.3.6-5) ...
     [exec] Selecting previously unselected package python3-distro.
     [exec] Preparing to unpack .../50-python3-distro_1.9.0-1_all.deb ...
     [exec] Unpacking python3-distro (1.9.0-1) ...
     [exec] Selecting previously unselected package python3-oauthlib.
     [exec] Preparing to unpack .../51-python3-oauthlib_3.2.2-1_all.deb ...
     [exec] Unpacking python3-oauthlib (3.2.2-1) ...
     [exec] Selecting previously unselected package python3-lazr.restfulclient.
     [exec] Preparing to unpack .../52-python3-lazr.restfulclient_0.14.6-1_all.deb ...
     [exec] Unpacking python3-lazr.restfulclient (0.14.6-1) ...
     [exec] Selecting previously unselected package python3-six.
     [exec] Preparing to unpack .../53-python3-six_1.16.0-4_all.deb ...
     [exec] Unpacking python3-six (1.16.0-4) ...
     [exec] Selecting previously unselected package python3-launchpadlib.
     [exec] Preparing to unpack .../54-python3-launchpadlib_1.11.0-6_all.deb ...
     [exec] Unpacking python3-launchpadlib (1.11.0-6) ...
     [exec] Selecting previously unselected package python3-software-properties.
     [exec] Preparing to unpack .../55-python3-software-properties_0.99.49.1_all.deb ...
     [exec] Unpacking python3-software-properties (0.99.49.1) ...
     [exec] Selecting previously unselected package packagekit.
     [exec] Preparing to unpack .../56-packagekit_1.2.8-2build3_amd64.deb ...
     [exec] Unpacking packagekit (1.2.8-2build3) ...
     [exec] Selecting previously unselected package software-properties-common.
     [exec] Preparing to unpack .../57-software-properties-common_0.99.49.1_all.deb ...
     [exec] Unpacking software-properties-common (0.99.49.1) ...
     [exec] Setting up media-types (10.1.0) ...
     [exec] Setting up systemd-sysv (255.4-1ubuntu8.4) ...
     [exec] Setting up libyaml-0-2:amd64 (0.2.5-1build1) ...
     [exec] Setting up distro-info-data (0.60ubuntu0.2) ...
     [exec] Setting up libcurl3t64-gnutls:amd64 (8.5.0-2ubuntu10.5) ...
     [exec] Setting up libunwind8:amd64 (1.6.2-3build1) ...
     [exec] Setting up libelf1t64:amd64 (0.190-1.1build4) ...
     [exec] Setting up libdw1t64:amd64 (0.190-1.1build4) ...
     [exec] Setting up libcap2-bin (1:2.66-5ubuntu2) ...
     [exec] Setting up libglib2.0-0t64:amd64 (2.80.0-6ubuntu3.2) ...
     [exec] No schema files found: doing nothing.
     [exec] Setting up libglib2.0-data (2.80.0-6ubuntu3.2) ...
     [exec] Setting up libdbus-1-3:amd64 (1.14.10-4ubuntu4.1) ...
     [exec] Setting up gir1.2-glib-2.0:amd64 (2.80.0-6ubuntu3.2) ...
     [exec] Setting up libicu74:amd64 (74.2-1ubuntu3.1) ...
     [exec] Setting up python-apt-common (2.7.7ubuntu3) ...
     [exec] Setting up libduktape207:amd64 (2.7.0+tests-0ubuntu3) ...
     [exec] Setting up dbus-session-bus-common (1.14.10-4ubuntu4.1) ...
     [exec] Setting up libgirepository-1.0-1:amd64 (1.80.1-1) ...
     [exec] Setting up netbase (6.4) ...
     [exec] Setting up sgml-base (1.31) ...
     [exec] Setting up libstemmer0d:amd64 (2.2.0-4build1) ...
     [exec] Setting up lsb-release (12.0-2) ...
     [exec] Setting up dbus-system-bus-common (1.14.10-4ubuntu4.1) ...
     [exec] Setting up libxml2:amd64 (2.9.14+dfsg-1.3ubuntu3) ...
     [exec] Setting up iso-codes (4.16.0-1) ...
     [exec] Setting up dbus-bin (1.14.10-4ubuntu4.1) ...
     [exec] Setting up libpolkit-gobject-1-0:amd64 (124-2ubuntu1) ...
     [exec] Setting up libgstreamer1.0-0:amd64 (1.24.2-1) ...
     [exec] Setcap worked! gst-ptp-helper is not suid!
     [exec] Setting up libpython3.12-stdlib:amd64 (3.12.3-1ubuntu0.3) ...
     [exec] Setting up libxmlb2:amd64 (0.3.18-1) ...
     [exec] Setting up python3.12 (3.12.3-1ubuntu0.3) ...
     [exec] Setting up libglib2.0-bin (2.80.0-6ubuntu3.2) ...
     [exec] Setting up libpackagekit-glib2-18:amd64 (1.2.8-2build3) ...
     [exec] Setting up libappstream5:amd64 (1.0.2-1build6) ...
     [exec] Setting up dbus-daemon (1.14.10-4ubuntu4.1) ...
     [exec] Setting up gir1.2-packagekitglib-1.0 (1.2.8-2build3) ...
     [exec] Setting up gir1.2-girepository-2.0:amd64 (1.80.1-1) ...
     [exec] Setting up dbus (1.14.10-4ubuntu4.1) ...
     [exec] Setting up xml-core (0.19) ...
     [exec] Setting up libpam-systemd:amd64 (255.4-1ubuntu8.4) ...
     [exec] debconf: unable to initialize frontend: Dialog
     [exec] debconf: (TERM is not set, so the dialog frontend is not usable.)
     [exec] debconf: falling back to frontend: Readline
     [exec] debconf: unable to initialize frontend: Readline
     [exec] debconf: (Can't locate Term/ReadLine.pm in @INC (you may need to install the Term::ReadLine module) (@INC entries checked: /etc/perl /usr/local/lib/x86_64-linux-gnu/perl/5.38.2 /usr/local/share/perl/5.38.2 /usr/lib/x86_64-linux-gnu/perl5/5.38 /usr/share/perl5 /usr/lib/x86_64-linux-gnu/perl-base /usr/lib/x86_64-linux-gnu/perl/5.38 /usr/share/perl/5.38 /usr/local/lib/site_perl) at /usr/share/perl5/Debconf/FrontEnd/Readline.pm line 8.)
     [exec] debconf: falling back to frontend: Teletype
     [exec] Setting up libpolkit-agent-1-0:amd64 (124-2ubuntu1) ...
     [exec] Setting up libpython3-stdlib:amd64 (3.12.3-0ubuntu2) ...
     [exec] Setting up python3 (3.12.3-0ubuntu2) ...
     [exec] running python rtupdate hooks for python3.12...
     [exec] running python post-rtupdate hooks for python3.12...
     [exec] Setting up python3-six (1.16.0-4) ...
     [exec] Setting up python3-pyparsing (3.1.1-1) ...
     [exec] Setting up python3-gi (3.48.2-1) ...
     [exec] Setting up python3-httplib2 (0.20.4-3) ...
     [exec] Setting up python3-cffi-backend:amd64 (1.16.0-2build1) ...
     [exec] Setting up python3-blinker (1.7.0-1) ...
     [exec] Setting up python3-pkg-resources (68.1.2-2ubuntu1.1) ...
     [exec] Setting up python3-dbus (1.3.2-5build3) ...
     [exec] Setting up python3-distro (1.9.0-1) ...
     [exec] Setting up python3-jwt (2.7.0-1) ...
     [exec] Setting up python3-apt (2.7.7ubuntu3) ...
     [exec] Setting up python3-lazr.uri (1.0.6-3) ...
     [exec] Setting up python3-cryptography (41.0.7-4ubuntu0.1) ...
     [exec] Setting up python3-wadllib (1.3.6-5) ...
     [exec] Setting up python3-oauthlib (3.2.2-1) ...
     [exec] Setting up python3-lazr.restfulclient (0.14.6-1) ...
     [exec] Setting up python3-launchpadlib (1.11.0-6) ...
     [exec] Created symlink /etc/systemd/user/timers.target.wants/launchpadlib-cache-clean.timer → /usr/lib/systemd/user/launchpadlib-cache-clean.timer.
     [exec] Setting up python3-software-properties (0.99.49.1) ...
     [exec] Processing triggers for libc-bin (2.39-0ubuntu8.3) ...
     [exec] Processing triggers for sgml-base (1.31) ...
     [exec] Setting up polkitd (124-2ubuntu1) ...
     [exec] Creating group 'polkitd' with GID 997.
     [exec] Creating user 'polkitd' (User for polkitd) with UID 997 and GID 997.
     [exec] invoke-rc.d: could not determine current runlevel
     [exec] invoke-rc.d: policy-rc.d denied execution of reload.
     [exec] start-stop-daemon: unable to stat /usr/libexec/polkitd (No such file or directory)
     [exec] Setting up packagekit (1.2.8-2build3) ...
     [exec] invoke-rc.d: could not determine current runlevel
     [exec] invoke-rc.d: policy-rc.d denied execution of force-reload.
     [exec] Failed to open connection to "system" message bus: Failed to connect to socket /run/dbus/system_bus_socket: No such file or directory
     [exec] Created symlink /etc/systemd/user/sockets.target.wants/pk-debconf-helper.socket → /usr/lib/systemd/user/pk-debconf-helper.socket.
     [exec] Setting up software-properties-common (0.99.49.1) ...
     [exec] Processing triggers for dbus (1.14.10-4ubuntu4.1) ...
     [exec] Hit:1 http://archive.ubuntu.com/ubuntu noble InRelease
     [exec] Hit:2 http://security.ubuntu.com/ubuntu noble-security InRelease
     [exec] Get:3 http://archive.ubuntu.com/ubuntu noble-updates InRelease [126 kB]
     [exec] Get:4 https://ppa.launchpadcontent.net/ubuntu-toolchain-r/test/ubuntu noble InRelease [24.4 kB]
     [exec] Hit:5 http://archive.ubuntu.com/ubuntu noble-backports InRelease
     [exec] Fetched 150 kB in 0s (473 kB/s)
     [exec] Reading package lists...
     [exec] PPA publishes dbgsym, you may need to include 'main/debug' component
     [exec] Repository: 'Types: deb
     [exec] URIs: https://ppa.launchpadcontent.net/ubuntu-toolchain-r/test/ubuntu/
     [exec] Suites: noble
     [exec] Components: main
     [exec] '
     [exec] Description:
     [exec] Toolchain test builds; see https://wiki.ubuntu.com/ToolChain
     [exec] 
     [exec] More info: https://launchpad.net/~ubuntu-toolchain-r/+archive/ubuntu/test
     [exec] Adding repository.
     [exec] Hit:1 http://security.ubuntu.com/ubuntu noble-security InRelease
     [exec] Hit:2 http://archive.ubuntu.com/ubuntu noble InRelease
     [exec] Hit:3 https://ppa.launchpadcontent.net/ubuntu-toolchain-r/test/ubuntu noble InRelease
     [exec] Hit:4 http://archive.ubuntu.com/ubuntu noble-updates InRelease
     [exec] Hit:5 http://archive.ubuntu.com/ubuntu noble-backports InRelease
     [exec] Reading package lists...
     [exec] Reading package lists...
     [exec] Building dependency tree...
     [exec] Reading state information...
     [exec] wget is already the newest version (1.21.4-1ubuntu4.1).
     [exec] tar is already the newest version (1.35+dfsg-3build1).
     [exec] The following additional packages will be installed:
     [exec]   ant ca-certificates-java default-jre-headless git-man java-common
     [exec]   liberror-perl libgdbm-compat4t64 libgdbm6t64 libjpeg-turbo8 libjpeg8
     [exec]   liblcms2-2 libnspr4 libnss3 libpcsclite1 libperl5.38t64
     [exec]   openjdk-21-jre-headless perl perl-modules-5.38
     [exec] Suggested packages:
     [exec]   ant-doc default-jdk | java-compiler | java-sdk antlr javacc junit junit4
     [exec]   jython libactivation-java libbcel-java libbsf-java libcommons-logging-java
     [exec]   libcommons-net-java libmail-java libjaxp1.3-java libjdepend-java
     [exec]   libjsch-java liblog4j1.2-java liboro-java libregexp-java libxalan2-java
     [exec]   libxml-commons-resolver1.1-java libxz-java default-jre gettext-base
     [exec]   git-daemon-run | git-daemon-sysvinit git-doc git-email git-gui gitk gitweb
     [exec]   git-cvs git-mediawiki git-svn gdbm-l10n liblcms2-utils pcscd libnss-mdns
     [exec]   fonts-dejavu-extra fonts-ipafont-gothic fonts-ipafont-mincho
     [exec]   fonts-wqy-microhei | fonts-wqy-zenhei fonts-indic perl-doc
     [exec]   libterm-readline-gnu-perl | libterm-readline-perl-perl make
     [exec]   libtap-harness-archive-perl
     [exec] Recommended packages:
     [exec]   patch less ssh-client libcups2t64 libharfbuzz0b libasound2t64
     [exec] The following NEW packages will be installed:
     [exec]   ant ant-optional ca-certificates-java default-jre-headless git git-man
     [exec]   java-common liberror-perl libgdbm-compat4t64 libgdbm6t64 libjpeg-turbo8
     [exec]   libjpeg8 liblcms2-2 libnspr4 libnss3 libpcsclite1 libperl5.38t64
     [exec]   openjdk-21-jre-headless perl perl-modules-5.38
     [exec] 0 upgraded, 20 newly installed, 0 to remove and 1 not upgraded.
     [exec] Need to get 64.0 MB of archives.
     [exec] After this operation, 286 MB of additional disk space will be used.
     [exec] Get:1 http://archive.ubuntu.com/ubuntu noble/main amd64 perl-modules-5.38 all 5.38.2-3.2build2 [3,110 kB]
     [exec] Get:2 http://archive.ubuntu.com/ubuntu noble/main amd64 libgdbm6t64 amd64 1.23-5.1build1 [34.4 kB]
     [exec] Get:3 http://archive.ubuntu.com/ubuntu noble/main amd64 libgdbm-compat4t64 amd64 1.23-5.1build1 [6,710 B]
     [exec] Get:4 http://archive.ubuntu.com/ubuntu noble/main amd64 libperl5.38t64 amd64 5.38.2-3.2build2 [4,873 kB]
     [exec] Get:5 http://archive.ubuntu.com/ubuntu noble/main amd64 perl amd64 5.38.2-3.2build2 [231 kB]
     [exec] Get:6 http://archive.ubuntu.com/ubuntu noble/main amd64 ca-certificates-java all 20240118 [11.6 kB]
     [exec] Get:7 http://archive.ubuntu.com/ubuntu noble/main amd64 java-common all 0.75+exp1 [6,798 B]
     [exec] Get:8 http://archive.ubuntu.com/ubuntu noble/main amd64 liblcms2-2 amd64 2.14-2build1 [161 kB]
     [exec] Get:9 http://archive.ubuntu.com/ubuntu noble/main amd64 libjpeg-turbo8 amd64 2.1.5-2ubuntu2 [150 kB]
     [exec] Get:10 http://archive.ubuntu.com/ubuntu noble/main amd64 libjpeg8 amd64 8c-2ubuntu11 [2,148 B]
     [exec] Get:11 http://archive.ubuntu.com/ubuntu noble/main amd64 libnspr4 amd64 2:4.35-1.1build1 [117 kB]
     [exec] Get:12 http://archive.ubuntu.com/ubuntu noble/main amd64 libnss3 amd64 2:3.98-1build1 [1,445 kB]
     [exec] Get:13 http://archive.ubuntu.com/ubuntu noble/main amd64 libpcsclite1 amd64 2.0.3-1build1 [21.4 kB]
     [exec] Get:14 http://archive.ubuntu.com/ubuntu noble-updates/main amd64 openjdk-21-jre-headless amd64 21.0.5+11-1ubuntu1~24.04 [46.4 MB]
     [exec] Get:15 http://archive.ubuntu.com/ubuntu noble/main amd64 default-jre-headless amd64 2:1.21-75+exp1 [3,094 B]
     [exec] Get:16 http://archive.ubuntu.com/ubuntu noble/universe amd64 ant all 1.10.14-1 [2,147 kB]
     [exec] Get:17 http://archive.ubuntu.com/ubuntu noble/universe amd64 ant-optional all 1.10.14-1 [451 kB]
     [exec] Get:18 http://archive.ubuntu.com/ubuntu noble/main amd64 liberror-perl all 0.17029-2 [25.6 kB]
     [exec] Get:19 http://archive.ubuntu.com/ubuntu noble-updates/main amd64 git-man all 1:2.43.0-1ubuntu7.1 [1,100 kB]
     [exec] Get:20 http://archive.ubuntu.com/ubuntu noble-updates/main amd64 git amd64 1:2.43.0-1ubuntu7.1 [3,679 kB]
     [exec] debconf: delaying package configuration, since apt-utils is not installed
     [exec] Fetched 64.0 MB in 1s (67.0 MB/s)
     [exec] Selecting previously unselected package perl-modules-5.38.
     [exec] (Reading database ... 
     [exec] (Reading database ... 5%(Reading database ... 10%(Reading database ... 15%(Reading database ... 20%(Reading database ... 25%(Reading database ... 30%(Reading database ... 35%(Reading database ... 40%(Reading database ... 45%(Reading database ... 50%(Reading database ... 55%(Reading database ... 60%(Reading database ... 65%(Reading database ... 70%(Reading database ... 75%(Reading database ... 80%(Reading database ... 85%(Reading database ... 90%(Reading database ... 95%(Reading database ... 100%(Reading database ... 11252 files and directories currently installed.)Preparing to unpack .../00-perl-modules-5.38_5.38.2-3.2build2_all.deb ...
     [exec] Unpacking perl-modules-5.38 (5.38.2-3.2build2) ...
     [exec] Selecting previously unselected package libgdbm6t64:amd64.
     [exec] Preparing to unpack .../01-libgdbm6t64_1.23-5.1build1_amd64.deb ...
     [exec] Unpacking libgdbm6t64:amd64 (1.23-5.1build1) ...
     [exec] Selecting previously unselected package libgdbm-compat4t64:amd64.
     [exec] Preparing to unpack .../02-libgdbm-compat4t64_1.23-5.1build1_amd64.deb ...
     [exec] Unpacking libgdbm-compat4t64:amd64 (1.23-5.1build1) ...
     [exec] Selecting previously unselected package libperl5.38t64:amd64.
     [exec] Preparing to unpack .../03-libperl5.38t64_5.38.2-3.2build2_amd64.deb ...
     [exec] Unpacking libperl5.38t64:amd64 (5.38.2-3.2build2) ...
     [exec] Selecting previously unselected package perl.
     [exec] Preparing to unpack .../04-perl_5.38.2-3.2build2_amd64.deb ...
     [exec] Unpacking perl (5.38.2-3.2build2) ...
     [exec] Selecting previously unselected package ca-certificates-java.
     [exec] Preparing to unpack .../05-ca-certificates-java_20240118_all.deb ...
     [exec] Unpacking ca-certificates-java (20240118) ...
     [exec] Selecting previously unselected package java-common.
     [exec] Preparing to unpack .../06-java-common_0.75+exp1_all.deb ...
     [exec] Unpacking java-common (0.75+exp1) ...
     [exec] Selecting previously unselected package liblcms2-2:amd64.
     [exec] Preparing to unpack .../07-liblcms2-2_2.14-2build1_amd64.deb ...
     [exec] Unpacking liblcms2-2:amd64 (2.14-2build1) ...
     [exec] Selecting previously unselected package libjpeg-turbo8:amd64.
     [exec] Preparing to unpack .../08-libjpeg-turbo8_2.1.5-2ubuntu2_amd64.deb ...
     [exec] Unpacking libjpeg-turbo8:amd64 (2.1.5-2ubuntu2) ...
     [exec] Selecting previously unselected package libjpeg8:amd64.
     [exec] Preparing to unpack .../09-libjpeg8_8c-2ubuntu11_amd64.deb ...
     [exec] Unpacking libjpeg8:amd64 (8c-2ubuntu11) ...
     [exec] Selecting previously unselected package libnspr4:amd64.
     [exec] Preparing to unpack .../10-libnspr4_2%3a4.35-1.1build1_amd64.deb ...
     [exec] Unpacking libnspr4:amd64 (2:4.35-1.1build1) ...
     [exec] Selecting previously unselected package libnss3:amd64.
     [exec] Preparing to unpack .../11-libnss3_2%3a3.98-1build1_amd64.deb ...
     [exec] Unpacking libnss3:amd64 (2:3.98-1build1) ...
     [exec] Selecting previously unselected package libpcsclite1:amd64.
     [exec] Preparing to unpack .../12-libpcsclite1_2.0.3-1build1_amd64.deb ...
     [exec] Unpacking libpcsclite1:amd64 (2.0.3-1build1) ...
     [exec] Selecting previously unselected package openjdk-21-jre-headless:amd64.
     [exec] Preparing to unpack .../13-openjdk-21-jre-headless_21.0.5+11-1ubuntu1~24.04_amd64.deb ...
     [exec] Unpacking openjdk-21-jre-headless:amd64 (21.0.5+11-1ubuntu1~24.04) ...
     [exec] Selecting previously unselected package default-jre-headless.
     [exec] Preparing to unpack .../14-default-jre-headless_2%3a1.21-75+exp1_amd64.deb ...
     [exec] Unpacking default-jre-headless (2:1.21-75+exp1) ...
     [exec] Selecting previously unselected package ant.
     [exec] Preparing to unpack .../15-ant_1.10.14-1_all.deb ...
     [exec] Unpacking ant (1.10.14-1) ...
     [exec] Selecting previously unselected package ant-optional.
     [exec] Preparing to unpack .../16-ant-optional_1.10.14-1_all.deb ...
     [exec] Unpacking ant-optional (1.10.14-1) ...
     [exec] Selecting previously unselected package liberror-perl.
     [exec] Preparing to unpack .../17-liberror-perl_0.17029-2_all.deb ...
     [exec] Unpacking liberror-perl (0.17029-2) ...
     [exec] Selecting previously unselected package git-man.
     [exec] Preparing to unpack .../18-git-man_1%3a2.43.0-1ubuntu7.1_all.deb ...
     [exec] Unpacking git-man (1:2.43.0-1ubuntu7.1) ...
     [exec] Selecting previously unselected package git.
     [exec] Preparing to unpack .../19-git_1%3a2.43.0-1ubuntu7.1_amd64.deb ...
     [exec] Unpacking git (1:2.43.0-1ubuntu7.1) ...
     [exec] Setting up liblcms2-2:amd64 (2.14-2build1) ...
     [exec] Setting up libgdbm6t64:amd64 (1.23-5.1build1) ...
     [exec] Setting up java-common (0.75+exp1) ...
     [exec] Setting up libgdbm-compat4t64:amd64 (1.23-5.1build1) ...
     [exec] Setting up libnspr4:amd64 (2:4.35-1.1build1) ...
     [exec] Setting up perl-modules-5.38 (5.38.2-3.2build2) ...
     [exec] Setting up libpcsclite1:amd64 (2.0.3-1build1) ...
     [exec] Setting up libjpeg-turbo8:amd64 (2.1.5-2ubuntu2) ...
     [exec] Setting up git-man (1:2.43.0-1ubuntu7.1) ...
     [exec] Setting up libperl5.38t64:amd64 (5.38.2-3.2build2) ...
     [exec] Setting up ca-certificates-java (20240118) ...
     [exec] No JRE found. Skipping Java certificates setup.
     [exec] Setting up libjpeg8:amd64 (8c-2ubuntu11) ...
     [exec] Setting up libnss3:amd64 (2:3.98-1build1) ...
     [exec] Setting up perl (5.38.2-3.2build2) ...
     [exec] Setting up openjdk-21-jre-headless:amd64 (21.0.5+11-1ubuntu1~24.04) ...
     [exec] update-alternatives: using /usr/lib/jvm/java-21-openjdk-amd64/bin/java to provide /usr/bin/java (java) in auto mode
     [exec] update-alternatives: using /usr/lib/jvm/java-21-openjdk-amd64/bin/jpackage to provide /usr/bin/jpackage (jpackage) in auto mode
     [exec] update-alternatives: using /usr/lib/jvm/java-21-openjdk-amd64/bin/keytool to provide /usr/bin/keytool (keytool) in auto mode
     [exec] update-alternatives: using /usr/lib/jvm/java-21-openjdk-amd64/bin/rmiregistry to provide /usr/bin/rmiregistry (rmiregistry) in auto mode
     [exec] update-alternatives: using /usr/lib/jvm/java-21-openjdk-amd64/lib/jexec to provide /usr/bin/jexec (jexec) in auto mode
     [exec] Setting up liberror-perl (0.17029-2) ...
     [exec] Setting up git (1:2.43.0-1ubuntu7.1) ...
     [exec] Processing triggers for libc-bin (2.39-0ubuntu8.3) ...
     [exec] Processing triggers for ca-certificates-java (20240118) ...
     [exec] Adding debian:ACCVRAIZ1.pem
     [exec] Adding debian:AC_RAIZ_FNMT-RCM.pem
     [exec] Adding debian:AC_RAIZ_FNMT-RCM_SERVIDORES_SEGUROS.pem
     [exec] Adding debian:Actalis_Authentication_Root_CA.pem
     [exec] Adding debian:AffirmTrust_Commercial.pem
     [exec] Adding debian:AffirmTrust_Networking.pem
     [exec] Adding debian:AffirmTrust_Premium_ECC.pem
     [exec] Adding debian:AffirmTrust_Premium.pem
     [exec] Adding debian:Amazon_Root_CA_1.pem
     [exec] Adding debian:Amazon_Root_CA_2.pem
     [exec] Adding debian:Amazon_Root_CA_3.pem
     [exec] Adding debian:Amazon_Root_CA_4.pem
     [exec] Adding debian:ANF_Secure_Server_Root_CA.pem
     [exec] Adding debian:Atos_TrustedRoot_2011.pem
     [exec] Adding debian:Atos_TrustedRoot_Root_CA_ECC_TLS_2021.pem
     [exec] Adding debian:Atos_TrustedRoot_Root_CA_RSA_TLS_2021.pem
     [exec] Adding debian:Autoridad_de_Certificacion_Firmaprofesional_CIF_A62634068.pem
     [exec] Adding debian:Baltimore_CyberTrust_Root.pem
     [exec] Adding debian:BJCA_Global_Root_CA1.pem
     [exec] Adding debian:BJCA_Global_Root_CA2.pem
     [exec] Adding debian:Buypass_Class_2_Root_CA.pem
     [exec] Adding debian:Buypass_Class_3_Root_CA.pem
     [exec] Adding debian:CA_Disig_Root_R2.pem
     [exec] Adding debian:Certainly_Root_E1.pem
     [exec] Adding debian:Certainly_Root_R1.pem
     [exec] Adding debian:Certigna.pem
     [exec] Adding debian:Certigna_Root_CA.pem
     [exec] Adding debian:certSIGN_Root_CA_G2.pem
     [exec] Adding debian:certSIGN_ROOT_CA.pem
     [exec] Adding debian:Certum_EC-384_CA.pem
     [exec] Adding debian:Certum_Trusted_Network_CA_2.pem
     [exec] Adding debian:Certum_Trusted_Network_CA.pem
     [exec] Adding debian:Certum_Trusted_Root_CA.pem
     [exec] Adding debian:CFCA_EV_ROOT.pem
     [exec] Adding debian:CommScope_Public_Trust_ECC_Root-01.pem
     [exec] Adding debian:CommScope_Public_Trust_ECC_Root-02.pem
     [exec] Adding debian:CommScope_Public_Trust_RSA_Root-01.pem
     [exec] Adding debian:CommScope_Public_Trust_RSA_Root-02.pem
     [exec] Adding debian:Comodo_AAA_Services_root.pem
     [exec] Adding debian:COMODO_Certification_Authority.pem
     [exec] Adding debian:COMODO_ECC_Certification_Authority.pem
     [exec] Adding debian:COMODO_RSA_Certification_Authority.pem
     [exec] Adding debian:DigiCert_Assured_ID_Root_CA.pem
     [exec] Adding debian:DigiCert_Assured_ID_Root_G2.pem
     [exec] Adding debian:DigiCert_Assured_ID_Root_G3.pem
     [exec] Adding debian:DigiCert_Global_Root_CA.pem
     [exec] Adding debian:DigiCert_Global_Root_G2.pem
     [exec] Adding debian:DigiCert_Global_Root_G3.pem
     [exec] Adding debian:DigiCert_High_Assurance_EV_Root_CA.pem
     [exec] Adding debian:DigiCert_TLS_ECC_P384_Root_G5.pem
     [exec] Adding debian:DigiCert_TLS_RSA4096_Root_G5.pem
     [exec] Adding debian:DigiCert_Trusted_Root_G4.pem
     [exec] Adding debian:D-TRUST_BR_Root_CA_1_2020.pem
     [exec] Adding debian:D-TRUST_EV_Root_CA_1_2020.pem
     [exec] Adding debian:D-TRUST_Root_Class_3_CA_2_2009.pem
     [exec] Adding debian:D-TRUST_Root_Class_3_CA_2_EV_2009.pem
     [exec] Adding debian:emSign_ECC_Root_CA_-_C3.pem
     [exec] Adding debian:emSign_ECC_Root_CA_-_G3.pem
     [exec] Adding debian:emSign_Root_CA_-_C1.pem
     [exec] Adding debian:emSign_Root_CA_-_G1.pem
     [exec] Adding debian:Entrust.net_Premium_2048_Secure_Server_CA.pem
     [exec] Adding debian:Entrust_Root_Certification_Authority_-_EC1.pem
     [exec] Adding debian:Entrust_Root_Certification_Authority_-_G2.pem
     [exec] Adding debian:Entrust_Root_Certification_Authority_-_G4.pem
     [exec] Adding debian:Entrust_Root_Certification_Authority.pem
     [exec] Adding debian:ePKI_Root_Certification_Authority.pem
     [exec] Adding debian:e-Szigno_Root_CA_2017.pem
     [exec] Adding debian:GDCA_TrustAUTH_R5_ROOT.pem
     [exec] Adding debian:GlobalSign_ECC_Root_CA_-_R4.pem
     [exec] Adding debian:GlobalSign_ECC_Root_CA_-_R5.pem
     [exec] Adding debian:GlobalSign_Root_CA.pem
     [exec] Adding debian:GlobalSign_Root_CA_-_R3.pem
     [exec] Adding debian:GlobalSign_Root_CA_-_R6.pem
     [exec] Adding debian:GlobalSign_Root_E46.pem
     [exec] Adding debian:GlobalSign_Root_R46.pem
     [exec] Adding debian:GLOBALTRUST_2020.pem
     [exec] Adding debian:Go_Daddy_Class_2_CA.pem
     [exec] Adding debian:Go_Daddy_Root_Certificate_Authority_-_G2.pem
     [exec] Adding debian:GTS_Root_R1.pem
     [exec] Adding debian:GTS_Root_R2.pem
     [exec] Adding debian:GTS_Root_R3.pem
     [exec] Adding debian:GTS_Root_R4.pem
     [exec] Adding debian:HARICA_TLS_ECC_Root_CA_2021.pem
     [exec] Adding debian:HARICA_TLS_RSA_Root_CA_2021.pem
     [exec] Adding debian:Hellenic_Academic_and_Research_Institutions_ECC_RootCA_2015.pem
     [exec] Adding debian:Hellenic_Academic_and_Research_Institutions_RootCA_2015.pem
     [exec] Adding debian:HiPKI_Root_CA_-_G1.pem
     [exec] Adding debian:Hongkong_Post_Root_CA_3.pem
     [exec] Adding debian:IdenTrust_Commercial_Root_CA_1.pem
     [exec] Adding debian:IdenTrust_Public_Sector_Root_CA_1.pem
     [exec] Adding debian:ISRG_Root_X1.pem
     [exec] Adding debian:ISRG_Root_X2.pem
     [exec] Adding debian:Izenpe.com.pem
     [exec] Adding debian:Microsec_e-Szigno_Root_CA_2009.pem
     [exec] Adding debian:Microsoft_ECC_Root_Certificate_Authority_2017.pem
     [exec] Adding debian:Microsoft_RSA_Root_Certificate_Authority_2017.pem
     [exec] Adding debian:NAVER_Global_Root_Certification_Authority.pem
     [exec] Adding debian:NetLock_Arany_=Class_Gold=_Főtanúsítvány.pem
     [exec] Adding debian:OISTE_WISeKey_Global_Root_GB_CA.pem
     [exec] Adding debian:OISTE_WISeKey_Global_Root_GC_CA.pem
     [exec] Adding debian:QuoVadis_Root_CA_1_G3.pem
     [exec] Adding debian:QuoVadis_Root_CA_2_G3.pem
     [exec] Adding debian:QuoVadis_Root_CA_2.pem
     [exec] Adding debian:QuoVadis_Root_CA_3_G3.pem
     [exec] Adding debian:QuoVadis_Root_CA_3.pem
     [exec] Adding debian:Sectigo_Public_Server_Authentication_Root_E46.pem
     [exec] Adding debian:Sectigo_Public_Server_Authentication_Root_R46.pem
     [exec] Adding debian:Secure_Global_CA.pem
     [exec] Adding debian:SecureSign_RootCA11.pem
     [exec] Adding debian:SecureTrust_CA.pem
     [exec] Adding debian:Security_Communication_ECC_RootCA1.pem
     [exec] Adding debian:Security_Communication_RootCA2.pem
     [exec] Adding debian:Security_Communication_RootCA3.pem
     [exec] Adding debian:Security_Communication_Root_CA.pem
     [exec] Adding debian:SSL.com_EV_Root_Certification_Authority_ECC.pem
     [exec] Adding debian:SSL.com_EV_Root_Certification_Authority_RSA_R2.pem
     [exec] Adding debian:SSL.com_Root_Certification_Authority_ECC.pem
     [exec] Adding debian:SSL.com_Root_Certification_Authority_RSA.pem
     [exec] Adding debian:SSL.com_TLS_ECC_Root_CA_2022.pem
     [exec] Adding debian:SSL.com_TLS_RSA_Root_CA_2022.pem
     [exec] Adding debian:Starfield_Class_2_CA.pem
     [exec] Adding debian:Starfield_Root_Certificate_Authority_-_G2.pem
     [exec] Adding debian:Starfield_Services_Root_Certificate_Authority_-_G2.pem
     [exec] Adding debian:SwissSign_Gold_CA_-_G2.pem
     [exec] Adding debian:SwissSign_Silver_CA_-_G2.pem
     [exec] Adding debian:SZAFIR_ROOT_CA2.pem
     [exec] Adding debian:Telia_Root_CA_v2.pem
     [exec] Adding debian:TeliaSonera_Root_CA_v1.pem
     [exec] Adding debian:TrustAsia_Global_Root_CA_G3.pem
     [exec] Adding debian:TrustAsia_Global_Root_CA_G4.pem
     [exec] Adding debian:Trustwave_Global_Certification_Authority.pem
     [exec] Adding debian:Trustwave_Global_ECC_P256_Certification_Authority.pem
     [exec] Adding debian:Trustwave_Global_ECC_P384_Certification_Authority.pem
     [exec] Adding debian:T-TeleSec_GlobalRoot_Class_2.pem
     [exec] Adding debian:T-TeleSec_GlobalRoot_Class_3.pem
     [exec] Adding debian:TUBITAK_Kamu_SM_SSL_Kok_Sertifikasi_-_Surum_1.pem
     [exec] Adding debian:TunTrust_Root_CA.pem
     [exec] Adding debian:TWCA_Global_Root_CA.pem
     [exec] Adding debian:TWCA_Root_Certification_Authority.pem
     [exec] Adding debian:UCA_Extended_Validation_Root.pem
     [exec] Adding debian:UCA_Global_G2_Root.pem
     [exec] Adding debian:USERTrust_ECC_Certification_Authority.pem
     [exec] Adding debian:USERTrust_RSA_Certification_Authority.pem
     [exec] Adding debian:vTrus_ECC_Root_CA.pem
     [exec] Adding debian:vTrus_Root_CA.pem
     [exec] Adding debian:XRamp_Global_CA_Root.pem
     [exec] done.
     [exec] Setting up ant (1.10.14-1) ...
     [exec] Setting up default-jre-headless (2:1.21-75+exp1) ...
     [exec] Setting up ant-optional (1.10.14-1) ...
     [exec] --> dc6bed929aa2
     [exec] STEP 5/21: ENV JAVA_TOOL_OPTIONS=" -Dfile.encoding=UTF8 -Djava.security.egd=file:/dev/./urandom"
     [exec] --> 62238052e324
     [exec] STEP 6/21: ENV TEST_HOME /derby
     [exec] --> a8093a0f3f90
     [exec] STEP 7/21: ENV APPLICATION_NAME=derby
     [exec] --> 01cb76817ddc
     [exec] STEP 8/21: ENV APPLICATION_TAG=trunk
     [exec] --> 9b31a2c13385
     [exec] STEP 9/21: ENV OS_TAG=ubuntu
     [exec] --> b696bd66c397
     [exec] STEP 10/21: ENV JDK_VERSION=21
     [exec] --> 35e145b4e51d
     [exec] STEP 11/21: ENV JDK_IMPL=hotspot
     [exec] --> d82bf8772673
     [exec] STEP 12/21: ENV DERBY_TAG=$DERBY_TAG
     [exec] --> 3a170864c962
     [exec] STEP 13/21: RUN git clone https://github.com/apache/derby.git
     [exec] Cloning into 'derby'...
     [exec] --> ac85fb72afa7
     [exec] STEP 14/21: WORKDIR /derby/
     [exec] --> 4d899593c5f5
     [exec] STEP 15/21: RUN git checkout $DERBY_TAG
     [exec] Already on 'trunk'
     [exec] Your branch is up to date with 'origin/trunk'.
     [exec] --> 12e35780e4a1
     [exec] STEP 16/21: WORKDIR /
     [exec] --> 94d369a9f2f9
     [exec] STEP 17/21: COPY derby/test.sh /test.sh
     [exec] --> 0410b3a20f79
     [exec] STEP 18/21: COPY test_base_functions.sh test_base_functions.sh
     [exec] --> 1ceb07981920
     [exec] STEP 19/21: COPY derby/local.properties ${TEST_HOME}/local.properties
     [exec] --> 24652e16e871
     [exec] STEP 20/21: WORKDIR ${TEST_HOME}
     [exec] --> 639912d29641
     [exec] STEP 21/21: ENTRYPOINT ["/bin/bash", "/test.sh"]
     [exec] COMMIT adoptopenjdk-derby-test:21-jdk-ubuntu-hotspot-full
     [exec] --> f57f4c7b94a0
     [exec] Successfully tagged localhost/adoptopenjdk-derby-test:21-jdk-ubuntu-hotspot-full
     [exec] f57f4c7b94a0bcdda5da2381ced118d2bd729fbf203ba45f53ce9519c7475fe4

dist:
     [copy] Copying 3 files to /home/jvanek/git/jvmtest/external/derby

BUILD SUCCESSFUL
Total time: 37 seconds
0
make[1]: Leaving directory '/home/jvanek/git/aqa-tests/TKG'
JAVA_HOME is set to /tmp/tmp.svcCMPocrN/jdk-21.0.5+11
LIB_DIR is set to /home/jvanek/git/aqa-tests/TKG/../TKG/lib
make -f makeGen.mk AUTO_DETECT= MODE=tests TESTTARGET=derby_test_junit_all TESTLIST=
make[1]: Entering directory '/home/jvanek/git/aqa-tests/TKG'
perl scripts/configure.pl
/tmp/tmp.svcCMPocrN/jdk-21.0.5+11/bin/java -cp "./bin/TestKitGen.jar:/home/jvanek/git/aqa-tests/TKG/../TKG/lib/json-simple.jar" org.testKitGen.MainRunner --mode=tests --spec=linux_x86-64 --microArch="" --osLabel="" --jdkVersion=21 --impl=hotspot --vendor="eclipse" --buildList=external/derby --iterations=1 --aotIterations= --testFlag= --testTarget=derby_test_junit_all --testList= --numOfMachines= --testTime= --TRSSURL= 
Modes data parsed from resources/modes.xml and resources/ottawa.csv.

Starting to generate test make files.

Parsing /home/jvanek/git/aqa-tests/TKG/../external/derby/playlist.xml
Generated /home/jvanek/git/aqa-tests/TKG/../external/derby/autoGen.mk

Generated /home/jvanek/git/aqa-tests/TKG/../external/autoGen.mk

Generated /home/jvanek/git/aqa-tests/TKG/../autoGen.mk

Generated /home/jvanek/git/aqa-tests/TKG/../TKG/utils.mk

Generated /home/jvanek/git/aqa-tests/TKG/../TKG/rerun.mk

Make files are generated successfully.

make[1]: Leaving directory '/home/jvanek/git/aqa-tests/TKG'
make -f runtest.mk _derby_test_junit_all
make[1]: Entering directory '/home/jvanek/git/aqa-tests/TKG'

Running make 4.4.1
set TEST_ROOT to /home/jvanek/git/aqa-tests/TKG/..
set JDK_VERSION to 21
set JDK_IMPL to hotspot
set JVM_VERSION to openjdk21
set JCL_VERSION to latest
set JAVA_HOME to /tmp/tmp.svcCMPocrN/jdk-21.0.5+11
set SPEC to linux_x86-64
set TEST_FLAG to
Running derby_test_junit_all ...
There are 1 test targets in derby_test_junit_all
"/tmp/tmp.svcCMPocrN/jdk-21.0.5+11/bin/java" -version
openjdk version "21.0.5" 2024-10-15 LTS
OpenJDK Runtime Environment Temurin-21.0.5+11 (build 21.0.5+11-LTS)
OpenJDK 64-Bit Server VM Temurin-21.0.5+11 (build 21.0.5+11-LTS, mixed mode, sharing)
make[2]: Entering directory '/home/jvanek/git/aqa-tests'
make[3]: Entering directory '/home/jvanek/git/aqa-tests/external'
make[4]: Entering directory '/home/jvanek/git/aqa-tests/external/derby'

===============================================
Running test derby_test_junit_all_0 ...
===============================================
derby_test_junit_all_0 Start Time: Wed Dec 11 19:13:18 2024 Epoch Time (ms): 1733940798618
variation: NoOptions
JVM_OPTIONS:  
{ \
echo "";	echo "TEST SETUP:"; \
echo "Nothing to be done for setup."; \
mkdir -p "/home/jvanek/git/aqa-tests/TKG/../TKG/output_17339407984995/derby_test_junit_all_0"; \
cd "/home/jvanek/git/aqa-tests/TKG/../TKG/output_17339407984995/derby_test_junit_all_0"; \
echo "";	echo "TESTING:"; \
/home/jvanek/git/aqa-tests/TKG/../external/external.sh --run --tag "" --dir derby --reportdst "/home/jvanek/git/aqa-tests/TKG/../TKG/output_17339407984995/derby_test_junit_all_0" --docker_args "-v /tmp/tmp.svcCMPocrN/jdk-21.0.5+11:/opt/java/openjdk" ; \
	if [ $? -eq 0 ]; then echo "-----------------------------------"; echo "derby_test_junit_all_0""_PASSED"; echo "-----------------------------------"; cd /home/jvanek/git/aqa-tests/TKG/..;  else echo "-----------------------------------"; echo "derby_test_junit_all_0""_FAILED"; echo "-----------------------------------"; fi; \
	/home/jvanek/git/aqa-tests/TKG/../external/external.sh --clean --tag "" --dir derby; \
echo "";	echo "TEST TEARDOWN:"; \
echo "Nothing to be done for teardown."; \
 } 2>&1 | tee -a "/home/jvanek/git/aqa-tests/TKG/../TKG/output_17339407984995/TestTargetResult";

TEST SETUP:
Nothing to be done for setup.

TESTING:
   # =================== Info =================== Info =================== Info =================== #
   # EXTRA_DOCKER_ARGS set as "-v /tmp/tmp.svcCMPocrN/jdk-21.0.5+11:/opt/java/openjdk"                                #
   # =================== Info =================== Info =================== Info =================== #
   # =================== Info =================== Info =================== Info =================== #
   # TEST_JDK_HOME of /tmp/tmp.svcCMPocrN/jdk-21.0.5+11 is used in EXTRA_DOCKER_ARGS                                #
   # =================== Info =================== Info =================== Info =================== #
No DOCKERIMAGE_TAG set, tag as default 'nightly'
DOCKERIMAGE_TAG nightly has been recognized.
The test here is derby
The directory in the external.sh is derby
 podman run --privileged  -v /tmp/tmp.svcCMPocrN/jdk-21.0.5+11:/opt/java/openjdk  --name derby-test --rm adoptopenjdk-derby-test:21-jdk-ubuntu-hotspot-full 
time="2024-12-11T19:13:18+01:00" level=warning msg="Error validating CNI config file /home/jvanek/.config/cni/net.d/87-podman.conflist: [failed to find plugin \"bridge\" in path [/usr/local/libexec/cni /usr/libexec/cni /usr/local/lib/cni /usr/lib/cni /opt/cni/bin] failed to find plugin \"portmap\" in path [/usr/local/libexec/cni /usr/libexec/cni /usr/local/lib/cni /usr/lib/cni /opt/cni/bin] failed to find plugin \"firewall\" in path [/usr/local/libexec/cni /usr/libexec/cni /usr/local/lib/cni /usr/lib/cni /opt/cni/bin] failed to find plugin \"tuning\" in path [/usr/local/libexec/cni /usr/libexec/cni /usr/local/lib/cni /usr/lib/cni /opt/cni/bin]]"
APPLICATION_NAME=derby
APPLICATION_TAG=trunk
OS_TAG=ubuntu
Using /opt mounted Java
JAVA_BIN is: /opt/java/openjdk/bin
=JAVA VERSION OUTPUT BEGIN=
Picked up JAVA_TOOL_OPTIONS:  -Dfile.encoding=UTF8 -Djava.security.egd=file:/dev/./urandom
openjdk version "21.0.5" 2024-10-15 LTS
OpenJDK Runtime Environment Temurin-21.0.5+11 (build 21.0.5+11-LTS)
OpenJDK 64-Bit Server VM Temurin-21.0.5+11 (build 21.0.5+11-LTS, mixed mode, sharing)
=JAVA VERSION OUTPUT END=
Picked up JAVA_TOOL_OPTIONS:  -Dfile.encoding=UTF8 -Djava.security.egd=file:/dev/./urandom
Buildfile: /derby/build.xml

clean:

cleangenerated:

cleanstate:

cleanreleasefiles:

clobber:

BUILD SUCCESSFUL
Total time: 0 seconds
Picked up JAVA_TOOL_OPTIONS:  -Dfile.encoding=UTF8 -Djava.security.egd=file:/dev/./urandom
Buildfile: /derby/build.xml

checkCompilerLevel:

version_check:

junit_check:

install_junit:
      [get] Getting: https://repo1.maven.org/maven2/junit/junit/3.8.2/junit-3.8.2.jar
      [get] To: /derby/tools/java/junit.jar
      [get] ........

makeOutDirs:
    [mkdir] Created dir: /derby/classes
    [mkdir] Created dir: /derby/classes/build
    [mkdir] Created dir: /derby/classes/client
    [mkdir] Created dir: /derby/classes/demo
    [mkdir] Created dir: /derby/classes/drda
    [mkdir] Created dir: /derby/classes/engine
    [mkdir] Created dir: /derby/classes/optional
    [mkdir] Created dir: /derby/classes/run
    [mkdir] Created dir: /derby/classes/shared
    [mkdir] Created dir: /derby/classes/storeless
    [mkdir] Created dir: /derby/classes/stubs
    [mkdir] Created dir: /derby/classes/testing
    [mkdir] Created dir: /derby/classes.pptesting
    [mkdir] Created dir: /derby/classes/tools

prebuild:

compile:
    [javac] Compiling 1 source file to /derby/classes/shared
    [javac] Compiling 2 source files to /derby/classes/build

build:

setCompilerProperties:

init:

make-generated-dirs:
    [mkdir] Created dir: /derby/generated
    [mkdir] Created dir: /derby/generated/bin
    [mkdir] Created dir: /derby/generated/java
    [mkdir] Created dir: /derby/generated/java/org.apache.derby.engine
    [mkdir] Created dir: /derby/generated/java/org.apache.derby.commons
    [mkdir] Created dir: /derby/generated/java/org.apache.derby.tools
    [mkdir] Created dir: /derby/generated/java/org.apache.derby.tests
    [mkdir] Created dir: /derby/generated/java/org.apache.derby.commons/org/apache/derby/shared/common/sanity
    [mkdir] Created dir: /derby/generated/java/org.apache.derby.tools/org/apache/derby/impl/tools/ij
    [mkdir] Created dir: /derby/generated/java/org.apache.derby.engine/org/apache/derby/impl/sql/compile
    [mkdir] Created dir: /derby/generated/java/org.apache.derby.engine/org/apache/derby/loc
    [mkdir] Created dir: /derby/generated/java/org.apache.derby.engine/org/apache/derby/iapi/services/cache
    [mkdir] Created dir: /derby/generated/toursdb

make-release-dirs:
    [mkdir] Created dir: /derby/release
    [mkdir] Created dir: /derby/release/distributions
    [mkdir] Created dir: /derby/release/snapshot
    [mkdir] Created dir: /derby/classes/empty

ensuresanitystate:

evaluate.sane:

ensuresanitystate.sane:

make-generated-dirs:

sane:
[propertyfile] Creating new property file: /derby/generated/java/org.apache.derby.commons/org/apache/derby/shared/common/sanity/state.properties

ensuresanitystate.insane:

setissane:

showenv:
     [echo] 
     [echo] Ant environment:
     [echo]   Base Directory: /derby
     [echo]   Build output: /derby/classes
     [echo]   Compiler: modern
     [echo]   Sane = true
     [echo]   Proceed = no
     [echo] 

getstate:

state:
     [echo]   Generating SanityState.java...
     [copy] Copying 1 file to /derby/generated/java/org.apache.derby.commons/org/apache/derby/shared/common/sanity
[propertyfile] Updating property file: /derby/generated/java/org.apache.derby.commons/org/apache/derby/shared/common/sanity/state.properties

shared:
     [echo] building generated sanity info

compile:
    [javac] Compiling 40 source files to /derby/classes/shared
    [javac] /derby/java/org.apache.derby.commons/org/apache/derby/shared/common/error/MessageUtils.java:49: warning: [deprecation] Locale(String,String) in Locale has been deprecated
    [javac]     private static final Locale EN = new Locale("en", "US");
    [javac]                                      ^
    [javac] /derby/java/org.apache.derby.commons/org/apache/derby/shared/common/error/MessageUtils.java:326: warning: [deprecation] Locale(String,String) in Locale has been deprecated
    [javac]                 locale = new Locale(language, country);
    [javac]                          ^
    [javac] /derby/java/org.apache.derby.commons/org/apache/derby/shared/common/error/MessageUtils.java:332: warning: [deprecation] Locale(String,String,String) in Locale has been deprecated
    [javac]                 locale = new Locale(language, country, variant);
    [javac]                          ^
    [javac] /derby/java/org.apache.derby.commons/org/apache/derby/shared/common/i18n/MessageService.java:50: warning: [deprecation] Locale(String,String) in Locale has been deprecated
    [javac] 	private static final Locale EN = new Locale("en", "US");
    [javac] 	                                 ^
    [javac] /derby/java/org.apache.derby.commons/org/apache/derby/shared/common/i18n/MessageUtil.java:34: warning: [deprecation] Locale(String,String) in Locale has been deprecated
    [javac]     public static final Locale US = new Locale("en", "US");
    [javac]                                     ^
    [javac] /derby/java/org.apache.derby.commons/org/apache/derby/shared/common/sanity/ThreadDump.java:38: warning: [deprecation] getId() in Thread has been deprecated
    [javac]             sb.append("Thread name=" + t.getName() + " id=" + t.getId()
    [javac]                                                                ^
    [javac] Note: Some input files use or override a deprecated API that is marked for removal.
    [javac] Note: Recompile with -Xlint:removal for details.
    [javac] 6 warnings

shared:

felixStubs:
    [mkdir] Created dir: /derby/classes/stubs/felix
    [javac] Compiling 26 source files to /derby/classes/stubs/felix
    [javac] Note: Some input files use or override a deprecated API that is marked for removal.
    [javac] Note: Recompile with -Xlint:removal for details.

engine:

parser:

chkparser:

genParser:
     [echo]   Generating SQL parser...
     [java] Picked up JAVA_TOOL_OPTIONS:  -Dfile.encoding=UTF8 -Djava.security.egd=file:/dev/./urandom
     [java] Java Compiler Compiler Version 4.0 (Parser Generator)
     [java] (type "javacc" with no arguments for help)
     [java] Reading from file sqlgrammar.jj . . .
     [java] Note: UNICODE_INPUT option is specified. Please make sure you create the parser/lexer using a Reader with the correct character encoding.
     [java] File "TokenMgrError.java" does not exist.  Will create one.
     [java] File "ParseException.java" does not exist.  Will create one.
     [java] File "Token.java" does not exist.  Will create one.
     [java] File "CharStream.java" does not exist.  Will create one.
     [java] Parser generated successfully.

engine:
    [javac] Compiling 1404 source files to /derby/classes/engine
    [javac] /derby/java/org.apache.derby.engine/org/apache/derby/iapi/services/io/FileUtil.java:467: warning: [deprecation] URL(String) in URL has been deprecated
    [javac]             URL url = new URL(originalName);
    [javac]                       ^
    [javac] /derby/java/org.apache.derby.engine/org/apache/derby/impl/io/URLFile.java:98: warning: [deprecation] URL(String) in URL has been deprecated
    [javac]             URL url = new URL( path);
    [javac]                       ^
    [javac] /derby/java/org.apache.derby.engine/org/apache/derby/impl/jdbc/XATransactionState.java:91: warning: [deprecation] getId() in Thread has been deprecated
    [javac]                 cancelThreadId = Thread.currentThread().getId();
    [javac]                                                        ^
    [javac] /derby/java/org.apache.derby.engine/org/apache/derby/impl/jdbc/XATransactionState.java:109: warning: [deprecation] getId() in Thread has been deprecated
    [javac]                 cleanupThreadId = Thread.currentThread().getId();
    [javac]                                                         ^
    [javac] /derby/java/org.apache.derby.engine/org/apache/derby/impl/load/ImportReadData.java:250: warning: [deprecation] URL(String) in URL has been deprecated
    [javac]         URL url = new URL(inputFileName);
    [javac]                   ^
    [javac] /derby/java/org.apache.derby.engine/org/apache/derby/impl/services/monitor/BaseMonitor.java:2035: warning: [deprecation] Locale(String,String) in Locale has been deprecated
    [javac] 			return new Locale(language, country);
    [javac] 			       ^
    [javac] /derby/java/org.apache.derby.engine/org/apache/derby/impl/services/monitor/BaseMonitor.java:2040: warning: [deprecation] Locale(String,String,String) in Locale has been deprecated
    [javac] 		return new Locale(language, country, variant);
    [javac] 		       ^
    [javac] /derby/java/org.apache.derby.engine/org/apache/derby/impl/sql/execute/JarUtil.java:369: warning: [deprecation] URL(String) in URL has been deprecated
    [javac]                         return new URL(externalPath).openStream();
    [javac]                                ^
    [javac] /derby/java/org.apache.derby.engine/org/apache/derby/impl/store/raw/RawStore.java:644: warning: [deprecation] URL(String) in URL has been deprecated
    [javac] 			URL url = new URL(backupDir);
    [javac] 			          ^
    [javac] /derby/java/org.apache.derby.engine/org/apache/derby/impl/store/raw/log/LogToFile.java:3171: warning: [deprecation] URL(String) in URL has been deprecated
    [javac] 				URL url = new URL(logDevice);
    [javac] 				          ^
    [javac] /derby/java/org.apache.derby.engine/org/apache/derby/vti/XmlVTI.java:313: warning: [deprecation] URL(String) in URL has been deprecated
    [javac]                          return (new URL( urlString )).openStream();
    [javac]                                  ^
    [javac] Note: Some input files use or override a deprecated API that is marked for removal.
    [javac] Note: Recompile with -Xlint:removal for details.
    [javac] 11 warnings

build_base:

compile:
     [copy] Copying 1 file to /derby/classes/build/org/apache/derbyBuild
    [javac] Compiling 24 source files to /derby/classes/build
    [javac] /derby/java/build/org/apache/derbyBuild/JiraConnector.java:117: warning: [deprecation] URL(String) in URL has been deprecated
    [javac] 		URL url= new URL(XMLurl);
    [javac] 		         ^
    [javac] /derby/java/build/org/apache/derbyBuild/ReleaseNotesGenerator.java:386: warning: [deprecation] URL(String) in URL has been deprecated
    [javac]                     URL url = new URL(issue.getReleaseNoteAddress());
    [javac]                               ^
    [javac] 2 warnings

build:

build:

init:

buildMessages:
    [mkdir] Created dir: /derby/classes/doc

verifysplit:

split:

splitprops:

verifysplit:

noSplit:

chksplit:

doSplit:
    [mkdir] Created dir: /derby/classes/engine/org/apache/derby/loc
    [mkdir] Created dir: /derby/classes/client/org/apache/derby/loc/client
    [mkdir] Created dir: /derby/generated/java/locale_en
    [mkdir] Created dir: /derby/generated/java/locale_en/org/apache/derby/info/locale_en
    [mkdir] Created dir: /derby/classes/locale_en
    [mkdir] Created dir: /derby/classes/locale_en/org/apache/derby/loc/locale_en
     [copy] Copying 1 file to /derby/generated/java/locale_en
     [copy] Copying 1 file to /derby/generated/java/locale_en/org/apache/derby/info/locale_en
    [javac] Compiling 2 source files to /derby/classes/locale_en
     [java] split messages_en
     [java] Copied client messages for _en
    [touch] Creating /derby/classes/engine/org/apache/derby/loc/messages_en.done

splitprops:

verifysplit:

noSplit:

chksplit:

doSplit:
    [mkdir] Created dir: /derby/generated/java/locale_cs
    [mkdir] Created dir: /derby/generated/java/locale_cs/org/apache/derby/info/locale_cs
    [mkdir] Created dir: /derby/classes/locale_cs
    [mkdir] Created dir: /derby/classes/locale_cs/org/apache/derby/loc/locale_cs
     [copy] Copying 1 file to /derby/generated/java/locale_cs
     [copy] Copying 1 file to /derby/generated/java/locale_cs/org/apache/derby/info/locale_cs
    [javac] Compiling 2 source files to /derby/classes/locale_cs
     [java] split messages_cs
     [java] Copied client messages for _cs
    [touch] Creating /derby/classes/engine/org/apache/derby/loc/messages_cs.done

splitprops:

verifysplit:

noSplit:

chksplit:

doSplit:
    [mkdir] Created dir: /derby/generated/java/locale_de_DE
    [mkdir] Created dir: /derby/generated/java/locale_de_DE/org/apache/derby/info/locale_de_DE
    [mkdir] Created dir: /derby/classes/locale_de_DE
    [mkdir] Created dir: /derby/classes/locale_de_DE/org/apache/derby/loc/locale_de_DE
     [copy] Copying 1 file to /derby/generated/java/locale_de_DE
     [copy] Copying 1 file to /derby/generated/java/locale_de_DE/org/apache/derby/info/locale_de_DE
    [javac] Compiling 2 source files to /derby/classes/locale_de_DE
     [java] split messages_de_DE
     [java] Copied client messages for _de_DE
    [touch] Creating /derby/classes/engine/org/apache/derby/loc/messages_de_DE.done

splitprops:

verifysplit:

noSplit:

chksplit:

doSplit:
    [mkdir] Created dir: /derby/generated/java/locale_es
    [mkdir] Created dir: /derby/generated/java/locale_es/org/apache/derby/info/locale_es
    [mkdir] Created dir: /derby/classes/locale_es
    [mkdir] Created dir: /derby/classes/locale_es/org/apache/derby/loc/locale_es
     [copy] Copying 1 file to /derby/generated/java/locale_es
     [copy] Copying 1 file to /derby/generated/java/locale_es/org/apache/derby/info/locale_es
    [javac] Compiling 2 source files to /derby/classes/locale_es
     [java] split messages_es
     [java] Copied client messages for _es
    [touch] Creating /derby/classes/engine/org/apache/derby/loc/messages_es.done

splitprops:

verifysplit:

noSplit:

chksplit:

doSplit:
    [mkdir] Created dir: /derby/generated/java/locale_hu
    [mkdir] Created dir: /derby/generated/java/locale_hu/org/apache/derby/info/locale_hu
    [mkdir] Created dir: /derby/classes/locale_hu
    [mkdir] Created dir: /derby/classes/locale_hu/org/apache/derby/loc/locale_hu
     [copy] Copying 1 file to /derby/generated/java/locale_hu
     [copy] Copying 1 file to /derby/generated/java/locale_hu/org/apache/derby/info/locale_hu
    [javac] Compiling 2 source files to /derby/classes/locale_hu
     [java] split messages_hu
     [java] Copied client messages for _hu
    [touch] Creating /derby/classes/engine/org/apache/derby/loc/messages_hu.done

splitprops:

verifysplit:

noSplit:

chksplit:

doSplit:
    [mkdir] Created dir: /derby/generated/java/locale_ja_JP
    [mkdir] Created dir: /derby/generated/java/locale_ja_JP/org/apache/derby/info/locale_ja_JP
    [mkdir] Created dir: /derby/classes/locale_ja_JP
    [mkdir] Created dir: /derby/classes/locale_ja_JP/org/apache/derby/loc/locale_ja_JP
     [copy] Copying 1 file to /derby/generated/java/locale_ja_JP
     [copy] Copying 1 file to /derby/generated/java/locale_ja_JP/org/apache/derby/info/locale_ja_JP
    [javac] Compiling 2 source files to /derby/classes/locale_ja_JP
     [java] split messages_ja_JP
     [java] Copied client messages for _ja_JP
    [touch] Creating /derby/classes/engine/org/apache/derby/loc/messages_ja_JP.done

splitprops:

verifysplit:

noSplit:

chksplit:

doSplit:
    [mkdir] Created dir: /derby/generated/java/locale_ko_KR
    [mkdir] Created dir: /derby/generated/java/locale_ko_KR/org/apache/derby/info/locale_ko_KR
    [mkdir] Created dir: /derby/classes/locale_ko_KR
    [mkdir] Created dir: /derby/classes/locale_ko_KR/org/apache/derby/loc/locale_ko_KR
     [copy] Copying 1 file to /derby/generated/java/locale_ko_KR
     [copy] Copying 1 file to /derby/generated/java/locale_ko_KR/org/apache/derby/info/locale_ko_KR
    [javac] Compiling 2 source files to /derby/classes/locale_ko_KR
     [java] split messages_ko_KR
     [java] Copied client messages for _ko_KR
    [touch] Creating /derby/classes/engine/org/apache/derby/loc/messages_ko_KR.done

splitprops:

verifysplit:

noSplit:

chksplit:

doSplit:
    [mkdir] Created dir: /derby/generated/java/locale_qq_PP_testOnly
    [mkdir] Created dir: /derby/generated/java/locale_qq_PP_testOnly/org/apache/derby/info/locale_qq_PP_testOnly
    [mkdir] Created dir: /derby/classes/locale_qq_PP_testOnly
    [mkdir] Created dir: /derby/classes/locale_qq_PP_testOnly/org/apache/derby/loc/locale_qq_PP_testOnly
     [copy] Copying 1 file to /derby/generated/java/locale_qq_PP_testOnly
     [copy] Copying 1 file to /derby/generated/java/locale_qq_PP_testOnly/org/apache/derby/info/locale_qq_PP_testOnly
    [javac] Compiling 2 source files to /derby/classes/locale_qq_PP_testOnly
     [java] split messages_qq_PP_testOnly
     [java] Copied client messages for _qq_PP_testOnly
    [touch] Creating /derby/classes/engine/org/apache/derby/loc/messages_qq_PP_testOnly.done

splitprops:

verifysplit:

noSplit:

chksplit:

doSplit:
    [mkdir] Created dir: /derby/generated/java/locale_pl
    [mkdir] Created dir: /derby/generated/java/locale_pl/org/apache/derby/info/locale_pl
    [mkdir] Created dir: /derby/classes/locale_pl
    [mkdir] Created dir: /derby/classes/locale_pl/org/apache/derby/loc/locale_pl
     [copy] Copying 1 file to /derby/generated/java/locale_pl
     [copy] Copying 1 file to /derby/generated/java/locale_pl/org/apache/derby/info/locale_pl
    [javac] Compiling 2 source files to /derby/classes/locale_pl
     [java] split messages_pl
     [java] Copied client messages for _pl
    [touch] Creating /derby/classes/engine/org/apache/derby/loc/messages_pl.done

splitprops:

verifysplit:

noSplit:

chksplit:

doSplit:
    [mkdir] Created dir: /derby/generated/java/locale_pt_BR
    [mkdir] Created dir: /derby/generated/java/locale_pt_BR/org/apache/derby/info/locale_pt_BR
    [mkdir] Created dir: /derby/classes/locale_pt_BR
    [mkdir] Created dir: /derby/classes/locale_pt_BR/org/apache/derby/loc/locale_pt_BR
     [copy] Copying 1 file to /derby/generated/java/locale_pt_BR
     [copy] Copying 1 file to /derby/generated/java/locale_pt_BR/org/apache/derby/info/locale_pt_BR
    [javac] Compiling 2 source files to /derby/classes/locale_pt_BR
     [java] split messages_pt_BR
     [java] Copied client messages for _pt_BR
    [touch] Creating /derby/classes/engine/org/apache/derby/loc/messages_pt_BR.done

splitprops:

verifysplit:

noSplit:

chksplit:

doSplit:
    [mkdir] Created dir: /derby/generated/java/locale_ru
    [mkdir] Created dir: /derby/generated/java/locale_ru/org/apache/derby/info/locale_ru
    [mkdir] Created dir: /derby/classes/locale_ru
    [mkdir] Created dir: /derby/classes/locale_ru/org/apache/derby/loc/locale_ru
     [copy] Copying 1 file to /derby/generated/java/locale_ru
     [copy] Copying 1 file to /derby/generated/java/locale_ru/org/apache/derby/info/locale_ru
    [javac] Compiling 2 source files to /derby/classes/locale_ru
     [java] split messages_ru
     [java] Copied client messages for _ru
    [touch] Creating /derby/classes/engine/org/apache/derby/loc/messages_ru.done

splitprops:

verifysplit:

noSplit:

chksplit:

doSplit:
    [mkdir] Created dir: /derby/generated/java/locale_zh_CN
    [mkdir] Created dir: /derby/generated/java/locale_zh_CN/org/apache/derby/info/locale_zh_CN
    [mkdir] Created dir: /derby/classes/locale_zh_CN
    [mkdir] Created dir: /derby/classes/locale_zh_CN/org/apache/derby/loc/locale_zh_CN
     [copy] Copying 1 file to /derby/generated/java/locale_zh_CN
     [copy] Copying 1 file to /derby/generated/java/locale_zh_CN/org/apache/derby/info/locale_zh_CN
    [javac] Compiling 2 source files to /derby/classes/locale_zh_CN
     [java] split messages_zh_CN
     [java] Copied client messages for _zh_CN
    [touch] Creating /derby/classes/engine/org/apache/derby/loc/messages_zh_CN.done

splitprops:

verifysplit:

noSplit:

chksplit:

doSplit:
    [mkdir] Created dir: /derby/generated/java/locale_zh_TW
    [mkdir] Created dir: /derby/generated/java/locale_zh_TW/org/apache/derby/info/locale_zh_TW
    [mkdir] Created dir: /derby/classes/locale_zh_TW
    [mkdir] Created dir: /derby/classes/locale_zh_TW/org/apache/derby/loc/locale_zh_TW
     [copy] Copying 1 file to /derby/generated/java/locale_zh_TW
     [copy] Copying 1 file to /derby/generated/java/locale_zh_TW/org/apache/derby/info/locale_zh_TW
    [javac] Compiling 2 source files to /derby/classes/locale_zh_TW
     [java] split messages_zh_TW
     [java] Copied client messages for _zh_TW
    [touch] Creating /derby/classes/engine/org/apache/derby/loc/messages_zh_TW.done

splitprops:

verifysplit:

noSplit:

chksplit:

doSplit:
    [mkdir] Created dir: /derby/generated/java/locale_it
    [mkdir] Created dir: /derby/generated/java/locale_it/org/apache/derby/info/locale_it
    [mkdir] Created dir: /derby/classes/locale_it
    [mkdir] Created dir: /derby/classes/locale_it/org/apache/derby/loc/locale_it
     [copy] Copying 1 file to /derby/generated/java/locale_it
     [copy] Copying 1 file to /derby/generated/java/locale_it/org/apache/derby/info/locale_it
    [javac] Compiling 2 source files to /derby/classes/locale_it
     [java] split messages_it
     [java] Copied client messages for _it
    [touch] Creating /derby/classes/engine/org/apache/derby/loc/messages_it.done

splitprops:

verifysplit:

noSplit:

chksplit:

doSplit:
    [mkdir] Created dir: /derby/generated/java/locale_fr
    [mkdir] Created dir: /derby/generated/java/locale_fr/org/apache/derby/info/locale_fr
    [mkdir] Created dir: /derby/classes/locale_fr
    [mkdir] Created dir: /derby/classes/locale_fr/org/apache/derby/loc/locale_fr
     [copy] Copying 1 file to /derby/generated/java/locale_fr
     [copy] Copying 1 file to /derby/generated/java/locale_fr/org/apache/derby/info/locale_fr
    [javac] Compiling 2 source files to /derby/classes/locale_fr
     [java] split messages_fr
     [java] Copied client messages for _fr
    [touch] Creating /derby/classes/engine/org/apache/derby/loc/messages_fr.done

locales:
     [copy] Copying 1 file to /derby/classes/engine/org/apache/derby
     [copy] Copying 1 file to /derby/classes/engine/org/apache/derby/impl/jdbc
     [copy] Copying 1 file to /derby/classes/engine/org/apache/derby/impl/sql/catalog

build:

build_base:

compile:

build:

build:

init:

buildMessages:

verifysplit:

split:

splitprops:

verifysplit:

noSplit:

chksplit:

doSplit:

splitprops:

verifysplit:

noSplit:

chksplit:

doSplit:

splitprops:

verifysplit:

noSplit:

chksplit:

doSplit:

splitprops:

verifysplit:

noSplit:

chksplit:

doSplit:

splitprops:

verifysplit:

noSplit:

chksplit:

doSplit:

splitprops:

verifysplit:

noSplit:

chksplit:

doSplit:

splitprops:

verifysplit:

noSplit:

chksplit:

doSplit:

splitprops:

verifysplit:

noSplit:

chksplit:

doSplit:

splitprops:

verifysplit:

noSplit:

chksplit:

doSplit:

splitprops:

verifysplit:

noSplit:

chksplit:

doSplit:

splitprops:

verifysplit:

noSplit:

chksplit:

doSplit:

splitprops:

verifysplit:

noSplit:

chksplit:

doSplit:

splitprops:

verifysplit:

noSplit:

chksplit:

doSplit:

splitprops:

verifysplit:

noSplit:

chksplit:

doSplit:

splitprops:

verifysplit:

noSplit:

chksplit:

doSplit:

locales:

cscuptodate:

class_size_catalog:
     [java] Picked up JAVA_TOOL_OPTIONS:  -Dfile.encoding=UTF8 -Djava.security.egd=file:/dev/./urandom
    [javac] Compiling 1 source file to /derby/classes/engine

storeless:

storeless:
     [copy] Copying 1 file to /derby/classes/storeless/org/apache/derby
    [javac] Compiling 4 source files to /derby/classes/storeless
    [javac] Note: /derby/java/storeless/org/apache/derby/impl/storeless/StorelessDatabase.java uses or overrides a deprecated API that is marked for removal.
    [javac] Note: Recompile with -Xlint:removal for details.

client:

compile:
    [javac] Compiling 143 source files to /derby/classes/client
    [javac] /derby/java/org.apache.derby.client/org/apache/derby/client/BasicClientDataSource.java:675: warning: [removal] AccessController in java.security has been deprecated and marked for removal
    [javac]         return AccessController.doPrivileged(new PrivilegedAction<String>() {
    [javac]                ^
    [javac] /derby/java/org.apache.derby.client/org/apache/derby/client/BasicClientDataSource.java:870: warning: [removal] AccessController in java.security has been deprecated and marked for removal
    [javac]             printWriter = AccessController.doPrivileged(
    [javac]                           ^
    [javac] /derby/java/org.apache.derby.client/org/apache/derby/client/am/ClientStatement.java:479: warning: [removal] finalize() in Object has been deprecated and marked for removal
    [javac]     protected void finalize() throws Throwable {
    [javac]                    ^
    [javac] /derby/java/org.apache.derby.client/org/apache/derby/client/am/ClientStatement.java:486: warning: [removal] finalize() in Object has been deprecated and marked for removal
    [javac]         super.finalize();
    [javac]              ^
    [javac] /derby/java/org.apache.derby.client/org/apache/derby/client/am/ClientConnection.java:381: warning: [removal] finalize() in Object has been deprecated and marked for removal
    [javac]     protected void finalize() throws Throwable {
    [javac]                    ^
    [javac] /derby/java/org.apache.derby.client/org/apache/derby/client/am/ClientConnection.java:401: warning: [removal] finalize() in Object has been deprecated and marked for removal
    [javac]         super.finalize();
    [javac]              ^
    [javac] /derby/java/org.apache.derby.client/org/apache/derby/client/am/ClientConnection.java:2732: warning: [removal] SecurityManager in java.lang has been deprecated and marked for removal
    [javac]         SecurityManager securityManager = System.getSecurityManager();
    [javac]         ^
    [javac] /derby/java/org.apache.derby.client/org/apache/derby/client/am/ClientConnection.java:2732: warning: [removal] getSecurityManager() in System has been deprecated and marked for removal
    [javac]         SecurityManager securityManager = System.getSecurityManager();
    [javac]                                                 ^
    [javac] /derby/java/org.apache.derby.client/org/apache/derby/client/net/NetAgent.java:146: warning: [removal] AccessController in java.security has been deprecated and marked for removal
    [javac]             socket_ = (Socket)AccessController.doPrivileged(
    [javac]                               ^
    [javac] /derby/java/org.apache.derby.client/org/apache/derby/client/ClientPooledConnection.java:202: warning: [removal] finalize() in Object has been deprecated and marked for removal
    [javac]     protected void finalize() throws Throwable {
    [javac]                    ^
    [javac] /derby/java/org.apache.derby.client/org/apache/derby/client/ClientPooledConnection.java:212: warning: [removal] finalize() in Object has been deprecated and marked for removal
    [javac]             super.finalize();
    [javac]                  ^
    [javac] /derby/java/org.apache.derby.client/org/apache/derby/client/am/LogicalConnection.java:92: warning: [removal] finalize() in Object has been deprecated and marked for removal
    [javac]     protected void finalize() throws Throwable {
    [javac]                    ^
    [javac] /derby/java/org.apache.derby.client/org/apache/derby/client/am/Configuration.java:147: warning: [removal] AccessController in java.security has been deprecated and marked for removal
    [javac]         return AccessController.doPrivileged(
    [javac]                ^
    [javac] /derby/java/org.apache.derby.client/org/apache/derby/client/am/Version.java:83: warning: [removal] SecurityManager in java.lang has been deprecated and marked for removal
    [javac]             SecurityManager security = System.getSecurityManager();
    [javac]             ^
    [javac] /derby/java/org.apache.derby.client/org/apache/derby/client/am/Version.java:83: warning: [removal] getSecurityManager() in System has been deprecated and marked for removal
    [javac]             SecurityManager security = System.getSecurityManager();
    [javac]                                              ^
    [javac] /derby/java/org.apache.derby.client/org/apache/derby/client/am/Version.java:90: warning: [removal] getSecurityManager() in System has been deprecated and marked for removal
    [javac]             detectLocalHost(System.getSecurityManager(), printWriter);
    [javac]                                   ^
    [javac] /derby/java/org.apache.derby.client/org/apache/derby/client/am/Version.java:124: warning: [removal] SecurityManager in java.lang has been deprecated and marked for removal
    [javac]     private static void printSystemProperty(SecurityManager security,
    [javac]                                             ^
    [javac] /derby/java/org.apache.derby.client/org/apache/derby/client/am/Version.java:147: warning: [removal] SecurityManager in java.lang has been deprecated and marked for removal
    [javac]             SecurityManager security,
    [javac]             ^
    [javac] 18 warnings

client:

tools:

parser:

chkparser:

genParser:
     [echo]   Generating ij parser...
     [java] Picked up JAVA_TOOL_OPTIONS:  -Dfile.encoding=UTF8 -Djava.security.egd=file:/dev/./urandom
     [java] Java Compiler Compiler Version 4.0 (Parser Generator)
     [java] (type "javacc" with no arguments for help)
     [java] Reading from file ij.jj . . .
     [java] Note: UNICODE_INPUT option is specified. Please make sure you create the parser/lexer using a Reader with the correct character encoding.
     [java] File "TokenMgrError.java" does not exist.  Will create one.
     [java] File "ParseException.java" does not exist.  Will create one.
     [java] File "Token.java" does not exist.  Will create one.
     [java] File "CharStream.java" does not exist.  Will create one.
     [java] Parser generated successfully.

chkparser:

genParser:
     [echo]   Generating mtGrammar parser...
     [java] Java Compiler Compiler Version 4.0 (Parser Generator)
     [java] (type "javacc" with no arguments for help)
     [java] Reading from file mtGrammar.jj . . .
     [java] Note: UNICODE_INPUT option is specified. Please make sure you create the parser/lexer using a Reader with the correct character encoding.
     [java] File "SimpleCharStream.java" does not exist.  Will create one.
     [java] Parser generated successfully.
     [java] Picked up JAVA_TOOL_OPTIONS:  -Dfile.encoding=UTF8 -Djava.security.egd=file:/dev/./urandom

tools_base:
    [javac] Compiling 97 source files to /derby/classes/tools
    [javac] /derby/java/org.apache.derby.tools/org/apache/derby/iapi/tools/i18n/LocalizedResource.java:273: warning: [deprecation] Locale(String,String,String) in Locale has been deprecated
    [javac] 				return new Locale(l,r,v);
    [javac] 				       ^
    [javac] /derby/java/org.apache.derby.tools/org/apache/derby/iapi/tools/i18n/LocalizedResource.java:427: warning: [removal] AccessController in java.security has been deprecated and marked for removal
    [javac] 				s = java.security.AccessController.doPrivileged(this);
    [javac] 				                 ^
    [javac] /derby/java/org.apache.derby.tools/org/apache/derby/impl/tools/ij/ConnectionEnv.java:70: warning: [removal] AccessController in java.security has been deprecated and marked for removal
    [javac]             Properties p = AccessController.doPrivileged(new PrivilegedAction<Properties>() {
    [javac]                            ^
    [javac] /derby/java/org.apache.derby.tools/org/apache/derby/impl/tools/ij/Main.java:120: warning: [removal] AccessController in java.security has been deprecated and marked for removal
    [javac]                     	in1 = AccessController.doPrivileged(new PrivilegedExceptionAction<FileInputStream>() {
    [javac]                     	      ^
    [javac] /derby/java/org.apache.derby.tools/org/apache/derby/impl/tools/ij/Main.java:143: warning: [removal] AccessController in java.security has been deprecated and marked for removal
    [javac] 			FileOutputStream fos = AccessController.doPrivileged(new PrivilegedAction<FileOutputStream>() {
    [javac] 			                       ^
    [javac] /derby/generated/java/org.apache.derby.tools/org/apache/derby/impl/tools/ij/ij.java:111: warning: [removal] AccessController in java.security has been deprecated and marked for removal
    [javac]         Properties p = AccessController.doPrivileged(new PrivilegedAction<Properties>() {
    [javac]                        ^
    [javac] /derby/generated/java/org.apache.derby.tools/org/apache/derby/impl/tools/ij/ij.java:2774: warning: [deprecation] exec(String) in Runtime has been deprecated
    [javac]                 Process p = Runtime.getRuntime().exec(stringValue(cmd.image));
    [javac]                                                 ^
    [javac] /derby/java/org.apache.derby.tools/org/apache/derby/impl/tools/ij/mtTester.java:107: warning: [removal] ThreadDeath in java.lang has been deprecated and marked for removal
    [javac] 				throw new ThreadDeath();
    [javac] 				          ^
    [javac] /derby/java/org.apache.derby.tools/org/apache/derby/impl/tools/ij/util.java:189: warning: [removal] AccessController in java.security has been deprecated and marked for removal
    [javac]             is = AccessController.doPrivileged
    [javac]                  ^
    [javac] /derby/java/org.apache.derby.tools/org/apache/derby/impl/tools/ij/util.java:674: warning: [removal] AccessController in java.security has been deprecated and marked for removal
    [javac] 				return java.security.AccessController.doPrivileged(u);
    [javac] 				                    ^
    [javac] /derby/java/org.apache.derby.tools/org/apache/derby/impl/tools/sysinfo/Main.java:242: warning: [removal] AccessController in java.security has been deprecated and marked for removal
    [javac]               classpath = AccessController.doPrivileged( new PrivilegedAction<String>()
    [javac]                           ^
    [javac] /derby/java/org.apache.derby.tools/org/apache/derby/impl/tools/sysinfo/Main.java:368: warning: [removal] AccessController in java.security has been deprecated and marked for removal
    [javac]         String  property = AccessController.doPrivileged( new PrivilegedAction<String>()
    [javac]                            ^
    [javac] /derby/java/org.apache.derby.tools/org/apache/derby/impl/tools/sysinfo/Main.java:397: warning: [removal] AccessController in java.security has been deprecated and marked for removal
    [javac]             return AccessController
    [javac]                    ^
    [javac] /derby/java/org.apache.derby.tools/org/apache/derby/impl/tools/sysinfo/Main.java:464: warning: [removal] AccessController in java.security has been deprecated and marked for removal
    [javac]           InputStream is = AccessController.doPrivileged
    [javac]                            ^
    [javac] /derby/java/org.apache.derby.tools/org/apache/derby/impl/tools/sysinfo/Main.java:567: warning: [removal] AccessController in java.security has been deprecated and marked for removal
    [javac]           InputStream is = AccessController.doPrivileged
    [javac]                            ^
    [javac] /derby/java/org.apache.derby.tools/org/apache/derby/impl/tools/sysinfo/Main.java:630: warning: [deprecation] URL(String) in URL has been deprecated
    [javac]                       testJarURL = new URL(successString);
    [javac]                                    ^
    [javac] /derby/java/org.apache.derby.tools/org/apache/derby/impl/tools/sysinfo/Main.java:1059: warning: [removal] AccessController in java.security has been deprecated and marked for removal
    [javac]             InputStream is = AccessController.doPrivileged
    [javac]                              ^
    [javac] /derby/java/org.apache.derby.tools/org/apache/derby/impl/tools/sysinfo/Main.java:1075: warning: [removal] AccessController in java.security has been deprecated and marked for removal
    [javac]                         URL locUrl = AccessController.doPrivileged
    [javac]                                      ^
    [javac] /derby/java/org.apache.derby.tools/org/apache/derby/impl/tools/sysinfo/Main.java:1133: warning: [removal] AccessController in java.security has been deprecated and marked for removal
    [javac]         return AccessController.doPrivileged( new PrivilegedAction<ZipInfoProperties>()
    [javac]                ^
    [javac] /derby/java/org.apache.derby.tools/org/apache/derby/impl/tools/sysinfo/Main.java:1271: warning: [removal] AccessController in java.security has been deprecated and marked for removal
    [javac]          return AccessController.doPrivileged( new PrivilegedAction<String>()
    [javac]                 ^
    [javac] /derby/java/org.apache.derby.tools/org/apache/derby/jdbc/BasicEmbeddedDataSource40.java:947: warning: [removal] AccessController in java.security has been deprecated and marked for removal
    [javac]         return AccessController.doPrivileged
    [javac]                ^
    [javac] /derby/java/org.apache.derby.tools/org/apache/derby/jdbc/BasicEmbeddedDataSource40.java:965: warning: [removal] AccessController in java.security has been deprecated and marked for removal
    [javac]         return AccessController.doPrivileged
    [javac]                ^
    [javac] /derby/java/org.apache.derby.tools/org/apache/derby/tools/JDBCDisplayUtil.java:1272: warning: [removal] AccessController in java.security has been deprecated and marked for removal
    [javac]         return (AccessController
    [javac]                 ^
    [javac] /derby/java/org.apache.derby.tools/org/apache/derby/tools/PlanExporter.java:236: warning: [removal] AccessController in java.security has been deprecated and marked for removal
    [javac]             out = AccessController.doPrivileged(
    [javac]                   ^
    [javac] /derby/java/org.apache.derby.tools/org/apache/derby/tools/PlanExporter.java:281: warning: [removal] AccessController in java.security has been deprecated and marked for removal
    [javac]         AccessController.doPrivileged
    [javac]         ^
    [javac] 25 warnings
     [copy] Copying 2 files to /derby/classes/tools/org/apache/derby/loc/tools

copyLocalization:
    [mkdir] Created dir: /derby/classes/locale_en/org/apache/derby/loc/tools/locale_en

copyLocalization:
    [mkdir] Created dir: /derby/classes/locale_cs/org/apache/derby/loc/tools/locale_cs
     [copy] Copying 2 files to /derby/classes/locale_cs/org/apache/derby/loc/tools/locale_cs

copyLocalization:
    [mkdir] Created dir: /derby/classes/locale_de_DE/org/apache/derby/loc/tools/locale_de_DE
     [copy] Copying 2 files to /derby/classes/locale_de_DE/org/apache/derby/loc/tools/locale_de_DE

copyLocalization:
    [mkdir] Created dir: /derby/classes/locale_es/org/apache/derby/loc/tools/locale_es
     [copy] Copying 2 files to /derby/classes/locale_es/org/apache/derby/loc/tools/locale_es

copyLocalization:
    [mkdir] Created dir: /derby/classes/locale_hu/org/apache/derby/loc/tools/locale_hu
     [copy] Copying 2 files to /derby/classes/locale_hu/org/apache/derby/loc/tools/locale_hu

copyLocalization:
    [mkdir] Created dir: /derby/classes/locale_ja_JP/org/apache/derby/loc/tools/locale_ja_JP
     [copy] Copying 2 files to /derby/classes/locale_ja_JP/org/apache/derby/loc/tools/locale_ja_JP

copyLocalization:
    [mkdir] Created dir: /derby/classes/locale_ko_KR/org/apache/derby/loc/tools/locale_ko_KR
     [copy] Copying 2 files to /derby/classes/locale_ko_KR/org/apache/derby/loc/tools/locale_ko_KR

copyLocalization:
    [mkdir] Created dir: /derby/classes/locale_qq_PP_testOnly/org/apache/derby/loc/tools/locale_qq_PP_testOnly

copyLocalization:
    [mkdir] Created dir: /derby/classes/locale_pl/org/apache/derby/loc/tools/locale_pl
     [copy] Copying 1 file to /derby/classes/locale_pl/org/apache/derby/loc/tools/locale_pl

copyLocalization:
    [mkdir] Created dir: /derby/classes/locale_pt_BR/org/apache/derby/loc/tools/locale_pt_BR
     [copy] Copying 2 files to /derby/classes/locale_pt_BR/org/apache/derby/loc/tools/locale_pt_BR

copyLocalization:
    [mkdir] Created dir: /derby/classes/locale_ru/org/apache/derby/loc/tools/locale_ru
     [copy] Copying 2 files to /derby/classes/locale_ru/org/apache/derby/loc/tools/locale_ru

copyLocalization:
    [mkdir] Created dir: /derby/classes/locale_zh_CN/org/apache/derby/loc/tools/locale_zh_CN
     [copy] Copying 2 files to /derby/classes/locale_zh_CN/org/apache/derby/loc/tools/locale_zh_CN

copyLocalization:
    [mkdir] Created dir: /derby/classes/locale_zh_TW/org/apache/derby/loc/tools/locale_zh_TW
     [copy] Copying 2 files to /derby/classes/locale_zh_TW/org/apache/derby/loc/tools/locale_zh_TW

copyLocalization:
    [mkdir] Created dir: /derby/classes/locale_it/org/apache/derby/loc/tools/locale_it
     [copy] Copying 2 files to /derby/classes/locale_it/org/apache/derby/loc/tools/locale_it

copyLocalization:
    [mkdir] Created dir: /derby/classes/locale_fr/org/apache/derby/loc/tools/locale_fr
     [copy] Copying 2 files to /derby/classes/locale_fr/org/apache/derby/loc/tools/locale_fr

tools:

optional:

optional:
    [javac] Compiling 15 source files to /derby/classes/optional
    [javac] /derby/java/org.apache.derby.optionaltools/org/apache/derby/optional/api/SimpleJsonUtils.java:270: warning: [deprecation] URL(String) in URL has been deprecated
    [javac]                      URL url = new URL( url_string );
    [javac]                                ^
    [javac] Note: Some input files use or override a deprecated API that is marked for removal.
    [javac] Note: Recompile with -Xlint:removal for details.
    [javac] 1 warning

drda:

drda:
    [javac] Compiling 45 source files to /derby/classes/drda
    [javac] Note: Some input files use or override a deprecated API that is marked for removal.
    [javac] Note: Recompile with -Xlint:removal for details.
     [copy] Copying 28 files to /derby/classes/drda/org/apache/derby/loc/drda

odbcprops:

verifyodbcgen:

noODBC:

chkodbcgen:

odbcMeta:
   [delete] Deleting: /derby/classes/engine/org/apache/derby/impl/jdbc/metadata.properties
     [copy] Copying 1 file to /derby/classes/engine/org/apache/derby/impl/jdbc
     [java] Picked up JAVA_TOOL_OPTIONS:  -Dfile.encoding=UTF8 -Djava.security.egd=file:/dev/./urandom
     [move] Moving 1 file to /derby/classes/engine/org/apache/derby/impl/jdbc
    [touch] Creating /derby/classes/engine/org/apache/derby/impl/jdbc/odbcmeta.done

runner:

runner:
    [javac] Compiling 2 source files to /derby/classes/run

ckversioninfo:

writeversioninfo:
    [mkdir] Created dir: /derby/classes/testing/org/apache/derby/info
    [mkdir] Created dir: /derby/classes/testing/org/apache/derby/info/tsting

infowriter:
[propertyfile] Creating new property file: /derby/classes/engine/org/apache/derby/info/engine/info.properties

infowriter:
[propertyfile] Creating new property file: /derby/classes/tools/org/apache/derby/info/tools/info.properties

infowriter:
[propertyfile] Creating new property file: /derby/classes/drda/org/apache/derby/info/net/info.properties

infowriter:
[propertyfile] Creating new property file: /derby/classes/client/org/apache/derby/info/client/info.properties

infowriter:
[propertyfile] Creating new property file: /derby/classes/shared/org/apache/derby/info/shared/info.properties

versioninfo:

checklocaleinfo:

checkmessages-done:

checkmessages:
    [touch] Creating /derby/generated/checkmessages.done

localeinfo:

buildlocaleinfo:

localeinfowriter:
[propertyfile] Creating new property file: /derby/classes/locale_cs/org/apache/derby/info/locale_cs/info.properties

buildlocaleinfo:

localeinfowriter:
[propertyfile] Creating new property file: /derby/classes/locale_de_DE/org/apache/derby/info/locale_de_DE/info.properties

buildlocaleinfo:

localeinfowriter:
[propertyfile] Creating new property file: /derby/classes/locale_es/org/apache/derby/info/locale_es/info.properties

buildlocaleinfo:

localeinfowriter:
[propertyfile] Creating new property file: /derby/classes/locale_fr/org/apache/derby/info/locale_fr/info.properties

buildlocaleinfo:

localeinfowriter:
[propertyfile] Creating new property file: /derby/classes/locale_hu/org/apache/derby/info/locale_hu/info.properties

buildlocaleinfo:

localeinfowriter:
[propertyfile] Creating new property file: /derby/classes/locale_it/org/apache/derby/info/locale_it/info.properties

buildlocaleinfo:

localeinfowriter:
[propertyfile] Creating new property file: /derby/classes/locale_ja_JP/org/apache/derby/info/locale_ja_JP/info.properties

buildlocaleinfo:

localeinfowriter:
[propertyfile] Creating new property file: /derby/classes/locale_ko_KR/org/apache/derby/info/locale_ko_KR/info.properties

buildlocaleinfo:

localeinfowriter:
[propertyfile] Creating new property file: /derby/classes/locale_pl/org/apache/derby/info/locale_pl/info.properties

buildlocaleinfo:

localeinfowriter:
[propertyfile] Creating new property file: /derby/classes/locale_pt_BR/org/apache/derby/info/locale_pt_BR/info.properties

buildlocaleinfo:

localeinfowriter:
[propertyfile] Creating new property file: /derby/classes/locale_ru/org/apache/derby/info/locale_ru/info.properties

buildlocaleinfo:

localeinfowriter:
[propertyfile] Creating new property file: /derby/classes/locale_zh_CN/org/apache/derby/info/locale_zh_CN/info.properties

buildlocaleinfo:

localeinfowriter:
[propertyfile] Creating new property file: /derby/classes/locale_zh_TW/org/apache/derby/info/locale_zh_TW/info.properties

check-binscripts:

binscripts:

makebinscript:

makebinscript:

makebinscript:

makebinscript:

makebinscript:

makebinscript:

generateSecurityPolicies:

buildsource:

vti-demo:

compile-vtidemo:
    [javac] Compiling 6 source files to /derby/classes/demo

demo:

compile:
    [javac] Compiling 5 source files to /derby/classes/demo
    [javac] Compiling 1 source file to /derby/classes/demo
    [javac] Compiling 3 source files to /derby/classes/demo

compile:
    [javac] Compiling 1 source file to /derby/classes/demo

checktoursdb:

toursdb:

compile:

builddb:
     [echo] Begin building toursdb

runijscript:
     [echo] Running script /derby/generated/toursdb/build_toursdb.sql

jarup:
      [zip] Building zip: /derby/generated/toursdb/toursdb.jar
     [echo] Finished building toursdb

copyfiles:
     [copy] Copying 12 files to /derby/classes/demo/org/apache/derbyTesting/functionTests/tests/demo

toursdb:

demo:

buildtestinginfo:

tstinginfowriter:
[propertyfile] Creating new property file: /derby/classes/testing/org/apache/derby/info/tsting/info.properties

testing:

testing:
    [mkdir] Created dir: /derby/generated/java/org.apache.derby.tests/toursdb
     [copy] Copying 1 file to /derby/generated/java/org.apache.derby.tests/toursdb
    [javac] Compiling 1011 source files to /derby/classes/testing
    [javac] /derby/java/org.apache.derby.tests/org/apache/derbyTesting/functionTests/harness/FileCompare.java:279: warning: [deprecation] exec(String) in Runtime has been deprecated
    [javac]             pr = Runtime.getRuntime().exec(diffCmd);
    [javac]                                      ^
    [javac] /derby/java/org.apache.derby.tests/org/apache/derbyTesting/functionTests/harness/MultiTest.java:293: warning: [removal] isDestroyed() in ThreadGroup has been deprecated and marked for removal
    [javac] 		for (i = 0; i < MAX_WAIT_FOR_COMPLETION && (tg.isDestroyed() == false ); i++) 
    [javac] 		                                              ^
    [javac] /derby/java/org.apache.derby.tests/org/apache/derbyTesting/functionTests/harness/MultiTest.java:302: warning: [removal] destroy() in ThreadGroup has been deprecated and marked for removal
    [javac] 				tg.destroy(); 
    [javac] 				  ^
    [javac] /derby/java/org.apache.derby.tests/org/apache/derbyTesting/functionTests/harness/RunList.java:647: warning: [deprecation] exec(String) in Runtime has been deprecated
    [javac]                 Process prstop = Runtime.getRuntime().exec(stopCmd);
    [javac]                                                      ^
    [javac] /derby/java/org.apache.derby.tests/org/apache/derbyTesting/functionTests/harness/RunTest.java:2914: warning: [removal] setSecurityManager(SecurityManager) in System has been deprecated and marked for removal
    [javac]         	System.setSecurityManager(null);
    [javac]         	      ^
    [javac] /derby/java/org.apache.derby.tests/org/apache/derbyTesting/functionTests/harness/RunTest.java:2988: warning: [removal] getSecurityManager() in System has been deprecated and marked for removal
    [javac]     	boolean haveSecurityManagerAlready = System.getSecurityManager() != null;
    [javac]     	                                           ^
    [javac] /derby/java/org.apache.derby.tests/org/apache/derbyTesting/functionTests/harness/RunTest.java:3015: warning: [removal] SecurityManager in java.lang has been deprecated and marked for removal
    [javac] 		    System.setSecurityManager(new SecurityManager());
    [javac] 		                                  ^
    [javac] /derby/java/org.apache.derby.tests/org/apache/derbyTesting/functionTests/harness/RunTest.java:3015: warning: [removal] setSecurityManager(SecurityManager) in System has been deprecated and marked for removal
    [javac] 		    System.setSecurityManager(new SecurityManager());
    [javac] 		          ^
    [javac] /derby/java/org.apache.derby.tests/org/apache/derbyTesting/functionTests/harness/UnJar.java:79: warning: [deprecation] exec(String) in Runtime has been deprecated
    [javac]                 pr = Runtime.getRuntime().exec(jarCmd);
    [javac]                                          ^
    [javac] /derby/java/org.apache.derby.tests/org/apache/derbyTesting/junit/BaseTestCase.java:113: warning: [removal] getSecurityManager() in System has been deprecated and marked for removal
    [javac]         if ( System.getSecurityManager() == null )
    [javac]                    ^
    [javac] /derby/java/org.apache.derby.tests/org/apache/derbyTesting/junit/BaseTestCase.java:265: warning: [removal] AccessController in java.security has been deprecated and marked for removal
    [javac]         AccessController.doPrivileged(new PrivilegedAction<Void>() {
    [javac]         ^
    [javac] /derby/java/org.apache.derby.tests/org/apache/derbyTesting/junit/BaseTestCase.java:279: warning: [removal] AccessController in java.security has been deprecated and marked for removal
    [javac]         AccessController.doPrivileged(new PrivilegedAction<Void>() {
    [javac]         ^
    [javac] /derby/java/org.apache.derby.tests/org/apache/derbyTesting/junit/BaseTestCase.java:296: warning: [removal] AccessController in java.security has been deprecated and marked for removal
    [javac]         AccessController.doPrivileged(new PrivilegedAction<Void>() {
    [javac]         ^
    [javac] /derby/java/org.apache.derby.tests/org/apache/derbyTesting/junit/BaseTestCase.java:311: warning: [removal] AccessController in java.security has been deprecated and marked for removal
    [javac]         AccessController.doPrivileged(new PrivilegedAction<Void>() {
    [javac]         ^
    [javac] /derby/java/org.apache.derby.tests/org/apache/derbyTesting/junit/BaseTestCase.java:326: warning: [removal] AccessController in java.security has been deprecated and marked for removal
    [javac]         return AccessController.doPrivileged(new PrivilegedAction<String>() {
    [javac]                ^
    [javac] /derby/java/org.apache.derby.tests/org/apache/derbyTesting/junit/BaseTestCase.java:343: warning: [removal] AccessController in java.security has been deprecated and marked for removal
    [javac]         return AccessController.doPrivileged(new PrivilegedAction<String[]>() {
    [javac]                ^
    [javac] /derby/java/org.apache.derby.tests/org/apache/derbyTesting/junit/BaseTestCase.java:366: warning: [removal] AccessController in java.security has been deprecated and marked for removal
    [javac]         return AccessController.doPrivileged(new PrivilegedAction<URL>() {
    [javac]                ^
    [javac] /derby/java/org.apache.derby.tests/org/apache/derbyTesting/junit/BaseTestCase.java:382: warning: [removal] AccessController in java.security has been deprecated and marked for removal
    [javac]         return AccessController.doPrivileged(
    [javac]                ^
    [javac] /derby/java/org.apache.derby.tests/org/apache/derbyTesting/junit/BaseTestCase.java:397: warning: [removal] getSecurityManager() in System has been deprecated and marked for removal
    [javac]     			System.getSecurityManager());
    [javac]     			      ^
    [javac] /derby/java/org.apache.derby.tests/org/apache/derbyTesting/junit/BaseTestCase.java:564: warning: [removal] AccessController in java.security has been deprecated and marked for removal
    [javac] 		AccessController.doPrivileged
    [javac] 		^
    [javac] /derby/java/org.apache.derby.tests/org/apache/derbyTesting/junit/BaseTestCase.java:792: warning: [removal] AccessController in java.security has been deprecated and marked for removal
    [javac]             return AccessController.doPrivileged(
    [javac]                    ^
    [javac] /derby/java/org.apache.derby.tests/org/apache/derbyTesting/junit/BaseTestCase.java:1055: warning: [removal] AccessController in java.security has been deprecated and marked for removal
    [javac]             AccessController.doPrivileged(
    [javac]             ^
    [javac] /derby/java/org.apache.derby.tests/org/apache/derbyTesting/junit/BaseTestCase.java:1307: warning: [removal] AccessController in java.security has been deprecated and marked for removal
    [javac]         String version = AccessController.doPrivileged
    [javac]                          ^
    [javac] /derby/java/org.apache.derby.tests/org/apache/derbyTesting/junit/TestConfiguration.java:1394: warning: [removal] AccessController in java.security has been deprecated and marked for removal
    [javac]         return AccessController.doPrivileged(
    [javac]                ^
    [javac] /derby/java/org.apache.derby.tests/org/apache/derbyTesting/junit/TestConfiguration.java:1897: warning: [removal] AccessController in java.security has been deprecated and marked for removal
    [javac]  	    serverOutput = AccessController.doPrivileged(
    [javac]  	                   ^
    [javac] /derby/java/org.apache.derby.tests/org/apache/derbyTesting/junit/TestConfiguration.java:2061: warning: [removal] AccessController in java.security has been deprecated and marked for removal
    [javac]             AccessController.doPrivileged(new PrivilegedAction<Boolean>() {
    [javac]             ^
    [javac] /derby/java/org.apache.derby.tests/org/apache/derbyTesting/junit/BaseJDBCTestCase.java:1849: warning: [removal] AccessController in java.security has been deprecated and marked for removal
    [javac]         return AccessController.doPrivileged
    [javac]                ^
    [javac] /derby/java/org.apache.derby.tests/org/apache/derbyTesting/junit/BaseTestSetup.java:50: warning: [removal] getSecurityManager() in System has been deprecated and marked for removal
    [javac]         if ( System.getSecurityManager() == null )
    [javac]                    ^
    [javac] /derby/java/org.apache.derby.tests/org/apache/derbyTesting/functionTests/tests/compatibility/VersionCombinationConfigurator.java:367: warning: [removal] AccessController in java.security has been deprecated and marked for removal
    [javac]         return AccessController.doPrivileged(new PrivilegedAction<URI>() {
    [javac]                ^
    [javac] /derby/java/org.apache.derby.tests/org/apache/derbyTesting/junit/SpawnedProcess.java:606: warning: [removal] AccessController in java.security has been deprecated and marked for removal
    [javac]             return AccessController.doPrivileged(
    [javac]                    ^
    [javac] /derby/java/org.apache.derby.tests/org/apache/derbyTesting/functionTests/tests/demo/CheckToursDBTest.java:186: warning: [removal] AccessController in java.security has been deprecated and marked for removal
    [javac]             AccessController.doPrivileged(new PrivilegedExceptionAction<Object>() {
    [javac]             ^
    [javac] /derby/java/org.apache.derby.tests/org/apache/derbyTesting/functionTests/tests/derbynet/ClientSideSystemPropertiesTest.java:88: warning: [removal] AccessController in java.security has been deprecated and marked for removal
    [javac]         AccessController.doPrivileged
    [javac]         ^
    [javac] /derby/java/org.apache.derby.tests/org/apache/derbyTesting/functionTests/tests/derbynet/ClientSideSystemPropertiesTest.java:108: warning: [removal] AccessController in java.security has been deprecated and marked for removal
    [javac]     	AccessController.doPrivileged(
    [javac]     	^
    [javac] /derby/java/org.apache.derby.tests/org/apache/derbyTesting/functionTests/util/CanonTestCase.java:147: warning: [removal] AccessController in java.security has been deprecated and marked for removal
    [javac]         OutputStream outStream = AccessController
    [javac]                                  ^
    [javac] /derby/java/org.apache.derby.tests/org/apache/derbyTesting/functionTests/tests/derbynet/NetworkServerControlApiTest.java:244: warning: [removal] AccessController in java.security has been deprecated and marked for removal
    [javac]             return AccessController.doPrivileged(
    [javac]                    ^
    [javac] /derby/java/org.apache.derby.tests/org/apache/derbyTesting/functionTests/tests/derbynet/NetworkServerControlApiTest.java:354: warning: [removal] AccessController in java.security has been deprecated and marked for removal
    [javac]             return AccessController.doPrivileged(
    [javac]                    ^
    [javac] /derby/java/org.apache.derby.tests/org/apache/derbyTesting/functionTests/tests/derbynet/ProtocolTest.java:175: warning: [removal] AccessController in java.security has been deprecated and marked for removal
    [javac]             socket = AccessController.doPrivileged (
    [javac]                      ^
    [javac] /derby/java/org.apache.derby.tests/org/apache/derbyTesting/functionTests/tests/derbynet/RuntimeInfoTest.java:56: warning: [deprecation] Locale(String,String) in Locale has been deprecated
    [javac]     private static final Locale englishLocale = new Locale("en", "US");
    [javac]                                                 ^
    [javac] /derby/java/org.apache.derby.tests/org/apache/derbyTesting/functionTests/tests/derbynet/RuntimeInfoTest.java:57: warning: [deprecation] Locale(String,String) in Locale has been deprecated
    [javac]     private static final Locale germanLocale = new Locale("de", "DE");
    [javac]                                                ^
    [javac] /derby/java/org.apache.derby.tests/org/apache/derbyTesting/junit/NetworkServerTestSetup.java:357: warning: [removal] AccessController in java.security has been deprecated and marked for removal
    [javac]             AccessController.doPrivileged(new PrivilegedExceptionAction<Void>() {
    [javac]             ^
    [javac] /derby/java/org.apache.derby.tests/org/apache/derbyTesting/junit/NetworkServerTestSetup.java:372: warning: [removal] AccessController in java.security has been deprecated and marked for removal
    [javac]             serverOutput = AccessController.doPrivileged(
    [javac]                            ^
    [javac] /derby/java/org.apache.derby.tests/org/apache/derbyTesting/functionTests/tests/derbynet/ServerPropertiesTest.java:378: warning: [removal] AccessController in java.security has been deprecated and marked for removal
    [javac]         boolean b = AccessController.doPrivileged
    [javac]                     ^
    [javac] /derby/java/org.apache.derby.tests/org/apache/derbyTesting/functionTests/tests/engine/ErrorStreamTest.java:641: warning: [removal] AccessController in java.security has been deprecated and marked for removal
    [javac]             AccessController.doPrivileged(
    [javac]             ^
    [javac] /derby/java/org.apache.derby.tests/org/apache/derbyTesting/functionTests/tests/engine/ErrorStreamTest.java:666: warning: [removal] AccessController in java.security has been deprecated and marked for removal
    [javac]             AccessController.doPrivileged(
    [javac]             ^
    [javac] /derby/java/org.apache.derby.tests/org/apache/derbyTesting/functionTests/tests/engine/ErrorStreamTest.java:687: warning: [removal] AccessController in java.security has been deprecated and marked for removal
    [javac]             AccessController.doPrivileged(
    [javac]             ^
    [javac] /derby/java/org.apache.derby.tests/org/apache/derbyTesting/functionTests/tests/engine/ErrorStreamTest.java:719: warning: [removal] AccessController in java.security has been deprecated and marked for removal
    [javac]             return AccessController.doPrivileged(
    [javac]                    ^
    [javac] /derby/java/org.apache.derby.tests/org/apache/derbyTesting/functionTests/tests/engine/ErrorStreamTest.java:732: warning: [removal] AccessController in java.security has been deprecated and marked for removal
    [javac]         AccessController.doPrivileged(new PrivilegedAction<Void>() {
    [javac]         ^
    [javac] /derby/java/org.apache.derby.tests/org/apache/derbyTesting/functionTests/tests/engine/ErrorStreamTest.java:746: warning: [removal] AccessController in java.security has been deprecated and marked for removal
    [javac]             return AccessController.doPrivileged(
    [javac]                    ^
    [javac] /derby/java/org.apache.derby.tests/org/apache/derbyTesting/functionTests/tests/engine/RestrictiveFilePermissionsTest.java:548: warning: [removal] AccessController in java.security has been deprecated and marked for removal
    [javac]         return AccessController.
    [javac]                ^
    [javac] /derby/java/org.apache.derby.tests/org/apache/derbyTesting/functionTests/tests/i18n/DefaultLocale.java:74: warning: [deprecation] Locale(String,String) in Locale has been deprecated
    [javac]                 new java.util.Locale(Locale.trim(), Code.trim()));
    [javac]                 ^
    [javac] /derby/java/org.apache.derby.tests/org/apache/derbyTesting/functionTests/tests/i18n/UrlLocaleTest.java:314: warning: [deprecation] Locale(String,String) in Locale has been deprecated
    [javac]                 new Locale("rr", "TT")));
    [javac]                 ^
    [javac] /derby/java/org.apache.derby.tests/org/apache/derbyTesting/functionTests/tests/jdbc4/AbortTest.java:146: warning: [removal] getSecurityManager() in System has been deprecated and marked for removal
    [javac]         assertEquals( _hasSecurityManager, (System.getSecurityManager() != null) );
    [javac]                                                   ^
    [javac] /derby/java/org.apache.derby.tests/org/apache/derbyTesting/functionTests/tests/jdbc4/AbortTest.java:239: warning: [removal] AccessController in java.security has been deprecated and marked for removal
    [javac]             AccessController.doPrivileged
    [javac]             ^
    [javac] /derby/java/org.apache.derby.tests/org/apache/derbyTesting/functionTests/tests/jdbc4/AbortTest.java:255: warning: [removal] AccessControlException in java.security has been deprecated and marked for removal
    [javac]             assertTrue( e instanceof AccessControlException );
    [javac]                                      ^
    [javac] /derby/java/org.apache.derby.tests/org/apache/derbyTesting/functionTests/tests/jdbc4/ConnectionMethodsTest.java:154: warning: [removal] AccessController in java.security has been deprecated and marked for removal
    [javac]             is = AccessController.doPrivileged(
    [javac]                  ^
    [javac] /derby/java/org.apache.derby.tests/org/apache/derbyTesting/functionTests/tests/jdbc4/ConnectionMethodsTest.java:230: warning: [removal] AccessController in java.security has been deprecated and marked for removal
    [javac]             is = AccessController.doPrivileged(
    [javac]                  ^
    [javac] /derby/java/org.apache.derby.tests/org/apache/derbyTesting/functionTests/tests/jdbc4/ConnectionMethodsTest.java:518: warning: [removal] AccessController in java.security has been deprecated and marked for removal
    [javac]             AccessController.doPrivileged
    [javac]             ^
    [javac] /derby/java/org.apache.derby.tests/org/apache/derbyTesting/functionTests/tests/jdbcapi/AutoGenJDBC30Test.java:1038: warning: [removal] runFinalization() in System has been deprecated and marked for removal
    [javac]             System.runFinalization();
    [javac]                   ^
    [javac] /derby/java/org.apache.derby.tests/org/apache/derbyTesting/functionTests/tests/jdbcapi/AutoGenJDBC30Test.java:1040: warning: [removal] runFinalization() in System has been deprecated and marked for removal
    [javac]             System.runFinalization();
    [javac]                   ^
    [javac] /derby/java/org.apache.derby.tests/org/apache/derbyTesting/functionTests/tests/jdbcapi/CallableTest.java:1159: warning: [deprecation] URL(String) in URL has been deprecated
    [javac]     		URL domain = new URL("http://www.apache.org");
    [javac]     		             ^
    [javac] /derby/java/org.apache.derby.tests/org/apache/derbyTesting/functionTests/tests/jdbcapi/DataSourceSerializationTest.java:243: warning: [removal] AccessController in java.security has been deprecated and marked for removal
    [javac]             is = AccessController.doPrivileged(
    [javac]                  ^
    [javac] /derby/java/org.apache.derby.tests/org/apache/derbyTesting/functionTests/tests/jdbcapi/LobStreamsTest.java:140: warning: [removal] runFinalization() in System has been deprecated and marked for removal
    [javac]         System.runFinalization();
    [javac]               ^
    [javac] /derby/java/org.apache.derby.tests/org/apache/derbyTesting/functionTests/tests/jdbcapi/ResultSetStreamTest.java:63: warning: [removal] AccessController in java.security has been deprecated and marked for removal
    [javac]             AccessController.doPrivileged(
    [javac]             ^
    [javac] /derby/java/org.apache.derby.tests/org/apache/derbyTesting/functionTests/tests/jdbcapi/ResultSetStreamTest.java:168: warning: [removal] AccessController in java.security has been deprecated and marked for removal
    [javac]             AccessController.doPrivileged(
    [javac]             ^
    [javac] /derby/java/org.apache.derby.tests/org/apache/derbyTesting/functionTests/tests/lang/Bug5052rtsTest.java:133: warning: [removal] runFinalization() in System has been deprecated and marked for removal
    [javac]             System.runFinalization();
    [javac]                   ^
    [javac] /derby/java/org.apache.derby.tests/org/apache/derbyTesting/functionTests/tests/lang/CollationTest.java:2144: warning: [deprecation] Locale(String) in Locale has been deprecated
    [javac]         Collator c = Collator.getInstance(new Locale("sv"));
    [javac]                                           ^
    [javac] /derby/java/org.apache.derby.tests/org/apache/derbyTesting/functionTests/tests/lang/ConstraintCharacteristicsTest.java:2928: warning: [removal] AccessController in java.security has been deprecated and marked for removal
    [javac]         return AccessController.doPrivileged
    [javac]                ^
    [javac] /derby/java/org.apache.derby.tests/org/apache/derbyTesting/functionTests/tests/lang/DatabaseClassLoadingTest.java:664: warning: [removal] AccessController in java.security has been deprecated and marked for removal
    [javac]         AccessController.doPrivileged
    [javac]         ^
    [javac] /derby/java/org.apache.derby.tests/org/apache/derbyTesting/functionTests/tests/lang/LuceneSupportPermsTest.java:164: warning: [deprecation] Locale(String,String) in Locale has been deprecated
    [javac]         Test        localizedTest = new LocaleTestSetup( authorizedTest, new Locale( LANGUAGE, COUNTRY ) );
    [javac]                                                                          ^
    [javac] /derby/java/org.apache.derby.tests/org/apache/derbyTesting/functionTests/tests/lang/LuceneSupportPermsTest.java:1790: warning: [removal] AccessController in java.security has been deprecated and marked for removal
    [javac]         return AccessController.doPrivileged
    [javac]                ^
    [javac] /derby/java/org.apache.derby.tests/org/apache/derbyTesting/functionTests/tests/lang/LuceneSupportPermsTest.java:1807: warning: [removal] AccessController in java.security has been deprecated and marked for removal
    [javac]         return AccessController.doPrivileged
    [javac]                ^
    [javac] /derby/java/org.apache.derby.tests/org/apache/derbyTesting/functionTests/tests/lang/LuceneSupportPermsTest.java:1823: warning: [removal] AccessController in java.security has been deprecated and marked for removal
    [javac]         return AccessController.doPrivileged
    [javac]                ^
    [javac] /derby/java/org.apache.derby.tests/org/apache/derbyTesting/functionTests/tests/lang/LuceneSupportTest.java:76: warning: [deprecation] Locale(String,String) in Locale has been deprecated
    [javac]         Test        localizedTest = new LocaleTestSetup( singleUseTest, new Locale( "en", "US" ) );
    [javac]                                                                         ^
    [javac] /derby/java/org.apache.derby.tests/org/apache/derbyTesting/functionTests/tests/lang/NoDBInternalsPermissionTest.java:112: warning: [removal] AccessControlException in java.security has been deprecated and marked for removal
    [javac]         catch (AccessControlException e) { println( "Caught an AccessControlException" ); }
    [javac]                ^
    [javac] /derby/java/org.apache.derby.tests/org/apache/derbyTesting/functionTests/tests/lang/NoDBInternalsPermissionTest.java:117: warning: [removal] AccessControlException in java.security has been deprecated and marked for removal
    [javac]         catch (AccessControlException e) { println( "Caught an AccessControlException" ); }
    [javac]                ^
    [javac] /derby/java/org.apache.derby.tests/org/apache/derbyTesting/functionTests/tests/lang/NoDBInternalsPermissionTest.java:122: warning: [removal] AccessControlException in java.security has been deprecated and marked for removal
    [javac]         catch (AccessControlException e) { println( "Caught an AccessControlException" ); }
    [javac]                ^
    [javac] /derby/java/org.apache.derby.tests/org/apache/derbyTesting/functionTests/tests/lang/NoDBInternalsPermissionTest.java:127: warning: [removal] AccessControlException in java.security has been deprecated and marked for removal
    [javac]         catch (AccessControlException e) { println( "Caught an AccessControlException" ); }
    [javac]                ^
    [javac] /derby/java/org.apache.derby.tests/org/apache/derbyTesting/functionTests/tests/lang/NoDBInternalsPermissionTest.java:143: warning: [removal] AccessControlException in java.security has been deprecated and marked for removal
    [javac]         catch (AccessControlException e) { println( "Caught an AccessControlException" ); }
    [javac]                ^
    [javac] /derby/java/org.apache.derby.tests/org/apache/derbyTesting/functionTests/tests/lang/NoDBInternalsPermissionTest.java:160: warning: [removal] AccessControlException in java.security has been deprecated and marked for removal
    [javac]         catch (AccessControlException e) { println( "Caught an AccessControlException" ); }
    [javac]                ^
    [javac] /derby/java/org.apache.derby.tests/org/apache/derbyTesting/functionTests/tests/lang/NoDBInternalsPermissionTest.java:176: warning: [removal] AccessControlException in java.security has been deprecated and marked for removal
    [javac]         catch (AccessControlException e) { println( "Caught an AccessControlException" ); }
    [javac]                ^
    [javac] /derby/java/org.apache.derby.tests/org/apache/derbyTesting/functionTests/tests/lang/NoDBInternalsPermissionTest.java:193: warning: [removal] AccessControlException in java.security has been deprecated and marked for removal
    [javac]         catch (AccessControlException e) { println( "Caught an AccessControlException" ); }
    [javac]                ^
    [javac] /derby/java/org.apache.derby.tests/org/apache/derbyTesting/functionTests/tests/lang/SecurityPolicyReloadingTest.java:295: warning: [removal] AccessControlException in java.security has been deprecated and marked for removal
    [javac]         catch (AccessControlException ace) { return false; }
    [javac]                ^
    [javac] /derby/java/org.apache.derby.tests/org/apache/derbyTesting/functionTests/tests/lang/XplainStatisticsTest.java:741: warning: [removal] AccessController in java.security has been deprecated and marked for removal
    [javac]     			AccessController.doPrivileged
    [javac]     			^
    [javac] /derby/java/org.apache.derby.tests/org/apache/derbyTesting/functionTests/tests/lang/wisconsin.java:223: warning: [removal] AccessController in java.security has been deprecated and marked for removal
    [javac]         return AccessController.doPrivileged
    [javac]                ^
    [javac] /derby/java/org.apache.derby.tests/org/apache/derbyTesting/functionTests/tests/lang/wisconsin.java:244: warning: [removal] AccessController in java.security has been deprecated and marked for removal
    [javac]     return AccessController.doPrivileged
    [javac]            ^
    [javac] /derby/java/org.apache.derby.tests/org/apache/derbyTesting/functionTests/tests/management/MBeanTest.java:267: warning: [removal] AccessController in java.security has been deprecated and marked for removal
    [javac]         return AccessController.doPrivileged(
    [javac]                ^
    [javac] /derby/java/org.apache.derby.tests/org/apache/derbyTesting/functionTests/tests/management/MBeanTest.java:296: warning: [removal] AccessController in java.security has been deprecated and marked for removal
    [javac]             AccessController.doPrivileged(
    [javac]             ^
    [javac] /derby/java/org.apache.derby.tests/org/apache/derbyTesting/functionTests/tests/management/MBeanTest.java:362: warning: [removal] AccessController in java.security has been deprecated and marked for removal
    [javac]         return AccessController.doPrivileged(
    [javac]                ^
    [javac] /derby/java/org.apache.derby.tests/org/apache/derbyTesting/functionTests/tests/management/MBeanTest.java:384: warning: [removal] AccessController in java.security has been deprecated and marked for removal
    [javac]         AccessController.doPrivileged(new PrivilegedExceptionAction<Void>() {
    [javac]         ^
    [javac] /derby/java/org.apache.derby.tests/org/apache/derbyTesting/functionTests/tests/management/MBeanTest.java:406: warning: [removal] AccessController in java.security has been deprecated and marked for removal
    [javac]         return AccessController.doPrivileged(
    [javac]                ^
    [javac] /derby/java/org.apache.derby.tests/org/apache/derbyTesting/functionTests/tests/management/JMXTest.java:80: warning: [removal] AccessController in java.security has been deprecated and marked for removal
    [javac]             MBeanInfo mbeanInfo = AccessController.doPrivileged(
    [javac]                                   ^
    [javac] /derby/java/org.apache.derby.tests/org/apache/derbyTesting/functionTests/tests/management/PlatformConnectionGetter.java:44: warning: [removal] AccessController in java.security has been deprecated and marked for removal
    [javac]         return AccessController.doPrivileged(new PrivilegedAction<MBeanServerConnection>() {
    [javac]                ^
    [javac] /derby/java/org.apache.derby.tests/org/apache/derbyTesting/functionTests/tests/memory/MemoryLeakFixesTest.java:269: warning: [removal] runFinalization() in Runtime has been deprecated and marked for removal
    [javac]             rt.runFinalization();
    [javac]               ^
    [javac] /derby/java/org.apache.derby.tests/org/apache/derbyTesting/functionTests/tests/replicationTests/ReplicationRun.java:1509: warning: [deprecation] exec(String) in Runtime has been deprecated
    [javac]             Process proc = rt.exec(localCommand);
    [javac]                              ^
    [javac] /derby/java/org.apache.derby.tests/org/apache/derbyTesting/functionTests/tests/store/AutomaticIndexStatisticsTest.java:536: warning: [removal] AccessController in java.security has been deprecated and marked for removal
    [javac]             AccessController.doPrivileged(new PrivilegedAction<Void>() {
    [javac]             ^
    [javac] /derby/java/org.apache.derby.tests/org/apache/derbyTesting/functionTests/tests/store/BootAllTest.java:115: warning: [removal] runFinalization() in System has been deprecated and marked for removal
    [javac]         System.runFinalization();
    [javac]               ^
    [javac] /derby/java/org.apache.derby.tests/org/apache/derbyTesting/functionTests/tests/store/ClassLoaderBootTest.java:141: warning: [removal] AccessController in java.security has been deprecated and marked for removal
    [javac]         return AccessController.doPrivileged(
    [javac]                ^
    [javac] /derby/java/org.apache.derby.tests/org/apache/derbyTesting/functionTests/tests/store/ClassLoaderBootTest.java:223: warning: [removal] AccessController in java.security has been deprecated and marked for removal
    [javac]         AccessController.doPrivileged(new PrivilegedAction<Void>(){
    [javac]         ^
    [javac] /derby/java/org.apache.derby.tests/org/apache/derbyTesting/functionTests/tests/store/ClassLoaderBootTest.java:232: warning: [removal] AccessController in java.security has been deprecated and marked for removal
    [javac]         return AccessController.doPrivileged(new PrivilegedAction<ClassLoader>(){
    [javac]                ^
    [javac] /derby/java/org.apache.derby.tests/org/apache/derbyTesting/functionTests/tests/store/Derby5582AutomaticIndexStatisticsTest.java:78: warning: [removal] SecurityManager in java.lang has been deprecated and marked for removal
    [javac]     public static class Derby5582SecurityManager  extends SecurityManager {
    [javac]                                                           ^
    [javac] Note: Some input files additionally use or override a deprecated API.
    [javac] Note: Some input files additionally use or override a deprecated API that is marked for removal.
    [javac] 100 warnings
     [copy] Copying 1 file to /derby/classes/testing/org/apache/derbyTesting/functionTests/harness
     [copy] Copying 371 files to /derby/classes/testing/org/apache/derbyTesting/functionTests/master
     [copy] Copying 23 files to /derby/classes/testing/org/apache/derbyTesting/functionTests/multi/stress
     [copy] Copying 44 files to /derby/classes/testing/org/apache/derbyTesting/functionTests/suites
     [copy] Copying 1 file to /derby/classes/testing/org/apache/derbyTesting/functionTests/testData/v1
     [copy] Copying 1 file to /derby/classes/testing/org/apache/derbyTesting/functionTests/testData/v2
     [copy] Copying 15 files to /derby/classes/testing/org/apache/derbyTesting/functionTests/testData/ImportExport
     [copy] Copying 3 files to /derby/classes/testing/org/apache/derbyTesting/functionTests/testData/ResultSetStream
     [copy] Copying 1 file to /derby/classes/testing/org/apache/derbyTesting/functionTests/testData/ConnectionMethods
     [copy] Copying 57 files to /derby/classes/testing/org/apache/derbyTesting/functionTests/testData/serializedDataSources
     [copy] Copying 2 files to /derby/classes/testing/org/apache/derbyTesting/functionTests/testData/Derby6587
     [copy] Copying 19 files to /derby/classes/testing/org/apache/derbyTesting/functionTests/tests/derbynet
     [copy] Copying 5 files to /derby/classes/testing/org/apache/derbyTesting/functionTests/tests/i18n
     [copy] Copying 4 files to /derby/classes/testing/org/apache/derbyTesting/functionTests/tests/i18n/data
     [copy] Copying 1 file to /derby/classes/testing/org/apache/derbyTesting/functionTests/tests/jdbc4
     [copy] Copying 19 files to /derby/classes/testing/org/apache/derbyTesting/functionTests/tests/jdbcapi
     [copy] Copying 136 files to /derby/classes/testing/org/apache/derbyTesting/functionTests/tests/lang
     [copy] Copying 126 files to /derby/classes/testing/org/apache/derbyTesting/functionTests/tests/nist
     [copy] Copying 2 files to /derby/classes/testing/org/apache/derbyTesting/functionTests/tests/perf
     [copy] Copying 116 files to /derby/classes/testing/org/apache/derbyTesting/functionTests/tests/store
     [copy] Copying 32 files to /derby/classes/testing/org/apache/derbyTesting/functionTests/tests/tools
     [copy] Copying 53 files to /derby/classes/testing/org/apache/derbyTesting/functionTests/tests/unit
     [copy] Copying 1 file to /derby/classes/testing/org/apache/derbyTesting/functionTests/util
     [copy] Copying 1 file to /derby/classes/testing/org/apache/derbyTesting/system/mailjdbc/schema
     [copy] Copying 1 file to /derby/classes/testing/org/apache/derbyTesting/system/mailjdbc
     [copy] Copying 7 files to /derby/classes/testing/org/apache/derbyTesting/system/oe/schema
     [copy] Copying 12 files to /derby/classes/testing/org/apache/derbyTesting/functionTests/tests/demo

pptesting:
    [javac] Compiling 10 source files to /derby/classes.pptesting

runmessagecheck:
     [java] Picked up JAVA_TOOL_OPTIONS:  -Dfile.encoding=UTF8 -Djava.security.egd=file:/dev/./urandom

all:

BUILD SUCCESSFUL
Total time: 15 seconds
Picked up JAVA_TOOL_OPTIONS:  -Dfile.encoding=UTF8 -Djava.security.egd=file:/dev/./urandom
Buildfile: /derby/build.xml

version_check:

junit_check:

install_junit:

makeOutDirs:

prebuild:

compile:

build:

setCompilerProperties:

init:

make-generated-dirs:

make-release-dirs:

ensuresanitystate:

setissane:

setissane:

sanitynamesane:

sanitynameinsane:

setsanityname:

getsvnversion:
     [exec] Execute failed: java.io.IOException: Cannot run program "svnversion" (in directory "/derby"): error=2, No such file or directory
 [loadfile] /derby/changenumber.properties doesn't exist
     [echo] Revision number set to ???.

initjars:
    [mkdir] Created dir: /derby/jars/sane
    [mkdir] Created dir: /derby/jars/sane/lists

derbysharedjar:
     [echo] Beginning derbyshared.jar sane build
     [echo]  creating new shared.properties file 

infowriter:
[propertyfile] Updating property file: /derby/classes/shared/org/apache/derby/info/shared/info.properties

meta-inf-common:
    [mkdir] Created dir: /derby/jars/sane/lists/META-INF
     [copy] Copying 2 files to /derby/jars/sane/lists/META-INF

make-locale-classpath-manifest:
      [jar] Building jar: /derby/jars/sane/derbyshared.jar

derbyjar:
     [echo] Beginning derby.jar sane build
    [mkdir] Created dir: /derby/jars/sane/lists/org/apache/derby
     [java] Picked up JAVA_TOOL_OPTIONS:  -Dfile.encoding=UTF8 -Djava.security.egd=file:/dev/./urandom
     [echo]  creating new DBMS.properties file

infowriter:
[propertyfile] Updating property file: /derby/classes/engine/org/apache/derby/info/engine/info.properties

meta-inf-common:
     [copy] Copying 2 files to /derby/jars/sane/lists/META-INF

declare-autoloadable-driver:
    [mkdir] Created dir: /derby/jars/sane/lists/META-INF/services

make-core-derbyjar-manifest:

make-locale-classpath-manifest:
      [jar] Building jar: /derby/jars/sane/derby.jar

derbynetjar:
     [echo] Beginning derbynet.jar sane build
     [echo]  creating new net info.properties file 

infowriter:
[propertyfile] Updating property file: /derby/classes/drda/org/apache/derby/info/net/info.properties

meta-inf-common:
     [copy] Copying 2 files to /derby/jars/sane/lists/META-INF
      [jar] Building jar: /derby/jars/sane/derbynet.jar

derbyclientjar:
     [echo] Beginning derbyclient.jar sane build

infowriter:
[propertyfile] Updating property file: /derby/classes/client/org/apache/derby/info/client/info.properties

meta-inf-common:
     [copy] Copying 2 files to /derby/jars/sane/lists/META-INF

make-core-derbyjar-manifest:

make-locale-classpath-manifest:

declare-autoloadable-driver:
      [jar] Building jar: /derby/jars/sane/derbyclient.jar

derbytoolsjar:
     [echo] Beginning derbytools.jar sane build
     [echo]  creating new tools info.properties file 

infowriter:
[propertyfile] Updating property file: /derby/classes/tools/org/apache/derby/info/tools/info.properties

meta-inf-common:
     [copy] Copying 2 files to /derby/jars/sane/lists/META-INF

make-locale-classpath-manifest:
      [jar] Building jar: /derby/jars/sane/derbytools.jar

derbyoptionaltoolsjar:
     [echo] Beginning derbyoptionaltools.jar sane build
     [echo]  creating new optionaltools info.properties file 

infowriter:
[propertyfile] Creating new property file: /derby/classes/optional/org/apache/derby/optional/info.properties

meta-inf-common:
     [copy] Copying 2 files to /derby/jars/sane/lists/META-INF

make-locale-classpath-manifest:
      [jar] Building jar: /derby/jars/sane/derbyoptionaltools.jar

derbyrunjar:
     [echo] Beginning derbyrun.jar build

meta-inf-common:
     [copy] Copying 2 files to /derby/jars/sane/lists/META-INF
      [jar] Building jar: /derby/jars/sane/derbyrun.jar

derbywar:
     [echo] Beginning derby.war  build
      [zip] Building zip: /derby/jars/sane/derby.war

derbylocalejars:

meta-inf-common:
     [copy] Copying 2 files to /derby/jars/sane/lists/META-INF

localejar:
     [echo] Building derbyLocale_cs.jar

localeinfowriter:
[propertyfile] Updating property file: /derby/classes/locale_cs/org/apache/derby/info/locale_cs/info.properties
      [jar] Building jar: /derby/jars/sane/derbyLocale_cs.jar

localejar:
     [echo] Building derbyLocale_de_DE.jar

localeinfowriter:
[propertyfile] Updating property file: /derby/classes/locale_de_DE/org/apache/derby/info/locale_de_DE/info.properties
      [jar] Building jar: /derby/jars/sane/derbyLocale_de_DE.jar

localejar:
     [echo] Building derbyLocale_es.jar

localeinfowriter:
[propertyfile] Updating property file: /derby/classes/locale_es/org/apache/derby/info/locale_es/info.properties
      [jar] Building jar: /derby/jars/sane/derbyLocale_es.jar

localejar:
     [echo] Building derbyLocale_fr.jar

localeinfowriter:
[propertyfile] Updating property file: /derby/classes/locale_fr/org/apache/derby/info/locale_fr/info.properties
      [jar] Building jar: /derby/jars/sane/derbyLocale_fr.jar

localejar:
     [echo] Building derbyLocale_hu.jar

localeinfowriter:
[propertyfile] Updating property file: /derby/classes/locale_hu/org/apache/derby/info/locale_hu/info.properties
      [jar] Building jar: /derby/jars/sane/derbyLocale_hu.jar

localejar:
     [echo] Building derbyLocale_it.jar

localeinfowriter:
[propertyfile] Updating property file: /derby/classes/locale_it/org/apache/derby/info/locale_it/info.properties
      [jar] Building jar: /derby/jars/sane/derbyLocale_it.jar

localejar:
     [echo] Building derbyLocale_ja_JP.jar

localeinfowriter:
[propertyfile] Updating property file: /derby/classes/locale_ja_JP/org/apache/derby/info/locale_ja_JP/info.properties
      [jar] Building jar: /derby/jars/sane/derbyLocale_ja_JP.jar

localejar:
     [echo] Building derbyLocale_ko_KR.jar

localeinfowriter:
[propertyfile] Updating property file: /derby/classes/locale_ko_KR/org/apache/derby/info/locale_ko_KR/info.properties
      [jar] Building jar: /derby/jars/sane/derbyLocale_ko_KR.jar

localejar:
     [echo] Building derbyLocale_pl.jar

localeinfowriter:
[propertyfile] Updating property file: /derby/classes/locale_pl/org/apache/derby/info/locale_pl/info.properties
      [jar] Building jar: /derby/jars/sane/derbyLocale_pl.jar

localejar:
     [echo] Building derbyLocale_pt_BR.jar

localeinfowriter:
[propertyfile] Updating property file: /derby/classes/locale_pt_BR/org/apache/derby/info/locale_pt_BR/info.properties
      [jar] Building jar: /derby/jars/sane/derbyLocale_pt_BR.jar

localejar:
     [echo] Building derbyLocale_ru.jar

localeinfowriter:
[propertyfile] Updating property file: /derby/classes/locale_ru/org/apache/derby/info/locale_ru/info.properties
      [jar] Building jar: /derby/jars/sane/derbyLocale_ru.jar

localejar:
     [echo] Building derbyLocale_zh_CN.jar

localeinfowriter:
[propertyfile] Updating property file: /derby/classes/locale_zh_CN/org/apache/derby/info/locale_zh_CN/info.properties
      [jar] Building jar: /derby/jars/sane/derbyLocale_zh_CN.jar

localejar:
     [echo] Building derbyLocale_zh_TW.jar

localeinfowriter:
[propertyfile] Updating property file: /derby/classes/locale_zh_TW/org/apache/derby/info/locale_zh_TW/info.properties
      [jar] Building jar: /derby/jars/sane/derbyLocale_zh_TW.jar

ckderbytesting:

derbytestingjar:

tstinginfowriter:
[propertyfile] Updating property file: /derby/classes/testing/org/apache/derby/info/tsting/info.properties
      [jar] Building jar: /derby/jars/sane/derbyTesting.jar

jardriftcheck:
     [java] Picked up JAVA_TOOL_OPTIONS:  -Dfile.encoding=UTF8 -Djava.security.egd=file:/dev/./urandom

buildjars:

BUILD SUCCESSFUL
Total time: 2 seconds
/test.sh: line 25: export: `/derby/jars/sane': not a valid identifier
/test.sh: line 26: export: `/derby/tools/java': not a valid identifier
/test.sh: line 27: export: `/derbyrun.jar:/derbyTesting.jar:/junit.jar': not a valid identifier
Picked up JAVA_TOOL_OPTIONS:  -Dfile.encoding=UTF8 -Djava.security.egd=file:/dev/./urandom
------------------ Java Information ------------------
Java Version:    21.0.5
Java Vendor:     Eclipse Adoptium
Java home:       /opt/java/openjdk
Java classpath:  /derby/jars/sane/derbyrun.jar
OS name:         Linux
OS architecture: amd64
OS version:      6.11.6-100.fc39.x86_64
Java user name:  root
Java user home:  /root
Java user dir:   /derby
java.specification.name: Java Platform API Specification
java.specification.version: 21
java.runtime.version: 21.0.5+11-LTS
--------- Derby Information --------
[/derby/jars/sane/derby.jar] 10.16.0.0 alpha - (???)
[/derby/jars/sane/derbytools.jar] 10.16.0.0 alpha - (???)
[/derby/jars/sane/derbynet.jar] 10.16.0.0 alpha - (???)
[/derby/jars/sane/derbyclient.jar] 10.16.0.0 alpha - (???)
[/derby/jars/sane/derbyshared.jar] 10.16.0.0 alpha - (???)
[/derby/jars/sane/derbyoptionaltools.jar] 10.16.0.0 alpha - (???)
------------------------------------------------------
----------------- Locale Information -----------------
Current Locale :  [English/United States [en_US]]
Found support for locale: [cs]
	 version: 10.16.0.0 alpha - (???)
Found support for locale: [de_DE]
	 version: 10.16.0.0 alpha - (???)
Found support for locale: [es]
	 version: 10.16.0.0 alpha - (???)
Found support for locale: [fr]
	 version: 10.16.0.0 alpha - (???)
Found support for locale: [hu]
	 version: 10.16.0.0 alpha - (???)
Found support for locale: [it]
	 version: 10.16.0.0 alpha - (???)
Found support for locale: [ja_JP]
	 version: 10.16.0.0 alpha - (???)
Found support for locale: [ko_KR]
	 version: 10.16.0.0 alpha - (???)
Found support for locale: [pl]
	 version: 10.16.0.0 alpha - (???)
Found support for locale: [pt_BR]
	 version: 10.16.0.0 alpha - (???)
Found support for locale: [ru]
	 version: 10.16.0.0 alpha - (???)
Found support for locale: [zh_CN]
	 version: 10.16.0.0 alpha - (???)
Found support for locale: [zh_TW]
	 version: 10.16.0.0 alpha - (???)
------------------------------------------------------
------------------------------------------------------
Picked up JAVA_TOOL_OPTIONS:  -Dfile.encoding=UTF8 -Djava.security.egd=file:/dev/./urandom
Buildfile: /derby/build.xml

junit-init-nocp:
    [mkdir] Created dir: /derby/junit_20241211_1813/testout

junit-pptesting:
    [junit] Picked up JAVA_TOOL_OPTIONS:  -Dfile.encoding=UTF8 -Djava.security.egd=file:/dev/./urandom
    [junit] Running org.apache.derby.PackagePrivateTestSuite
    [junit] Exception in thread "main" java.lang.UnsupportedOperationException: The Security Manager is deprecated and will be removed in a future release
    [junit] 	at java.base/java.lang.System.setSecurityManager(System.java:430)
    [junit] 	at org.apache.derbyTesting.junit.SecurityManagerSetup$2.run(SecurityManagerSetup.java:309)
    [junit] 	at org.apache.derbyTesting.junit.SecurityManagerSetup$2.run(SecurityManagerSetup.java:304)
    [junit] 	at java.base/java.security.AccessController.doPrivileged(AccessController.java:319)
    [junit] 	at org.apache.derbyTesting.junit.SecurityManagerSetup.installSecurityManager(SecurityManagerSetup.java:304)
    [junit] 	at org.apache.derbyTesting.junit.SecurityManagerSetup.installSecurityManager(SecurityManagerSetup.java:261)
    [junit] 	at org.apache.derbyTesting.junit.SecurityManagerSetup.installSecurityManager(SecurityManagerSetup.java:257)
    [junit] 	at org.apache.derbyTesting.junit.TestConfiguration.defaultSecurityManagerSetup(TestConfiguration.java:2142)
    [junit] 	at org.apache.derbyTesting.junit.BaseTestSetup.run(BaseTestSetup.java:52)
    [junit] 	at junit.framework.TestSuite.runTest(TestSuite.java:230)
    [junit] 	at junit.framework.TestSuite.run(TestSuite.java:225)
    [junit] 	at junit.framework.TestSuite.runTest(TestSuite.java:230)
    [junit] 	at junit.framework.TestSuite.run(TestSuite.java:225)
    [junit] 	at org.apache.tools.ant.taskdefs.optional.junit.JUnitTestRunner.run(JUnitTestRunner.java:535)
    [junit] 	at org.apache.tools.ant.taskdefs.optional.junit.JUnitTestRunner.launch(JUnitTestRunner.java:1197)
    [junit] 	at org.apache.tools.ant.taskdefs.optional.junit.JUnitTestRunner.main(JUnitTestRunner.java:1042)
    [junit] Running org.apache.derby.PackagePrivateTestSuite
    [junit] Tests run: 1, Failures: 0, Errors: 1, Skipped: 0, Time elapsed: 0 sec
    [junit] Test org.apache.derby.PackagePrivateTestSuite FAILED (crashed)

junit-init:

emit-junit-classpath-jars:
     [echo] Running with jars: /derby/jars/sane
     [echo] CLASSPATH (environment variable): ${env.CLASSPATH}

emit-junit-classpath:

junit-core:
    [junit] Running org.apache.derbyTesting.junit.EnvTest
    [junit] Picked up JAVA_TOOL_OPTIONS:  -Dfile.encoding=UTF8 -Djava.security.egd=file:/dev/./urandom
    [junit] Tests run: 18, Failures: 0, Errors: 0, Skipped: 0, Time elapsed: 0.109 sec
    [junit] Picked up JAVA_TOOL_OPTIONS:  -Dfile.encoding=UTF8 -Djava.security.egd=file:/dev/./urandom
    [junit] Running org.apache.derbyTesting.functionTests.tests.derbynet._Suite
    [junit] Exception in thread "main" java.lang.UnsupportedOperationException: The Security Manager is deprecated and will be removed in a future release
    [junit] 	at java.base/java.lang.System.setSecurityManager(System.java:430)
    [junit] 	at org.apache.derbyTesting.junit.SecurityManagerSetup$2.run(SecurityManagerSetup.java:309)
    [junit] 	at org.apache.derbyTesting.junit.SecurityManagerSetup$2.run(SecurityManagerSetup.java:304)
    [junit] 	at java.base/java.security.AccessController.doPrivileged(AccessController.java:319)
    [junit] 	at org.apache.derbyTesting.junit.SecurityManagerSetup.installSecurityManager(SecurityManagerSetup.java:304)
    [junit] 	at org.apache.derbyTesting.junit.SecurityManagerSetup.installSecurityManager(SecurityManagerSetup.java:261)
    [junit] 	at org.apache.derbyTesting.junit.SecurityManagerSetup.installSecurityManager(SecurityManagerSetup.java:257)
    [junit] 	at org.apache.derbyTesting.junit.TestConfiguration.defaultSecurityManagerSetup(TestConfiguration.java:2142)
    [junit] 	at org.apache.derbyTesting.junit.BaseTestSetup.run(BaseTestSetup.java:52)
    [junit] 	at junit.framework.TestSuite.runTest(TestSuite.java:230)
    [junit] 	at junit.framework.TestSuite.run(TestSuite.java:225)
    [junit] 	at junit.framework.TestSuite.runTest(TestSuite.java:230)
    [junit] 	at junit.framework.TestSuite.run(TestSuite.java:225)
    [junit] 	at junit.framework.TestSuite.runTest(TestSuite.java:230)
    [junit] 	at junit.framework.TestSuite.run(TestSuite.java:225)
    [junit] 	at org.apache.tools.ant.taskdefs.optional.junit.JUnitTestRunner.run(JUnitTestRunner.java:535)
    [junit] 	at org.apache.tools.ant.taskdefs.optional.junit.JUnitTestRunner.launch(JUnitTestRunner.java:1197)
    [junit] 	at org.apache.tools.ant.taskdefs.optional.junit.JUnitTestRunner.main(JUnitTestRunner.java:1042)
    [junit] Running org.apache.derbyTesting.functionTests.tests.derbynet._Suite
    [junit] Tests run: 1, Failures: 0, Errors: 1, Skipped: 0, Time elapsed: 0 sec
    [junit] Test org.apache.derbyTesting.functionTests.tests.derbynet._Suite FAILED (crashed)
    [junit] Picked up JAVA_TOOL_OPTIONS:  -Dfile.encoding=UTF8 -Djava.security.egd=file:/dev/./urandom
    [junit] Running org.apache.derbyTesting.functionTests.tests.tools._Suite
    [junit] Exception in thread "main" java.lang.UnsupportedOperationException: The Security Manager is deprecated and will be removed in a future release
    [junit] 	at java.base/java.lang.System.setSecurityManager(System.java:430)
    [junit] 	at org.apache.derbyTesting.junit.SecurityManagerSetup$2.run(SecurityManagerSetup.java:309)
    [junit] 	at org.apache.derbyTesting.junit.SecurityManagerSetup$2.run(SecurityManagerSetup.java:304)
    [junit] 	at java.base/java.security.AccessController.doPrivileged(AccessController.java:319)
    [junit] 	at org.apache.derbyTesting.junit.SecurityManagerSetup.installSecurityManager(SecurityManagerSetup.java:304)
    [junit] 	at org.apache.derbyTesting.junit.SecurityManagerSetup.installSecurityManager(SecurityManagerSetup.java:261)
    [junit] 	at org.apache.derbyTesting.junit.SecurityManagerSetup.installSecurityManager(SecurityManagerSetup.java:257)
    [junit] 	at org.apache.derbyTesting.junit.TestConfiguration.defaultSecurityManagerSetup(TestConfiguration.java:2142)
    [junit] 	at org.apache.derbyTesting.junit.BaseTestSetup.run(BaseTestSetup.java:52)
    [junit] 	at junit.framework.TestSuite.runTest(TestSuite.java:230)
    [junit] 	at junit.framework.TestSuite.run(TestSuite.java:225)
    [junit] 	at org.apache.tools.ant.taskdefs.optional.junit.JUnitTestRunner.run(JUnitTestRunner.java:535)
    [junit] 	at org.apache.tools.ant.taskdefs.optional.junit.JUnitTestRunner.launch(JUnitTestRunner.java:1197)
    [junit] 	at org.apache.tools.ant.taskdefs.optional.junit.JUnitTestRunner.main(JUnitTestRunner.java:1042)
    [junit] Running org.apache.derbyTesting.functionTests.tests.tools._Suite
    [junit] Tests run: 1, Failures: 0, Errors: 1, Skipped: 0, Time elapsed: 0 sec
    [junit] Test org.apache.derbyTesting.functionTests.tests.tools._Suite FAILED (crashed)
    [junit] Picked up JAVA_TOOL_OPTIONS:  -Dfile.encoding=UTF8 -Djava.security.egd=file:/dev/./urandom
    [junit] Running org.apache.derbyTesting.functionTests.tests.demo._Suite
    [junit] Tests run: 1, Failures: 0, Errors: 2, Skipped: 0, Time elapsed: 0.05 sec
    [junit] Test org.apache.derbyTesting.functionTests.tests.demo._Suite FAILED
    [junit] Picked up JAVA_TOOL_OPTIONS:  -Dfile.encoding=UTF8 -Djava.security.egd=file:/dev/./urandom
    [junit] Running org.apache.derbyTesting.functionTests.tests.lang._Suite
    [junit] Exception in thread "main" java.lang.UnsupportedOperationException: The Security Manager is deprecated and will be removed in a future release
    [junit] 	at java.base/java.lang.System.setSecurityManager(System.java:430)
    [junit] 	at org.apache.derbyTesting.junit.SecurityManagerSetup$2.run(SecurityManagerSetup.java:309)
    [junit] 	at org.apache.derbyTesting.junit.SecurityManagerSetup$2.run(SecurityManagerSetup.java:304)
    [junit] 	at java.base/java.security.AccessController.doPrivileged(AccessController.java:319)
    [junit] 	at org.apache.derbyTesting.junit.SecurityManagerSetup.installSecurityManager(SecurityManagerSetup.java:304)
    [junit] 	at org.apache.derbyTesting.junit.SecurityManagerSetup.installSecurityManager(SecurityManagerSetup.java:261)
    [junit] 	at org.apache.derbyTesting.junit.SecurityManagerSetup.installSecurityManager(SecurityManagerSetup.java:257)
    [junit] 	at org.apache.derbyTesting.junit.TestConfiguration.defaultSecurityManagerSetup(TestConfiguration.java:2142)
    [junit] 	at org.apache.derbyTesting.junit.BaseTestSetup.run(BaseTestSetup.java:52)
    [junit] 	at junit.framework.TestSuite.runTest(TestSuite.java:230)
    [junit] 	at junit.framework.TestSuite.run(TestSuite.java:225)
    [junit] 	at org.apache.tools.ant.taskdefs.optional.junit.JUnitTestRunner.run(JUnitTestRunner.java:535)
    [junit] 	at org.apache.tools.ant.taskdefs.optional.junit.JUnitTestRunner.launch(JUnitTestRunner.java:1197)
    [junit] 	at org.apache.tools.ant.taskdefs.optional.junit.JUnitTestRunner.main(JUnitTestRunner.java:1042)
    [junit] Running org.apache.derbyTesting.functionTests.tests.lang._Suite
    [junit] Tests run: 1, Failures: 0, Errors: 1, Skipped: 0, Time elapsed: 0 sec
    [junit] Test org.apache.derbyTesting.functionTests.tests.lang._Suite FAILED (crashed)
    [junit] Picked up JAVA_TOOL_OPTIONS:  -Dfile.encoding=UTF8 -Djava.security.egd=file:/dev/./urandom
    [junit] Running org.apache.derbyTesting.functionTests.tests.jdbcapi._Suite
    [junit] Exception in thread "main" java.lang.UnsupportedOperationException: The Security Manager is deprecated and will be removed in a future release
    [junit] 	at java.base/java.lang.System.setSecurityManager(System.java:430)
    [junit] 	at org.apache.derbyTesting.junit.SecurityManagerSetup$2.run(SecurityManagerSetup.java:309)
    [junit] 	at org.apache.derbyTesting.junit.SecurityManagerSetup$2.run(SecurityManagerSetup.java:304)
    [junit] 	at java.base/java.security.AccessController.doPrivileged(AccessController.java:319)
    [junit] 	at org.apache.derbyTesting.junit.SecurityManagerSetup.installSecurityManager(SecurityManagerSetup.java:304)
    [junit] 	at org.apache.derbyTesting.junit.SecurityManagerSetup.installSecurityManager(SecurityManagerSetup.java:261)
    [junit] 	at org.apache.derbyTesting.junit.SecurityManagerSetup.installSecurityManager(SecurityManagerSetup.java:257)
    [junit] 	at org.apache.derbyTesting.junit.TestConfiguration.defaultSecurityManagerSetup(TestConfiguration.java:2142)
    [junit] 	at org.apache.derbyTesting.junit.BaseTestSetup.run(BaseTestSetup.java:52)
    [junit] 	at junit.framework.TestSuite.runTest(TestSuite.java:230)
    [junit] 	at junit.framework.TestSuite.run(TestSuite.java:225)
    [junit] 	at org.apache.tools.ant.taskdefs.optional.junit.JUnitTestRunner.run(JUnitTestRunner.java:535)
    [junit] 	at org.apache.tools.ant.taskdefs.optional.junit.JUnitTestRunner.launch(JUnitTestRunner.java:1197)
    [junit] 	at org.apache.tools.ant.taskdefs.optional.junit.JUnitTestRunner.main(JUnitTestRunner.java:1042)
    [junit] Running org.apache.derbyTesting.functionTests.tests.jdbcapi._Suite
    [junit] Tests run: 1, Failures: 0, Errors: 1, Skipped: 0, Time elapsed: 0 sec
    [junit] Test org.apache.derbyTesting.functionTests.tests.jdbcapi._Suite FAILED (crashed)
    [junit] Picked up JAVA_TOOL_OPTIONS:  -Dfile.encoding=UTF8 -Djava.security.egd=file:/dev/./urandom
    [junit] Running org.apache.derbyTesting.functionTests.tests.store._Suite
    [junit] Exception in thread "main" java.lang.UnsupportedOperationException: The Security Manager is deprecated and will be removed in a future release
    [junit] 	at java.base/java.lang.System.setSecurityManager(System.java:430)
    [junit] 	at org.apache.derbyTesting.junit.SecurityManagerSetup$2.run(SecurityManagerSetup.java:309)
    [junit] 	at org.apache.derbyTesting.junit.SecurityManagerSetup$2.run(SecurityManagerSetup.java:304)
    [junit] 	at java.base/java.security.AccessController.doPrivileged(AccessController.java:319)
    [junit] 	at org.apache.derbyTesting.junit.SecurityManagerSetup.installSecurityManager(SecurityManagerSetup.java:304)
    [junit] 	at org.apache.derbyTesting.junit.SecurityManagerSetup.installSecurityManager(SecurityManagerSetup.java:261)
    [junit] 	at org.apache.derbyTesting.junit.SecurityManagerSetup.installSecurityManager(SecurityManagerSetup.java:257)
    [junit] 	at org.apache.derbyTesting.junit.TestConfiguration.defaultSecurityManagerSetup(TestConfiguration.java:2142)
    [junit] 	at org.apache.derbyTesting.junit.BaseTestSetup.run(BaseTestSetup.java:52)
    [junit] 	at junit.framework.TestSuite.runTest(TestSuite.java:230)
    [junit] 	at junit.framework.TestSuite.run(TestSuite.java:225)
    [junit] 	at junit.framework.TestSuite.runTest(TestSuite.java:230)
    [junit] 	at junit.framework.TestSuite.run(TestSuite.java:225)
    [junit] 	at org.apache.tools.ant.taskdefs.optional.junit.JUnitTestRunner.run(JUnitTestRunner.java:535)
    [junit] 	at org.apache.tools.ant.taskdefs.optional.junit.JUnitTestRunner.launch(JUnitTestRunner.java:1197)
    [junit] 	at org.apache.tools.ant.taskdefs.optional.junit.JUnitTestRunner.main(JUnitTestRunner.java:1042)
    [junit] Running org.apache.derbyTesting.functionTests.tests.store._Suite
    [junit] Tests run: 1, Failures: 0, Errors: 1, Skipped: 0, Time elapsed: 0 sec
    [junit] Test org.apache.derbyTesting.functionTests.tests.store._Suite FAILED (crashed)
    [junit] Picked up JAVA_TOOL_OPTIONS:  -Dfile.encoding=UTF8 -Djava.security.egd=file:/dev/./urandom
    [junit] Running org.apache.derbyTesting.functionTests.tests.engine._Suite
    [junit] Exception in thread "main" java.lang.UnsupportedOperationException: The Security Manager is deprecated and will be removed in a future release
    [junit] 	at java.base/java.lang.System.setSecurityManager(System.java:430)
    [junit] 	at org.apache.derbyTesting.junit.SecurityManagerSetup$2.run(SecurityManagerSetup.java:309)
    [junit] 	at org.apache.derbyTesting.junit.SecurityManagerSetup$2.run(SecurityManagerSetup.java:304)
    [junit] 	at java.base/java.security.AccessController.doPrivileged(AccessController.java:319)
    [junit] 	at org.apache.derbyTesting.junit.SecurityManagerSetup.installSecurityManager(SecurityManagerSetup.java:304)
    [junit] 	at org.apache.derbyTesting.junit.SecurityManagerSetup.installSecurityManager(SecurityManagerSetup.java:261)
    [junit] 	at org.apache.derbyTesting.junit.SecurityManagerSetup.installSecurityManager(SecurityManagerSetup.java:257)
    [junit] 	at org.apache.derbyTesting.junit.TestConfiguration.defaultSecurityManagerSetup(TestConfiguration.java:2142)
    [junit] 	at org.apache.derbyTesting.junit.BaseTestSetup.run(BaseTestSetup.java:52)
    [junit] 	at junit.framework.TestSuite.runTest(TestSuite.java:230)
    [junit] 	at junit.framework.TestSuite.run(TestSuite.java:225)
    [junit] 	at org.apache.tools.ant.taskdefs.optional.junit.JUnitTestRunner.run(JUnitTestRunner.java:535)
    [junit] 	at org.apache.tools.ant.taskdefs.optional.junit.JUnitTestRunner.launch(JUnitTestRunner.java:1197)
    [junit] 	at org.apache.tools.ant.taskdefs.optional.junit.JUnitTestRunner.main(JUnitTestRunner.java:1042)
    [junit] Running org.apache.derbyTesting.functionTests.tests.engine._Suite
    [junit] Tests run: 1, Failures: 0, Errors: 1, Skipped: 0, Time elapsed: 0 sec
    [junit] Test org.apache.derbyTesting.functionTests.tests.engine._Suite FAILED (crashed)
    [junit] Picked up JAVA_TOOL_OPTIONS:  -Dfile.encoding=UTF8 -Djava.security.egd=file:/dev/./urandom
    [junit] Running org.apache.derbyTesting.functionTests.tests.replicationTests.ReplicationSuite
    [junit] Tests run: 22, Failures: 0, Errors: 1, Skipped: 0, Time elapsed: 285.769 sec
    [junit] Test org.apache.derbyTesting.functionTests.tests.replicationTests.ReplicationSuite FAILED
    [junit] Picked up JAVA_TOOL_OPTIONS:  -Dfile.encoding=UTF8 -Djava.security.egd=file:/dev/./urandom
    [junit] Running org.apache.derbyTesting.unitTests.junit._Suite
    [junit] Tests run: 160, Failures: 0, Errors: 164, Skipped: 0, Time elapsed: 0.143 sec
    [junit] Test org.apache.derbyTesting.unitTests.junit._Suite FAILED
    [junit] Picked up JAVA_TOOL_OPTIONS:  -Dfile.encoding=UTF8 -Djava.security.egd=file:/dev/./urandom
    [junit] ALARM: Non-existing location for jar files: '/derby/jars/10.0.2.1'. Upgrade tests can NOT be run!
    [junit] ALARM: Non-existing location for jar files: '/derby/jars/10.1.1.0'. Upgrade tests can NOT be run!
    [junit] ALARM: Non-existing location for jar files: '/derby/jars/10.1.2.1'. Upgrade tests can NOT be run!
    [junit] ALARM: Non-existing location for jar files: '/derby/jars/10.1.3.1'. Upgrade tests can NOT be run!
    [junit] ALARM: Non-existing location for jar files: '/derby/jars/10.2.1.6'. Upgrade tests can NOT be run!
    [junit] ALARM: Non-existing location for jar files: '/derby/jars/10.2.2.0'. Upgrade tests can NOT be run!
    [junit] ALARM: Non-existing location for jar files: '/derby/jars/10.3.1.4'. Upgrade tests can NOT be run!
    [junit] ALARM: Non-existing location for jar files: '/derby/jars/10.3.3.0'. Upgrade tests can NOT be run!
    [junit] ALARM: Non-existing location for jar files: '/derby/jars/10.4.1.3'. Upgrade tests can NOT be run!
    [junit] ALARM: Non-existing location for jar files: '/derby/jars/10.4.2.0'. Upgrade tests can NOT be run!
    [junit] ALARM: Non-existing location for jar files: '/derby/jars/10.5.1.1'. Upgrade tests can NOT be run!
    [junit] ALARM: Non-existing location for jar files: '/derby/jars/10.5.3.0'. Upgrade tests can NOT be run!
    [junit] ALARM: Non-existing location for jar files: '/derby/jars/10.6.1.0'. Upgrade tests can NOT be run!
    [junit] ALARM: Non-existing location for jar files: '/derby/jars/10.6.2.1'. Upgrade tests can NOT be run!
    [junit] ALARM: Non-existing location for jar files: '/derby/jars/10.7.1.1'. Upgrade tests can NOT be run!
    [junit] ALARM: Non-existing location for jar files: '/derby/jars/10.8.1.2'. Upgrade tests can NOT be run!
    [junit] ALARM: Non-existing location for jar files: '/derby/jars/10.8.2.2'. Upgrade tests can NOT be run!
    [junit] ALARM: Non-existing location for jar files: '/derby/jars/10.8.3.0'. Upgrade tests can NOT be run!
    [junit] ALARM: Non-existing location for jar files: '/derby/jars/10.9.1.0'. Upgrade tests can NOT be run!
    [junit] ALARM: Non-existing location for jar files: '/derby/jars/10.10.1.1'. Upgrade tests can NOT be run!
    [junit] ALARM: Non-existing location for jar files: '/derby/jars/10.10.2.0'. Upgrade tests can NOT be run!
    [junit] ALARM: Non-existing location for jar files: '/derby/jars/10.11.1.1'. Upgrade tests can NOT be run!
    [junit] ALARM: Non-existing location for jar files: '/derby/jars/10.12.1.1'. Upgrade tests can NOT be run!
    [junit] ALARM: Non-existing location for jar files: '/derby/jars/10.13.1.1'. Upgrade tests can NOT be run!
    [junit] ALARM: Non-existing location for jar files: '/derby/jars/10.14.2.0'. Upgrade tests can NOT be run!
    [junit] ALARM: Non-existing location for jar files: '/derby/jars/10.15.1.3'. Upgrade tests can NOT be run!
    [junit] Running org.apache.derbyTesting.functionTests.tests.upgradeTests._Suite
    [junit] Tests run: 0, Failures: 0, Errors: 0, Skipped: 0, Time elapsed: 0.026 sec
    [junit] Running org.apache.derbyTesting.functionTests.suites.EncryptionSuite
    [junit] Picked up JAVA_TOOL_OPTIONS:  -Dfile.encoding=UTF8 -Djava.security.egd=file:/dev/./urandom
    [junit] Tests run: 0, Failures: 0, Errors: 7, Skipped: 0, Time elapsed: 0.052 sec
    [junit] Test org.apache.derbyTesting.functionTests.suites.EncryptionSuite FAILED

junit-jdbc4:

junit-init-nocp:

junit-init:

emit-junit-classpath-jars:
     [echo] Running with jars: /derby/jars/sane
     [echo] CLASSPATH (environment variable): ${env.CLASSPATH}

emit-junit-classpath:

junit-jdbc4-workhorse:
    [junit] Picked up JAVA_TOOL_OPTIONS:  -Dfile.encoding=UTF8 -Djava.security.egd=file:/dev/./urandom
    [junit] Running org.apache.derbyTesting.functionTests.tests.jdbc4._Suite
    [junit] Exception in thread "main" java.lang.UnsupportedOperationException: The Security Manager is deprecated and will be removed in a future release
    [junit] 	at java.base/java.lang.System.setSecurityManager(System.java:430)
    [junit] 	at org.apache.derbyTesting.junit.SecurityManagerSetup$2.run(SecurityManagerSetup.java:309)
    [junit] 	at org.apache.derbyTesting.junit.SecurityManagerSetup$2.run(SecurityManagerSetup.java:304)
    [junit] 	at java.base/java.security.AccessController.doPrivileged(AccessController.java:319)
    [junit] 	at org.apache.derbyTesting.junit.SecurityManagerSetup.installSecurityManager(SecurityManagerSetup.java:304)
    [junit] 	at org.apache.derbyTesting.junit.SecurityManagerSetup.installSecurityManager(SecurityManagerSetup.java:261)
    [junit] 	at org.apache.derbyTesting.junit.SecurityManagerSetup.installSecurityManager(SecurityManagerSetup.java:257)
    [junit] 	at org.apache.derbyTesting.junit.TestConfiguration.defaultSecurityManagerSetup(TestConfiguration.java:2142)
    [junit] 	at org.apache.derbyTesting.junit.BaseTestSetup.run(BaseTestSetup.java:52)
    [junit] 	at junit.framework.TestSuite.runTest(TestSuite.java:230)
    [junit] 	at junit.framework.TestSuite.run(TestSuite.java:225)
    [junit] 	at org.apache.tools.ant.taskdefs.optional.junit.JUnitTestRunner.run(JUnitTestRunner.java:535)
    [junit] 	at org.apache.tools.ant.taskdefs.optional.junit.JUnitTestRunner.launch(JUnitTestRunner.java:1197)
    [junit] 	at org.apache.tools.ant.taskdefs.optional.junit.JUnitTestRunner.main(JUnitTestRunner.java:1042)
    [junit] Running org.apache.derbyTesting.functionTests.tests.jdbc4._Suite
    [junit] Tests run: 1, Failures: 0, Errors: 1, Skipped: 0, Time elapsed: 0 sec
    [junit] Test org.apache.derbyTesting.functionTests.tests.jdbc4._Suite FAILED (crashed)

junit-jmx:
    [junit] Picked up JAVA_TOOL_OPTIONS:  -Dfile.encoding=UTF8 -Djava.security.egd=file:/dev/./urandom
    [junit] Running org.apache.derbyTesting.functionTests.tests.management._Suite
    [junit] Exception in thread "main" java.lang.UnsupportedOperationException: The Security Manager is deprecated and will be removed in a future release
    [junit] 	at java.base/java.lang.System.setSecurityManager(System.java:430)
    [junit] 	at org.apache.derbyTesting.junit.SecurityManagerSetup$2.run(SecurityManagerSetup.java:309)
    [junit] 	at org.apache.derbyTesting.junit.SecurityManagerSetup$2.run(SecurityManagerSetup.java:304)
    [junit] 	at java.base/java.security.AccessController.doPrivileged(AccessController.java:319)
    [junit] 	at org.apache.derbyTesting.junit.SecurityManagerSetup.installSecurityManager(SecurityManagerSetup.java:304)
    [junit] 	at org.apache.derbyTesting.junit.SecurityManagerSetup.installSecurityManager(SecurityManagerSetup.java:261)
    [junit] 	at org.apache.derbyTesting.junit.SecurityManagerSetup.installSecurityManager(SecurityManagerSetup.java:257)
    [junit] 	at org.apache.derbyTesting.junit.TestConfiguration.defaultSecurityManagerSetup(TestConfiguration.java:2142)
    [junit] 	at org.apache.derbyTesting.junit.BaseTestSetup.run(BaseTestSetup.java:52)
    [junit] 	at junit.framework.TestSuite.runTest(TestSuite.java:230)
    [junit] 	at junit.framework.TestSuite.run(TestSuite.java:225)
    [junit] 	at junit.framework.TestSuite.runTest(TestSuite.java:230)
    [junit] 	at junit.framework.TestSuite.run(TestSuite.java:225)
    [junit] 	at org.apache.tools.ant.taskdefs.optional.junit.JUnitTestRunner.run(JUnitTestRunner.java:535)
    [junit] 	at org.apache.tools.ant.taskdefs.optional.junit.JUnitTestRunner.launch(JUnitTestRunner.java:1197)
    [junit] 	at org.apache.tools.ant.taskdefs.optional.junit.JUnitTestRunner.main(JUnitTestRunner.java:1042)
    [junit] Running org.apache.derbyTesting.functionTests.tests.management._Suite
    [junit] Tests run: 1, Failures: 0, Errors: 1, Skipped: 0, Time elapsed: 0 sec
    [junit] Test org.apache.derbyTesting.functionTests.tests.management._Suite FAILED (crashed)

junit-lowmem:
    [junit] Picked up JAVA_TOOL_OPTIONS:  -Dfile.encoding=UTF8 -Djava.security.egd=file:/dev/./urandom
    [junit] Running org.apache.derbyTesting.functionTests.tests.memory._Suite
    [junit] Exception in thread "main" java.lang.UnsupportedOperationException: The Security Manager is deprecated and will be removed in a future release
    [junit] 	at java.base/java.lang.System.setSecurityManager(System.java:430)
    [junit] 	at org.apache.derbyTesting.junit.SecurityManagerSetup$2.run(SecurityManagerSetup.java:309)
    [junit] 	at org.apache.derbyTesting.junit.SecurityManagerSetup$2.run(SecurityManagerSetup.java:304)
    [junit] 	at java.base/java.security.AccessController.doPrivileged(AccessController.java:319)
    [junit] 	at org.apache.derbyTesting.junit.SecurityManagerSetup.installSecurityManager(SecurityManagerSetup.java:304)
    [junit] 	at org.apache.derbyTesting.junit.SecurityManagerSetup.installSecurityManager(SecurityManagerSetup.java:261)
    [junit] 	at org.apache.derbyTesting.junit.SecurityManagerSetup.installSecurityManager(SecurityManagerSetup.java:257)
    [junit] 	at org.apache.derbyTesting.junit.TestConfiguration.defaultSecurityManagerSetup(TestConfiguration.java:2142)
    [junit] 	at org.apache.derbyTesting.junit.BaseTestSetup.run(BaseTestSetup.java:52)
    [junit] 	at junit.framework.TestSuite.runTest(TestSuite.java:230)
    [junit] 	at junit.framework.TestSuite.run(TestSuite.java:225)
    [junit] 	at org.apache.tools.ant.taskdefs.optional.junit.JUnitTestRunner.run(JUnitTestRunner.java:535)
    [junit] 	at org.apache.tools.ant.taskdefs.optional.junit.JUnitTestRunner.launch(JUnitTestRunner.java:1197)
    [junit] 	at org.apache.tools.ant.taskdefs.optional.junit.JUnitTestRunner.main(JUnitTestRunner.java:1042)
    [junit] Running org.apache.derbyTesting.functionTests.tests.memory._Suite
    [junit] Tests run: 1, Failures: 0, Errors: 1, Skipped: 0, Time elapsed: 0 sec
    [junit] Test org.apache.derbyTesting.functionTests.tests.memory._Suite FAILED (crashed)

junit-all:

BUILD SUCCESSFUL
Total time: 4 minutes 51 seconds
-----------------------------------
derby_test_junit_all_0_PASSED
-----------------------------------
   # =================== Info =================== Info =================== Info =================== #
   # EXTRA_DOCKER_ARGS set as "-v /tmp/tmp.svcCMPocrN/jdk-21.0.5+11:/opt/java/openjdk"                                #
   # =================== Info =================== Info =================== Info =================== #
   # =================== Info =================== Info =================== Info =================== #
   # TEST_JDK_HOME of /tmp/tmp.svcCMPocrN/jdk-21.0.5+11 is used in EXTRA_DOCKER_ARGS                                #
   # =================== Info =================== Info =================== Info =================== #
No DOCKERIMAGE_TAG set, tag as default 'nightly'
DOCKERIMAGE_TAG nightly has been recognized.
The test here is derby
The directory in the external.sh is derby
Untagged: localhost/adoptopenjdk-derby-test:21-jdk-ubuntu-hotspot-full
Deleted: f57f4c7b94a0bcdda5da2381ced118d2bd729fbf203ba45f53ce9519c7475fe4
Deleted: 639912d29641c7d839987d9fb62dcfb5ce1f172568b04790425e4906c6f7aac3
Deleted: 24652e16e871541e2be56a53ffa0fc4bad4c327c00da5b7ae9cdfa11175de890
Deleted: 1ceb0798192002c6d45d992bedd9767402683f18368f9a54a04bf6a973fd7802
Deleted: 0410b3a20f7908c22875bd60f8743881fa056aa1cf9d49797a61abe41e44dd9c
Deleted: 94d369a9f2f9b264495ba08e9bd6d62a35aaf72a356ec0bc360881fdd9d06b47
Deleted: 12e35780e4a1b5a8bb67d74d6b3067a49caae81d001481a3364e19316fd24785
Deleted: 4d899593c5f5ba1ff3a83ce13a444955d5a983056a3c4f55a54c261c7adb20d9
Deleted: ac85fb72afa7b19061bd5ae7c227eee590333bd45536e936738205a20be5c04e
Deleted: 3a170864c9624f79d823fd89e0089d2c4089e3acfdafd754b4b466ab4b82eef5
Deleted: d82bf8772673bd96bb2bc7438b313c423652f2a20225a19ea418c106cd2b4d86
Deleted: 35e145b4e51d143d6745bbc387a9bccc53a74324ed2d94e1151b55e5fe5ab3df
Deleted: b696bd66c39752f3f39631508fdd97c5de6c0273d6267637733a8cb986af3732
Deleted: 9b31a2c133854c27e8219b8b75f969f691701f993f4b5d4932706a18e4185bac
Deleted: 01cb76817ddcbaf4ffeca61a3b5f6d804e59aa05b3a9867d9b5f9040a991c4a7
Deleted: a8093a0f3f903ccf5c6435738da5d06b3fbfa7fbd59e19130b9ec3cc23d566a6
Deleted: 62238052e324a3c0eb4cfd77ee079fc3fa45dfc0e3c84dcb132a03e23ddcb247
Deleted: dc6bed929aa2b7045509457c524b73867dc1f4839e1d3c991c3dc733e4d1bde5
Deleted: 44e3be9d847ed80aec623046fd0dd1eefe33c6cb70a04789a7dcbb0602ab94cb
Deleted: a36007d2904303a284ff3714a537f0035439a8eb384eff6f1c924114f0112579
Error: invalid reference format

TEST TEARDOWN:
Nothing to be done for teardown.
derby_test_junit_all_0 Finish Time: Wed Dec 11 19:18:28 2024 Epoch Time (ms): 1733941108992
make[4]: Leaving directory '/home/jvanek/git/aqa-tests/external/derby'
make[3]: Leaving directory '/home/jvanek/git/aqa-tests/external'
make[2]: Leaving directory '/home/jvanek/git/aqa-tests'


All tests finished, run result summary:
cd "/home/jvanek/git/aqa-tests/TKG/../TKG/scripts"; \
perl "resultsSum.pl" --failuremk="/home/jvanek/git/aqa-tests/TKG/../TKG/failedtargets.mk" --resultFile="/home/jvanek/git/aqa-tests/TKG/../TKG/output_17339407984995/TestTargetResult" --platFile="/home/jvanek/git/aqa-tests/TKG/../TKG/resources/buildPlatformMap.properties" --diagnostic=failure --jdkVersion=21 --jdkImpl=hotspot --jdkVendor="eclipse" --spec=linux_x86-64 --buildList=external/derby --customTarget="" --testTarget=derby_test_junit_all --tapPath=/home/jvanek/git/aqa-tests/TKG/../TKG/output_17339407984995/ --tapName= --comment=""


TEST TARGETS SUMMARY
++++++++++++++++++++++++++++++++++++++++++++++++++++++++++++++++++++++++++
PASSED test targets:
	derby_test_junit_all_0

TOTAL: 1   EXECUTED: 1   PASSED: 1   FAILED: 0   DISABLED: 0   SKIPPED: 0
++++++++++++++++++++++++++++++++++++++++++++++++++++++++++++++++++++++++++

ALL TESTS PASSED

_derby_test_junit_all done
make[1]: Leaving directory '/home/jvanek/git/aqa-tests/TKG'
compilation: 0
runtime: 0
