 
export TEST_JDK_HOME=/tmp/tmp.svcCMPocrN/jdk-21.0.5+11
export EXTRA_DOCKER_ARGS=-v /tmp/tmp.svcCMPocrN/jdk-21.0.5+11:/opt/java/openjdk ;
export BUILD_LIST=external/quarkus_quickstarts ;
export EXTERNAL_AQA_IMAGE=;
make compile
make _quarkus_quickstarts_test

JAVA_HOME is set to /tmp/tmp.svcCMPocrN/jdk-21.0.5+11
LIB_DIR is set to /home/jvanek/git/aqa-tests/TKG/../TKG/lib
rm -f -r /home/jvanek/git/aqa-tests/TKG/../TKG/output_compilation; \
mkdir -p /home/jvanek/git/aqa-tests/TKG/../TKG/output_compilation; \
(ant -f ./scripts/build_tools.xml -DTEST_JDK_HOME=/tmp/tmp.svcCMPocrN/jdk-21.0.5+11 -DTEST_ROOT=/home/jvanek/git/aqa-tests/TKG/.. -DLIB_DIR=/home/jvanek/git/aqa-tests/TKG/../TKG/lib 2>&1; echo $? ) | tee "/home/jvanek/git/aqa-tests/TKG/../TKG/output_compilation/compilation.log"; \
if [ -z "$(tail -1 /home/jvanek/git/aqa-tests/TKG/../TKG/output_compilation/compilation.log | grep 0)" ]; then perl scripts/moveDmp.pl --compileLogPath="/home/jvanek/git/aqa-tests/TKG/../TKG/output_compilation/compilation.log" --testRoot="/home/jvanek/git/aqa-tests/TKG/.."; false; else rm -f -r "/home/jvanek/git/aqa-tests/TKG/../TKG/output_compilation"; fi
Buildfile: /home/jvanek/git/aqa-tests/TKG/scripts/build_tools.xml

build:

clean:
   [delete] Deleting: /home/jvanek/git/aqa-tests/TKG/autoGenEnv.mk
   [delete] Deleting: /home/jvanek/git/aqa-tests/TKG/utils.mk
   [delete] Deleting directory /home/jvanek/git/aqa-tests/TKG/bin

init:
    [mkdir] Created dir: /home/jvanek/git/aqa-tests/TKG/bin

getDependentLibs:
     [exec] --------------------------------------------
     [exec] path is set to /home/jvanek/git/aqa-tests/TKG/../TKG/lib
     [exec] task is set to default
     [exec] dependencyList is set to json_simple
     [exec] --------------------------------------------
     [exec] Starting download third party dependent jars
     [exec] --------------------------------------------
     [exec] downloading dependent third party jars to /home/jvanek/git/aqa-tests/TKG/../TKG/lib
     [exec] /home/jvanek/git/aqa-tests/TKG/../TKG/lib/json-simple.jar exists with correct hash, not downloading
     [exec] downloaded dependent third party jars successfully

compile:
     [echo] Ant version is Apache Ant(TM) version 1.10.12 compiled on July 19 2023
     [echo] ============COMPILER SETTINGS============
     [echo] ===fork:                         yes
     [echo] ===debug:                        on
    [javac] Compiling 27 source files to /home/jvanek/git/aqa-tests/TKG/bin
    [javac] Note: Some input files use or override a deprecated API.
    [javac] Note: Recompile with -Xlint:deprecation for details.

dist:
      [jar] Building jar: /home/jvanek/git/aqa-tests/TKG/bin/TestKitGen.jar

BUILD SUCCESSFUL
Total time: 0 seconds
0
/tmp/tmp.svcCMPocrN/jdk-21.0.5+11/bin/java -cp ./bin/TestKitGen.jar org.openj9.envInfo.EnvDetector
Unfamiliar microArch detected in TKG. It will not be added in TKG microArch!
microArchOutput: model name	: 11th Gen Intel(R) Core(TM) i7-11850H @ 2.50GHz
****************************** MACHINE INFO ******************************
File path : /home/jvanek/git/aqa-tests/TKG
Free Physical Memory Size : 11380502528
Free space (bytes) : 289117315072
Total Physical Memory Size : 67106488320
Total space (bytes) : 632976211968
Usable space (bytes) : 256888705024
antVersion : Apache Ant(TM) version 1.10.12 compiled on July 19 2023
cpuCores : 16
curlVersion : 
	curl 8.2.1 (x86_64-redhat-linux-gnu) libcurl/8.2.1 OpenSSL/3.1.4 zlib/1.2.13 libidn2/2.3.7 nghttp2/1.55.1
	Release-Date: 2023-07-26
	Protocols: file ftp ftps http https
	Features: alt-svc AsynchDNS GSS-API HSTS HTTP2 HTTPS-proxy IDN IPv6 Kerberos Largefile libz SPNEGO SSL threadsafe UnixSockets
docker : not on docker
gcc version : 13
gclibc version : ldd (GNU libc) 2.38
gdb version : GNU gdb (Fedora Linux) 15.1-1.fc39
lldb version : Command could not be executed
makeVersion : 
	GNU Make 4.4.1
	Built for x86_64-redhat-linux-gnu
	Copyright (C) 1988-2023 Free Software Foundation, Inc.
	License GPLv3+: GNU GPL version 3 or later <https://gnu.org/licenses/gpl.html>
	This is free software: you are free to change and redistribute it.
	There is NO WARRANTY, to the extent permitted by law.
perlVersion : 
	
	This is perl 5, version 38, subversion 2 (v5.38.2) built for x86_64-linux-thread-multi
	(with 15 registered patches, see perl -V for more detail)
	
	Copyright 1987-2023, Larry Wall
	
	Perl may be copied only under the terms of either the Artistic License or the
	GNU General Public License, which may be found in the Perl 5 source kit.
	
	Complete documentation for Perl, including FAQ lists, should be found on
	this system using "man perl" or "perldoc perl".  If you have access to the
	Internet, point your browser at https://www.perl.org/, the Perl Home Page.
	
procArch : unknown
sysArch : x86_64
sysOS : Linux
ulimit : 
	real-time non-blocking time  (microseconds, -R) unlimited
	core file size              (blocks, -c) unlimited
	data seg size               (kbytes, -d) unlimited
	scheduling priority                 (-e) 0
	file size                   (blocks, -f) unlimited
	pending signals                     (-i) 255386
	max locked memory           (kbytes, -l) 8192
	max memory size             (kbytes, -m) unlimited
	open files                          (-n) 524288
	pipe size                (512 bytes, -p) 8
	POSIX message queues         (bytes, -q) 819200
	real-time priority                  (-r) 0
	stack size                  (kbytes, -s) 8192
	cpu time                   (seconds, -t) unlimited
	max user processes                  (-u) 255386
	virtual memory              (kbytes, -v) unlimited
	file locks                          (-x) unlimited
uname : Linux fedora 6.11.6-100.fc39.x86_64 #1 SMP PREEMPT_DYNAMIC Fri Nov  1 16:07:59 UTC 2024 x86_64 GNU/Linux
vmVendor : Oracle Corporation
vmVersion : 21.0.5+11-LTS
xlc version : bash: line 1: xlC: command not found
**************************************************************************

System.getProperty('java.vm.name')=OpenJDK 64-Bit Server VM

System.getProperty('java.vendor')=Eclipse Adoptium

System.getProperty('os.name')=Linux

System.getProperty('os.arch')=amd64

System.getProperty('java.fullversion')=null

System.getProperty('sun.arch.data.model')=64

make -f clean.mk cleanBuild
make[1]: Entering directory '/home/jvanek/git/aqa-tests/TKG'
rm -f -r /home/jvanek/git/aqa-tests/TKG/../../jvmtest
make[1]: Leaving directory '/home/jvanek/git/aqa-tests/TKG'
make -f compile.mk compile
make[1]: Entering directory '/home/jvanek/git/aqa-tests/TKG'
rm -f -r /home/jvanek/git/aqa-tests/TKG/../TKG/output_compilation; \
mkdir -p /home/jvanek/git/aqa-tests/TKG/../TKG/output_compilation; \
(ant -f scripts/build_test.xml -DTEST_ROOT=/home/jvanek/git/aqa-tests/TKG/.. -DBUILD_ROOT=/home/jvanek/git/aqa-tests/TKG/../../jvmtest -DJDK_VERSION=21 -DJDK_IMPL=hotspot -DJDK_VENDOR=eclipse -DJCL_VERSION=latest -DBUILD_LIST=external/quarkus_quickstarts -DRESOURCES_DIR=/home/jvanek/git/aqa-tests/TKG/../../jvmtest/TestConfig/resources -DSPEC=linux_x86-64 -DTEST_JDK_HOME=/tmp/tmp.svcCMPocrN/jdk-21.0.5+11 -DJVM_VERSION=openjdk21 -DLIB_DIR=/home/jvanek/git/aqa-tests/TKG/../TKG/lib  2>&1; echo $? ) | tee "/home/jvanek/git/aqa-tests/TKG/../TKG/output_compilation/compilation.log"; \
if [ -z "$(tail -1 /home/jvanek/git/aqa-tests/TKG/../TKG/output_compilation/compilation.log | grep 0)" ]; then perl scripts/moveDmp.pl --compileLogPath="/home/jvanek/git/aqa-tests/TKG/../TKG/output_compilation/compilation.log" --testRoot="/home/jvanek/git/aqa-tests/TKG/.."; false; else rm -f -r "/home/jvanek/git/aqa-tests/TKG/../TKG/output_compilation"; fi
Buildfile: /home/jvanek/git/aqa-tests/TKG/scripts/build_test.xml
     [echo]  build.list is TestConfig/build.xml,external/quarkus_quickstarts/build.xml 

-create_test_directory:
    [mkdir] Created dir: /home/jvanek/git/jvmtest

stage_test_material:
     [copy] Copying 1261 files to /home/jvanek/git/jvmtest
     [copy] Copied 453 empty directories to 188 empty directories under /home/jvanek/git/jvmtest

build:

init:
    [mkdir] Created dir: /home/jvanek/git/jvmtest/TestConfig

build:
     [copy] Copying 22 files to /home/jvanek/git/jvmtest/TestConfig
     [copy] Copied 9 empty directories to 4 empty directories under /home/jvanek/git/jvmtest/TestConfig
     [copy] Copying 2 files to /home/jvanek/git/jvmtest/TestConfig

build:

move_scripts:
     [copy] Copying 2 files to /home/jvanek/git/jvmtest/external/quarkus_quickstarts
     [copy] Copying 9 files to /home/jvanek/git/jvmtest/external

clean_image:
     [echo] Executing external.sh --clean --dir quarkus_quickstarts --tag nightly --version 21 --impl hotspot 
     [exec]    # =================== Info =================== Info =================== Info =================== #
     [exec]    # EXTRA_DOCKER_ARGS set as "-v /tmp/tmp.svcCMPocrN/jdk-21.0.5+11:/opt/java/openjdk"                                #
     [exec]    # =================== Info =================== Info =================== Info =================== #
     [exec]    # =================== Info =================== Info =================== Info =================== #
     [exec]    # TEST_JDK_HOME of /tmp/tmp.svcCMPocrN/jdk-21.0.5+11 is used in EXTRA_DOCKER_ARGS                                #
     [exec]    # =================== Info =================== Info =================== Info =================== #
     [exec] The test here is quarkus_quickstarts
     [exec] The directory in the external.sh is quarkus_quickstarts
     [exec] DOCKERIMAGE_TAG nightly has been recognized.
     [exec] Error: invalid reference format
     [exec] Result: 125

build_image:
     [echo] Executing external.sh --build --dir quarkus_quickstarts --tag nightly --version 21 --impl hotspot --platform linux_x86-64 --docker_args -v /tmp/tmp.svcCMPocrN/jdk-21.0.5+11:/opt/java/openjdk 
     [exec]    # =================== Info =================== Info =================== Info =================== #
     [exec]    # EXTRA_DOCKER_ARGS set as "-v /tmp/tmp.svcCMPocrN/jdk-21.0.5+11:/opt/java/openjdk"                                #
     [exec]    # =================== Info =================== Info =================== Info =================== #
     [exec]    # =================== Info =================== Info =================== Info =================== #
     [exec]    # TEST_JDK_HOME of /tmp/tmp.svcCMPocrN/jdk-21.0.5+11 is used in EXTRA_DOCKER_ARGS                                #
     [exec]    # =================== Info =================== Info =================== Info =================== #
     [exec] The test here is quarkus_quickstarts
     [exec] The directory in the external.sh is quarkus_quickstarts
     [exec] DOCKERIMAGE_TAG nightly has been recognized.
     [exec] build_image.sh quarkus_quickstarts 21 hotspot ubuntu jdk full linux_x86-64 default 0 
     [exec] /home/jvanek/git/jvmtest/external
     [exec] 
     [exec] Writing /home/jvanek/git/jvmtest/external/quarkus_quickstarts/dockerfile/21/jdk/ubuntu/Dockerfile.hotspot.full ... ubuntu
     [exec] done
     [exec] 
     [exec] The test in the build_image() function is quarkus_quickstarts
     [exec] #####################################################
     [exec] INFO:  podman build  --no-cache -t adoptopenjdk-quarkus_quickstarts-test:21-jdk-ubuntu-hotspot-full -f /home/jvanek/git/jvmtest/external/quarkus_quickstarts/dockerfile/21/jdk/ubuntu/Dockerfile.hotspot.full /home/jvanek/git/jvmtest/external/
     [exec] #####################################################
     [exec] STEP 1/27: FROM docker.io/library/eclipse-temurin:21-jdk
     [exec] STEP 2/27: ENV RESULT_COMMENT="IN CONTAINER(not-as-root/podman)"
     [exec] --> af69012d8ed1
     [exec] STEP 3/27: ARG QUARKUS_QUICKSTARTS_TAG=2.7.2.Final
     [exec] --> 7d4a09941a09
     [exec] STEP 4/27: RUN apt-get update 	&& apt-get install -qq -y --no-install-recommends software-properties-common 	&& apt-get install -qq -y --no-install-recommends gnupg 	&& add-apt-repository ppa:ubuntu-toolchain-r/test 	&& apt-get update 	&& apt-get install -y --no-install-recommends  git wget tar  	&& rm -rf /var/lib/apt/lists/*
     [exec] Get:1 http://archive.ubuntu.com/ubuntu noble InRelease [256 kB]
     [exec] Get:2 http://security.ubuntu.com/ubuntu noble-security InRelease [126 kB]
     [exec] Get:3 http://archive.ubuntu.com/ubuntu noble-updates InRelease [126 kB]
     [exec] Get:4 http://security.ubuntu.com/ubuntu noble-security/restricted amd64 Packages [609 kB]
     [exec] Get:5 http://archive.ubuntu.com/ubuntu noble-backports InRelease [126 kB]
     [exec] Get:6 http://archive.ubuntu.com/ubuntu noble/restricted amd64 Packages [117 kB]
     [exec] Get:7 http://security.ubuntu.com/ubuntu noble-security/universe amd64 Packages [728 kB]
     [exec] Get:8 http://archive.ubuntu.com/ubuntu noble/universe amd64 Packages [19.3 MB]
     [exec] Get:9 http://security.ubuntu.com/ubuntu noble-security/multiverse amd64 Packages [15.3 kB]
     [exec] Get:10 http://security.ubuntu.com/ubuntu noble-security/main amd64 Packages [630 kB]
     [exec] Get:11 http://archive.ubuntu.com/ubuntu noble/multiverse amd64 Packages [331 kB]
     [exec] Get:12 http://archive.ubuntu.com/ubuntu noble/main amd64 Packages [1,808 kB]
     [exec] Get:13 http://archive.ubuntu.com/ubuntu noble-updates/main amd64 Packages [891 kB]
     [exec] Get:14 http://archive.ubuntu.com/ubuntu noble-updates/restricted amd64 Packages [679 kB]
     [exec] Get:15 http://archive.ubuntu.com/ubuntu noble-updates/multiverse amd64 Packages [19.7 kB]
     [exec] Get:16 http://archive.ubuntu.com/ubuntu noble-updates/universe amd64 Packages [944 kB]
     [exec] Get:17 http://archive.ubuntu.com/ubuntu noble-backports/universe amd64 Packages [11.9 kB]
     [exec] Fetched 26.7 MB in 1s (21.5 MB/s)
     [exec] Reading package lists...
     [exec] debconf: delaying package configuration, since apt-utils is not installed
     [exec] Selecting previously unselected package libpython3.12-minimal:amd64.
     [exec] (Reading database ... 
     [exec] (Reading database ... 5%(Reading database ... 10%(Reading database ... 15%(Reading database ... 20%(Reading database ... 25%(Reading database ... 30%(Reading database ... 35%(Reading database ... 40%(Reading database ... 45%(Reading database ... 50%(Reading database ... 55%(Reading database ... 60%(Reading database ... 65%(Reading database ... 70%(Reading database ... 75%(Reading database ... 80%(Reading database ... 85%(Reading database ... 90%(Reading database ... 95%(Reading database ... 100%(Reading database ... 6862 files and directories currently installed.)Preparing to unpack .../libpython3.12-minimal_3.12.3-1ubuntu0.3_amd64.deb ...
     [exec] Unpacking libpython3.12-minimal:amd64 (3.12.3-1ubuntu0.3) ...
     [exec] Selecting previously unselected package python3.12-minimal.
     [exec] Preparing to unpack .../python3.12-minimal_3.12.3-1ubuntu0.3_amd64.deb ...
     [exec] Unpacking python3.12-minimal (3.12.3-1ubuntu0.3) ...
     [exec] Setting up libpython3.12-minimal:amd64 (3.12.3-1ubuntu0.3) ...
     [exec] Setting up python3.12-minimal (3.12.3-1ubuntu0.3) ...
     [exec] Selecting previously unselected package python3-minimal.
     [exec] (Reading database ... 
     [exec] (Reading database ... 5%(Reading database ... 10%(Reading database ... 15%(Reading database ... 20%(Reading database ... 25%(Reading database ... 30%(Reading database ... 35%(Reading database ... 40%(Reading database ... 45%(Reading database ... 50%(Reading database ... 55%(Reading database ... 60%(Reading database ... 65%(Reading database ... 70%(Reading database ... 75%(Reading database ... 80%(Reading database ... 85%(Reading database ... 90%(Reading database ... 95%(Reading database ... 100%(Reading database ... 7173 files and directories currently installed.)Preparing to unpack .../0-python3-minimal_3.12.3-0ubuntu2_amd64.deb ...
     [exec] Unpacking python3-minimal (3.12.3-0ubuntu2) ...
     [exec] Selecting previously unselected package media-types.
     [exec] Preparing to unpack .../1-media-types_10.1.0_all.deb ...
     [exec] Unpacking media-types (10.1.0) ...
     [exec] Selecting previously unselected package netbase.
     [exec] Preparing to unpack .../2-netbase_6.4_all.deb ...
     [exec] Unpacking netbase (6.4) ...
     [exec] Selecting previously unselected package libpython3.12-stdlib:amd64.
     [exec] Preparing to unpack .../3-libpython3.12-stdlib_3.12.3-1ubuntu0.3_amd64.deb ...
     [exec] Unpacking libpython3.12-stdlib:amd64 (3.12.3-1ubuntu0.3) ...
     [exec] Selecting previously unselected package python3.12.
     [exec] Preparing to unpack .../4-python3.12_3.12.3-1ubuntu0.3_amd64.deb ...
     [exec] Unpacking python3.12 (3.12.3-1ubuntu0.3) ...
     [exec] Selecting previously unselected package libpython3-stdlib:amd64.
     [exec] Preparing to unpack .../5-libpython3-stdlib_3.12.3-0ubuntu2_amd64.deb ...
     [exec] Unpacking libpython3-stdlib:amd64 (3.12.3-0ubuntu2) ...
     [exec] Setting up python3-minimal (3.12.3-0ubuntu2) ...
     [exec] Selecting previously unselected package python3.
     [exec] (Reading database ... 
     [exec] (Reading database ... 5%(Reading database ... 10%(Reading database ... 15%(Reading database ... 20%(Reading database ... 25%(Reading database ... 30%(Reading database ... 35%(Reading database ... 40%(Reading database ... 45%(Reading database ... 50%(Reading database ... 55%(Reading database ... 60%(Reading database ... 65%(Reading database ... 70%(Reading database ... 75%(Reading database ... 80%(Reading database ... 85%(Reading database ... 90%(Reading database ... 95%(Reading database ... 100%(Reading database ... 7614 files and directories currently installed.)Preparing to unpack .../00-python3_3.12.3-0ubuntu2_amd64.deb ...
     [exec] Unpacking python3 (3.12.3-0ubuntu2) ...
     [exec] Selecting previously unselected package libapparmor1:amd64.
     [exec] Preparing to unpack .../01-libapparmor1_4.0.1really4.0.1-0ubuntu0.24.04.3_amd64.deb ...
     [exec] Unpacking libapparmor1:amd64 (4.0.1really4.0.1-0ubuntu0.24.04.3) ...
     [exec] Selecting previously unselected package libargon2-1:amd64.
     [exec] Preparing to unpack .../02-libargon2-1_0~20190702+dfsg-4build1_amd64.deb ...
     [exec] Unpacking libargon2-1:amd64 (0~20190702+dfsg-4build1) ...
     [exec] Selecting previously unselected package libdevmapper1.02.1:amd64.
     [exec] Preparing to unpack .../03-libdevmapper1.02.1_2%3a1.02.185-3ubuntu3.1_amd64.deb ...
     [exec] Unpacking libdevmapper1.02.1:amd64 (2:1.02.185-3ubuntu3.1) ...
     [exec] Selecting previously unselected package libjson-c5:amd64.
     [exec] Preparing to unpack .../04-libjson-c5_0.17-1build1_amd64.deb ...
     [exec] Unpacking libjson-c5:amd64 (0.17-1build1) ...
     [exec] Selecting previously unselected package libcryptsetup12:amd64.
     [exec] Preparing to unpack .../05-libcryptsetup12_2%3a2.7.0-1ubuntu4.1_amd64.deb ...
     [exec] Unpacking libcryptsetup12:amd64 (2:2.7.0-1ubuntu4.1) ...
     [exec] Selecting previously unselected package libfdisk1:amd64.
     [exec] Preparing to unpack .../06-libfdisk1_2.39.3-9ubuntu6.1_amd64.deb ...
     [exec] Unpacking libfdisk1:amd64 (2.39.3-9ubuntu6.1) ...
     [exec] Selecting previously unselected package libkmod2:amd64.
     [exec] Preparing to unpack .../07-libkmod2_31+20240202-2ubuntu7_amd64.deb ...
     [exec] Unpacking libkmod2:amd64 (31+20240202-2ubuntu7) ...
     [exec] Selecting previously unselected package libsystemd-shared:amd64.
     [exec] Preparing to unpack .../08-libsystemd-shared_255.4-1ubuntu8.4_amd64.deb ...
     [exec] Unpacking libsystemd-shared:amd64 (255.4-1ubuntu8.4) ...
     [exec] Selecting previously unselected package systemd-dev.
     [exec] Preparing to unpack .../09-systemd-dev_255.4-1ubuntu8.4_all.deb ...
     [exec] Unpacking systemd-dev (255.4-1ubuntu8.4) ...
     [exec] Selecting previously unselected package systemd.
     [exec] Preparing to unpack .../10-systemd_255.4-1ubuntu8.4_amd64.deb ...
     [exec] Unpacking systemd (255.4-1ubuntu8.4) ...
     [exec] Setting up libapparmor1:amd64 (4.0.1really4.0.1-0ubuntu0.24.04.3) ...
     [exec] Setting up libargon2-1:amd64 (0~20190702+dfsg-4build1) ...
     [exec] Setting up libdevmapper1.02.1:amd64 (2:1.02.185-3ubuntu3.1) ...
     [exec] Setting up libjson-c5:amd64 (0.17-1build1) ...
     [exec] Setting up libcryptsetup12:amd64 (2:2.7.0-1ubuntu4.1) ...
     [exec] Setting up libfdisk1:amd64 (2.39.3-9ubuntu6.1) ...
     [exec] Setting up libkmod2:amd64 (31+20240202-2ubuntu7) ...
     [exec] Setting up libsystemd-shared:amd64 (255.4-1ubuntu8.4) ...
     [exec] Setting up systemd-dev (255.4-1ubuntu8.4) ...
     [exec] Setting up systemd (255.4-1ubuntu8.4) ...
     [exec] Created symlink /etc/systemd/system/getty.target.wants/getty@tty1.service → /usr/lib/systemd/system/getty@.service.
     [exec] Created symlink /etc/systemd/system/multi-user.target.wants/remote-fs.target → /usr/lib/systemd/system/remote-fs.target.
     [exec] Created symlink /etc/systemd/system/sysinit.target.wants/systemd-pstore.service → /usr/lib/systemd/system/systemd-pstore.service.
     [exec] Initializing machine ID from random generator.
     [exec] /usr/lib/tmpfiles.d/systemd-network.conf:10: Failed to resolve user 'systemd-network': No such process
     [exec] /usr/lib/tmpfiles.d/systemd-network.conf:11: Failed to resolve user 'systemd-network': No such process
     [exec] /usr/lib/tmpfiles.d/systemd-network.conf:12: Failed to resolve user 'systemd-network': No such process
     [exec] /usr/lib/tmpfiles.d/systemd-network.conf:13: Failed to resolve user 'systemd-network': No such process
     [exec] /usr/lib/tmpfiles.d/systemd.conf:22: Failed to resolve group 'systemd-journal': No such process
     [exec] /usr/lib/tmpfiles.d/systemd.conf:23: Failed to resolve group 'systemd-journal': No such process
     [exec] /usr/lib/tmpfiles.d/systemd.conf:28: Failed to resolve group 'systemd-journal': No such process
     [exec] /usr/lib/tmpfiles.d/systemd.conf:29: Failed to resolve group 'systemd-journal': No such process
     [exec] /usr/lib/tmpfiles.d/systemd.conf:30: Failed to resolve group 'systemd-journal': No such process
     [exec] Creating group 'systemd-journal' with GID 999.
     [exec] Creating group 'systemd-network' with GID 998.
     [exec] Creating user 'systemd-network' (systemd Network Management) with UID 998 and GID 998.
     [exec] Selecting previously unselected package systemd-sysv.
     [exec] (Reading database ... 
     [exec] (Reading database ... 5%(Reading database ... 10%(Reading database ... 15%(Reading database ... 20%(Reading database ... 25%(Reading database ... 30%(Reading database ... 35%(Reading database ... 40%(Reading database ... 45%(Reading database ... 50%(Reading database ... 55%(Reading database ... 60%(Reading database ... 65%(Reading database ... 70%(Reading database ... 75%(Reading database ... 80%(Reading database ... 85%(Reading database ... 90%(Reading database ... 95%(Reading database ... 100%(Reading database ... 8661 files and directories currently installed.)Preparing to unpack .../00-systemd-sysv_255.4-1ubuntu8.4_amd64.deb ...
     [exec] Unpacking systemd-sysv (255.4-1ubuntu8.4) ...
     [exec] Selecting previously unselected package sgml-base.
     [exec] Preparing to unpack .../01-sgml-base_1.31_all.deb ...
     [exec] Unpacking sgml-base (1.31) ...
     [exec] Selecting previously unselected package libdbus-1-3:amd64.
     [exec] Preparing to unpack .../02-libdbus-1-3_1.14.10-4ubuntu4.1_amd64.deb ...
     [exec] Unpacking libdbus-1-3:amd64 (1.14.10-4ubuntu4.1) ...
     [exec] Selecting previously unselected package dbus-bin.
     [exec] Preparing to unpack .../03-dbus-bin_1.14.10-4ubuntu4.1_amd64.deb ...
     [exec] Unpacking dbus-bin (1.14.10-4ubuntu4.1) ...
     [exec] Selecting previously unselected package dbus-session-bus-common.
     [exec] Preparing to unpack .../04-dbus-session-bus-common_1.14.10-4ubuntu4.1_all.deb ...
     [exec] Unpacking dbus-session-bus-common (1.14.10-4ubuntu4.1) ...
     [exec] Selecting previously unselected package dbus-daemon.
     [exec] Preparing to unpack .../05-dbus-daemon_1.14.10-4ubuntu4.1_amd64.deb ...
     [exec] Unpacking dbus-daemon (1.14.10-4ubuntu4.1) ...
     [exec] Selecting previously unselected package dbus-system-bus-common.
     [exec] Preparing to unpack .../06-dbus-system-bus-common_1.14.10-4ubuntu4.1_all.deb ...
     [exec] Unpacking dbus-system-bus-common (1.14.10-4ubuntu4.1) ...
     [exec] Selecting previously unselected package dbus.
     [exec] Preparing to unpack .../07-dbus_1.14.10-4ubuntu4.1_amd64.deb ...
     [exec] Unpacking dbus (1.14.10-4ubuntu4.1) ...
     [exec] Selecting previously unselected package distro-info-data.
     [exec] Preparing to unpack .../08-distro-info-data_0.60ubuntu0.2_all.deb ...
     [exec] Unpacking distro-info-data (0.60ubuntu0.2) ...
     [exec] Selecting previously unselected package libglib2.0-0t64:amd64.
     [exec] Preparing to unpack .../09-libglib2.0-0t64_2.80.0-6ubuntu3.2_amd64.deb ...
     [exec] Unpacking libglib2.0-0t64:amd64 (2.80.0-6ubuntu3.2) ...
     [exec] Selecting previously unselected package gir1.2-glib-2.0:amd64.
     [exec] Preparing to unpack .../10-gir1.2-glib-2.0_2.80.0-6ubuntu3.2_amd64.deb ...
     [exec] Unpacking gir1.2-glib-2.0:amd64 (2.80.0-6ubuntu3.2) ...
     [exec] Selecting previously unselected package libgirepository-1.0-1:amd64.
     [exec] Preparing to unpack .../11-libgirepository-1.0-1_1.80.1-1_amd64.deb ...
     [exec] Unpacking libgirepository-1.0-1:amd64 (1.80.1-1) ...
     [exec] Selecting previously unselected package gir1.2-girepository-2.0:amd64.
     [exec] Preparing to unpack .../12-gir1.2-girepository-2.0_1.80.1-1_amd64.deb ...
     [exec] Unpacking gir1.2-girepository-2.0:amd64 (1.80.1-1) ...
     [exec] Selecting previously unselected package iso-codes.
     [exec] Preparing to unpack .../13-iso-codes_4.16.0-1_all.deb ...
     [exec] Unpacking iso-codes (4.16.0-1) ...
     [exec] Selecting previously unselected package libcap2-bin.
     [exec] Preparing to unpack .../14-libcap2-bin_1%3a2.66-5ubuntu2_amd64.deb ...
     [exec] Unpacking libcap2-bin (1:2.66-5ubuntu2) ...
     [exec] Selecting previously unselected package libelf1t64:amd64.
     [exec] Preparing to unpack .../15-libelf1t64_0.190-1.1build4_amd64.deb ...
     [exec] Unpacking libelf1t64:amd64 (0.190-1.1build4) ...
     [exec] Selecting previously unselected package libglib2.0-data.
     [exec] Preparing to unpack .../16-libglib2.0-data_2.80.0-6ubuntu3.2_all.deb ...
     [exec] Unpacking libglib2.0-data (2.80.0-6ubuntu3.2) ...
     [exec] Selecting previously unselected package libicu74:amd64.
     [exec] Preparing to unpack .../17-libicu74_74.2-1ubuntu3.1_amd64.deb ...
     [exec] Unpacking libicu74:amd64 (74.2-1ubuntu3.1) ...
     [exec] Selecting previously unselected package libpam-systemd:amd64.
     [exec] Preparing to unpack .../18-libpam-systemd_255.4-1ubuntu8.4_amd64.deb ...
     [exec] Unpacking libpam-systemd:amd64 (255.4-1ubuntu8.4) ...
     [exec] Selecting previously unselected package libxml2:amd64.
     [exec] Preparing to unpack .../19-libxml2_2.9.14+dfsg-1.3ubuntu3_amd64.deb ...
     [exec] Unpacking libxml2:amd64 (2.9.14+dfsg-1.3ubuntu3) ...
     [exec] Selecting previously unselected package libyaml-0-2:amd64.
     [exec] Preparing to unpack .../20-libyaml-0-2_0.2.5-1build1_amd64.deb ...
     [exec] Unpacking libyaml-0-2:amd64 (0.2.5-1build1) ...
     [exec] Selecting previously unselected package lsb-release.
     [exec] Preparing to unpack .../21-lsb-release_12.0-2_all.deb ...
     [exec] Unpacking lsb-release (12.0-2) ...
     [exec] Selecting previously unselected package python-apt-common.
     [exec] Preparing to unpack .../22-python-apt-common_2.7.7ubuntu3_all.deb ...
     [exec] Unpacking python-apt-common (2.7.7ubuntu3) ...
     [exec] Selecting previously unselected package python3-apt.
     [exec] Preparing to unpack .../23-python3-apt_2.7.7ubuntu3_amd64.deb ...
     [exec] Unpacking python3-apt (2.7.7ubuntu3) ...
     [exec] Selecting previously unselected package python3-cffi-backend:amd64.
     [exec] Preparing to unpack .../24-python3-cffi-backend_1.16.0-2build1_amd64.deb ...
     [exec] Unpacking python3-cffi-backend:amd64 (1.16.0-2build1) ...
     [exec] Selecting previously unselected package python3-dbus.
     [exec] Preparing to unpack .../25-python3-dbus_1.3.2-5build3_amd64.deb ...
     [exec] Unpacking python3-dbus (1.3.2-5build3) ...
     [exec] Selecting previously unselected package python3-gi.
     [exec] Preparing to unpack .../26-python3-gi_3.48.2-1_amd64.deb ...
     [exec] Unpacking python3-gi (3.48.2-1) ...
     [exec] Selecting previously unselected package python3-pkg-resources.
     [exec] Preparing to unpack .../27-python3-pkg-resources_68.1.2-2ubuntu1.1_all.deb ...
     [exec] Unpacking python3-pkg-resources (68.1.2-2ubuntu1.1) ...
     [exec] Selecting previously unselected package libpackagekit-glib2-18:amd64.
     [exec] Preparing to unpack .../28-libpackagekit-glib2-18_1.2.8-2build3_amd64.deb ...
     [exec] Unpacking libpackagekit-glib2-18:amd64 (1.2.8-2build3) ...
     [exec] Selecting previously unselected package gir1.2-packagekitglib-1.0.
     [exec] Preparing to unpack .../29-gir1.2-packagekitglib-1.0_1.2.8-2build3_amd64.deb ...
     [exec] Unpacking gir1.2-packagekitglib-1.0 (1.2.8-2build3) ...
     [exec] Selecting previously unselected package libcurl3t64-gnutls:amd64.
     [exec] Preparing to unpack .../30-libcurl3t64-gnutls_8.5.0-2ubuntu10.5_amd64.deb ...
     [exec] Unpacking libcurl3t64-gnutls:amd64 (8.5.0-2ubuntu10.5) ...
     [exec] Selecting previously unselected package libstemmer0d:amd64.
     [exec] Preparing to unpack .../31-libstemmer0d_2.2.0-4build1_amd64.deb ...
     [exec] Unpacking libstemmer0d:amd64 (2.2.0-4build1) ...
     [exec] Selecting previously unselected package libxmlb2:amd64.
     [exec] Preparing to unpack .../32-libxmlb2_0.3.18-1_amd64.deb ...
     [exec] Unpacking libxmlb2:amd64 (0.3.18-1) ...
     [exec] Selecting previously unselected package libappstream5:amd64.
     [exec] Preparing to unpack .../33-libappstream5_1.0.2-1build6_amd64.deb ...
     [exec] Unpacking libappstream5:amd64 (1.0.2-1build6) ...
     [exec] Selecting previously unselected package libduktape207:amd64.
     [exec] Preparing to unpack .../34-libduktape207_2.7.0+tests-0ubuntu3_amd64.deb ...
     [exec] Unpacking libduktape207:amd64 (2.7.0+tests-0ubuntu3) ...
     [exec] Selecting previously unselected package libdw1t64:amd64.
     [exec] Preparing to unpack .../35-libdw1t64_0.190-1.1build4_amd64.deb ...
     [exec] Unpacking libdw1t64:amd64 (0.190-1.1build4) ...
     [exec] Selecting previously unselected package libglib2.0-bin.
     [exec] Preparing to unpack .../36-libglib2.0-bin_2.80.0-6ubuntu3.2_amd64.deb ...
     [exec] Unpacking libglib2.0-bin (2.80.0-6ubuntu3.2) ...
     [exec] Selecting previously unselected package libunwind8:amd64.
     [exec] Preparing to unpack .../37-libunwind8_1.6.2-3build1_amd64.deb ...
     [exec] Unpacking libunwind8:amd64 (1.6.2-3build1) ...
     [exec] Selecting previously unselected package libgstreamer1.0-0:amd64.
     [exec] Preparing to unpack .../38-libgstreamer1.0-0_1.24.2-1_amd64.deb ...
     [exec] Unpacking libgstreamer1.0-0:amd64 (1.24.2-1) ...
     [exec] Selecting previously unselected package libpolkit-gobject-1-0:amd64.
     [exec] Preparing to unpack .../39-libpolkit-gobject-1-0_124-2ubuntu1_amd64.deb ...
     [exec] Unpacking libpolkit-gobject-1-0:amd64 (124-2ubuntu1) ...
     [exec] Selecting previously unselected package libpolkit-agent-1-0:amd64.
     [exec] Preparing to unpack .../40-libpolkit-agent-1-0_124-2ubuntu1_amd64.deb ...
     [exec] Unpacking libpolkit-agent-1-0:amd64 (124-2ubuntu1) ...
     [exec] Selecting previously unselected package xml-core.
     [exec] Preparing to unpack .../41-xml-core_0.19_all.deb ...
     [exec] Unpacking xml-core (0.19) ...
     [exec] Selecting previously unselected package polkitd.
     [exec] Preparing to unpack .../42-polkitd_124-2ubuntu1_amd64.deb ...
     [exec] Unpacking polkitd (124-2ubuntu1) ...
     [exec] Selecting previously unselected package python3-blinker.
     [exec] Preparing to unpack .../43-python3-blinker_1.7.0-1_all.deb ...
     [exec] Unpacking python3-blinker (1.7.0-1) ...
     [exec] Selecting previously unselected package python3-cryptography.
     [exec] Preparing to unpack .../44-python3-cryptography_41.0.7-4ubuntu0.1_amd64.deb ...
     [exec] Unpacking python3-cryptography (41.0.7-4ubuntu0.1) ...
     [exec] Selecting previously unselected package python3-pyparsing.
     [exec] Preparing to unpack .../45-python3-pyparsing_3.1.1-1_all.deb ...
     [exec] Unpacking python3-pyparsing (3.1.1-1) ...
     [exec] Selecting previously unselected package python3-httplib2.
     [exec] Preparing to unpack .../46-python3-httplib2_0.20.4-3_all.deb ...
     [exec] Unpacking python3-httplib2 (0.20.4-3) ...
     [exec] Selecting previously unselected package python3-jwt.
     [exec] Preparing to unpack .../47-python3-jwt_2.7.0-1_all.deb ...
     [exec] Unpacking python3-jwt (2.7.0-1) ...
     [exec] Selecting previously unselected package python3-lazr.uri.
     [exec] Preparing to unpack .../48-python3-lazr.uri_1.0.6-3_all.deb ...
     [exec] Unpacking python3-lazr.uri (1.0.6-3) ...
     [exec] Selecting previously unselected package python3-wadllib.
     [exec] Preparing to unpack .../49-python3-wadllib_1.3.6-5_all.deb ...
     [exec] Unpacking python3-wadllib (1.3.6-5) ...
     [exec] Selecting previously unselected package python3-distro.
     [exec] Preparing to unpack .../50-python3-distro_1.9.0-1_all.deb ...
     [exec] Unpacking python3-distro (1.9.0-1) ...
     [exec] Selecting previously unselected package python3-oauthlib.
     [exec] Preparing to unpack .../51-python3-oauthlib_3.2.2-1_all.deb ...
     [exec] Unpacking python3-oauthlib (3.2.2-1) ...
     [exec] Selecting previously unselected package python3-lazr.restfulclient.
     [exec] Preparing to unpack .../52-python3-lazr.restfulclient_0.14.6-1_all.deb ...
     [exec] Unpacking python3-lazr.restfulclient (0.14.6-1) ...
     [exec] Selecting previously unselected package python3-six.
     [exec] Preparing to unpack .../53-python3-six_1.16.0-4_all.deb ...
     [exec] Unpacking python3-six (1.16.0-4) ...
     [exec] Selecting previously unselected package python3-launchpadlib.
     [exec] Preparing to unpack .../54-python3-launchpadlib_1.11.0-6_all.deb ...
     [exec] Unpacking python3-launchpadlib (1.11.0-6) ...
     [exec] Selecting previously unselected package python3-software-properties.
     [exec] Preparing to unpack .../55-python3-software-properties_0.99.49.1_all.deb ...
     [exec] Unpacking python3-software-properties (0.99.49.1) ...
     [exec] Selecting previously unselected package packagekit.
     [exec] Preparing to unpack .../56-packagekit_1.2.8-2build3_amd64.deb ...
     [exec] Unpacking packagekit (1.2.8-2build3) ...
     [exec] Selecting previously unselected package software-properties-common.
     [exec] Preparing to unpack .../57-software-properties-common_0.99.49.1_all.deb ...
     [exec] Unpacking software-properties-common (0.99.49.1) ...
     [exec] Setting up media-types (10.1.0) ...
     [exec] Setting up systemd-sysv (255.4-1ubuntu8.4) ...
     [exec] Setting up libyaml-0-2:amd64 (0.2.5-1build1) ...
     [exec] Setting up distro-info-data (0.60ubuntu0.2) ...
     [exec] Setting up libcurl3t64-gnutls:amd64 (8.5.0-2ubuntu10.5) ...
     [exec] Setting up libunwind8:amd64 (1.6.2-3build1) ...
     [exec] Setting up libelf1t64:amd64 (0.190-1.1build4) ...
     [exec] Setting up libdw1t64:amd64 (0.190-1.1build4) ...
     [exec] Setting up libcap2-bin (1:2.66-5ubuntu2) ...
     [exec] Setting up libglib2.0-0t64:amd64 (2.80.0-6ubuntu3.2) ...
     [exec] No schema files found: doing nothing.
     [exec] Setting up libglib2.0-data (2.80.0-6ubuntu3.2) ...
     [exec] Setting up libdbus-1-3:amd64 (1.14.10-4ubuntu4.1) ...
     [exec] Setting up gir1.2-glib-2.0:amd64 (2.80.0-6ubuntu3.2) ...
     [exec] Setting up libicu74:amd64 (74.2-1ubuntu3.1) ...
     [exec] Setting up python-apt-common (2.7.7ubuntu3) ...
     [exec] Setting up libduktape207:amd64 (2.7.0+tests-0ubuntu3) ...
     [exec] Setting up dbus-session-bus-common (1.14.10-4ubuntu4.1) ...
     [exec] Setting up libgirepository-1.0-1:amd64 (1.80.1-1) ...
     [exec] Setting up netbase (6.4) ...
     [exec] Setting up sgml-base (1.31) ...
     [exec] Setting up libstemmer0d:amd64 (2.2.0-4build1) ...
     [exec] Setting up lsb-release (12.0-2) ...
     [exec] Setting up dbus-system-bus-common (1.14.10-4ubuntu4.1) ...
     [exec] Setting up libxml2:amd64 (2.9.14+dfsg-1.3ubuntu3) ...
     [exec] Setting up iso-codes (4.16.0-1) ...
     [exec] Setting up dbus-bin (1.14.10-4ubuntu4.1) ...
     [exec] Setting up libpolkit-gobject-1-0:amd64 (124-2ubuntu1) ...
     [exec] Setting up libgstreamer1.0-0:amd64 (1.24.2-1) ...
     [exec] Setcap worked! gst-ptp-helper is not suid!
     [exec] Setting up libpython3.12-stdlib:amd64 (3.12.3-1ubuntu0.3) ...
     [exec] Setting up libxmlb2:amd64 (0.3.18-1) ...
     [exec] Setting up python3.12 (3.12.3-1ubuntu0.3) ...
     [exec] Setting up libglib2.0-bin (2.80.0-6ubuntu3.2) ...
     [exec] Setting up libpackagekit-glib2-18:amd64 (1.2.8-2build3) ...
     [exec] Setting up libappstream5:amd64 (1.0.2-1build6) ...
     [exec] Setting up dbus-daemon (1.14.10-4ubuntu4.1) ...
     [exec] Setting up gir1.2-packagekitglib-1.0 (1.2.8-2build3) ...
     [exec] Setting up gir1.2-girepository-2.0:amd64 (1.80.1-1) ...
     [exec] Setting up dbus (1.14.10-4ubuntu4.1) ...
     [exec] Setting up xml-core (0.19) ...
     [exec] Setting up libpam-systemd:amd64 (255.4-1ubuntu8.4) ...
     [exec] debconf: unable to initialize frontend: Dialog
     [exec] debconf: (TERM is not set, so the dialog frontend is not usable.)
     [exec] debconf: falling back to frontend: Readline
     [exec] debconf: unable to initialize frontend: Readline
     [exec] debconf: (Can't locate Term/ReadLine.pm in @INC (you may need to install the Term::ReadLine module) (@INC entries checked: /etc/perl /usr/local/lib/x86_64-linux-gnu/perl/5.38.2 /usr/local/share/perl/5.38.2 /usr/lib/x86_64-linux-gnu/perl5/5.38 /usr/share/perl5 /usr/lib/x86_64-linux-gnu/perl-base /usr/lib/x86_64-linux-gnu/perl/5.38 /usr/share/perl/5.38 /usr/local/lib/site_perl) at /usr/share/perl5/Debconf/FrontEnd/Readline.pm line 8.)
     [exec] debconf: falling back to frontend: Teletype
     [exec] Setting up libpolkit-agent-1-0:amd64 (124-2ubuntu1) ...
     [exec] Setting up libpython3-stdlib:amd64 (3.12.3-0ubuntu2) ...
     [exec] Setting up python3 (3.12.3-0ubuntu2) ...
     [exec] running python rtupdate hooks for python3.12...
     [exec] running python post-rtupdate hooks for python3.12...
     [exec] Setting up python3-six (1.16.0-4) ...
     [exec] Setting up python3-pyparsing (3.1.1-1) ...
     [exec] Setting up python3-gi (3.48.2-1) ...
     [exec] Setting up python3-httplib2 (0.20.4-3) ...
     [exec] Setting up python3-cffi-backend:amd64 (1.16.0-2build1) ...
     [exec] Setting up python3-blinker (1.7.0-1) ...
     [exec] Setting up python3-pkg-resources (68.1.2-2ubuntu1.1) ...
     [exec] Setting up python3-dbus (1.3.2-5build3) ...
     [exec] Setting up python3-distro (1.9.0-1) ...
     [exec] Setting up python3-jwt (2.7.0-1) ...
     [exec] Setting up python3-apt (2.7.7ubuntu3) ...
     [exec] Setting up python3-lazr.uri (1.0.6-3) ...
     [exec] Setting up python3-cryptography (41.0.7-4ubuntu0.1) ...
     [exec] Setting up python3-wadllib (1.3.6-5) ...
     [exec] Setting up python3-oauthlib (3.2.2-1) ...
     [exec] Setting up python3-lazr.restfulclient (0.14.6-1) ...
     [exec] Setting up python3-launchpadlib (1.11.0-6) ...
     [exec] Created symlink /etc/systemd/user/timers.target.wants/launchpadlib-cache-clean.timer → /usr/lib/systemd/user/launchpadlib-cache-clean.timer.
     [exec] Setting up python3-software-properties (0.99.49.1) ...
     [exec] Processing triggers for libc-bin (2.39-0ubuntu8.3) ...
     [exec] Processing triggers for sgml-base (1.31) ...
     [exec] Setting up polkitd (124-2ubuntu1) ...
     [exec] Creating group 'polkitd' with GID 997.
     [exec] Creating user 'polkitd' (User for polkitd) with UID 997 and GID 997.
     [exec] invoke-rc.d: could not determine current runlevel
     [exec] invoke-rc.d: policy-rc.d denied execution of reload.
     [exec] start-stop-daemon: unable to stat /usr/libexec/polkitd (No such file or directory)
     [exec] Setting up packagekit (1.2.8-2build3) ...
     [exec] invoke-rc.d: could not determine current runlevel
     [exec] invoke-rc.d: policy-rc.d denied execution of force-reload.
     [exec] Failed to open connection to "system" message bus: Failed to connect to socket /run/dbus/system_bus_socket: No such file or directory
     [exec] Created symlink /etc/systemd/user/sockets.target.wants/pk-debconf-helper.socket → /usr/lib/systemd/user/pk-debconf-helper.socket.
     [exec] Setting up software-properties-common (0.99.49.1) ...
     [exec] Processing triggers for dbus (1.14.10-4ubuntu4.1) ...
     [exec] Get:1 https://ppa.launchpadcontent.net/ubuntu-toolchain-r/test/ubuntu noble InRelease [24.4 kB]
     [exec] Hit:2 http://archive.ubuntu.com/ubuntu noble InRelease
     [exec] Hit:3 http://security.ubuntu.com/ubuntu noble-security InRelease
     [exec] Hit:4 http://archive.ubuntu.com/ubuntu noble-updates InRelease
     [exec] Hit:5 http://archive.ubuntu.com/ubuntu noble-backports InRelease
     [exec] Fetched 24.4 kB in 0s (55.8 kB/s)
     [exec] Reading package lists...
     [exec] PPA publishes dbgsym, you may need to include 'main/debug' component
     [exec] Repository: 'Types: deb
     [exec] URIs: https://ppa.launchpadcontent.net/ubuntu-toolchain-r/test/ubuntu/
     [exec] Suites: noble
     [exec] Components: main
     [exec] '
     [exec] Description:
     [exec] Toolchain test builds; see https://wiki.ubuntu.com/ToolChain
     [exec] 
     [exec] More info: https://launchpad.net/~ubuntu-toolchain-r/+archive/ubuntu/test
     [exec] Adding repository.
     [exec] Hit:1 https://ppa.launchpadcontent.net/ubuntu-toolchain-r/test/ubuntu noble InRelease
     [exec] Hit:2 http://archive.ubuntu.com/ubuntu noble InRelease
     [exec] Hit:3 http://security.ubuntu.com/ubuntu noble-security InRelease
     [exec] Hit:4 http://archive.ubuntu.com/ubuntu noble-updates InRelease
     [exec] Hit:5 http://archive.ubuntu.com/ubuntu noble-backports InRelease
     [exec] Reading package lists...
     [exec] Reading package lists...
     [exec] Building dependency tree...
     [exec] Reading state information...
     [exec] wget is already the newest version (1.21.4-1ubuntu4.1).
     [exec] tar is already the newest version (1.35+dfsg-3build1).
     [exec] The following additional packages will be installed:
     [exec]   git-man liberror-perl libgdbm-compat4t64 libgdbm6t64 libperl5.38t64 perl
     [exec]   perl-modules-5.38
     [exec] Suggested packages:
     [exec]   gettext-base git-daemon-run | git-daemon-sysvinit git-doc git-email git-gui
     [exec]   gitk gitweb git-cvs git-mediawiki git-svn gdbm-l10n perl-doc
     [exec]   libterm-readline-gnu-perl | libterm-readline-perl-perl make
     [exec]   libtap-harness-archive-perl
     [exec] Recommended packages:
     [exec]   patch less ssh-client
     [exec] The following NEW packages will be installed:
     [exec]   git git-man liberror-perl libgdbm-compat4t64 libgdbm6t64 libperl5.38t64 perl
     [exec]   perl-modules-5.38
     [exec] 0 upgraded, 8 newly installed, 0 to remove and 1 not upgraded.
     [exec] Need to get 13.1 MB of archives.
     [exec] After this operation, 75.0 MB of additional disk space will be used.
     [exec] Get:1 http://archive.ubuntu.com/ubuntu noble/main amd64 perl-modules-5.38 all 5.38.2-3.2build2 [3,110 kB]
     [exec] Get:2 http://archive.ubuntu.com/ubuntu noble/main amd64 libgdbm6t64 amd64 1.23-5.1build1 [34.4 kB]
     [exec] Get:3 http://archive.ubuntu.com/ubuntu noble/main amd64 libgdbm-compat4t64 amd64 1.23-5.1build1 [6,710 B]
     [exec] Get:4 http://archive.ubuntu.com/ubuntu noble/main amd64 libperl5.38t64 amd64 5.38.2-3.2build2 [4,873 kB]
     [exec] Get:5 http://archive.ubuntu.com/ubuntu noble/main amd64 perl amd64 5.38.2-3.2build2 [231 kB]
     [exec] Get:6 http://archive.ubuntu.com/ubuntu noble/main amd64 liberror-perl all 0.17029-2 [25.6 kB]
     [exec] Get:7 http://archive.ubuntu.com/ubuntu noble-updates/main amd64 git-man all 1:2.43.0-1ubuntu7.1 [1,100 kB]
     [exec] Get:8 http://archive.ubuntu.com/ubuntu noble-updates/main amd64 git amd64 1:2.43.0-1ubuntu7.1 [3,679 kB]
     [exec] debconf: delaying package configuration, since apt-utils is not installed
     [exec] Fetched 13.1 MB in 0s (28.3 MB/s)
     [exec] Selecting previously unselected package perl-modules-5.38.
     [exec] (Reading database ... 
     [exec] (Reading database ... 5%(Reading database ... 10%(Reading database ... 15%(Reading database ... 20%(Reading database ... 25%(Reading database ... 30%(Reading database ... 35%(Reading database ... 40%(Reading database ... 45%(Reading database ... 50%(Reading database ... 55%(Reading database ... 60%(Reading database ... 65%(Reading database ... 70%(Reading database ... 75%(Reading database ... 80%(Reading database ... 85%(Reading database ... 90%(Reading database ... 95%(Reading database ... 100%(Reading database ... 11252 files and directories currently installed.)Preparing to unpack .../0-perl-modules-5.38_5.38.2-3.2build2_all.deb ...
     [exec] Unpacking perl-modules-5.38 (5.38.2-3.2build2) ...
     [exec] Selecting previously unselected package libgdbm6t64:amd64.
     [exec] Preparing to unpack .../1-libgdbm6t64_1.23-5.1build1_amd64.deb ...
     [exec] Unpacking libgdbm6t64:amd64 (1.23-5.1build1) ...
     [exec] Selecting previously unselected package libgdbm-compat4t64:amd64.
     [exec] Preparing to unpack .../2-libgdbm-compat4t64_1.23-5.1build1_amd64.deb ...
     [exec] Unpacking libgdbm-compat4t64:amd64 (1.23-5.1build1) ...
     [exec] Selecting previously unselected package libperl5.38t64:amd64.
     [exec] Preparing to unpack .../3-libperl5.38t64_5.38.2-3.2build2_amd64.deb ...
     [exec] Unpacking libperl5.38t64:amd64 (5.38.2-3.2build2) ...
     [exec] Selecting previously unselected package perl.
     [exec] Preparing to unpack .../4-perl_5.38.2-3.2build2_amd64.deb ...
     [exec] Unpacking perl (5.38.2-3.2build2) ...
     [exec] Selecting previously unselected package liberror-perl.
     [exec] Preparing to unpack .../5-liberror-perl_0.17029-2_all.deb ...
     [exec] Unpacking liberror-perl (0.17029-2) ...
     [exec] Selecting previously unselected package git-man.
     [exec] Preparing to unpack .../6-git-man_1%3a2.43.0-1ubuntu7.1_all.deb ...
     [exec] Unpacking git-man (1:2.43.0-1ubuntu7.1) ...
     [exec] Selecting previously unselected package git.
     [exec] Preparing to unpack .../7-git_1%3a2.43.0-1ubuntu7.1_amd64.deb ...
     [exec] Unpacking git (1:2.43.0-1ubuntu7.1) ...
     [exec] Setting up libgdbm6t64:amd64 (1.23-5.1build1) ...
     [exec] Setting up libgdbm-compat4t64:amd64 (1.23-5.1build1) ...
     [exec] Setting up perl-modules-5.38 (5.38.2-3.2build2) ...
     [exec] Setting up git-man (1:2.43.0-1ubuntu7.1) ...
     [exec] Setting up libperl5.38t64:amd64 (5.38.2-3.2build2) ...
     [exec] Setting up perl (5.38.2-3.2build2) ...
     [exec] Setting up liberror-perl (0.17029-2) ...
     [exec] Setting up git (1:2.43.0-1ubuntu7.1) ...
     [exec] Processing triggers for libc-bin (2.39-0ubuntu8.3) ...
     [exec] --> 7e5255806aa9
     [exec] STEP 5/27: ARG MAVEN_VERSION=3.8.5
     [exec] --> 74f62bfb8cf5
     [exec] STEP 6/27: ENV MAVEN_VERSION=$MAVEN_VERSION
     [exec] --> 74ad384d694d
     [exec] STEP 7/27: ENV MAVEN_HOME /opt/maven
     [exec] --> bb74039e66cb
     [exec] STEP 8/27: RUN  wget --no-verbose --no-check-certificate --no-cookies https://repo.maven.apache.org/maven2/org/apache/maven/apache-maven/${MAVEN_VERSION}/apache-maven-${MAVEN_VERSION}-bin.tar.gz 	&& tar -zvxf apache-maven-${MAVEN_VERSION}-bin.tar.gz -C /opt/ 	&& ln -s /opt/apache-maven-${MAVEN_VERSION} /opt/maven 	&& rm -f apache-maven-${MAVEN_VERSION}-bin.tar.gz
     [exec] 2024-12-11 19:57:49 URL:https://repo.maven.apache.org/maven2/org/apache/maven/apache-maven/3.8.5/apache-maven-3.8.5-bin.tar.gz [8673123/8673123] -> "apache-maven-3.8.5-bin.tar.gz" [1]
     [exec] apache-maven-3.8.5/README.txt
     [exec] apache-maven-3.8.5/LICENSE
     [exec] apache-maven-3.8.5/NOTICE
     [exec] apache-maven-3.8.5/lib/
     [exec] apache-maven-3.8.5/lib/commons-cli.license
     [exec] apache-maven-3.8.5/lib/commons-io.license
     [exec] apache-maven-3.8.5/lib/commons-lang3.license
     [exec] apache-maven-3.8.5/lib/guava.license
     [exec] apache-maven-3.8.5/lib/guice.license
     [exec] apache-maven-3.8.5/lib/jansi.license
     [exec] apache-maven-3.8.5/lib/javax.annotation-api.license
     [exec] apache-maven-3.8.5/lib/javax.inject.license
     [exec] apache-maven-3.8.5/lib/jcl-over-slf4j.license
     [exec] apache-maven-3.8.5/lib/org.eclipse.sisu.inject.license
     [exec] apache-maven-3.8.5/lib/org.eclipse.sisu.plexus.license
     [exec] apache-maven-3.8.5/lib/plexus-cipher.license
     [exec] apache-maven-3.8.5/lib/plexus-component-annotations.license
     [exec] apache-maven-3.8.5/lib/plexus-interpolation.license
     [exec] apache-maven-3.8.5/lib/plexus-sec-dispatcher.license
     [exec] apache-maven-3.8.5/lib/plexus-utils.license
     [exec] apache-maven-3.8.5/lib/slf4j-api.license
     [exec] apache-maven-3.8.5/boot/
     [exec] apache-maven-3.8.5/boot/plexus-classworlds.license
     [exec] apache-maven-3.8.5/lib/jansi-native/
     [exec] apache-maven-3.8.5/lib/jansi-native/Windows/
     [exec] apache-maven-3.8.5/lib/jansi-native/Windows/x86/
     [exec] apache-maven-3.8.5/lib/jansi-native/Windows/x86_64/
     [exec] apache-maven-3.8.5/lib/jansi-native/Windows/x86/jansi.dll
     [exec] apache-maven-3.8.5/lib/jansi-native/Windows/x86_64/jansi.dll
     [exec] apache-maven-3.8.5/bin/m2.conf
     [exec] apache-maven-3.8.5/bin/mvn.cmd
     [exec] apache-maven-3.8.5/bin/mvnDebug.cmd
     [exec] apache-maven-3.8.5/bin/mvn
     [exec] apache-maven-3.8.5/bin/mvnDebug
     [exec] apache-maven-3.8.5/bin/mvnyjp
     [exec] apache-maven-3.8.5/conf/
     [exec] apache-maven-3.8.5/conf/logging/
     [exec] apache-maven-3.8.5/conf/logging/simplelogger.properties
     [exec] apache-maven-3.8.5/conf/settings.xml
     [exec] apache-maven-3.8.5/conf/toolchains.xml
     [exec] apache-maven-3.8.5/lib/ext/
     [exec] apache-maven-3.8.5/lib/jansi-native/
     [exec] apache-maven-3.8.5/lib/ext/README.txt
     [exec] apache-maven-3.8.5/lib/jansi-native/README.txt
     [exec] apache-maven-3.8.5/boot/plexus-classworlds-2.6.0.jar
     [exec] apache-maven-3.8.5/lib/maven-embedder-3.8.5.jar
     [exec] apache-maven-3.8.5/lib/maven-settings-3.8.5.jar
     [exec] apache-maven-3.8.5/lib/maven-settings-builder-3.8.5.jar
     [exec] apache-maven-3.8.5/lib/maven-plugin-api-3.8.5.jar
     [exec] apache-maven-3.8.5/lib/maven-model-3.8.5.jar
     [exec] apache-maven-3.8.5/lib/maven-model-builder-3.8.5.jar
     [exec] apache-maven-3.8.5/lib/maven-builder-support-3.8.5.jar
     [exec] apache-maven-3.8.5/lib/maven-resolver-api-1.6.3.jar
     [exec] apache-maven-3.8.5/lib/maven-resolver-util-1.6.3.jar
     [exec] apache-maven-3.8.5/lib/maven-shared-utils-3.3.4.jar
     [exec] apache-maven-3.8.5/lib/commons-io-2.6.jar
     [exec] apache-maven-3.8.5/lib/guice-4.2.2-no_aop.jar
     [exec] apache-maven-3.8.5/lib/guava-25.1-android.jar
     [exec] apache-maven-3.8.5/lib/javax.inject-1.jar
     [exec] apache-maven-3.8.5/lib/javax.annotation-api-1.2.jar
     [exec] apache-maven-3.8.5/lib/plexus-utils-3.3.0.jar
     [exec] apache-maven-3.8.5/lib/plexus-sec-dispatcher-2.0.jar
     [exec] apache-maven-3.8.5/lib/plexus-cipher-2.0.jar
     [exec] apache-maven-3.8.5/lib/slf4j-api-1.7.32.jar
     [exec] apache-maven-3.8.5/lib/commons-lang3-3.8.1.jar
     [exec] apache-maven-3.8.5/lib/maven-core-3.8.5.jar
     [exec] apache-maven-3.8.5/lib/maven-repository-metadata-3.8.5.jar
     [exec] apache-maven-3.8.5/lib/maven-artifact-3.8.5.jar
     [exec] apache-maven-3.8.5/lib/maven-resolver-provider-3.8.5.jar
     [exec] apache-maven-3.8.5/lib/maven-resolver-impl-1.6.3.jar
     [exec] apache-maven-3.8.5/lib/maven-resolver-spi-1.6.3.jar
     [exec] apache-maven-3.8.5/lib/org.eclipse.sisu.inject-0.3.5.jar
     [exec] apache-maven-3.8.5/lib/plexus-interpolation-1.26.jar
     [exec] apache-maven-3.8.5/lib/plexus-component-annotations-2.1.0.jar
     [exec] apache-maven-3.8.5/lib/maven-compat-3.8.5.jar
     [exec] apache-maven-3.8.5/lib/wagon-provider-api-3.5.1.jar
     [exec] apache-maven-3.8.5/lib/org.eclipse.sisu.plexus-0.3.5.jar
     [exec] apache-maven-3.8.5/lib/commons-cli-1.4.jar
     [exec] apache-maven-3.8.5/lib/wagon-http-3.5.1-shaded.jar
     [exec] apache-maven-3.8.5/lib/jcl-over-slf4j-1.7.32.jar
     [exec] apache-maven-3.8.5/lib/wagon-file-3.5.1.jar
     [exec] apache-maven-3.8.5/lib/maven-resolver-connector-basic-1.6.3.jar
     [exec] apache-maven-3.8.5/lib/maven-resolver-transport-wagon-1.6.3.jar
     [exec] apache-maven-3.8.5/lib/maven-slf4j-provider-3.8.5.jar
     [exec] apache-maven-3.8.5/lib/jansi-2.4.0.jar
     [exec] --> ca33ed03f9ec
     [exec] STEP 9/27: ENV PATH ${PATH}:${MAVEN_HOME}/bin
     [exec] --> c96af03faf85
     [exec] STEP 10/27: ENV JAVA_TOOL_OPTIONS=" -Dfile.encoding=UTF8 -Djava.security.egd=file:/dev/./urandom"
     [exec] --> 670ede7298e4
     [exec] STEP 11/27: ENV MODE=java
     [exec] --> 98cdb5204007
     [exec] STEP 12/27: RUN mkdir testResults
     [exec] --> dfd0014acbba
     [exec] STEP 13/27: ENV TEST_HOME /quarkus-quickstarts
     [exec] --> f903e1280a9c
     [exec] STEP 14/27: ENV APPLICATION_NAME=quarkus_quickstarts
     [exec] --> f6aff5b01a8c
     [exec] STEP 15/27: ENV APPLICATION_TAG=2.7.2.Final
     [exec] --> e7a05a479522
     [exec] STEP 16/27: ENV OS_TAG=ubuntu
     [exec] --> 134be54fb55c
     [exec] STEP 17/27: ENV JDK_VERSION=21
     [exec] --> b1509aea5b3a
     [exec] STEP 18/27: ENV JDK_IMPL=hotspot
     [exec] --> 8b505655a774
     [exec] STEP 19/27: ENV QUARKUS_QUICKSTARTS_TAG=$QUARKUS_QUICKSTARTS_TAG
     [exec] --> d8d9b44a09cd
     [exec] STEP 20/27: RUN git clone https://github.com/quarkusio/quarkus-quickstarts.git
     [exec] Cloning into 'quarkus-quickstarts'...
     [exec] --> 8f14f5eb4bd8
     [exec] STEP 21/27: WORKDIR /quarkus-quickstarts/
     [exec] --> daaacd68ec8f
     [exec] STEP 22/27: RUN git checkout $QUARKUS_QUICKSTARTS_TAG
     [exec] Note: switching to '2.7.2.Final'.
     [exec] 
     [exec] You are in 'detached HEAD' state. You can look around, make experimental
     [exec] changes and commit them, and you can discard any commits you make in this
     [exec] state without impacting any branches by switching back to a branch.
     [exec] 
     [exec] If you want to create a new branch to retain commits you create, you may
     [exec] do so (now or later) by using -c with the switch command. Example:
     [exec] 
     [exec]   git switch -c <new-branch-name>
     [exec] 
     [exec] Or undo this operation with:
     [exec] 
     [exec]   git switch -
     [exec] 
     [exec] Turn off this advice by setting config variable advice.detachedHead to false
     [exec] 
     [exec] HEAD is now at d1f6a01f6 [RELEASE] - Bump version to 2.7.2.Final
     [exec] --> 51df0a1a60ab
     [exec] STEP 23/27: WORKDIR /
     [exec] --> b1020cb10512
     [exec] STEP 24/27: COPY quarkus_quickstarts/test.sh /test.sh
     [exec] --> 5c38120bb98b
     [exec] STEP 25/27: COPY test_base_functions.sh test_base_functions.sh
     [exec] --> e44e74f878e9
     [exec] STEP 26/27: WORKDIR ${TEST_HOME}
     [exec] --> fbb7e10dc841
     [exec] STEP 27/27: ENTRYPOINT ["/bin/bash", "/test.sh"]
     [exec] COMMIT adoptopenjdk-quarkus_quickstarts-test:21-jdk-ubuntu-hotspot-full
     [exec] --> b2e35129224e
     [exec] Successfully tagged localhost/adoptopenjdk-quarkus_quickstarts-test:21-jdk-ubuntu-hotspot-full
     [exec] b2e35129224e8d9d6fc053f77ff30497f834ddf5defc1a5f485002f30546f765

dist:
     [copy] Copying 3 files to /home/jvanek/git/jvmtest/external/quarkus_quickstarts

BUILD SUCCESSFUL
Total time: 35 seconds
0
make[1]: Leaving directory '/home/jvanek/git/aqa-tests/TKG'
JAVA_HOME is set to /tmp/tmp.svcCMPocrN/jdk-21.0.5+11
LIB_DIR is set to /home/jvanek/git/aqa-tests/TKG/../TKG/lib
make -f makeGen.mk AUTO_DETECT= MODE=tests TESTTARGET=quarkus_quickstarts_test TESTLIST=
make[1]: Entering directory '/home/jvanek/git/aqa-tests/TKG'
perl scripts/configure.pl
/tmp/tmp.svcCMPocrN/jdk-21.0.5+11/bin/java -cp "./bin/TestKitGen.jar:/home/jvanek/git/aqa-tests/TKG/../TKG/lib/json-simple.jar" org.testKitGen.MainRunner --mode=tests --spec=linux_x86-64 --microArch="" --osLabel="" --jdkVersion=21 --impl=hotspot --vendor="eclipse" --buildList=external/quarkus_quickstarts --iterations=1 --aotIterations= --testFlag= --testTarget=quarkus_quickstarts_test --testList= --numOfMachines= --testTime= --TRSSURL= 
Modes data parsed from resources/modes.xml and resources/ottawa.csv.

Starting to generate test make files.

Parsing /home/jvanek/git/aqa-tests/TKG/../external/quarkus_quickstarts/playlist.xml
Generated /home/jvanek/git/aqa-tests/TKG/../external/quarkus_quickstarts/autoGen.mk

Generated /home/jvanek/git/aqa-tests/TKG/../external/autoGen.mk

Generated /home/jvanek/git/aqa-tests/TKG/../autoGen.mk

Generated /home/jvanek/git/aqa-tests/TKG/../TKG/utils.mk

Generated /home/jvanek/git/aqa-tests/TKG/../TKG/rerun.mk

Make files are generated successfully.

make[1]: Leaving directory '/home/jvanek/git/aqa-tests/TKG'
make -f runtest.mk _quarkus_quickstarts_test
make[1]: Entering directory '/home/jvanek/git/aqa-tests/TKG'

Running make 4.4.1
set TEST_ROOT to /home/jvanek/git/aqa-tests/TKG/..
set JDK_VERSION to 21
set JDK_IMPL to hotspot
set JVM_VERSION to openjdk21
set JCL_VERSION to latest
set JAVA_HOME to /tmp/tmp.svcCMPocrN/jdk-21.0.5+11
set SPEC to linux_x86-64
set TEST_FLAG to
Running quarkus_quickstarts_test ...
There are 1 test targets in quarkus_quickstarts_test
"/tmp/tmp.svcCMPocrN/jdk-21.0.5+11/bin/java" -version
openjdk version "21.0.5" 2024-10-15 LTS
OpenJDK Runtime Environment Temurin-21.0.5+11 (build 21.0.5+11-LTS)
OpenJDK 64-Bit Server VM Temurin-21.0.5+11 (build 21.0.5+11-LTS, mixed mode, sharing)
make[2]: Entering directory '/home/jvanek/git/aqa-tests'
make[3]: Entering directory '/home/jvanek/git/aqa-tests/external'
make[4]: Entering directory '/home/jvanek/git/aqa-tests/external/quarkus_quickstarts'

===============================================
Running test quarkus_quickstarts_test_0 ...
===============================================
quarkus_quickstarts_test_0 Start Time: Wed Dec 11 20:58:06 2024 Epoch Time (ms): 1733947086511
variation: NoOptions
JVM_OPTIONS:  
{ \
echo "";	echo "TEST SETUP:"; \
echo "Nothing to be done for setup."; \
mkdir -p "/home/jvanek/git/aqa-tests/TKG/../TKG/output_17339470864213/quarkus_quickstarts_test_0"; \
cd "/home/jvanek/git/aqa-tests/TKG/../TKG/output_17339470864213/quarkus_quickstarts_test_0"; \
echo "";	echo "TESTING:"; \
/home/jvanek/git/aqa-tests/TKG/../external/external.sh --run --tag "" --dir quarkus_quickstarts --reportsrc /testResults/surefire-reports --reportdst "/home/jvanek/git/aqa-tests/TKG/../TKG/output_17339470864213/quarkus_quickstarts_test_0" --docker_args "-v /var/run/docker.sock:/var/run/docker.sock -v /tmp/tmp.svcCMPocrN/jdk-21.0.5+11:/opt/java/openjdk"; \
	if [ $? -eq 0 ]; then echo "-----------------------------------"; echo "quarkus_quickstarts_test_0""_PASSED"; echo "-----------------------------------"; cd /home/jvanek/git/aqa-tests/TKG/..;  else echo "-----------------------------------"; echo "quarkus_quickstarts_test_0""_FAILED"; echo "-----------------------------------"; fi; \
	/home/jvanek/git/aqa-tests/TKG/../external/external.sh --clean --tag "" --dir quarkus_quickstarts; \
echo "";	echo "TEST TEARDOWN:"; \
echo "Nothing to be done for teardown."; \
 } 2>&1 | tee -a "/home/jvanek/git/aqa-tests/TKG/../TKG/output_17339470864213/TestTargetResult";

TEST SETUP:
Nothing to be done for setup.

TESTING:
   # =================== Info =================== Info =================== Info =================== #
   # EXTRA_DOCKER_ARGS set as "-v /tmp/tmp.svcCMPocrN/jdk-21.0.5+11:/opt/java/openjdk"                                #
   # =================== Info =================== Info =================== Info =================== #
   # =================== Info =================== Info =================== Info =================== #
   # TEST_JDK_HOME of /tmp/tmp.svcCMPocrN/jdk-21.0.5+11 is used in EXTRA_DOCKER_ARGS                                #
   # =================== Info =================== Info =================== Info =================== #
No DOCKERIMAGE_TAG set, tag as default 'nightly'
DOCKERIMAGE_TAG nightly has been recognized.
The test here is quarkus_quickstarts
The directory in the external.sh is quarkus_quickstarts
 podman run --privileged  -v /var/run/docker.sock:/var/run/docker.sock  -v /tmp/tmp.svcCMPocrN/jdk-21.0.5+11:/opt/java/openjdk  --name quarkus_quickstarts-test adoptopenjdk-quarkus_quickstarts-test:21-jdk-ubuntu-hotspot-full 
time="2024-12-11T20:58:06+01:00" level=warning msg="Error validating CNI config file /home/jvanek/.config/cni/net.d/87-podman.conflist: [failed to find plugin \"bridge\" in path [/usr/local/libexec/cni /usr/libexec/cni /usr/local/lib/cni /usr/lib/cni /opt/cni/bin] failed to find plugin \"portmap\" in path [/usr/local/libexec/cni /usr/libexec/cni /usr/local/lib/cni /usr/lib/cni /opt/cni/bin] failed to find plugin \"firewall\" in path [/usr/local/libexec/cni /usr/libexec/cni /usr/local/lib/cni /usr/lib/cni /opt/cni/bin] failed to find plugin \"tuning\" in path [/usr/local/libexec/cni /usr/libexec/cni /usr/local/lib/cni /usr/lib/cni /opt/cni/bin]]"
Error: statfs /var/run/docker.sock: no such file or directory
-----------------------------------
quarkus_quickstarts_test_0_FAILED
-----------------------------------
   # =================== Info =================== Info =================== Info =================== #
   # EXTRA_DOCKER_ARGS set as "-v /tmp/tmp.svcCMPocrN/jdk-21.0.5+11:/opt/java/openjdk"                                #
   # =================== Info =================== Info =================== Info =================== #
   # =================== Info =================== Info =================== Info =================== #
   # TEST_JDK_HOME of /tmp/tmp.svcCMPocrN/jdk-21.0.5+11 is used in EXTRA_DOCKER_ARGS                                #
   # =================== Info =================== Info =================== Info =================== #
No DOCKERIMAGE_TAG set, tag as default 'nightly'
DOCKERIMAGE_TAG nightly has been recognized.
The test here is quarkus_quickstarts
The directory in the external.sh is quarkus_quickstarts
Untagged: localhost/adoptopenjdk-quarkus_quickstarts-test:21-jdk-ubuntu-hotspot-full
Deleted: b2e35129224e8d9d6fc053f77ff30497f834ddf5defc1a5f485002f30546f765
Deleted: fbb7e10dc841c47f9b7bb296d5851150546944cf8bd1f1c20deb2e0d8c358631
Deleted: e44e74f878e9a66e8bf5e6547135f939287fffb3804077588bf420db4483e63d
Deleted: 5c38120bb98b77a29ce60a1f45399f19bb9417f1eb78163db62d743557322baf
Deleted: b1020cb105123e8ec2a015875d9881bd19b6fa99186d28862d5cafd80d7967f1
Deleted: 51df0a1a60aba1263c386f5b11b5f759ff47d219a10cf456f107a503caf3b854
Deleted: daaacd68ec8f3bec98d8255dcc5c49e1eecc65f1d40aac2525f0c4f72c7d9105
Deleted: 8f14f5eb4bd8c62e3b63ab442028db8ab59c1831ae609e54ff27519d0efa360d
Deleted: d8d9b44a09cdd6180061b27056540b7649f2f02dd1632c18f6e4a0737cb35462
Deleted: 8b505655a7743cf492fa3b2d5e838963e5304e88f3f9c94a1423214bf6239a9a
Deleted: b1509aea5b3a4b13165e9e854a5dca8c8a37dee70a58448264282e8be679e85d
Deleted: 134be54fb55cac8dab63311a01511c85eb9218da831048b2e0c37a963df54a68
Deleted: e7a05a479522eab9517f1c2618eb62c5d207a2aa1780ffc0556830b03211ef63
Deleted: f6aff5b01a8c999175f395d26c453a8a9b540e378ea569182366bbe2cecc94e2
Deleted: f903e1280a9c1cfe8d3ded733a4d6f3eff4f93ab95a26fc7c8ad762ed58226d1
Deleted: dfd0014acbba232861abd29321c48007ea3a4eeaffc6ddaf02a3ee6c7ea1165f
Deleted: 98cdb5204007d1da32bb2954cefd4d925eb1356ee2cde4ecec4da2c0ced3fbe0
Deleted: 670ede7298e4f2a9a03b02f1b799ae1e21d1684c3fecc06f7be5dd0b5cb36917
Deleted: c96af03faf850a87c3128aa552c3da2d4bd6f6013475865e411f697ad5349a9e
Deleted: ca33ed03f9ec618c57cc1b7093ee0106e087477388b44d712de851898865be12
Deleted: bb74039e66cbff5e5f36cb3bcdd67c891c8deadc4349747552283ea24425eef4
Deleted: 74ad384d694d7babc7e388bf91d5ac399f79e90459a78a01762509440b14046e
Deleted: 74f62bfb8cf5263ae529b2440502dd222eedd39c1460d0ce4d7d82a162e0aca0
Deleted: 7e5255806aa983bbe7c392a9f37ff2127008521867e1d4a3037d2d3a211311c9
Deleted: 7d4a09941a09a20aecc230063fa74005be5c80ac58158f322e50ddcff6021623
Deleted: af69012d8ed14f3e9ae163d599a84f3a94f96e44d8e2518b8e15020aad75caa0
Error: invalid reference format

TEST TEARDOWN:
Nothing to be done for teardown.
quarkus_quickstarts_test_0 Finish Time: Wed Dec 11 20:58:07 2024 Epoch Time (ms): 1733947087236
make[4]: Leaving directory '/home/jvanek/git/aqa-tests/external/quarkus_quickstarts'
make[3]: Leaving directory '/home/jvanek/git/aqa-tests/external'
make[2]: Leaving directory '/home/jvanek/git/aqa-tests'


All tests finished, run result summary:
cd "/home/jvanek/git/aqa-tests/TKG/../TKG/scripts"; \
perl "resultsSum.pl" --failuremk="/home/jvanek/git/aqa-tests/TKG/../TKG/failedtargets.mk" --resultFile="/home/jvanek/git/aqa-tests/TKG/../TKG/output_17339470864213/TestTargetResult" --platFile="/home/jvanek/git/aqa-tests/TKG/../TKG/resources/buildPlatformMap.properties" --diagnostic=failure --jdkVersion=21 --jdkImpl=hotspot --jdkVendor="eclipse" --spec=linux_x86-64 --buildList=external/quarkus_quickstarts --customTarget="" --testTarget=quarkus_quickstarts_test --tapPath=/home/jvanek/git/aqa-tests/TKG/../TKG/output_17339470864213/ --tapName= --comment=""


TEST TARGETS SUMMARY
++++++++++++++++++++++++++++++++++++++++++++++++++++++++++++++++++++++++++
FAILED test targets:
	quarkus_quickstarts_test_0

TOTAL: 1   EXECUTED: 1   PASSED: 0   FAILED: 1   DISABLED: 0   SKIPPED: 0
++++++++++++++++++++++++++++++++++++++++++++++++++++++++++++++++++++++++++

To rebuild the failed test in a jenkins job, copy the following link and fill out the <Jenkins URL> and <FAILED test target>:
<Jenkins URL>/parambuild/?JDK_VERSION=21&JDK_IMPL=hotspot&JDK_VENDOR=eclipse&BUILD_LIST=external/quarkus_quickstarts&PLATFORM=x86-64_linux&TARGET=<FAILED test target>

For example, to rebuild the failed tests in <Jenkins URL>=https://ci.adoptium.net/job/Grinder, use the following links:
https://ci.adoptium.net/job/Grinder/parambuild/?JDK_VERSION=21&JDK_IMPL=hotspot&JDK_VENDOR=eclipse&BUILD_LIST=external/quarkus_quickstarts&PLATFORM=x86-64_linux&TARGET=quarkus_quickstarts_test_0
++++++++++++++++++++++++++++++++++++++++++++++++++++++++++++++++++++++++++
make[1]: *** [settings.mk:446: resultsSummary] Error 2
make[1]: Leaving directory '/home/jvanek/git/aqa-tests/TKG'
make: *** [makefile:61: _quarkus_quickstarts_test] Error 2
compilation: 0
runtime: 2
