 
export TEST_JDK_HOME=/tmp/tmp.svcCMPocrN/jdk-21.0.5+11
export EXTRA_DOCKER_ARGS=-v /tmp/tmp.svcCMPocrN/jdk-21.0.5+11:/opt/java/openjdk ;
export BUILD_LIST=external/kafka ;
export EXTERNAL_AQA_IMAGE=fedora:40;
make compile
make _kafka_test

JAVA_HOME is set to /tmp/tmp.svcCMPocrN/jdk-21.0.5+11
LIB_DIR is set to /home/jvanek/git/aqa-tests/TKG/../TKG/lib
rm -f -r /home/jvanek/git/aqa-tests/TKG/../TKG/output_compilation; \
mkdir -p /home/jvanek/git/aqa-tests/TKG/../TKG/output_compilation; \
(ant -f ./scripts/build_tools.xml -DTEST_JDK_HOME=/tmp/tmp.svcCMPocrN/jdk-21.0.5+11 -DTEST_ROOT=/home/jvanek/git/aqa-tests/TKG/.. -DLIB_DIR=/home/jvanek/git/aqa-tests/TKG/../TKG/lib 2>&1; echo $? ) | tee "/home/jvanek/git/aqa-tests/TKG/../TKG/output_compilation/compilation.log"; \
if [ -z "$(tail -1 /home/jvanek/git/aqa-tests/TKG/../TKG/output_compilation/compilation.log | grep 0)" ]; then perl scripts/moveDmp.pl --compileLogPath="/home/jvanek/git/aqa-tests/TKG/../TKG/output_compilation/compilation.log" --testRoot="/home/jvanek/git/aqa-tests/TKG/.."; false; else rm -f -r "/home/jvanek/git/aqa-tests/TKG/../TKG/output_compilation"; fi
Buildfile: /home/jvanek/git/aqa-tests/TKG/scripts/build_tools.xml

build:

clean:
   [delete] Deleting: /home/jvanek/git/aqa-tests/TKG/autoGenEnv.mk
   [delete] Deleting: /home/jvanek/git/aqa-tests/TKG/utils.mk
   [delete] Deleting directory /home/jvanek/git/aqa-tests/TKG/bin

init:
    [mkdir] Created dir: /home/jvanek/git/aqa-tests/TKG/bin

getDependentLibs:
     [exec] --------------------------------------------
     [exec] path is set to /home/jvanek/git/aqa-tests/TKG/../TKG/lib
     [exec] task is set to default
     [exec] dependencyList is set to json_simple
     [exec] --------------------------------------------
     [exec] Starting download third party dependent jars
     [exec] --------------------------------------------
     [exec] downloading dependent third party jars to /home/jvanek/git/aqa-tests/TKG/../TKG/lib
     [exec] /home/jvanek/git/aqa-tests/TKG/../TKG/lib/json-simple.jar exists with correct hash, not downloading
     [exec] downloaded dependent third party jars successfully

compile:
     [echo] Ant version is Apache Ant(TM) version 1.10.12 compiled on July 19 2023
     [echo] ============COMPILER SETTINGS============
     [echo] ===fork:                         yes
     [echo] ===debug:                        on
    [javac] Compiling 27 source files to /home/jvanek/git/aqa-tests/TKG/bin
    [javac] Note: Some input files use or override a deprecated API.
    [javac] Note: Recompile with -Xlint:deprecation for details.

dist:
      [jar] Building jar: /home/jvanek/git/aqa-tests/TKG/bin/TestKitGen.jar

BUILD SUCCESSFUL
Total time: 0 seconds
0
/tmp/tmp.svcCMPocrN/jdk-21.0.5+11/bin/java -cp ./bin/TestKitGen.jar org.openj9.envInfo.EnvDetector
Unfamiliar microArch detected in TKG. It will not be added in TKG microArch!
microArchOutput: model name	: 11th Gen Intel(R) Core(TM) i7-11850H @ 2.50GHz
****************************** MACHINE INFO ******************************
File path : /home/jvanek/git/aqa-tests/TKG
Free Physical Memory Size : 11743121408
Free space (bytes) : 288017551360
Total Physical Memory Size : 67106488320
Total space (bytes) : 632976211968
Usable space (bytes) : 255788941312
antVersion : Apache Ant(TM) version 1.10.12 compiled on July 19 2023
cpuCores : 16
curlVersion : 
	curl 8.2.1 (x86_64-redhat-linux-gnu) libcurl/8.2.1 OpenSSL/3.1.4 zlib/1.2.13 libidn2/2.3.7 nghttp2/1.55.1
	Release-Date: 2023-07-26
	Protocols: file ftp ftps http https
	Features: alt-svc AsynchDNS GSS-API HSTS HTTP2 HTTPS-proxy IDN IPv6 Kerberos Largefile libz SPNEGO SSL threadsafe UnixSockets
docker : not on docker
gcc version : 13
gclibc version : ldd (GNU libc) 2.38
gdb version : GNU gdb (Fedora Linux) 15.1-1.fc39
lldb version : Command could not be executed
makeVersion : 
	GNU Make 4.4.1
	Built for x86_64-redhat-linux-gnu
	Copyright (C) 1988-2023 Free Software Foundation, Inc.
	License GPLv3+: GNU GPL version 3 or later <https://gnu.org/licenses/gpl.html>
	This is free software: you are free to change and redistribute it.
	There is NO WARRANTY, to the extent permitted by law.
perlVersion : 
	
	This is perl 5, version 38, subversion 2 (v5.38.2) built for x86_64-linux-thread-multi
	(with 15 registered patches, see perl -V for more detail)
	
	Copyright 1987-2023, Larry Wall
	
	Perl may be copied only under the terms of either the Artistic License or the
	GNU General Public License, which may be found in the Perl 5 source kit.
	
	Complete documentation for Perl, including FAQ lists, should be found on
	this system using "man perl" or "perldoc perl".  If you have access to the
	Internet, point your browser at https://www.perl.org/, the Perl Home Page.
	
procArch : unknown
sysArch : x86_64
sysOS : Linux
ulimit : 
	real-time non-blocking time  (microseconds, -R) unlimited
	core file size              (blocks, -c) unlimited
	data seg size               (kbytes, -d) unlimited
	scheduling priority                 (-e) 0
	file size                   (blocks, -f) unlimited
	pending signals                     (-i) 255386
	max locked memory           (kbytes, -l) 8192
	max memory size             (kbytes, -m) unlimited
	open files                          (-n) 524288
	pipe size                (512 bytes, -p) 8
	POSIX message queues         (bytes, -q) 819200
	real-time priority                  (-r) 0
	stack size                  (kbytes, -s) 8192
	cpu time                   (seconds, -t) unlimited
	max user processes                  (-u) 255386
	virtual memory              (kbytes, -v) unlimited
	file locks                          (-x) unlimited
uname : Linux fedora 6.11.6-100.fc39.x86_64 #1 SMP PREEMPT_DYNAMIC Fri Nov  1 16:07:59 UTC 2024 x86_64 GNU/Linux
vmVendor : Oracle Corporation
vmVersion : 21.0.5+11-LTS
xlc version : bash: line 1: xlC: command not found
**************************************************************************

System.getProperty('java.vm.name')=OpenJDK 64-Bit Server VM

System.getProperty('java.vendor')=Eclipse Adoptium

System.getProperty('os.name')=Linux

System.getProperty('os.arch')=amd64

System.getProperty('java.fullversion')=null

System.getProperty('sun.arch.data.model')=64

make -f clean.mk cleanBuild
make[1]: Entering directory '/home/jvanek/git/aqa-tests/TKG'
rm -f -r /home/jvanek/git/aqa-tests/TKG/../../jvmtest
make[1]: Leaving directory '/home/jvanek/git/aqa-tests/TKG'
make -f compile.mk compile
make[1]: Entering directory '/home/jvanek/git/aqa-tests/TKG'
rm -f -r /home/jvanek/git/aqa-tests/TKG/../TKG/output_compilation; \
mkdir -p /home/jvanek/git/aqa-tests/TKG/../TKG/output_compilation; \
(ant -f scripts/build_test.xml -DTEST_ROOT=/home/jvanek/git/aqa-tests/TKG/.. -DBUILD_ROOT=/home/jvanek/git/aqa-tests/TKG/../../jvmtest -DJDK_VERSION=21 -DJDK_IMPL=hotspot -DJDK_VENDOR=eclipse -DJCL_VERSION=latest -DBUILD_LIST=external/kafka -DRESOURCES_DIR=/home/jvanek/git/aqa-tests/TKG/../../jvmtest/TestConfig/resources -DSPEC=linux_x86-64 -DTEST_JDK_HOME=/tmp/tmp.svcCMPocrN/jdk-21.0.5+11 -DJVM_VERSION=openjdk21 -DLIB_DIR=/home/jvanek/git/aqa-tests/TKG/../TKG/lib  2>&1; echo $? ) | tee "/home/jvanek/git/aqa-tests/TKG/../TKG/output_compilation/compilation.log"; \
if [ -z "$(tail -1 /home/jvanek/git/aqa-tests/TKG/../TKG/output_compilation/compilation.log | grep 0)" ]; then perl scripts/moveDmp.pl --compileLogPath="/home/jvanek/git/aqa-tests/TKG/../TKG/output_compilation/compilation.log" --testRoot="/home/jvanek/git/aqa-tests/TKG/.."; false; else rm -f -r "/home/jvanek/git/aqa-tests/TKG/../TKG/output_compilation"; fi
Buildfile: /home/jvanek/git/aqa-tests/TKG/scripts/build_test.xml
     [echo]  build.list is TestConfig/build.xml,external/kafka/build.xml 

-create_test_directory:
    [mkdir] Created dir: /home/jvanek/git/jvmtest

stage_test_material:
     [copy] Copying 1278 files to /home/jvanek/git/jvmtest
     [copy] Copied 486 empty directories to 204 empty directories under /home/jvanek/git/jvmtest

build:

init:
    [mkdir] Created dir: /home/jvanek/git/jvmtest/TestConfig

build:
     [copy] Copying 22 files to /home/jvanek/git/jvmtest/TestConfig
     [copy] Copied 9 empty directories to 4 empty directories under /home/jvanek/git/jvmtest/TestConfig
     [copy] Copying 2 files to /home/jvanek/git/jvmtest/TestConfig

build:

move_scripts:
     [copy] Copying 2 files to /home/jvanek/git/jvmtest/external/kafka
     [copy] Copying 9 files to /home/jvanek/git/jvmtest/external

clean_image:
     [echo] Executing external.sh --clean --dir kafka --tag nightly --version 21 --impl hotspot 
     [exec]    # =================== Info =================== Info =================== Info =================== #
     [exec]    # EXTRA_DOCKER_ARGS set as "-v /tmp/tmp.svcCMPocrN/jdk-21.0.5+11:/opt/java/openjdk"                                #
     [exec]    # =================== Info =================== Info =================== Info =================== #
     [exec]    # =================== Info =================== Info =================== Info =================== #
     [exec]    # TEST_JDK_HOME of /tmp/tmp.svcCMPocrN/jdk-21.0.5+11 is used in EXTRA_DOCKER_ARGS                                #
     [exec]    # =================== Info =================== Info =================== Info =================== #
     [exec] The test here is kafka
     [exec] The directory in the external.sh is kafka
     [exec] DOCKERIMAGE_TAG nightly has been recognized.
     [exec] Error: invalid reference format
     [exec] Result: 125

build_image:
     [echo] Executing external.sh --build --dir kafka --tag nightly --version 21 --impl hotspot --platform linux_x86-64 --docker_args -v /tmp/tmp.svcCMPocrN/jdk-21.0.5+11:/opt/java/openjdk 
     [exec]    # =================== Info =================== Info =================== Info =================== #
     [exec]    # EXTRA_DOCKER_ARGS set as "-v /tmp/tmp.svcCMPocrN/jdk-21.0.5+11:/opt/java/openjdk"                                #
     [exec]    # =================== Info =================== Info =================== Info =================== #
     [exec]    # =================== Info =================== Info =================== Info =================== #
     [exec]    # TEST_JDK_HOME of /tmp/tmp.svcCMPocrN/jdk-21.0.5+11 is used in EXTRA_DOCKER_ARGS                                #
     [exec]    # =================== Info =================== Info =================== Info =================== #
     [exec] The test here is kafka
     [exec] The directory in the external.sh is kafka
     [exec] DOCKERIMAGE_TAG nightly has been recognized.
     [exec] build_image.sh kafka 21 hotspot ubuntu jdk full linux_x86-64 default 0 
     [exec] /home/jvanek/git/jvmtest/external
     [exec] 
     [exec] Writing /home/jvanek/git/jvmtest/external/kafka/dockerfile/21/jdk/ubuntu/Dockerfile.hotspot.full ... fedora
     [exec] done
     [exec] 
     [exec] The test in the build_image() function is kafka
     [exec] #####################################################
     [exec] INFO:  podman build  --no-cache -t adoptopenjdk-kafka-test:21-jdk-ubuntu-hotspot-full -f /home/jvanek/git/jvmtest/external/kafka/dockerfile/21/jdk/ubuntu/Dockerfile.hotspot.full /home/jvanek/git/jvmtest/external/
     [exec] #####################################################
     [exec] STEP 1/21: FROM fedora:40
     [exec] STEP 2/21: ENV RESULT_COMMENT="IN CONTAINER(not-as-root/podman)"
     [exec] --> a17f94e266a9
     [exec] STEP 3/21: ARG KAFKA_TAG=3.1.0
     [exec] --> cfe196c44979
     [exec] STEP 4/21: RUN dnf install -y  git wget unzip  	&& dnf clean all
     [exec] Fedora 40 - x86_64                               18 MB/s |  20 MB     00:01    
     [exec] Fedora 40 openh264 (From Cisco) - x86_64        1.4 kB/s | 1.4 kB     00:01    
     [exec] Fedora 40 - x86_64 - Updates                     15 MB/s |  11 MB     00:00    
     [exec] Dependencies resolved.
     [exec] ================================================================================
     [exec]  Package                  Arch     Version                      Repo       Size
     [exec] ================================================================================
     [exec] Installing:
     [exec]  git                      x86_64   2.47.1-1.fc40                updates    51 k
     [exec]  unzip                    x86_64   6.0-63.fc40                  fedora    185 k
     [exec]  wget2-wget               x86_64   2.2.0-1.fc40                 updates   9.4 k
     [exec] Upgrading:
     [exec]  gnutls                   x86_64   3.8.6-1.fc40                 updates   1.1 M
     [exec]  libblkid                 x86_64   2.40.2-1.fc40                updates   124 k
     [exec]  libmount                 x86_64   2.40.2-1.fc40                updates   155 k
     [exec]  libsmartcols             x86_64   2.40.2-1.fc40                updates    83 k
     [exec]  libuuid                  x86_64   2.40.2-1.fc40                updates    29 k
     [exec] Installing dependencies:
     [exec]  git-core                 x86_64   2.47.1-1.fc40                updates   4.8 M
     [exec]  git-core-doc             noarch   2.47.1-1.fc40                updates   3.0 M
     [exec]  gnutls-dane              x86_64   3.8.6-1.fc40                 updates    39 k
     [exec]  gpgme                    x86_64   1.23.2-3.fc40                fedora    211 k
     [exec]  groff-base               x86_64   1.23.0-6.fc40                fedora    1.1 M
     [exec]  less                     x86_64   643-6.fc40                   updates   175 k
     [exec]  libcbor                  x86_64   0.11.0-1.fc40                fedora     33 k
     [exec]  libedit                  x86_64   3.1-53.20240808cvs.fc40      updates   105 k
     [exec]  libfdisk                 x86_64   2.40.2-1.fc40                updates   159 k
     [exec]  libfido2                 x86_64   1.14.0-4.fc40                fedora     98 k
     [exec]  libutempter              x86_64   1.2.1-13.fc40                fedora     26 k
     [exec]  ncurses                  x86_64   6.4-12.20240127.fc40         fedora    421 k
     [exec]  openssh                  x86_64   9.6p1-1.fc40.4               updates   425 k
     [exec]  openssh-clients          x86_64   9.6p1-1.fc40.4               updates   748 k
     [exec]  perl-AutoLoader          noarch   5.74-506.fc40                fedora     22 k
     [exec]  perl-B                   x86_64   1.88-506.fc40                fedora    176 k
     [exec]  perl-Carp                noarch   1.54-502.fc40                fedora     29 k
     [exec]  perl-Class-Struct        noarch   0.68-506.fc40                fedora     23 k
     [exec]  perl-Data-Dumper         x86_64   2.188-503.fc40               fedora     56 k
     [exec]  perl-Digest              noarch   1.20-502.fc40                fedora     25 k
     [exec]  perl-Digest-MD5          x86_64   2.59-3.fc40                  fedora     36 k
     [exec]  perl-DynaLoader          x86_64   1.54-506.fc40                fedora     26 k
     [exec]  perl-Encode              x86_64   4:3.21-505.fc40              fedora    1.1 M
     [exec]  perl-Errno               x86_64   1.37-506.fc40                fedora     15 k
     [exec]  perl-Error               noarch   1:0.17029-15.fc40            fedora     40 k
     [exec]  perl-Exporter            noarch   5.78-3.fc40                  fedora     31 k
     [exec]  perl-Fcntl               x86_64   1.15-506.fc40                fedora     21 k
     [exec]  perl-File-Basename       noarch   2.86-506.fc40                fedora     18 k
     [exec]  perl-File-Find           noarch   1.43-506.fc40                fedora     26 k
     [exec]  perl-File-Path           noarch   2.18-503.fc40                fedora     35 k
     [exec]  perl-File-Temp           noarch   1:0.231.100-503.fc40         fedora     59 k
     [exec]  perl-File-stat           noarch   1.13-506.fc40                fedora     18 k
     [exec]  perl-FileHandle          noarch   2.05-506.fc40                fedora     16 k
     [exec]  perl-Getopt-Long         noarch   1:2.57-4.fc40                updates    63 k
     [exec]  perl-Getopt-Std          noarch   1.13-506.fc40                fedora     16 k
     [exec]  perl-Git                 noarch   2.47.1-1.fc40                updates    38 k
     [exec]  perl-HTTP-Tiny           noarch   0.088-5.fc40                 fedora     56 k
     [exec]  perl-IO                  x86_64   1.52-506.fc40                fedora     83 k
     [exec]  perl-IO-Socket-IP        noarch   0.42-2.fc40                  fedora     42 k
     [exec]  perl-IO-Socket-SSL       noarch   2.085-1.fc40                 fedora    229 k
     [exec]  perl-IPC-Open3           noarch   1.22-506.fc40                fedora     22 k
     [exec]  perl-MIME-Base64         x86_64   3.16-503.fc40                fedora     30 k
     [exec]  perl-Mozilla-CA          noarch   20231213-3.fc40              fedora     14 k
     [exec]  perl-Net-SSLeay          x86_64   1.94-3.fc40                  fedora    385 k
     [exec]  perl-POSIX               x86_64   2.13-506.fc40                fedora     97 k
     [exec]  perl-PathTools           x86_64   3.89-502.fc40                fedora     87 k
     [exec]  perl-Pod-Escapes         noarch   1:1.07-503.fc40              fedora     20 k
     [exec]  perl-Pod-Perldoc         noarch   3.28.01-503.fc40             fedora     86 k
     [exec]  perl-Pod-Simple          noarch   1:3.45-6.fc40                fedora    219 k
     [exec]  perl-Pod-Usage           noarch   4:2.03-504.fc40              updates    40 k
     [exec]  perl-Scalar-List-Utils   x86_64   5:1.63-503.fc40              fedora     73 k
     [exec]  perl-SelectSaver         noarch   1.02-506.fc40                fedora     12 k
     [exec]  perl-Socket              x86_64   4:2.038-1.fc40               updates    55 k
     [exec]  perl-Storable            x86_64   1:3.32-502.fc40              fedora     98 k
     [exec]  perl-Symbol              noarch   1.09-506.fc40                fedora     15 k
     [exec]  perl-Term-ANSIColor      noarch   5.01-504.fc40                fedora     48 k
     [exec]  perl-Term-Cap            noarch   1.18-503.fc40                fedora     22 k
     [exec]  perl-TermReadKey         x86_64   2.38-21.fc40                 fedora     35 k
     [exec]  perl-Text-ParseWords     noarch   3.31-502.fc40                fedora     16 k
     [exec]  perl-Text-Tabs+Wrap      noarch   2024.001-1.fc40              fedora     22 k
     [exec]  perl-Time-Local          noarch   2:1.350-5.fc40               fedora     34 k
     [exec]  perl-URI                 noarch   5.28-1.fc40                  updates   133 k
     [exec]  perl-base                noarch   2.27-506.fc40                fedora     17 k
     [exec]  perl-constant            noarch   1.33-503.fc40                fedora     23 k
     [exec]  perl-if                  noarch   0.61.000-506.fc40            fedora     14 k
     [exec]  perl-interpreter         x86_64   4:5.38.2-506.fc40            fedora     72 k
     [exec]  perl-lib                 x86_64   0.65-506.fc40                fedora     15 k
     [exec]  perl-libnet              noarch   3.15-503.fc40                fedora    129 k
     [exec]  perl-libs                x86_64   4:5.38.2-506.fc40            fedora    2.3 M
     [exec]  perl-locale              noarch   1.10-506.fc40                fedora     14 k
     [exec]  perl-mro                 x86_64   1.28-506.fc40                fedora     29 k
     [exec]  perl-overload            noarch   1.37-506.fc40                fedora     46 k
     [exec]  perl-overloading         noarch   0.02-506.fc40                fedora     13 k
     [exec]  perl-parent              noarch   1:0.241-502.fc40             fedora     15 k
     [exec]  perl-podlators           noarch   1:5.01-502.fc40              fedora    126 k
     [exec]  perl-vars                noarch   1.05-506.fc40                fedora     13 k
     [exec]  protobuf-c               x86_64   1.5.0-3.fc40                 fedora     32 k
     [exec]  systemd-libs             x86_64   255.15-1.fc40                updates   707 k
     [exec]  unbound-libs             x86_64   1.21.1-3.fc40                updates   543 k
     [exec]  util-linux               x86_64   2.40.2-1.fc40                updates   1.2 M
     [exec]  util-linux-core          x86_64   2.40.2-1.fc40                updates   537 k
     [exec]  wget2                    x86_64   2.2.0-1.fc40                 updates   279 k
     [exec]  wget2-libs               x86_64   2.2.0-1.fc40                 updates   148 k
     [exec] Installing weak dependencies:
     [exec]  perl-NDBM_File           x86_64   1.16-506.fc40                fedora     23 k
     [exec]  unbound-anchor           x86_64   1.21.1-3.fc40                updates    36 k
     [exec] 
     [exec] Transaction Summary
     [exec] ================================================================================
     [exec] Install  88 Packages
     [exec] Upgrade   5 Packages
     [exec] 
     [exec] Total download size: 23 M
     [exec] Downloading Packages:
     [exec] (1/93): libcbor-0.11.0-1.fc40.x86_64.rpm        1.0 MB/s |  33 kB     00:00    
     [exec] (2/93): gpgme-1.23.2-3.fc40.x86_64.rpm          4.3 MB/s | 211 kB     00:00    
     [exec] (3/93): libfido2-1.14.0-4.fc40.x86_64.rpm       5.5 MB/s |  98 kB     00:00    
     [exec] (4/93): libutempter-1.2.1-13.fc40.x86_64.rpm    4.8 MB/s |  26 kB     00:00    
     [exec] (5/93): ncurses-6.4-12.20240127.fc40.x86_64.rpm  29 MB/s | 421 kB     00:00    
     [exec] (6/93): groff-base-1.23.0-6.fc40.x86_64.rpm      16 MB/s | 1.1 MB     00:00    
     [exec] (7/93): perl-AutoLoader-5.74-506.fc40.noarch.rp 1.3 MB/s |  22 kB     00:00    
     [exec] (8/93): perl-B-1.88-506.fc40.x86_64.rpm          14 MB/s | 176 kB     00:00    
     [exec] (9/93): perl-Carp-1.54-502.fc40.noarch.rpm      4.9 MB/s |  29 kB     00:00    
     [exec] (10/93): perl-Class-Struct-0.68-506.fc40.noarch 3.7 MB/s |  23 kB     00:00    
     [exec] (11/93): perl-Data-Dumper-2.188-503.fc40.x86_64  10 MB/s |  56 kB     00:00    
     [exec] (12/93): perl-Digest-1.20-502.fc40.noarch.rpm   4.4 MB/s |  25 kB     00:00    
     [exec] (13/93): perl-Digest-MD5-2.59-3.fc40.x86_64.rpm 6.3 MB/s |  36 kB     00:00    
     [exec] (14/93): perl-DynaLoader-1.54-506.fc40.x86_64.r 5.1 MB/s |  26 kB     00:00    
     [exec] (15/93): perl-Errno-1.37-506.fc40.x86_64.rpm    2.8 MB/s |  15 kB     00:00    
     [exec] (16/93): perl-Error-0.17029-15.fc40.noarch.rpm  4.6 MB/s |  40 kB     00:00    
     [exec] (17/93): perl-Exporter-5.78-3.fc40.noarch.rpm   3.5 MB/s |  31 kB     00:00    
     [exec] (18/93): perl-Encode-3.21-505.fc40.x86_64.rpm    53 MB/s | 1.1 MB     00:00    
     [exec] (19/93): perl-Fcntl-1.15-506.fc40.x86_64.rpm    3.0 MB/s |  21 kB     00:00    
     [exec] (20/93): perl-File-Basename-2.86-506.fc40.noarc 3.0 MB/s |  18 kB     00:00    
     [exec] (21/93): perl-File-Find-1.43-506.fc40.noarch.rp 5.0 MB/s |  26 kB     00:00    
     [exec] (22/93): perl-File-Path-2.18-503.fc40.noarch.rp 6.6 MB/s |  35 kB     00:00    
     [exec] (23/93): perl-File-Temp-0.231.100-503.fc40.noar  11 MB/s |  59 kB     00:00    
     [exec] (24/93): perl-File-stat-1.13-506.fc40.noarch.rp 3.4 MB/s |  18 kB     00:00    
     [exec] (25/93): perl-FileHandle-2.05-506.fc40.noarch.r 3.1 MB/s |  16 kB     00:00    
     [exec] (26/93): perl-Getopt-Std-1.13-506.fc40.noarch.r 3.3 MB/s |  16 kB     00:00    
     [exec] (27/93): perl-HTTP-Tiny-0.088-5.fc40.noarch.rpm 9.9 MB/s |  56 kB     00:00    
     [exec] (28/93): perl-IO-1.52-506.fc40.x86_64.rpm        13 MB/s |  83 kB     00:00    
     [exec] (29/93): perl-IO-Socket-IP-0.42-2.fc40.noarch.r 6.8 MB/s |  42 kB     00:00    
     [exec] (30/93): perl-IPC-Open3-1.22-506.fc40.noarch.rp 4.0 MB/s |  22 kB     00:00    
     [exec] (31/93): perl-MIME-Base64-3.16-503.fc40.x86_64. 4.9 MB/s |  30 kB     00:00    
     [exec] (32/93): perl-IO-Socket-SSL-2.085-1.fc40.noarch  19 MB/s | 229 kB     00:00    
     [exec] (33/93): perl-Mozilla-CA-20231213-3.fc40.noarch 2.4 MB/s |  14 kB     00:00    
     [exec] (34/93): perl-NDBM_File-1.16-506.fc40.x86_64.rp 4.4 MB/s |  23 kB     00:00    
     [exec] (35/93): perl-POSIX-2.13-506.fc40.x86_64.rpm     12 MB/s |  97 kB     00:00    
     [exec] (36/93): perl-PathTools-3.89-502.fc40.x86_64.rp  11 MB/s |  87 kB     00:00    
     [exec] (37/93): perl-Net-SSLeay-1.94-3.fc40.x86_64.rpm  37 MB/s | 385 kB     00:00    
     [exec] (38/93): perl-Pod-Escapes-1.07-503.fc40.noarch. 3.8 MB/s |  20 kB     00:00    
     [exec] (39/93): perl-Pod-Perldoc-3.28.01-503.fc40.noar  15 MB/s |  86 kB     00:00    
     [exec] (40/93): perl-Pod-Simple-3.45-6.fc40.noarch.rpm  31 MB/s | 219 kB     00:00    
     [exec] (41/93): perl-Scalar-List-Utils-1.63-503.fc40.x  13 MB/s |  73 kB     00:00    
     [exec] (42/93): perl-SelectSaver-1.02-506.fc40.noarch. 2.3 MB/s |  12 kB     00:00    
     [exec] (43/93): perl-Storable-3.32-502.fc40.x86_64.rpm  17 MB/s |  98 kB     00:00    
     [exec] (44/93): perl-Symbol-1.09-506.fc40.noarch.rpm   2.9 MB/s |  15 kB     00:00    
     [exec] (45/93): perl-Term-ANSIColor-5.01-504.fc40.noar 5.7 MB/s |  48 kB     00:00    
     [exec] (46/93): perl-Term-Cap-1.18-503.fc40.noarch.rpm 4.0 MB/s |  22 kB     00:00    
     [exec] (47/93): perl-TermReadKey-2.38-21.fc40.x86_64.r 6.6 MB/s |  35 kB     00:00    
     [exec] (48/93): perl-Text-ParseWords-3.31-502.fc40.noa 3.2 MB/s |  16 kB     00:00    
     [exec] (49/93): perl-Text-Tabs+Wrap-2024.001-1.fc40.no 3.0 MB/s |  22 kB     00:00    
     [exec] (50/93): perl-Time-Local-1.350-5.fc40.noarch.rp 6.2 MB/s |  34 kB     00:00    
     [exec] (51/93): perl-base-2.27-506.fc40.noarch.rpm     3.3 MB/s |  17 kB     00:00    
     [exec] (52/93): perl-constant-1.33-503.fc40.noarch.rpm 4.4 MB/s |  23 kB     00:00    
     [exec] (53/93): perl-if-0.61.000-506.fc40.noarch.rpm   1.9 MB/s |  14 kB     00:00    
     [exec] (54/93): perl-interpreter-5.38.2-506.fc40.x86_6  13 MB/s |  72 kB     00:00    
     [exec] (55/93): perl-lib-0.65-506.fc40.x86_64.rpm      3.1 MB/s |  15 kB     00:00    
     [exec] (56/93): perl-libnet-3.15-503.fc40.noarch.rpm    19 MB/s | 129 kB     00:00    
     [exec] (57/93): perl-locale-1.10-506.fc40.noarch.rpm   2.3 MB/s |  14 kB     00:00    
     [exec] (58/93): perl-mro-1.28-506.fc40.x86_64.rpm      3.7 MB/s |  29 kB     00:00    
     [exec] (59/93): perl-overload-1.37-506.fc40.noarch.rpm 5.1 MB/s |  46 kB     00:00    
     [exec] (60/93): perl-overloading-0.02-506.fc40.noarch. 1.3 MB/s |  13 kB     00:00    
     [exec] (61/93): perl-libs-5.38.2-506.fc40.x86_64.rpm    77 MB/s | 2.3 MB     00:00    
     [exec] (62/93): perl-parent-0.241-502.fc40.noarch.rpm  1.1 MB/s |  15 kB     00:00    
     [exec] (63/93): perl-podlators-5.01-502.fc40.noarch.rp  19 MB/s | 126 kB     00:00    
     [exec] (64/93): perl-vars-1.05-506.fc40.noarch.rpm     2.6 MB/s |  13 kB     00:00    
     [exec] (65/93): protobuf-c-1.5.0-3.fc40.x86_64.rpm     6.2 MB/s |  32 kB     00:00    
     [exec] (66/93): unzip-6.0-63.fc40.x86_64.rpm            27 MB/s | 185 kB     00:00    
     [exec] (67/93): git-2.47.1-1.fc40.x86_64.rpm           1.6 MB/s |  51 kB     00:00    
     [exec] (68/93): gnutls-dane-3.8.6-1.fc40.x86_64.rpm    4.5 MB/s |  39 kB     00:00    
     [exec] (69/93): less-643-6.fc40.x86_64.rpm             8.5 MB/s | 175 kB     00:00    
     [exec] (70/93): git-core-doc-2.47.1-1.fc40.noarch.rpm   29 MB/s | 3.0 MB     00:00    
     [exec] (71/93): libfdisk-2.40.2-1.fc40.x86_64.rpm       12 MB/s | 159 kB     00:00    
     [exec] (72/93): git-core-2.47.1-1.fc40.x86_64.rpm       39 MB/s | 4.8 MB     00:00    
     [exec] (73/93): openssh-9.6p1-1.fc40.4.x86_64.rpm       35 MB/s | 425 kB     00:00    
     [exec] (74/93): openssh-clients-9.6p1-1.fc40.4.x86_64.  48 MB/s | 748 kB     00:00    
     [exec] (75/93): perl-Getopt-Long-2.57-4.fc40.noarch.rp 6.1 MB/s |  63 kB     00:00    
     [exec] (76/93): perl-Git-2.47.1-1.fc40.noarch.rpm      4.6 MB/s |  38 kB     00:00    
     [exec] (77/93): perl-Pod-Usage-2.03-504.fc40.noarch.rp 4.8 MB/s |  40 kB     00:00    
     [exec] (78/93): perl-Socket-2.038-1.fc40.x86_64.rpm    6.6 MB/s |  55 kB     00:00    
     [exec] (79/93): perl-URI-5.28-1.fc40.noarch.rpm         14 MB/s | 133 kB     00:00    
     [exec] (80/93): libedit-3.1-53.20240808cvs.fc40.x86_64 1.0 MB/s | 105 kB     00:00    
     [exec] (81/93): unbound-anchor-1.21.1-3.fc40.x86_64.rp 3.0 MB/s |  36 kB     00:00    
     [exec] (82/93): systemd-libs-255.15-1.fc40.x86_64.rpm   46 MB/s | 707 kB     00:00    
     [exec] (83/93): util-linux-2.40.2-1.fc40.x86_64.rpm     52 MB/s | 1.2 MB     00:00    
     [exec] (84/93): unbound-libs-1.21.1-3.fc40.x86_64.rpm   16 MB/s | 543 kB     00:00    
     [exec] (85/93): wget2-2.2.0-1.fc40.x86_64.rpm           26 MB/s | 279 kB     00:00    
     [exec] (86/93): wget2-libs-2.2.0-1.fc40.x86_64.rpm      14 MB/s | 148 kB     00:00    
     [exec] (87/93): wget2-wget-2.2.0-1.fc40.x86_64.rpm     1.1 MB/s | 9.4 kB     00:00    
     [exec] (88/93): util-linux-core-2.40.2-1.fc40.x86_64.r  11 MB/s | 537 kB     00:00    
     [exec] (89/93): libblkid-2.40.2-1.fc40.x86_64.rpm       14 MB/s | 124 kB     00:00    
     [exec] (90/93): libmount-2.40.2-1.fc40.x86_64.rpm       17 MB/s | 155 kB     00:00    
     [exec] (91/93): libsmartcols-2.40.2-1.fc40.x86_64.rpm  7.8 MB/s |  83 kB     00:00    
     [exec] (92/93): libuuid-2.40.2-1.fc40.x86_64.rpm       3.5 MB/s |  29 kB     00:00    
     [exec] (93/93): gnutls-3.8.6-1.fc40.x86_64.rpm          20 MB/s | 1.1 MB     00:00    
     [exec] --------------------------------------------------------------------------------
     [exec] Total                                            16 MB/s |  23 MB     00:01     
     [exec] Running transaction check
     [exec] Transaction check succeeded.
     [exec] Running transaction test
     [exec] Transaction test succeeded.
     [exec] Running transaction
     [exec]   Preparing        :                                                        1/1 
     [exec]   Upgrading        : libuuid-2.40.2-1.fc40.x86_64                          1/98 
     [exec]   Upgrading        : libblkid-2.40.2-1.fc40.x86_64                         2/98 
     [exec]   Installing       : systemd-libs-255.15-1.fc40.x86_64                     3/98 
     [exec]   Upgrading        : libmount-2.40.2-1.fc40.x86_64                         4/98 
     [exec]   Upgrading        : libsmartcols-2.40.2-1.fc40.x86_64                     5/98 
     [exec]   Upgrading        : gnutls-3.8.6-1.fc40.x86_64                            6/98 
     [exec]   Installing       : gpgme-1.23.2-3.fc40.x86_64                            7/98 
     [exec]   Installing       : util-linux-core-2.40.2-1.fc40.x86_64                  8/98 
     [exec]   Installing       : libfdisk-2.40.2-1.fc40.x86_64                         9/98 
     [exec]   Installing       : libedit-3.1-53.20240808cvs.fc40.x86_64               10/98 
     [exec]   Installing       : less-643-6.fc40.x86_64                               11/98 
     [exec]   Installing       : protobuf-c-1.5.0-3.fc40.x86_64                       12/98 
     [exec]   Installing       : unbound-anchor-1.21.1-3.fc40.x86_64                  13/98 
     [exec]   Running scriptlet: unbound-anchor-1.21.1-3.fc40.x86_64                  13/98 
     [exec]   Running scriptlet: unbound-libs-1.21.1-3.fc40.x86_64                    14/98 
     [exec]   Installing       : unbound-libs-1.21.1-3.fc40.x86_64                    14/98 
     [exec]   Installing       : gnutls-dane-3.8.6-1.fc40.x86_64                      15/98 
     [exec]   Installing       : wget2-libs-2.2.0-1.fc40.x86_64                       16/98 
     [exec]   Installing       : wget2-2.2.0-1.fc40.x86_64                            17/98 
     [exec]   Installing       : ncurses-6.4-12.20240127.fc40.x86_64                  18/98 
     [exec]   Running scriptlet: libutempter-1.2.1-13.fc40.x86_64                     19/98 
     [exec]   Installing       : libutempter-1.2.1-13.fc40.x86_64                     19/98 
     [exec]   Installing       : util-linux-2.40.2-1.fc40.x86_64                      20/98 
     [exec]   Running scriptlet: util-linux-2.40.2-1.fc40.x86_64                      20/98 
     [exec]   Installing       : openssh-9.6p1-1.fc40.4.x86_64                        21/98 
     [exec]   Installing       : libcbor-0.11.0-1.fc40.x86_64                         22/98 
     [exec]   Installing       : libfido2-1.14.0-4.fc40.x86_64                        23/98 
     [exec]   Installing       : openssh-clients-9.6p1-1.fc40.4.x86_64                24/98 
     [exec]   Running scriptlet: openssh-clients-9.6p1-1.fc40.4.x86_64                24/98 
     [exec]   Installing       : git-core-2.47.1-1.fc40.x86_64                        25/98 
     [exec]   Installing       : git-core-doc-2.47.1-1.fc40.noarch                    26/98 
     [exec]   Running scriptlet: groff-base-1.23.0-6.fc40.x86_64                      27/98 
     [exec]   Installing       : groff-base-1.23.0-6.fc40.x86_64                      27/98 
     [exec]   Running scriptlet: groff-base-1.23.0-6.fc40.x86_64                      27/98 
     [exec]   Installing       : perl-Digest-1.20-502.fc40.noarch                     28/98 
     [exec]   Installing       : perl-Digest-MD5-2.59-3.fc40.x86_64                   29/98 
     [exec]   Installing       : perl-B-1.88-506.fc40.x86_64                          30/98 
     [exec]   Installing       : perl-FileHandle-2.05-506.fc40.noarch                 31/98 
     [exec]   Installing       : perl-Data-Dumper-2.188-503.fc40.x86_64               32/98 
     [exec]   Installing       : perl-libnet-3.15-503.fc40.noarch                     33/98 
     [exec]   Installing       : perl-AutoLoader-5.74-506.fc40.noarch                 34/98 
     [exec]   Installing       : perl-URI-5.28-1.fc40.noarch                          35/98 
     [exec]   Installing       : perl-Text-Tabs+Wrap-2024.001-1.fc40.noarch           36/98 
     [exec]   Installing       : perl-Mozilla-CA-20231213-3.fc40.noarch               37/98 
     [exec]   Installing       : perl-if-0.61.000-506.fc40.noarch                     38/98 
     [exec]   Installing       : perl-locale-1.10-506.fc40.noarch                     39/98 
     [exec]   Installing       : perl-Time-Local-2:1.350-5.fc40.noarch                40/98 
     [exec]   Installing       : perl-File-Path-2.18-503.fc40.noarch                  41/98 
     [exec]   Installing       : perl-Pod-Escapes-1:1.07-503.fc40.noarch              42/98 
     [exec]   Installing       : perl-IO-Socket-IP-0.42-2.fc40.noarch                 43/98 
     [exec]   Installing       : perl-Net-SSLeay-1.94-3.fc40.x86_64                   44/98 
     [exec]   Installing       : perl-IO-Socket-SSL-2.085-1.fc40.noarch               45/98 
     [exec]   Installing       : perl-Class-Struct-0.68-506.fc40.noarch               46/98 
     [exec]   Installing       : perl-Term-ANSIColor-5.01-504.fc40.noarch             47/98 
     [exec]   Installing       : perl-POSIX-2.13-506.fc40.x86_64                      48/98 
     [exec]   Installing       : perl-Term-Cap-1.18-503.fc40.noarch                   49/98 
     [exec]   Installing       : perl-File-Temp-1:0.231.100-503.fc40.noarch           50/98 
     [exec]   Installing       : perl-IPC-Open3-1.22-506.fc40.noarch                  51/98 
     [exec]   Installing       : perl-HTTP-Tiny-0.088-5.fc40.noarch                   52/98 
     [exec]   Installing       : perl-Pod-Simple-1:3.45-6.fc40.noarch                 53/98 
     [exec]   Installing       : perl-SelectSaver-1.02-506.fc40.noarch                54/98 
     [exec]   Installing       : perl-Symbol-1.09-506.fc40.noarch                     55/98 
     [exec]   Installing       : perl-File-stat-1.13-506.fc40.noarch                  56/98 
     [exec]   Installing       : perl-Socket-4:2.038-1.fc40.x86_64                    57/98 
     [exec]   Installing       : perl-podlators-1:5.01-502.fc40.noarch                58/98 
     [exec]   Installing       : perl-Pod-Perldoc-3.28.01-503.fc40.noarch             59/98 
     [exec]   Installing       : perl-Fcntl-1.15-506.fc40.x86_64                      60/98 
     [exec]   Installing       : perl-Text-ParseWords-3.31-502.fc40.noarch            61/98 
     [exec]   Installing       : perl-base-2.27-506.fc40.noarch                       62/98 
     [exec]   Installing       : perl-mro-1.28-506.fc40.x86_64                        63/98 
     [exec]   Installing       : perl-overloading-0.02-506.fc40.noarch                64/98 
     [exec]   Installing       : perl-IO-1.52-506.fc40.x86_64                         65/98 
     [exec]   Installing       : perl-Pod-Usage-4:2.03-504.fc40.noarch                66/98 
     [exec]   Installing       : perl-Errno-1.37-506.fc40.x86_64                      67/98 
     [exec]   Installing       : perl-File-Basename-2.86-506.fc40.noarch              68/98 
     [exec]   Installing       : perl-Getopt-Std-1.13-506.fc40.noarch                 69/98 
     [exec]   Installing       : perl-MIME-Base64-3.16-503.fc40.x86_64                70/98 
     [exec]   Installing       : perl-Scalar-List-Utils-5:1.63-503.fc40.x86_64        71/98 
     [exec]   Installing       : perl-constant-1.33-503.fc40.noarch                   72/98 
     [exec]   Installing       : perl-overload-1.37-506.fc40.noarch                   73/98 
     [exec]   Installing       : perl-parent-1:0.241-502.fc40.noarch                  74/98 
     [exec]   Installing       : perl-vars-1.05-506.fc40.noarch                       75/98 
     [exec]   Installing       : perl-Storable-1:3.32-502.fc40.x86_64                 76/98 
     [exec]   Installing       : perl-Getopt-Long-1:2.57-4.fc40.noarch                77/98 
     [exec]   Installing       : perl-Carp-1.54-502.fc40.noarch                       78/98 
     [exec]   Installing       : perl-Exporter-5.78-3.fc40.noarch                     79/98 
     [exec]   Installing       : perl-NDBM_File-1.16-506.fc40.x86_64                  80/98 
     [exec]   Installing       : perl-PathTools-3.89-502.fc40.x86_64                  81/98 
     [exec]   Installing       : perl-DynaLoader-1.54-506.fc40.x86_64                 82/98 
     [exec]   Installing       : perl-Encode-4:3.21-505.fc40.x86_64                   83/98 
     [exec]   Installing       : perl-libs-4:5.38.2-506.fc40.x86_64                   84/98 
     [exec]   Installing       : perl-interpreter-4:5.38.2-506.fc40.x86_64            85/98 
     [exec]   Installing       : perl-Error-1:0.17029-15.fc40.noarch                  86/98 
     [exec]   Installing       : perl-File-Find-1.43-506.fc40.noarch                  87/98 
     [exec]   Installing       : perl-TermReadKey-2.38-21.fc40.x86_64                 88/98 
     [exec]   Installing       : perl-lib-0.65-506.fc40.x86_64                        89/98 
     [exec]   Installing       : perl-Git-2.47.1-1.fc40.noarch                        90/98 
     [exec]   Installing       : git-2.47.1-1.fc40.x86_64                             91/98 
     [exec]   Installing       : wget2-wget-2.2.0-1.fc40.x86_64                       92/98 
     [exec]   Installing       : unzip-6.0-63.fc40.x86_64                             93/98 
     [exec]   Cleanup          : libmount-2.40-13.fc40.x86_64                         94/98 
     [exec]   Cleanup          : libblkid-2.40-13.fc40.x86_64                         95/98 
     [exec]   Cleanup          : libuuid-2.40-13.fc40.x86_64                          96/98 
     [exec]   Cleanup          : libsmartcols-2.40-13.fc40.x86_64                     97/98 
     [exec]   Cleanup          : gnutls-3.8.5-1.fc40.x86_64                           98/98 
     [exec]   Running scriptlet: gnutls-3.8.5-1.fc40.x86_64                           98/98 
     [exec] 
     [exec] Upgraded:
     [exec]   gnutls-3.8.6-1.fc40.x86_64           libblkid-2.40.2-1.fc40.x86_64           
     [exec]   libmount-2.40.2-1.fc40.x86_64        libsmartcols-2.40.2-1.fc40.x86_64       
     [exec]   libuuid-2.40.2-1.fc40.x86_64        
     [exec] Installed:
     [exec]   git-2.47.1-1.fc40.x86_64                                                      
     [exec]   git-core-2.47.1-1.fc40.x86_64                                                 
     [exec]   git-core-doc-2.47.1-1.fc40.noarch                                             
     [exec]   gnutls-dane-3.8.6-1.fc40.x86_64                                               
     [exec]   gpgme-1.23.2-3.fc40.x86_64                                                    
     [exec]   groff-base-1.23.0-6.fc40.x86_64                                               
     [exec]   less-643-6.fc40.x86_64                                                        
     [exec]   libcbor-0.11.0-1.fc40.x86_64                                                  
     [exec]   libedit-3.1-53.20240808cvs.fc40.x86_64                                        
     [exec]   libfdisk-2.40.2-1.fc40.x86_64                                                 
     [exec]   libfido2-1.14.0-4.fc40.x86_64                                                 
     [exec]   libutempter-1.2.1-13.fc40.x86_64                                              
     [exec]   ncurses-6.4-12.20240127.fc40.x86_64                                           
     [exec]   openssh-9.6p1-1.fc40.4.x86_64                                                 
     [exec]   openssh-clients-9.6p1-1.fc40.4.x86_64                                         
     [exec]   perl-AutoLoader-5.74-506.fc40.noarch                                          
     [exec]   perl-B-1.88-506.fc40.x86_64                                                   
     [exec]   perl-Carp-1.54-502.fc40.noarch                                                
     [exec]   perl-Class-Struct-0.68-506.fc40.noarch                                        
     [exec]   perl-Data-Dumper-2.188-503.fc40.x86_64                                        
     [exec]   perl-Digest-1.20-502.fc40.noarch                                              
     [exec]   perl-Digest-MD5-2.59-3.fc40.x86_64                                            
     [exec]   perl-DynaLoader-1.54-506.fc40.x86_64                                          
     [exec]   perl-Encode-4:3.21-505.fc40.x86_64                                            
     [exec]   perl-Errno-1.37-506.fc40.x86_64                                               
     [exec]   perl-Error-1:0.17029-15.fc40.noarch                                           
     [exec]   perl-Exporter-5.78-3.fc40.noarch                                              
     [exec]   perl-Fcntl-1.15-506.fc40.x86_64                                               
     [exec]   perl-File-Basename-2.86-506.fc40.noarch                                       
     [exec]   perl-File-Find-1.43-506.fc40.noarch                                           
     [exec]   perl-File-Path-2.18-503.fc40.noarch                                           
     [exec]   perl-File-Temp-1:0.231.100-503.fc40.noarch                                    
     [exec]   perl-File-stat-1.13-506.fc40.noarch                                           
     [exec]   perl-FileHandle-2.05-506.fc40.noarch                                          
     [exec]   perl-Getopt-Long-1:2.57-4.fc40.noarch                                         
     [exec]   perl-Getopt-Std-1.13-506.fc40.noarch                                          
     [exec]   perl-Git-2.47.1-1.fc40.noarch                                                 
     [exec]   perl-HTTP-Tiny-0.088-5.fc40.noarch                                            
     [exec]   perl-IO-1.52-506.fc40.x86_64                                                  
     [exec]   perl-IO-Socket-IP-0.42-2.fc40.noarch                                          
     [exec]   perl-IO-Socket-SSL-2.085-1.fc40.noarch                                        
     [exec]   perl-IPC-Open3-1.22-506.fc40.noarch                                           
     [exec]   perl-MIME-Base64-3.16-503.fc40.x86_64                                         
     [exec]   perl-Mozilla-CA-20231213-3.fc40.noarch                                        
     [exec]   perl-NDBM_File-1.16-506.fc40.x86_64                                           
     [exec]   perl-Net-SSLeay-1.94-3.fc40.x86_64                                            
     [exec]   perl-POSIX-2.13-506.fc40.x86_64                                               
     [exec]   perl-PathTools-3.89-502.fc40.x86_64                                           
     [exec]   perl-Pod-Escapes-1:1.07-503.fc40.noarch                                       
     [exec]   perl-Pod-Perldoc-3.28.01-503.fc40.noarch                                      
     [exec]   perl-Pod-Simple-1:3.45-6.fc40.noarch                                          
     [exec]   perl-Pod-Usage-4:2.03-504.fc40.noarch                                         
     [exec]   perl-Scalar-List-Utils-5:1.63-503.fc40.x86_64                                 
     [exec]   perl-SelectSaver-1.02-506.fc40.noarch                                         
     [exec]   perl-Socket-4:2.038-1.fc40.x86_64                                             
     [exec]   perl-Storable-1:3.32-502.fc40.x86_64                                          
     [exec]   perl-Symbol-1.09-506.fc40.noarch                                              
     [exec]   perl-Term-ANSIColor-5.01-504.fc40.noarch                                      
     [exec]   perl-Term-Cap-1.18-503.fc40.noarch                                            
     [exec]   perl-TermReadKey-2.38-21.fc40.x86_64                                          
     [exec]   perl-Text-ParseWords-3.31-502.fc40.noarch                                     
     [exec]   perl-Text-Tabs+Wrap-2024.001-1.fc40.noarch                                    
     [exec]   perl-Time-Local-2:1.350-5.fc40.noarch                                         
     [exec]   perl-URI-5.28-1.fc40.noarch                                                   
     [exec]   perl-base-2.27-506.fc40.noarch                                                
     [exec]   perl-constant-1.33-503.fc40.noarch                                            
     [exec]   perl-if-0.61.000-506.fc40.noarch                                              
     [exec]   perl-interpreter-4:5.38.2-506.fc40.x86_64                                     
     [exec]   perl-lib-0.65-506.fc40.x86_64                                                 
     [exec]   perl-libnet-3.15-503.fc40.noarch                                              
     [exec]   perl-libs-4:5.38.2-506.fc40.x86_64                                            
     [exec]   perl-locale-1.10-506.fc40.noarch                                              
     [exec]   perl-mro-1.28-506.fc40.x86_64                                                 
     [exec]   perl-overload-1.37-506.fc40.noarch                                            
     [exec]   perl-overloading-0.02-506.fc40.noarch                                         
     [exec]   perl-parent-1:0.241-502.fc40.noarch                                           
     [exec]   perl-podlators-1:5.01-502.fc40.noarch                                         
     [exec]   perl-vars-1.05-506.fc40.noarch                                                
     [exec]   protobuf-c-1.5.0-3.fc40.x86_64                                                
     [exec]   systemd-libs-255.15-1.fc40.x86_64                                             
     [exec]   unbound-anchor-1.21.1-3.fc40.x86_64                                           
     [exec]   unbound-libs-1.21.1-3.fc40.x86_64                                             
     [exec]   unzip-6.0-63.fc40.x86_64                                                      
     [exec]   util-linux-2.40.2-1.fc40.x86_64                                               
     [exec]   util-linux-core-2.40.2-1.fc40.x86_64                                          
     [exec]   wget2-2.2.0-1.fc40.x86_64                                                     
     [exec]   wget2-libs-2.2.0-1.fc40.x86_64                                                
     [exec]   wget2-wget-2.2.0-1.fc40.x86_64                                                
     [exec] 
     [exec] Complete!
     [exec] 17 files removed
     [exec] --> 58079272ca6e
     [exec] STEP 5/21: ENV LANG='en_US.UTF-8' LANGUAGE='en_US:en' LC_ALL='en_US.UTF-8'
     [exec] --> 6b7f0391d9cf
     [exec] STEP 6/21: ENV JAVA_TOOL_OPTIONS=" -Dfile.encoding=UTF8 -Djava.security.egd=file:/dev/./urandom"
     [exec] --> 9c11e488746d
     [exec] STEP 7/21: ENV TEST_HOME /kafka
     [exec] --> 4d9edf32d037
     [exec] STEP 8/21: ENV APPLICATION_NAME=kafka
     [exec] --> 8769e95b4091
     [exec] STEP 9/21: ENV APPLICATION_TAG=3.1.0
     [exec] --> afb7fc166ad8
     [exec] STEP 10/21: ENV OS_TAG=fedora
     [exec] --> 3f265c4758de
     [exec] STEP 11/21: ENV JDK_VERSION=21
     [exec] --> 10e9e510fd74
     [exec] STEP 12/21: ENV JDK_IMPL=hotspot
     [exec] --> 8fe316e7056f
     [exec] STEP 13/21: ENV KAFKA_TAG=$KAFKA_TAG
     [exec] --> 12e487cccce5
     [exec] STEP 14/21: RUN git clone https://github.com/apache/kafka.git
     [exec] /bin/sh: warning: setlocale: LC_ALL: cannot change locale (en_US.UTF-8)
     [exec] Cloning into 'kafka'...
     [exec] --> 3d32df9f138d
     [exec] STEP 15/21: WORKDIR /kafka/
     [exec] --> b03f174124bf
     [exec] STEP 16/21: RUN git checkout $KAFKA_TAG
     [exec] /bin/sh: warning: setlocale: LC_ALL: cannot change locale (en_US.UTF-8)
     [exec] Note: switching to '3.1.0'.
     [exec] 
     [exec] You are in 'detached HEAD' state. You can look around, make experimental
     [exec] changes and commit them, and you can discard any commits you make in this
     [exec] state without impacting any branches by switching back to a branch.
     [exec] 
     [exec] If you want to create a new branch to retain commits you create, you may
     [exec] do so (now or later) by using -c with the switch command. Example:
     [exec] 
     [exec]   git switch -c <new-branch-name>
     [exec] 
     [exec] Or undo this operation with:
     [exec] 
     [exec]   git switch -
     [exec] 
     [exec] Turn off this advice by setting config variable advice.detachedHead to false
     [exec] 
     [exec] HEAD is now at 37edeed077 Bump version to 3.1.0
     [exec] --> dda218a5b541
     [exec] STEP 17/21: WORKDIR /
     [exec] --> 082999412615
     [exec] STEP 18/21: COPY kafka/test.sh /test.sh
     [exec] --> 85949bf3c5a8
     [exec] STEP 19/21: COPY test_base_functions.sh test_base_functions.sh
     [exec] --> f4d267d69132
     [exec] STEP 20/21: WORKDIR ${TEST_HOME}
     [exec] --> ddf187840ff8
     [exec] STEP 21/21: ENTRYPOINT ["/bin/bash", "/test.sh"]
     [exec] COMMIT adoptopenjdk-kafka-test:21-jdk-ubuntu-hotspot-full
     [exec] --> b7abe4e719b3
     [exec] Successfully tagged localhost/adoptopenjdk-kafka-test:21-jdk-ubuntu-hotspot-full
     [exec] b7abe4e719b3560678cc64e44bc35e9ed53f81172bc69ba6eba5a9ad7ec9e622

dist:
     [copy] Copying 3 files to /home/jvanek/git/jvmtest/external/kafka

BUILD SUCCESSFUL
Total time: 37 seconds
0
make[1]: Leaving directory '/home/jvanek/git/aqa-tests/TKG'
JAVA_HOME is set to /tmp/tmp.svcCMPocrN/jdk-21.0.5+11
LIB_DIR is set to /home/jvanek/git/aqa-tests/TKG/../TKG/lib
make -f makeGen.mk AUTO_DETECT= MODE=tests TESTTARGET=kafka_test TESTLIST=
make[1]: Entering directory '/home/jvanek/git/aqa-tests/TKG'
perl scripts/configure.pl
/tmp/tmp.svcCMPocrN/jdk-21.0.5+11/bin/java -cp "./bin/TestKitGen.jar:/home/jvanek/git/aqa-tests/TKG/../TKG/lib/json-simple.jar" org.testKitGen.MainRunner --mode=tests --spec=linux_x86-64 --microArch="" --osLabel="" --jdkVersion=21 --impl=hotspot --vendor="eclipse" --buildList=external/kafka --iterations=1 --aotIterations= --testFlag= --testTarget=kafka_test --testList= --numOfMachines= --testTime= --TRSSURL= 
Modes data parsed from resources/modes.xml and resources/ottawa.csv.

Starting to generate test make files.

Parsing /home/jvanek/git/aqa-tests/TKG/../external/kafka/playlist.xml
Generated /home/jvanek/git/aqa-tests/TKG/../external/kafka/autoGen.mk

Generated /home/jvanek/git/aqa-tests/TKG/../external/autoGen.mk

Generated /home/jvanek/git/aqa-tests/TKG/../autoGen.mk

Generated /home/jvanek/git/aqa-tests/TKG/../TKG/utils.mk

Generated /home/jvanek/git/aqa-tests/TKG/../TKG/rerun.mk

Make files are generated successfully.

make[1]: Leaving directory '/home/jvanek/git/aqa-tests/TKG'
make -f runtest.mk _kafka_test
make[1]: Entering directory '/home/jvanek/git/aqa-tests/TKG'

Running make 4.4.1
set TEST_ROOT to /home/jvanek/git/aqa-tests/TKG/..
set JDK_VERSION to 21
set JDK_IMPL to hotspot
set JVM_VERSION to openjdk21
set JCL_VERSION to latest
set JAVA_HOME to /tmp/tmp.svcCMPocrN/jdk-21.0.5+11
set SPEC to linux_x86-64
set TEST_FLAG to
Running kafka_test ...
There are 1 test targets in kafka_test
"/tmp/tmp.svcCMPocrN/jdk-21.0.5+11/bin/java" -version
openjdk version "21.0.5" 2024-10-15 LTS
OpenJDK Runtime Environment Temurin-21.0.5+11 (build 21.0.5+11-LTS)
OpenJDK 64-Bit Server VM Temurin-21.0.5+11 (build 21.0.5+11-LTS, mixed mode, sharing)
make[2]: Entering directory '/home/jvanek/git/aqa-tests'
make[3]: Entering directory '/home/jvanek/git/aqa-tests/external'
make[4]: Entering directory '/home/jvanek/git/aqa-tests/external/kafka'

===============================================
Running test kafka_test_0 ...
===============================================
kafka_test_0 Start Time: Wed Dec 11 21:46:58 2024 Epoch Time (ms): 1733950018543
variation: NoOptions
JVM_OPTIONS:  
{ \
echo "";	echo "TEST SETUP:"; \
echo "Nothing to be done for setup."; \
mkdir -p "/home/jvanek/git/aqa-tests/TKG/../TKG/output_17339500181436/kafka_test_0"; \
cd "/home/jvanek/git/aqa-tests/TKG/../TKG/output_17339500181436/kafka_test_0"; \
echo "";	echo "TESTING:"; \
/home/jvanek/git/aqa-tests/TKG/../external/external.sh --run --tag "" --dir kafka --reportdst "/home/jvanek/git/aqa-tests/TKG/../TKG/output_17339500181436/kafka_test_0" --docker_args "-v /tmp/tmp.svcCMPocrN/jdk-21.0.5+11:/opt/java/openjdk"; \
	if [ $? -eq 0 ]; then echo "-----------------------------------"; echo "kafka_test_0""_PASSED"; echo "-----------------------------------"; cd /home/jvanek/git/aqa-tests/TKG/..;  else echo "-----------------------------------"; echo "kafka_test_0""_FAILED"; echo "-----------------------------------"; fi; \
	/home/jvanek/git/aqa-tests/TKG/../external/external.sh --clean --tag "" --dir kafka; \
echo "";	echo "TEST TEARDOWN:"; \
echo "Nothing to be done for teardown."; \
 } 2>&1 | tee -a "/home/jvanek/git/aqa-tests/TKG/../TKG/output_17339500181436/TestTargetResult";

TEST SETUP:
Nothing to be done for setup.

TESTING:
   # =================== Info =================== Info =================== Info =================== #
   # EXTRA_DOCKER_ARGS set as "-v /tmp/tmp.svcCMPocrN/jdk-21.0.5+11:/opt/java/openjdk"                                #
   # =================== Info =================== Info =================== Info =================== #
   # =================== Info =================== Info =================== Info =================== #
   # TEST_JDK_HOME of /tmp/tmp.svcCMPocrN/jdk-21.0.5+11 is used in EXTRA_DOCKER_ARGS                                #
   # =================== Info =================== Info =================== Info =================== #
No DOCKERIMAGE_TAG set, tag as default 'nightly'
DOCKERIMAGE_TAG nightly has been recognized.
The test here is kafka
The directory in the external.sh is kafka
 podman run --privileged  -v /tmp/tmp.svcCMPocrN/jdk-21.0.5+11:/opt/java/openjdk  --name kafka-test --rm adoptopenjdk-kafka-test:21-jdk-ubuntu-hotspot-full 
time="2024-12-11T21:46:58+01:00" level=warning msg="Error validating CNI config file /home/jvanek/.config/cni/net.d/87-podman.conflist: [failed to find plugin \"bridge\" in path [/usr/local/libexec/cni /usr/libexec/cni /usr/local/lib/cni /usr/lib/cni /opt/cni/bin] failed to find plugin \"portmap\" in path [/usr/local/libexec/cni /usr/libexec/cni /usr/local/lib/cni /usr/lib/cni /opt/cni/bin] failed to find plugin \"firewall\" in path [/usr/local/libexec/cni /usr/libexec/cni /usr/local/lib/cni /usr/lib/cni /opt/cni/bin] failed to find plugin \"tuning\" in path [/usr/local/libexec/cni /usr/libexec/cni /usr/local/lib/cni /usr/lib/cni /opt/cni/bin]]"
/bin/bash: warning: setlocale: LC_ALL: cannot change locale (en_US.UTF-8)
APPLICATION_NAME=kafka
APPLICATION_TAG=3.1.0
OS_TAG=fedora
Using /opt mounted Java
JAVA_BIN is: /opt/java/openjdk/bin
=JAVA VERSION OUTPUT BEGIN=
Picked up JAVA_TOOL_OPTIONS:  -Dfile.encoding=UTF8 -Djava.security.egd=file:/dev/./urandom
openjdk version "21.0.5" 2024-10-15 LTS
OpenJDK Runtime Environment Temurin-21.0.5+11 (build 21.0.5+11-LTS)
OpenJDK 64-Bit Server VM Temurin-21.0.5+11 (build 21.0.5+11-LTS, mixed mode, sharing)
=JAVA VERSION OUTPUT END=
Building kafka  using gradle
sh: warning: setlocale: LC_ALL: cannot change locale (en_US.UTF-8)
Picked up JAVA_TOOL_OPTIONS:  -Dfile.encoding=UTF8 -Djava.security.egd=file:/dev/./urandom

FAILURE: Build failed with an exception.

* Where:
Settings file '/kafka/settings.gradle'

* What went wrong:
Could not compile settings file '/kafka/settings.gradle'.
> startup failed:
  General error during conversion: Unsupported class file major version 65
  
  java.lang.IllegalArgumentException: Unsupported class file major version 65
  	at groovyjarjarasm.asm.ClassReader.<init>(ClassReader.java:196)
  	at groovyjarjarasm.asm.ClassReader.<init>(ClassReader.java:177)
  	at groovyjarjarasm.asm.ClassReader.<init>(ClassReader.java:163)
  	at groovyjarjarasm.asm.ClassReader.<init>(ClassReader.java:284)
  	at org.codehaus.groovy.ast.decompiled.AsmDecompiler.parseClass(AsmDecompiler.java:81)
  	at org.codehaus.groovy.control.ClassNodeResolver.findDecompiled(ClassNodeResolver.java:251)
  	at org.codehaus.groovy.control.ClassNodeResolver.tryAsLoaderClassOrScript(ClassNodeResolver.java:189)
  	at org.codehaus.groovy.control.ClassNodeResolver.findClassNode(ClassNodeResolver.java:169)
  	at org.codehaus.groovy.control.ClassNodeResolver.resolveName(ClassNodeResolver.java:125)
  	at org.codehaus.groovy.ast.decompiled.AsmReferenceResolver.resolveClassNullable(AsmReferenceResolver.java:57)
  	at org.codehaus.groovy.ast.decompiled.AsmReferenceResolver.resolveClass(AsmReferenceResolver.java:44)
  	at org.codehaus.groovy.ast.decompiled.AsmReferenceResolver.resolveNonArrayType(AsmReferenceResolver.java:79)
  	at org.codehaus.groovy.ast.decompiled.AsmReferenceResolver.resolveType(AsmReferenceResolver.java:70)
  	at org.codehaus.groovy.ast.decompiled.MemberSignatureParser.createMethodNode(MemberSignatureParser.java:57)
  	at org.codehaus.groovy.ast.decompiled.DecompiledClassNode.lambda$createMethodNode$1(DecompiledClassNode.java:230)
  	at org.codehaus.groovy.ast.decompiled.DecompiledClassNode.createMethodNode(DecompiledClassNode.java:236)
  	at org.codehaus.groovy.ast.decompiled.DecompiledClassNode.lazyInitMembers(DecompiledClassNode.java:203)
  	at org.codehaus.groovy.ast.decompiled.DecompiledClassNode.getDeclaredMethods(DecompiledClassNode.java:122)
  	at org.codehaus.groovy.ast.ClassNode.tryFindPossibleMethod(ClassNode.java:1283)
  	at org.codehaus.groovy.control.StaticImportVisitor.transformMethodCallExpression(StaticImportVisitor.java:251)
  	at org.codehaus.groovy.control.StaticImportVisitor.transform(StaticImportVisitor.java:133)
  	at org.codehaus.groovy.ast.ClassCodeExpressionTransformer.visitExpressionStatement(ClassCodeExpressionTransformer.java:108)
  	at org.codehaus.groovy.ast.stmt.ExpressionStatement.visit(ExpressionStatement.java:40)
  	at org.codehaus.groovy.ast.ClassCodeVisitorSupport.visitClassCodeContainer(ClassCodeVisitorSupport.java:138)
  	at org.codehaus.groovy.ast.ClassCodeVisitorSupport.visitConstructorOrMethod(ClassCodeVisitorSupport.java:111)
  	at org.codehaus.groovy.ast.ClassCodeExpressionTransformer.visitConstructorOrMethod(ClassCodeExpressionTransformer.java:66)
  	at org.codehaus.groovy.control.StaticImportVisitor.visitConstructorOrMethod(StaticImportVisitor.java:108)
  	at org.codehaus.groovy.ast.ClassCodeVisitorSupport.visitConstructor(ClassCodeVisitorSupport.java:101)
  	at org.codehaus.groovy.ast.ClassNode.visitContents(ClassNode.java:1089)
  	at org.codehaus.groovy.ast.ClassCodeVisitorSupport.visitClass(ClassCodeVisitorSupport.java:52)
  	at org.codehaus.groovy.control.CompilationUnit.lambda$addPhaseOperations$3(CompilationUnit.java:209)
  	at org.codehaus.groovy.control.CompilationUnit$IPrimaryClassNodeOperation.doPhaseOperation(CompilationUnit.java:942)
  	at org.codehaus.groovy.control.CompilationUnit.processPhaseOperations(CompilationUnit.java:671)
  	at org.codehaus.groovy.control.CompilationUnit.compile(CompilationUnit.java:635)
  	at groovy.lang.GroovyClassLoader.doParseClass(GroovyClassLoader.java:389)
  	at groovy.lang.GroovyClassLoader.lambda$parseClass$3(GroovyClassLoader.java:332)
  	at org.codehaus.groovy.runtime.memoize.StampedCommonCache.compute(StampedCommonCache.java:163)
  	at org.codehaus.groovy.runtime.memoize.StampedCommonCache.getAndPut(StampedCommonCache.java:154)
  	at groovy.lang.GroovyClassLoader.parseClass(GroovyClassLoader.java:330)
  	at org.gradle.groovy.scripts.internal.DefaultScriptCompilationHandler.compileScript(DefaultScriptCompilationHandler.java:139)
  	at org.gradle.groovy.scripts.internal.DefaultScriptCompilationHandler.compileToDir(DefaultScriptCompilationHandler.java:95)
  	at org.gradle.groovy.scripts.internal.BuildOperationBackedScriptCompilationHandler$2.run(BuildOperationBackedScriptCompilationHandler.java:54)
  	at org.gradle.internal.operations.DefaultBuildOperationRunner$1.execute(DefaultBuildOperationRunner.java:29)
  	at org.gradle.internal.operations.DefaultBuildOperationRunner$1.execute(DefaultBuildOperationRunner.java:26)
  	at org.gradle.internal.operations.DefaultBuildOperationRunner$3.execute(DefaultBuildOperationRunner.java:75)
  	at org.gradle.internal.operations.DefaultBuildOperationRunner$3.execute(DefaultBuildOperationRunner.java:68)
  	at org.gradle.internal.operations.DefaultBuildOperationRunner.execute(DefaultBuildOperationRunner.java:153)
  	at org.gradle.internal.operations.DefaultBuildOperationRunner.execute(DefaultBuildOperationRunner.java:68)
  	at org.gradle.internal.operations.DefaultBuildOperationRunner.run(DefaultBuildOperationRunner.java:56)
  	at org.gradle.internal.operations.DefaultBuildOperationExecutor.lambda$run$1(DefaultBuildOperationExecutor.java:74)
  	at org.gradle.internal.operations.UnmanagedBuildOperationWrapper.runWithUnmanagedSupport(UnmanagedBuildOperationWrapper.java:45)
  	at org.gradle.internal.operations.DefaultBuildOperationExecutor.run(DefaultBuildOperationExecutor.java:74)
  	at org.gradle.groovy.scripts.internal.BuildOperationBackedScriptCompilationHandler.compileToDir(BuildOperationBackedScriptCompilationHandler.java:51)
  	at org.gradle.groovy.scripts.internal.FileCacheBackedScriptClassCompiler$CompileToCrossBuildCacheAction.execute(FileCacheBackedScriptClassCompiler.java:189)
  	at org.gradle.groovy.scripts.internal.FileCacheBackedScriptClassCompiler$CompileToCrossBuildCacheAction.execute(FileCacheBackedScriptClassCompiler.java:169)
  	at org.gradle.groovy.scripts.internal.FileCacheBackedScriptClassCompiler$ProgressReportingInitializer.execute(FileCacheBackedScriptClassCompiler.java:210)
  	at org.gradle.groovy.scripts.internal.FileCacheBackedScriptClassCompiler$ProgressReportingInitializer.execute(FileCacheBackedScriptClassCompiler.java:193)
  	at org.gradle.cache.internal.DefaultPersistentDirectoryCache$Initializer.initialize(DefaultPersistentDirectoryCache.java:100)
  	at org.gradle.cache.internal.FixedSharedModeCrossProcessCacheAccess$1.run(FixedSharedModeCrossProcessCacheAccess.java:86)
  	at org.gradle.cache.internal.DefaultFileLockManager$DefaultFileLock.doWriteAction(DefaultFileLockManager.java:216)
  	at org.gradle.cache.internal.DefaultFileLockManager$DefaultFileLock.writeFile(DefaultFileLockManager.java:206)
  	at org.gradle.cache.internal.FixedSharedModeCrossProcessCacheAccess.open(FixedSharedModeCrossProcessCacheAccess.java:83)
  	at org.gradle.cache.internal.DefaultCacheAccess.open(DefaultCacheAccess.java:139)
  	at org.gradle.cache.internal.DefaultPersistentDirectoryStore.open(DefaultPersistentDirectoryStore.java:89)
  	at org.gradle.cache.internal.DefaultPersistentDirectoryStore.open(DefaultPersistentDirectoryStore.java:43)
  	at org.gradle.cache.internal.DefaultCacheFactory.doOpen(DefaultCacheFactory.java:103)
  	at org.gradle.cache.internal.DefaultCacheFactory.open(DefaultCacheFactory.java:68)
  	at org.gradle.cache.internal.DefaultCacheRepository$PersistentCacheBuilder.open(DefaultCacheRepository.java:126)
  	at org.gradle.groovy.scripts.internal.FileCacheBackedScriptClassCompiler.compile(FileCacheBackedScriptClassCompiler.java:115)
  	at org.gradle.groovy.scripts.internal.CrossBuildInMemoryCachingScriptClassCache.getOrCompile(CrossBuildInMemoryCachingScriptClassCache.java:50)
  	at org.gradle.groovy.scripts.internal.BuildScopeInMemoryCachingScriptClassCompiler.compile(BuildScopeInMemoryCachingScriptClassCompiler.java:50)
  	at org.gradle.groovy.scripts.DefaultScriptCompilerFactory$ScriptCompilerImpl.compile(DefaultScriptCompilerFactory.java:49)
  	at org.gradle.configuration.DefaultScriptPluginFactory$ScriptPluginImpl.apply(DefaultScriptPluginFactory.java:125)
  	at org.gradle.configuration.BuildOperationScriptPlugin$1.run(BuildOperationScriptPlugin.java:65)
  	at org.gradle.internal.operations.DefaultBuildOperationRunner$1.execute(DefaultBuildOperationRunner.java:29)
  	at org.gradle.internal.operations.DefaultBuildOperationRunner$1.execute(DefaultBuildOperationRunner.java:26)
  	at org.gradle.internal.operations.DefaultBuildOperationRunner$3.execute(DefaultBuildOperationRunner.java:75)
  	at org.gradle.internal.operations.DefaultBuildOperationRunner$3.execute(DefaultBuildOperationRunner.java:68)
  	at org.gradle.internal.operations.DefaultBuildOperationRunner.execute(DefaultBuildOperationRunner.java:153)
  	at org.gradle.internal.operations.DefaultBuildOperationRunner.execute(DefaultBuildOperationRunner.java:68)
  	at org.gradle.internal.operations.DefaultBuildOperationRunner.run(DefaultBuildOperationRunner.java:56)
  	at org.gradle.internal.operations.DefaultBuildOperationExecutor.lambda$run$1(DefaultBuildOperationExecutor.java:74)
  	at org.gradle.internal.operations.UnmanagedBuildOperationWrapper.runWithUnmanagedSupport(UnmanagedBuildOperationWrapper.java:45)
  	at org.gradle.internal.operations.DefaultBuildOperationExecutor.run(DefaultBuildOperationExecutor.java:74)
  	at org.gradle.configuration.BuildOperationScriptPlugin.lambda$apply$0(BuildOperationScriptPlugin.java:62)
  	at org.gradle.configuration.internal.DefaultUserCodeApplicationContext.apply(DefaultUserCodeApplicationContext.java:44)
  	at org.gradle.configuration.BuildOperationScriptPlugin.apply(BuildOperationScriptPlugin.java:62)
  	at org.gradle.initialization.ScriptEvaluatingSettingsProcessor.applySettingsScript(ScriptEvaluatingSettingsProcessor.java:74)
  	at org.gradle.initialization.ScriptEvaluatingSettingsProcessor.process(ScriptEvaluatingSettingsProcessor.java:67)
  	at org.gradle.initialization.SettingsEvaluatedCallbackFiringSettingsProcessor.process(SettingsEvaluatedCallbackFiringSettingsProcessor.java:34)
  	at org.gradle.initialization.RootBuildCacheControllerSettingsProcessor.process(RootBuildCacheControllerSettingsProcessor.java:47)
  	at org.gradle.initialization.BuildOperationSettingsProcessor$2.call(BuildOperationSettingsProcessor.java:50)
  	at org.gradle.initialization.BuildOperationSettingsProcessor$2.call(BuildOperationSettingsProcessor.java:47)
  	at org.gradle.internal.operations.DefaultBuildOperationRunner$CallableBuildOperationWorker.execute(DefaultBuildOperationRunner.java:200)
  	at org.gradle.internal.operations.DefaultBuildOperationRunner$CallableBuildOperationWorker.execute(DefaultBuildOperationRunner.java:195)
  	at org.gradle.internal.operations.DefaultBuildOperationRunner$3.execute(DefaultBuildOperationRunner.java:75)
  	at org.gradle.internal.operations.DefaultBuildOperationRunner$3.execute(DefaultBuildOperationRunner.java:68)
  	at org.gradle.internal.operations.DefaultBuildOperationRunner.execute(DefaultBuildOperationRunner.java:153)
  	at org.gradle.internal.operations.DefaultBuildOperationRunner.execute(DefaultBuildOperationRunner.java:68)
  	at org.gradle.internal.operations.DefaultBuildOperationRunner.call(DefaultBuildOperationRunner.java:62)
  	at org.gradle.internal.operations.DefaultBuildOperationExecutor.lambda$call$2(DefaultBuildOperationExecutor.java:79)
  	at org.gradle.internal.operations.UnmanagedBuildOperationWrapper.callWithUnmanagedSupport(UnmanagedBuildOperationWrapper.java:54)
  	at org.gradle.internal.operations.DefaultBuildOperationExecutor.call(DefaultBuildOperationExecutor.java:79)
  	at org.gradle.initialization.BuildOperationSettingsProcessor.process(BuildOperationSettingsProcessor.java:47)
  	at org.gradle.initialization.DefaultSettingsLoader.findSettingsAndLoadIfAppropriate(DefaultSettingsLoader.java:119)
  	at org.gradle.initialization.DefaultSettingsLoader.findAndLoadSettings(DefaultSettingsLoader.java:56)
  	at org.gradle.initialization.SettingsAttachingSettingsLoader.findAndLoadSettings(SettingsAttachingSettingsLoader.java:35)
  	at org.gradle.internal.composite.CommandLineIncludedBuildSettingsLoader.findAndLoadSettings(CommandLineIncludedBuildSettingsLoader.java:34)
  	at org.gradle.internal.composite.ChildBuildRegisteringSettingsLoader.findAndLoadSettings(ChildBuildRegisteringSettingsLoader.java:48)
  	at org.gradle.internal.composite.CompositeBuildSettingsLoader.findAndLoadSettings(CompositeBuildSettingsLoader.java:35)
  	at org.gradle.initialization.InitScriptHandlingSettingsLoader.findAndLoadSettings(InitScriptHandlingSettingsLoader.java:34)
  	at org.gradle.initialization.GradlePropertiesHandlingSettingsLoader.findAndLoadSettings(GradlePropertiesHandlingSettingsLoader.java:39)
  	at org.gradle.initialization.DefaultSettingsPreparer.prepareSettings(DefaultSettingsPreparer.java:31)
  	at org.gradle.initialization.BuildOperationFiringSettingsPreparer$LoadBuild.doLoadBuild(BuildOperationFiringSettingsPreparer.java:62)
  	at org.gradle.initialization.BuildOperationFiringSettingsPreparer$LoadBuild.run(BuildOperationFiringSettingsPreparer.java:57)
  	at org.gradle.internal.operations.DefaultBuildOperationRunner$1.execute(DefaultBuildOperationRunner.java:29)
  	at org.gradle.internal.operations.DefaultBuildOperationRunner$1.execute(DefaultBuildOperationRunner.java:26)
  	at org.gradle.internal.operations.DefaultBuildOperationRunner$3.execute(DefaultBuildOperationRunner.java:75)
  	at org.gradle.internal.operations.DefaultBuildOperationRunner$3.execute(DefaultBuildOperationRunner.java:68)
  	at org.gradle.internal.operations.DefaultBuildOperationRunner.execute(DefaultBuildOperationRunner.java:153)
  	at org.gradle.internal.operations.DefaultBuildOperationRunner.execute(DefaultBuildOperationRunner.java:68)
  	at org.gradle.internal.operations.DefaultBuildOperationRunner.run(DefaultBuildOperationRunner.java:56)
  	at org.gradle.internal.operations.DefaultBuildOperationExecutor.lambda$run$1(DefaultBuildOperationExecutor.java:74)
  	at org.gradle.internal.operations.UnmanagedBuildOperationWrapper.runWithUnmanagedSupport(UnmanagedBuildOperationWrapper.java:45)
  	at org.gradle.internal.operations.DefaultBuildOperationExecutor.run(DefaultBuildOperationExecutor.java:74)
  	at org.gradle.initialization.BuildOperationFiringSettingsPreparer.prepareSettings(BuildOperationFiringSettingsPreparer.java:45)
  	at org.gradle.initialization.VintageBuildModelController.prepareSettings(VintageBuildModelController.java:90)
  	at org.gradle.initialization.VintageBuildModelController.doBuildStages(VintageBuildModelController.java:73)
  	at org.gradle.initialization.VintageBuildModelController.prepareToScheduleTasks(VintageBuildModelController.java:64)
  	at org.gradle.internal.build.DefaultBuildLifecycleController.lambda$prepareToScheduleTasks$0(DefaultBuildLifecycleController.java:104)
  	at org.gradle.internal.build.DefaultBuildLifecycleController.lambda$withModelOrThrow$5(DefaultBuildLifecycleController.java:142)
  	at org.gradle.internal.build.DefaultBuildLifecycleController.withModel(DefaultBuildLifecycleController.java:157)
  	at org.gradle.internal.build.DefaultBuildLifecycleController.withModelOrThrow(DefaultBuildLifecycleController.java:140)
  	at org.gradle.internal.build.DefaultBuildLifecycleController.prepareToScheduleTasks(DefaultBuildLifecycleController.java:102)
  	at org.gradle.internal.buildtree.DefaultBuildTreeWorkPreparer.scheduleRequestedTasks(DefaultBuildTreeWorkPreparer.java:33)
  	at org.gradle.internal.buildtree.DefaultBuildTreeLifecycleController.lambda$doScheduleAndRunTasks$1(DefaultBuildTreeLifecycleController.java:83)
  	at org.gradle.composite.internal.DefaultIncludedBuildTaskGraph.withNewTaskGraph(DefaultIncludedBuildTaskGraph.java:94)
  	at org.gradle.internal.buildtree.DefaultBuildTreeLifecycleController.doScheduleAndRunTasks(DefaultBuildTreeLifecycleController.java:82)
  	at org.gradle.internal.buildtree.DefaultBuildTreeLifecycleController.runBuild(DefaultBuildTreeLifecycleController.java:104)
  	at org.gradle.internal.buildtree.DefaultBuildTreeLifecycleController.scheduleAndRunTasks(DefaultBuildTreeLifecycleController.java:64)
  	at org.gradle.tooling.internal.provider.ExecuteBuildActionRunner.run(ExecuteBuildActionRunner.java:31)
  	at org.gradle.launcher.exec.ChainingBuildActionRunner.run(ChainingBuildActionRunner.java:35)
  	at org.gradle.internal.buildtree.ProblemReportingBuildActionRunner.run(ProblemReportingBuildActionRunner.java:47)
  	at org.gradle.launcher.exec.BuildOutcomeReportingBuildActionRunner.run(BuildOutcomeReportingBuildActionRunner.java:69)
  	at org.gradle.tooling.internal.provider.FileSystemWatchingBuildActionRunner.run(FileSystemWatchingBuildActionRunner.java:91)
  	at org.gradle.launcher.exec.BuildCompletionNotifyingBuildActionRunner.run(BuildCompletionNotifyingBuildActionRunner.java:41)
  	at org.gradle.launcher.exec.RootBuildLifecycleBuildActionExecutor.lambda$execute$0(RootBuildLifecycleBuildActionExecutor.java:40)
  	at org.gradle.composite.internal.DefaultRootBuildState.run(DefaultRootBuildState.java:154)
  	at org.gradle.launcher.exec.RootBuildLifecycleBuildActionExecutor.execute(RootBuildLifecycleBuildActionExecutor.java:40)
  	at org.gradle.internal.buildtree.DefaultBuildTreeContext.execute(DefaultBuildTreeContext.java:40)
  	at org.gradle.launcher.exec.BuildTreeLifecycleBuildActionExecutor.lambda$execute$0(BuildTreeLifecycleBuildActionExecutor.java:56)
  	at org.gradle.internal.buildtree.BuildTreeState.run(BuildTreeState.java:53)
  	at org.gradle.launcher.exec.BuildTreeLifecycleBuildActionExecutor.execute(BuildTreeLifecycleBuildActionExecutor.java:56)
  	at org.gradle.launcher.exec.RunAsBuildOperationBuildActionExecutor$3.call(RunAsBuildOperationBuildActionExecutor.java:61)
  	at org.gradle.launcher.exec.RunAsBuildOperationBuildActionExecutor$3.call(RunAsBuildOperationBuildActionExecutor.java:57)
  	at org.gradle.internal.operations.DefaultBuildOperationRunner$CallableBuildOperationWorker.execute(DefaultBuildOperationRunner.java:200)
  	at org.gradle.internal.operations.DefaultBuildOperationRunner$CallableBuildOperationWorker.execute(DefaultBuildOperationRunner.java:195)
  	at org.gradle.internal.operations.DefaultBuildOperationRunner$3.execute(DefaultBuildOperationRunner.java:75)
  	at org.gradle.internal.operations.DefaultBuildOperationRunner$3.execute(DefaultBuildOperationRunner.java:68)
  	at org.gradle.internal.operations.DefaultBuildOperationRunner.execute(DefaultBuildOperationRunner.java:153)
  	at org.gradle.internal.operations.DefaultBuildOperationRunner.execute(DefaultBuildOperationRunner.java:68)
  	at org.gradle.internal.operations.DefaultBuildOperationRunner.call(DefaultBuildOperationRunner.java:62)
  	at org.gradle.internal.operations.DefaultBuildOperationExecutor.lambda$call$2(DefaultBuildOperationExecutor.java:79)
  	at org.gradle.internal.operations.UnmanagedBuildOperationWrapper.callWithUnmanagedSupport(UnmanagedBuildOperationWrapper.java:54)
  	at org.gradle.internal.operations.DefaultBuildOperationExecutor.call(DefaultBuildOperationExecutor.java:79)
  	at org.gradle.launcher.exec.RunAsBuildOperationBuildActionExecutor.execute(RunAsBuildOperationBuildActionExecutor.java:57)
  	at org.gradle.launcher.exec.RunAsWorkerThreadBuildActionExecutor.lambda$execute$0(RunAsWorkerThreadBuildActionExecutor.java:38)
  	at org.gradle.internal.work.DefaultWorkerLeaseService.withLocks(DefaultWorkerLeaseService.java:211)
  	at org.gradle.launcher.exec.RunAsWorkerThreadBuildActionExecutor.execute(RunAsWorkerThreadBuildActionExecutor.java:38)
  	at org.gradle.tooling.internal.provider.ContinuousBuildActionExecutor.execute(ContinuousBuildActionExecutor.java:103)
  	at org.gradle.tooling.internal.provider.SubscribableBuildActionExecutor.execute(SubscribableBuildActionExecutor.java:64)
  	at org.gradle.internal.session.DefaultBuildSessionContext.execute(DefaultBuildSessionContext.java:46)
  	at org.gradle.tooling.internal.provider.BuildSessionLifecycleBuildActionExecuter.lambda$execute$0(BuildSessionLifecycleBuildActionExecuter.java:56)
  	at org.gradle.internal.session.BuildSessionState.run(BuildSessionState.java:69)
  	at org.gradle.tooling.internal.provider.BuildSessionLifecycleBuildActionExecuter.execute(BuildSessionLifecycleBuildActionExecuter.java:55)
  	at org.gradle.tooling.internal.provider.BuildSessionLifecycleBuildActionExecuter.execute(BuildSessionLifecycleBuildActionExecuter.java:37)
  	at org.gradle.tooling.internal.provider.GradleThreadBuildActionExecuter.execute(GradleThreadBuildActionExecuter.java:36)
  	at org.gradle.tooling.internal.provider.GradleThreadBuildActionExecuter.execute(GradleThreadBuildActionExecuter.java:25)
  	at org.gradle.tooling.internal.provider.StartParamsValidatingActionExecuter.execute(StartParamsValidatingActionExecuter.java:63)
  	at org.gradle.tooling.internal.provider.StartParamsValidatingActionExecuter.execute(StartParamsValidatingActionExecuter.java:31)
  	at org.gradle.tooling.internal.provider.SessionFailureReportingActionExecuter.execute(SessionFailureReportingActionExecuter.java:58)
  	at org.gradle.tooling.internal.provider.SessionFailureReportingActionExecuter.execute(SessionFailureReportingActionExecuter.java:42)
  	at org.gradle.tooling.internal.provider.SetupLoggingActionExecuter.execute(SetupLoggingActionExecuter.java:47)
  	at org.gradle.tooling.internal.provider.SetupLoggingActionExecuter.execute(SetupLoggingActionExecuter.java:31)
  	at org.gradle.launcher.daemon.server.exec.ExecuteBuild.doBuild(ExecuteBuild.java:65)
  	at org.gradle.launcher.daemon.server.exec.BuildCommandOnly.execute(BuildCommandOnly.java:37)
  	at org.gradle.launcher.daemon.server.api.DaemonCommandExecution.proceed(DaemonCommandExecution.java:104)
  	at org.gradle.launcher.daemon.server.exec.WatchForDisconnection.execute(WatchForDisconnection.java:39)
  	at org.gradle.launcher.daemon.server.api.DaemonCommandExecution.proceed(DaemonCommandExecution.java:104)
  	at org.gradle.launcher.daemon.server.exec.ResetDeprecationLogger.execute(ResetDeprecationLogger.java:29)
  	at org.gradle.launcher.daemon.server.api.DaemonCommandExecution.proceed(DaemonCommandExecution.java:104)
  	at org.gradle.launcher.daemon.server.exec.RequestStopIfSingleUsedDaemon.execute(RequestStopIfSingleUsedDaemon.java:35)
  	at org.gradle.launcher.daemon.server.api.DaemonCommandExecution.proceed(DaemonCommandExecution.java:104)
  	at org.gradle.launcher.daemon.server.exec.ForwardClientInput$2.create(ForwardClientInput.java:78)
  	at org.gradle.launcher.daemon.server.exec.ForwardClientInput$2.create(ForwardClientInput.java:75)
  	at org.gradle.util.internal.Swapper.swap(Swapper.java:38)
  	at org.gradle.launcher.daemon.server.exec.ForwardClientInput.execute(ForwardClientInput.java:75)
  	at org.gradle.launcher.daemon.server.api.DaemonCommandExecution.proceed(DaemonCommandExecution.java:104)
  	at org.gradle.launcher.daemon.server.exec.LogAndCheckHealth.execute(LogAndCheckHealth.java:55)
  	at org.gradle.launcher.daemon.server.api.DaemonCommandExecution.proceed(DaemonCommandExecution.java:104)
  	at org.gradle.launcher.daemon.server.exec.LogToClient.doBuild(LogToClient.java:63)
  	at org.gradle.launcher.daemon.server.exec.BuildCommandOnly.execute(BuildCommandOnly.java:37)
  	at org.gradle.launcher.daemon.server.api.DaemonCommandExecution.proceed(DaemonCommandExecution.java:104)
  	at org.gradle.launcher.daemon.server.exec.EstablishBuildEnvironment.doBuild(EstablishBuildEnvironment.java:84)
  	at org.gradle.launcher.daemon.server.exec.BuildCommandOnly.execute(BuildCommandOnly.java:37)
  	at org.gradle.launcher.daemon.server.api.DaemonCommandExecution.proceed(DaemonCommandExecution.java:104)
  	at org.gradle.launcher.daemon.server.exec.StartBuildOrRespondWithBusy$1.run(StartBuildOrRespondWithBusy.java:52)
  	at org.gradle.launcher.daemon.server.DaemonStateCoordinator$1.run(DaemonStateCoordinator.java:297)
  	at org.gradle.internal.concurrent.ExecutorPolicy$CatchAndRecordFailures.onExecute(ExecutorPolicy.java:64)
  	at org.gradle.internal.concurrent.ManagedExecutorImpl$1.run(ManagedExecutorImpl.java:48)
  	at java.base/java.util.concurrent.ThreadPoolExecutor.runWorker(ThreadPoolExecutor.java:1144)
  	at java.base/java.util.concurrent.ThreadPoolExecutor$Worker.run(ThreadPoolExecutor.java:642)
  	at org.gradle.internal.concurrent.ThreadFactoryImpl$ManagedThreadRunnable.run(ThreadFactoryImpl.java:61)
  	at java.base/java.lang.Thread.run(Thread.java:1583)
  
  1 error


* Try:
Run with --stacktrace option to get the stack trace. Run with --info or --debug option to get more log output. Run with --scan to get full insights.

* Get more help at https://help.gradle.org

BUILD FAILED in 5s
-----------------------------------
kafka_test_0_FAILED
-----------------------------------
   # =================== Info =================== Info =================== Info =================== #
   # EXTRA_DOCKER_ARGS set as "-v /tmp/tmp.svcCMPocrN/jdk-21.0.5+11:/opt/java/openjdk"                                #
   # =================== Info =================== Info =================== Info =================== #
   # =================== Info =================== Info =================== Info =================== #
   # TEST_JDK_HOME of /tmp/tmp.svcCMPocrN/jdk-21.0.5+11 is used in EXTRA_DOCKER_ARGS                                #
   # =================== Info =================== Info =================== Info =================== #
No DOCKERIMAGE_TAG set, tag as default 'nightly'
DOCKERIMAGE_TAG nightly has been recognized.
The test here is kafka
The directory in the external.sh is kafka
Untagged: localhost/adoptopenjdk-kafka-test:21-jdk-ubuntu-hotspot-full
Deleted: b7abe4e719b3560678cc64e44bc35e9ed53f81172bc69ba6eba5a9ad7ec9e622
Deleted: ddf187840ff83ed15ba920862128a1d0e5dd6743e4917cfd17370436c694cdc0
Deleted: f4d267d6913263685adde4f889ea7d42e469c0ae7584b20acae5426d722f56e7
Deleted: 85949bf3c5a8005ecc9f190fec086a209b268d0349091e38df0bad9c2f317b9c
Deleted: 0829994126159aa371aec4a27d27539a88666df6770f081e6e58d59c809abaa3
Deleted: dda218a5b541f034202bbec2776f10d65f5ed3d905e075b1f48d214035c23871
Deleted: b03f174124bf02cc9eb4bd62900a1581abc5bd9beadc18210537aec6e5579768
Deleted: 3d32df9f138df069c2b8d9cb3ca5ec63f814b57453f8be047649b4886ca58472
Deleted: 12e487cccce5f17bb3d392409d3a3bbe0c972b7ed4aee80d3f3bd0a95ccac91b
Deleted: 8fe316e7056f98935d0ccf2a9f73e076a16ca269b8f1405bff887fc364599171
Deleted: 10e9e510fd748dcf8130c5cf34e313d395290cc5f66f019bd4bea02eed7b48f7
Deleted: 3f265c4758deb16acc8efe5773b8a0c34d872607264e29ef5b48ba080c4853de
Deleted: afb7fc166ad843fde8bb1dc876cf2606b3e4fdbea138acbd70efdf7b3bb63c49
Deleted: 8769e95b40912e30c2b29cdfbdb7000153c437623567a9b0fd6f4e3046933e54
Deleted: 4d9edf32d037c1758ce437e69d0bfd291ccaba47993a1137aca7ea63e715c971
Deleted: 9c11e488746d0b55463f7734bfc7f66b58d52aa9a654588e8f132a74317ee950
Deleted: 6b7f0391d9cf18aa135a8aca59912a999d3fbbcf30095ccd682f75047511a3b5
Deleted: 58079272ca6e75312047b8621b693d931435737c565749be369dfee085780059
Deleted: cfe196c4497929330dc5f72589a67c65e1c05675ebc796dd819fe99af19f218a
Deleted: a17f94e266a93145ef62f4775349fa2fc7c5bfc2c302226d9c94d0d863cd0db4
Error: invalid reference format

TEST TEARDOWN:
Nothing to be done for teardown.
kafka_test_0 Finish Time: Wed Dec 11 21:47:06 2024 Epoch Time (ms): 1733950026582
make[4]: Leaving directory '/home/jvanek/git/aqa-tests/external/kafka'
make[3]: Leaving directory '/home/jvanek/git/aqa-tests/external'
make[2]: Leaving directory '/home/jvanek/git/aqa-tests'


All tests finished, run result summary:
cd "/home/jvanek/git/aqa-tests/TKG/../TKG/scripts"; \
perl "resultsSum.pl" --failuremk="/home/jvanek/git/aqa-tests/TKG/../TKG/failedtargets.mk" --resultFile="/home/jvanek/git/aqa-tests/TKG/../TKG/output_17339500181436/TestTargetResult" --platFile="/home/jvanek/git/aqa-tests/TKG/../TKG/resources/buildPlatformMap.properties" --diagnostic=failure --jdkVersion=21 --jdkImpl=hotspot --jdkVendor="eclipse" --spec=linux_x86-64 --buildList=external/kafka --customTarget="" --testTarget=kafka_test --tapPath=/home/jvanek/git/aqa-tests/TKG/../TKG/output_17339500181436/ --tapName= --comment=""


TEST TARGETS SUMMARY
++++++++++++++++++++++++++++++++++++++++++++++++++++++++++++++++++++++++++
FAILED test targets:
	kafka_test_0

TOTAL: 1   EXECUTED: 1   PASSED: 0   FAILED: 1   DISABLED: 0   SKIPPED: 0
++++++++++++++++++++++++++++++++++++++++++++++++++++++++++++++++++++++++++

To rebuild the failed test in a jenkins job, copy the following link and fill out the <Jenkins URL> and <FAILED test target>:
<Jenkins URL>/parambuild/?JDK_VERSION=21&JDK_IMPL=hotspot&JDK_VENDOR=eclipse&BUILD_LIST=external/kafka&PLATFORM=x86-64_linux&TARGET=<FAILED test target>

For example, to rebuild the failed tests in <Jenkins URL>=https://ci.adoptium.net/job/Grinder, use the following links:
https://ci.adoptium.net/job/Grinder/parambuild/?JDK_VERSION=21&JDK_IMPL=hotspot&JDK_VENDOR=eclipse&BUILD_LIST=external/kafka&PLATFORM=x86-64_linux&TARGET=kafka_test_0
++++++++++++++++++++++++++++++++++++++++++++++++++++++++++++++++++++++++++
make[1]: *** [settings.mk:446: resultsSummary] Error 2
make[1]: Leaving directory '/home/jvanek/git/aqa-tests/TKG'
make: *** [makefile:61: _kafka_test] Error 2
compilation: 0
runtime: 2
