JAVA_HOME is set to /tmp/tmp.oO5IF97LbJ/jdk-11.0.25+9
LIB_DIR is set to /home/jvanek/git/aqa-tests/TKG/../TKG/lib
make -f makeGen.mk AUTO_DETECT= MODE=tests TESTTARGET=zookeeper_test TESTLIST=
make[1]: Entering directory '/home/jvanek/git/aqa-tests/TKG'
perl scripts/configure.pl
/tmp/tmp.oO5IF97LbJ/jdk-11.0.25+9/bin/java -cp "./bin/TestKitGen.jar:/home/jvanek/git/aqa-tests/TKG/../TKG/lib/json-simple.jar" org.testKitGen.MainRunner --mode=tests --spec=linux_x86-64 --microArch="" --osLabel="" --jdkVersion=11 --impl=hotspot --vendor="eclipse" --buildList=external/zookeeper --iterations=1 --aotIterations= --testFlag= --testTarget=zookeeper_test --testList= --numOfMachines= --testTime= --TRSSURL= 
Modes data parsed from resources/modes.xml and resources/ottawa.csv.

Starting to generate test make files.

Parsing /home/jvanek/git/aqa-tests/TKG/../external/zookeeper/playlist.xml
Generated /home/jvanek/git/aqa-tests/TKG/../external/zookeeper/autoGen.mk

Generated /home/jvanek/git/aqa-tests/TKG/../external/autoGen.mk

Generated /home/jvanek/git/aqa-tests/TKG/../autoGen.mk

Generated /home/jvanek/git/aqa-tests/TKG/../TKG/utils.mk

Generated /home/jvanek/git/aqa-tests/TKG/../TKG/rerun.mk

Make files are generated successfully.

make[1]: Leaving directory '/home/jvanek/git/aqa-tests/TKG'
make -f runtest.mk _zookeeper_test
make[1]: Entering directory '/home/jvanek/git/aqa-tests/TKG'

Running make 4.4.1
set TEST_ROOT to /home/jvanek/git/aqa-tests/TKG/..
set JDK_VERSION to 11
set JDK_IMPL to hotspot
set JVM_VERSION to openjdk11
set JCL_VERSION to latest
set JAVA_HOME to /tmp/tmp.oO5IF97LbJ/jdk-11.0.25+9
set SPEC to linux_x86-64
set TEST_FLAG to
Running zookeeper_test ...
There are 1 test targets in zookeeper_test
"/tmp/tmp.oO5IF97LbJ/jdk-11.0.25+9/bin/java" -version
openjdk version "11.0.25" 2024-10-15
OpenJDK Runtime Environment Temurin-11.0.25+9 (build 11.0.25+9)
OpenJDK 64-Bit Server VM Temurin-11.0.25+9 (build 11.0.25+9, mixed mode)
make[2]: Entering directory '/home/jvanek/git/aqa-tests'
make[3]: Entering directory '/home/jvanek/git/aqa-tests/external'
make[4]: Entering directory '/home/jvanek/git/aqa-tests/external/zookeeper'

===============================================
Running test zookeeper_test_0 ...
===============================================
zookeeper_test_0 Start Time: Mon Dec  9 12:11:25 2024 Epoch Time (ms): 1733742685392
variation: NoOptions
JVM_OPTIONS:  
{ \
echo "";	echo "TEST SETUP:"; \
echo "Nothing to be done for setup."; \
mkdir -p "/home/jvanek/git/aqa-tests/TKG/../TKG/output_1733742685865/zookeeper_test_0"; \
cd "/home/jvanek/git/aqa-tests/TKG/../TKG/output_1733742685865/zookeeper_test_0"; \
echo "";	echo "TESTING:"; \
/home/jvanek/git/aqa-tests/TKG/../external/external.sh --run --tag "" --dir zookeeper --reportsrc /testResults/surefire-reports --reportdst "/home/jvanek/git/aqa-tests/TKG/../TKG/output_1733742685865/zookeeper_test_0" --docker_args "-v /tmp/tmp.oO5IF97LbJ/jdk-11.0.25+9:/opt/java/openjdk" ; \
		if [ $? -eq 0 ]; then echo "-----------------------------------"; echo "zookeeper_test_0""_PASSED"; echo "-----------------------------------"; cd /home/jvanek/git/aqa-tests/TKG/..;  else echo "-----------------------------------"; echo "zookeeper_test_0""_FAILED"; echo "-----------------------------------"; fi; \
		/home/jvanek/git/aqa-tests/TKG/../external/external.sh --clean --tag "" --dir zookeeper; \
echo "";	echo "TEST TEARDOWN:"; \
echo "Nothing to be done for teardown."; \
 } 2>&1 | tee -a "/home/jvanek/git/aqa-tests/TKG/../TKG/output_1733742685865/TestTargetResult";

TEST SETUP:
Nothing to be done for setup.

TESTING:
   # =================== Info =================== Info =================== Info =================== #
   # EXTRA_DOCKER_ARGS set as "-v /tmp/tmp.oO5IF97LbJ/jdk-11.0.25+9:/opt/java/openjdk"                                #
   # =================== Info =================== Info =================== Info =================== #
   # =================== Info =================== Info =================== Info =================== #
   # TEST_JDK_HOME of /tmp/tmp.oO5IF97LbJ/jdk-11.0.25+9 is used in EXTRA_DOCKER_ARGS                                #
   # =================== Info =================== Info =================== Info =================== #
No DOCKERIMAGE_TAG set, tag as default 'nightly'
DOCKERIMAGE_TAG nightly has been recognized.
The test here is zookeeper
The directory in the external.sh is zookeeper
 podman run --privileged  -v /tmp/tmp.oO5IF97LbJ/jdk-11.0.25+9:/opt/java/openjdk  --name zookeeper-test adoptopenjdk-zookeeper-test:11-jdk-ubuntu-hotspot-full 
time="2024-12-09T12:11:25+01:00" level=warning msg="Error validating CNI config file /home/jvanek/.config/cni/net.d/87-podman.conflist: [failed to find plugin \"bridge\" in path [/usr/local/libexec/cni /usr/libexec/cni /usr/local/lib/cni /usr/lib/cni /opt/cni/bin] failed to find plugin \"portmap\" in path [/usr/local/libexec/cni /usr/libexec/cni /usr/local/lib/cni /usr/lib/cni /opt/cni/bin] failed to find plugin \"firewall\" in path [/usr/local/libexec/cni /usr/libexec/cni /usr/local/lib/cni /usr/lib/cni /opt/cni/bin] failed to find plugin \"tuning\" in path [/usr/local/libexec/cni /usr/libexec/cni /usr/local/lib/cni /usr/lib/cni /opt/cni/bin]]"
Error: short-name resolution enforced but cannot prompt without a TTY
-----------------------------------
zookeeper_test_0_FAILED
-----------------------------------
   # =================== Info =================== Info =================== Info =================== #
   # EXTRA_DOCKER_ARGS set as "-v /tmp/tmp.oO5IF97LbJ/jdk-11.0.25+9:/opt/java/openjdk"                                #
   # =================== Info =================== Info =================== Info =================== #
   # =================== Info =================== Info =================== Info =================== #
   # TEST_JDK_HOME of /tmp/tmp.oO5IF97LbJ/jdk-11.0.25+9 is used in EXTRA_DOCKER_ARGS                                #
   # =================== Info =================== Info =================== Info =================== #
No DOCKERIMAGE_TAG set, tag as default 'nightly'
DOCKERIMAGE_TAG nightly has been recognized.
The test here is zookeeper
The directory in the external.sh is zookeeper
Error: invalid reference format

TEST TEARDOWN:
Nothing to be done for teardown.
zookeeper_test_0 Finish Time: Mon Dec  9 12:11:25 2024 Epoch Time (ms): 1733742685599
make[4]: Leaving directory '/home/jvanek/git/aqa-tests/external/zookeeper'
make[3]: Leaving directory '/home/jvanek/git/aqa-tests/external'
make[2]: Leaving directory '/home/jvanek/git/aqa-tests'


All tests finished, run result summary:
cd "/home/jvanek/git/aqa-tests/TKG/../TKG/scripts"; \
perl "resultsSum.pl" --failuremk="/home/jvanek/git/aqa-tests/TKG/../TKG/failedtargets.mk" --resultFile="/home/jvanek/git/aqa-tests/TKG/../TKG/output_1733742685865/TestTargetResult" --platFile="/home/jvanek/git/aqa-tests/TKG/../TKG/resources/buildPlatformMap.properties" --diagnostic=failure --jdkVersion=11 --jdkImpl=hotspot --jdkVendor="eclipse" --spec=linux_x86-64 --buildList=external/zookeeper --customTarget="" --testTarget=zookeeper_test --tapPath=/home/jvanek/git/aqa-tests/TKG/../TKG/output_1733742685865/ --tapName= --comment=""


TEST TARGETS SUMMARY
++++++++++++++++++++++++++++++++++++++++++++++++++++++++++++++++++++++++++
FAILED test targets:
	zookeeper_test_0

TOTAL: 1   EXECUTED: 1   PASSED: 0   FAILED: 1   DISABLED: 0   SKIPPED: 0
++++++++++++++++++++++++++++++++++++++++++++++++++++++++++++++++++++++++++

To rebuild the failed test in a jenkins job, copy the following link and fill out the <Jenkins URL> and <FAILED test target>:
<Jenkins URL>/parambuild/?JDK_VERSION=11&JDK_IMPL=hotspot&JDK_VENDOR=eclipse&BUILD_LIST=external/zookeeper&PLATFORM=x86-64_linux&TARGET=<FAILED test target>

For example, to rebuild the failed tests in <Jenkins URL>=https://ci.adoptium.net/job/Grinder, use the following links:
https://ci.adoptium.net/job/Grinder/parambuild/?JDK_VERSION=11&JDK_IMPL=hotspot&JDK_VENDOR=eclipse&BUILD_LIST=external/zookeeper&PLATFORM=x86-64_linux&TARGET=zookeeper_test_0
++++++++++++++++++++++++++++++++++++++++++++++++++++++++++++++++++++++++++
make[1]: *** [settings.mk:446: resultsSummary] Error 2
make[1]: Leaving directory '/home/jvanek/git/aqa-tests/TKG'
make: *** [makefile:61: _zookeeper_test] Error 2
compilation: 2
runtime: 2
