 
export TEST_JDK_HOME=/tmp/tmp.pyHOlv4KeZ/jdk-17.0.13+11
export EXTRA_DOCKER_ARGS=-v /tmp/tmp.pyHOlv4KeZ/jdk-17.0.13+11:/opt/java/openjdk ;
export BUILD_LIST=external/elasticsearch ;
export EXTERNAL_AQA_IMAGE=fedora:40;
make compile
make _elasticsearch_test_hotspot

JAVA_HOME is set to /tmp/tmp.pyHOlv4KeZ/jdk-17.0.13+11
LIB_DIR is set to /home/jvanek/git/aqa-tests/TKG/../TKG/lib
rm -f -r /home/jvanek/git/aqa-tests/TKG/../TKG/output_compilation; \
mkdir -p /home/jvanek/git/aqa-tests/TKG/../TKG/output_compilation; \
(ant -f ./scripts/build_tools.xml -DTEST_JDK_HOME=/tmp/tmp.pyHOlv4KeZ/jdk-17.0.13+11 -DTEST_ROOT=/home/jvanek/git/aqa-tests/TKG/.. -DLIB_DIR=/home/jvanek/git/aqa-tests/TKG/../TKG/lib 2>&1; echo $? ) | tee "/home/jvanek/git/aqa-tests/TKG/../TKG/output_compilation/compilation.log"; \
if [ -z "$(tail -1 /home/jvanek/git/aqa-tests/TKG/../TKG/output_compilation/compilation.log | grep 0)" ]; then perl scripts/moveDmp.pl --compileLogPath="/home/jvanek/git/aqa-tests/TKG/../TKG/output_compilation/compilation.log" --testRoot="/home/jvanek/git/aqa-tests/TKG/.."; false; else rm -f -r "/home/jvanek/git/aqa-tests/TKG/../TKG/output_compilation"; fi
Buildfile: /home/jvanek/git/aqa-tests/TKG/scripts/build_tools.xml

build:

clean:
   [delete] Deleting: /home/jvanek/git/aqa-tests/TKG/autoGenEnv.mk
   [delete] Deleting: /home/jvanek/git/aqa-tests/TKG/utils.mk
   [delete] Deleting directory /home/jvanek/git/aqa-tests/TKG/bin

init:
    [mkdir] Created dir: /home/jvanek/git/aqa-tests/TKG/bin

getDependentLibs:
     [exec] --------------------------------------------
     [exec] path is set to /home/jvanek/git/aqa-tests/TKG/../TKG/lib
     [exec] task is set to default
     [exec] dependencyList is set to json_simple
     [exec] --------------------------------------------
     [exec] Starting download third party dependent jars
     [exec] --------------------------------------------
     [exec] downloading dependent third party jars to /home/jvanek/git/aqa-tests/TKG/../TKG/lib
     [exec] /home/jvanek/git/aqa-tests/TKG/../TKG/lib/json-simple.jar exists with correct hash, not downloading
     [exec] downloaded dependent third party jars successfully

compile:
     [echo] Ant version is Apache Ant(TM) version 1.10.12 compiled on July 19 2023
     [echo] ============COMPILER SETTINGS============
     [echo] ===fork:                         yes
     [echo] ===debug:                        on
    [javac] Compiling 27 source files to /home/jvanek/git/aqa-tests/TKG/bin
    [javac] Note: /home/jvanek/git/aqa-tests/TKG/src/org/openj9/envInfo/MachineInfo.java uses or overrides a deprecated API.
    [javac] Note: Recompile with -Xlint:deprecation for details.

dist:
      [jar] Building jar: /home/jvanek/git/aqa-tests/TKG/bin/TestKitGen.jar

BUILD SUCCESSFUL
Total time: 0 seconds
0
/tmp/tmp.pyHOlv4KeZ/jdk-17.0.13+11/bin/java -cp ./bin/TestKitGen.jar org.openj9.envInfo.EnvDetector
Unfamiliar microArch detected in TKG. It will not be added in TKG microArch!
microArchOutput: model name	: 11th Gen Intel(R) Core(TM) i7-11850H @ 2.50GHz
****************************** MACHINE INFO ******************************
File path : /home/jvanek/git/aqa-tests/TKG
Free Physical Memory Size : 12623683584
Free space (bytes) : 290662576128
Total Physical Memory Size : 67106488320
Total space (bytes) : 632976211968
Usable space (bytes) : 258433966080
antVersion : Apache Ant(TM) version 1.10.12 compiled on July 19 2023
cpuCores : 16
curlVersion : 
	curl 8.2.1 (x86_64-redhat-linux-gnu) libcurl/8.2.1 OpenSSL/3.1.4 zlib/1.2.13 libidn2/2.3.7 nghttp2/1.55.1
	Release-Date: 2023-07-26
	Protocols: file ftp ftps http https
	Features: alt-svc AsynchDNS GSS-API HSTS HTTP2 HTTPS-proxy IDN IPv6 Kerberos Largefile libz SPNEGO SSL threadsafe UnixSockets
docker : not on docker
gcc version : 13
gclibc version : ldd (GNU libc) 2.38
gdb version : GNU gdb (Fedora Linux) 15.1-1.fc39
lldb version : Command could not be executed
makeVersion : 
	GNU Make 4.4.1
	Built for x86_64-redhat-linux-gnu
	Copyright (C) 1988-2023 Free Software Foundation, Inc.
	License GPLv3+: GNU GPL version 3 or later <https://gnu.org/licenses/gpl.html>
	This is free software: you are free to change and redistribute it.
	There is NO WARRANTY, to the extent permitted by law.
perlVersion : 
	
	This is perl 5, version 38, subversion 2 (v5.38.2) built for x86_64-linux-thread-multi
	(with 15 registered patches, see perl -V for more detail)
	
	Copyright 1987-2023, Larry Wall
	
	Perl may be copied only under the terms of either the Artistic License or the
	GNU General Public License, which may be found in the Perl 5 source kit.
	
	Complete documentation for Perl, including FAQ lists, should be found on
	this system using "man perl" or "perldoc perl".  If you have access to the
	Internet, point your browser at https://www.perl.org/, the Perl Home Page.
	
procArch : unknown
sysArch : x86_64
sysOS : Linux
ulimit : 
	real-time non-blocking time  (microseconds, -R) unlimited
	core file size              (blocks, -c) unlimited
	data seg size               (kbytes, -d) unlimited
	scheduling priority                 (-e) 0
	file size                   (blocks, -f) unlimited
	pending signals                     (-i) 255386
	max locked memory           (kbytes, -l) 8192
	max memory size             (kbytes, -m) unlimited
	open files                          (-n) 524288
	pipe size                (512 bytes, -p) 8
	POSIX message queues         (bytes, -q) 819200
	real-time priority                  (-r) 0
	stack size                  (kbytes, -s) 8192
	cpu time                   (seconds, -t) unlimited
	max user processes                  (-u) 255386
	virtual memory              (kbytes, -v) unlimited
	file locks                          (-x) unlimited
uname : Linux fedora 6.11.6-100.fc39.x86_64 #1 SMP PREEMPT_DYNAMIC Fri Nov  1 16:07:59 UTC 2024 x86_64 GNU/Linux
vmVendor : Oracle Corporation
vmVersion : 17.0.13+11
xlc version : bash: line 1: xlC: command not found
**************************************************************************

System.getProperty('java.vm.name')=OpenJDK 64-Bit Server VM

System.getProperty('java.vendor')=Eclipse Adoptium

System.getProperty('os.name')=Linux

System.getProperty('os.arch')=amd64

System.getProperty('java.fullversion')=null

System.getProperty('sun.arch.data.model')=64

make -f clean.mk cleanBuild
make[1]: Entering directory '/home/jvanek/git/aqa-tests/TKG'
rm -f -r /home/jvanek/git/aqa-tests/TKG/../../jvmtest
make[1]: Leaving directory '/home/jvanek/git/aqa-tests/TKG'
make -f compile.mk compile
make[1]: Entering directory '/home/jvanek/git/aqa-tests/TKG'
rm -f -r /home/jvanek/git/aqa-tests/TKG/../TKG/output_compilation; \
mkdir -p /home/jvanek/git/aqa-tests/TKG/../TKG/output_compilation; \
(ant -f scripts/build_test.xml -DTEST_ROOT=/home/jvanek/git/aqa-tests/TKG/.. -DBUILD_ROOT=/home/jvanek/git/aqa-tests/TKG/../../jvmtest -DJDK_VERSION=17 -DJDK_IMPL=hotspot -DJDK_VENDOR=eclipse -DJCL_VERSION=latest -DBUILD_LIST=external/elasticsearch -DRESOURCES_DIR=/home/jvanek/git/aqa-tests/TKG/../../jvmtest/TestConfig/resources -DSPEC=linux_x86-64 -DTEST_JDK_HOME=/tmp/tmp.pyHOlv4KeZ/jdk-17.0.13+11 -DJVM_VERSION=openjdk17 -DLIB_DIR=/home/jvanek/git/aqa-tests/TKG/../TKG/lib  2>&1; echo $? ) | tee "/home/jvanek/git/aqa-tests/TKG/../TKG/output_compilation/compilation.log"; \
if [ -z "$(tail -1 /home/jvanek/git/aqa-tests/TKG/../TKG/output_compilation/compilation.log | grep 0)" ]; then perl scripts/moveDmp.pl --compileLogPath="/home/jvanek/git/aqa-tests/TKG/../TKG/output_compilation/compilation.log" --testRoot="/home/jvanek/git/aqa-tests/TKG/.."; false; else rm -f -r "/home/jvanek/git/aqa-tests/TKG/../TKG/output_compilation"; fi
Buildfile: /home/jvanek/git/aqa-tests/TKG/scripts/build_test.xml
     [echo]  build.list is TestConfig/build.xml,external/elasticsearch/build.xml 

-create_test_directory:
    [mkdir] Created dir: /home/jvanek/git/jvmtest

stage_test_material:
     [copy] Copying 748 files to /home/jvanek/git/jvmtest
     [copy] Copied 340 empty directories to 138 empty directories under /home/jvanek/git/jvmtest

build:

init:
    [mkdir] Created dir: /home/jvanek/git/jvmtest/TestConfig

build:
     [copy] Copying 22 files to /home/jvanek/git/jvmtest/TestConfig
     [copy] Copied 9 empty directories to 4 empty directories under /home/jvanek/git/jvmtest/TestConfig
     [copy] Copying 2 files to /home/jvanek/git/jvmtest/TestConfig

build:

move_scripts:
     [copy] Copying 2 files to /home/jvanek/git/jvmtest/external/elasticsearch
     [copy] Copying 9 files to /home/jvanek/git/jvmtest/external

clean_image:
     [echo] Executing external.sh --clean --dir elasticsearch --tag nightly --version 17 --impl hotspot 
     [exec]    # =================== Info =================== Info =================== Info =================== #
     [exec]    # EXTRA_DOCKER_ARGS set as "-v /tmp/tmp.pyHOlv4KeZ/jdk-17.0.13+11:/opt/java/openjdk"                                #
     [exec]    # =================== Info =================== Info =================== Info =================== #
     [exec]    # =================== Info =================== Info =================== Info =================== #
     [exec]    # TEST_JDK_HOME of /tmp/tmp.pyHOlv4KeZ/jdk-17.0.13+11 is used in EXTRA_DOCKER_ARGS                                #
     [exec]    # =================== Info =================== Info =================== Info =================== #
     [exec] The test here is elasticsearch
     [exec] The directory in the external.sh is elasticsearch
     [exec] DOCKERIMAGE_TAG nightly has been recognized.
     [exec] Untagged: localhost/adoptopenjdk-elasticsearch-test:17-jdk-ubuntu-hotspot-full
     [exec] Deleted: 9acfba53a85ba21b354779b6d566b66fc0ab6f8618fab43c57f3120220ca65d8
     [exec] Deleted: aa21c459f9bffab3307ea1fc25fd51f232191c490fc78457ba1edf5639f5265a
     [exec] Deleted: 9a670655d3dfd1be411d4787c11ff83800a45150c2c3b7b59429fa902509eba9
     [exec] Deleted: fb930c9c6f912a67a473a98f071b6e43e7f1b0223faf2b988c9097121cb61b16
     [exec] Deleted: 14a35b628d83dfdffce3bfe8b80446ad53d09db452782be8a790f578e2379d85
     [exec] Deleted: 345abd90eb07d562c0b83cad4c52b34b3d3779abe4bf59a44af0dc18fc9c6c32
     [exec] Deleted: f94890a9a7a0040a8c63a6da6ee28417989e999a03cd07b1d2cb63d3a09f7e2f
     [exec] Deleted: a8cd992894e7474f213d2258cec9da4cb6dca54321562d7146fa3f874121d84f
     [exec] Deleted: 91e117b3a36c5b2661a0badd1bad38667fc56b922ab4124c4d3002e6292c40f4
     [exec] Deleted: b4a1967f044575e1a81582c93ed09bbf4e0b40419073fbaecbc5f9baa823990c
     [exec] Deleted: 2ea5d03f8060d52f887187cc18f63bdc182be72a17c89b8130b911a10e2b7fde
     [exec] Deleted: cdaa11913b82d7cc900280e0be836af63fec5b0cc6e8590592f1378eb55c33fb
     [exec] Deleted: bd0f4c7336d8e78f3b2facd36053f1db19840f4b4d7be586bace05ffb544edb4
     [exec] Deleted: 7dd18674cd268422970ef679712620e2abe0c8016425ac8dc098ad6758c5e65c
     [exec] Deleted: c32608f357af23f0d2d42460e5f920ec1d92c65101b5b83384afddf7f2fc5d8e
     [exec] Deleted: 759a6f2a154198bd7329e686e3a22773383ca18c04d461b3b22d0702eaa58edd
     [exec] Deleted: 5eb9ccbcdf53449eb50746a5ce1ee5f433169420f72dc47a62b0570eb614e1fc
     [exec] Deleted: 65596098edff7815b4023b07a03b495b083a776a6e91a805272af154e0e68d37
     [exec] Deleted: 7f44b6f55e92132b9d4853c5e2a37026039dc50804aa09a4c05203855fffbb37
     [exec] Deleted: 3ce7c6afcfeb81a86db3a10b497502b61ba2f1d82e4f120fe993b5bbde1648b2
     [exec] Deleted: 4a33c3dc028a19032d22cec1d5c689dd3e79216d6ed0e54174753377c1e594f1
     [exec] Error: invalid reference format
     [exec] Result: 125

build_image:
     [echo] Executing external.sh --build --dir elasticsearch --tag nightly --version 17 --impl hotspot --platform linux_x86-64 --docker_args -v /tmp/tmp.pyHOlv4KeZ/jdk-17.0.13+11:/opt/java/openjdk 
     [exec]    # =================== Info =================== Info =================== Info =================== #
     [exec]    # EXTRA_DOCKER_ARGS set as "-v /tmp/tmp.pyHOlv4KeZ/jdk-17.0.13+11:/opt/java/openjdk"                                #
     [exec]    # =================== Info =================== Info =================== Info =================== #
     [exec]    # =================== Info =================== Info =================== Info =================== #
     [exec]    # TEST_JDK_HOME of /tmp/tmp.pyHOlv4KeZ/jdk-17.0.13+11 is used in EXTRA_DOCKER_ARGS                                #
     [exec]    # =================== Info =================== Info =================== Info =================== #
     [exec] The test here is elasticsearch
     [exec] The directory in the external.sh is elasticsearch
     [exec] DOCKERIMAGE_TAG nightly has been recognized.
     [exec] build_image.sh elasticsearch 17 hotspot ubuntu jdk full linux_x86-64 default 0 
     [exec] /home/jvanek/git/jvmtest/external
     [exec] 
     [exec] Writing /home/jvanek/git/jvmtest/external/elasticsearch/dockerfile/17/jdk/ubuntu/Dockerfile.hotspot.full ... fedora
     [exec] done
     [exec] 
     [exec] The test in the build_image() function is elasticsearch
     [exec] #####################################################
     [exec] INFO:  podman build  --no-cache -t adoptopenjdk-elasticsearch-test:17-jdk-ubuntu-hotspot-full -f /home/jvanek/git/jvmtest/external/elasticsearch/dockerfile/17/jdk/ubuntu/Dockerfile.hotspot.full /home/jvanek/git/jvmtest/external/
     [exec] #####################################################
     [exec] STEP 1/22: FROM fedora:40
     [exec] STEP 2/22: ENV RESULT_COMMENT="IN CONTAINER(not-as-root/podman)"
     [exec] --> d24036709c05
     [exec] STEP 3/22: ARG ELASTICSEARCH_TAG=v8.1.2
     [exec] --> c5b57d01e743
     [exec] STEP 4/22: RUN dnf install -y  git wget unzip  	&& dnf clean all
     [exec] Fedora 40 - x86_64                               18 MB/s |  20 MB     00:01    
     [exec] Fedora 40 openh264 (From Cisco) - x86_64        1.2 kB/s | 1.4 kB     00:01    
     [exec] Fedora 40 - x86_64 - Updates                     13 MB/s |  11 MB     00:00    
     [exec] Dependencies resolved.
     [exec] ================================================================================
     [exec]  Package                  Arch     Version                      Repo       Size
     [exec] ================================================================================
     [exec] Installing:
     [exec]  git                      x86_64   2.47.1-1.fc40                updates    51 k
     [exec]  unzip                    x86_64   6.0-63.fc40                  fedora    185 k
     [exec]  wget2-wget               x86_64   2.2.0-1.fc40                 updates   9.4 k
     [exec] Upgrading:
     [exec]  gnutls                   x86_64   3.8.6-1.fc40                 updates   1.1 M
     [exec]  libblkid                 x86_64   2.40.2-1.fc40                updates   124 k
     [exec]  libmount                 x86_64   2.40.2-1.fc40                updates   155 k
     [exec]  libsmartcols             x86_64   2.40.2-1.fc40                updates    83 k
     [exec]  libuuid                  x86_64   2.40.2-1.fc40                updates    29 k
     [exec] Installing dependencies:
     [exec]  git-core                 x86_64   2.47.1-1.fc40                updates   4.8 M
     [exec]  git-core-doc             noarch   2.47.1-1.fc40                updates   3.0 M
     [exec]  gnutls-dane              x86_64   3.8.6-1.fc40                 updates    39 k
     [exec]  gpgme                    x86_64   1.23.2-3.fc40                fedora    211 k
     [exec]  groff-base               x86_64   1.23.0-6.fc40                fedora    1.1 M
     [exec]  less                     x86_64   643-6.fc40                   updates   175 k
     [exec]  libcbor                  x86_64   0.11.0-1.fc40                fedora     33 k
     [exec]  libedit                  x86_64   3.1-53.20240808cvs.fc40      updates   105 k
     [exec]  libfdisk                 x86_64   2.40.2-1.fc40                updates   159 k
     [exec]  libfido2                 x86_64   1.14.0-4.fc40                fedora     98 k
     [exec]  libutempter              x86_64   1.2.1-13.fc40                fedora     26 k
     [exec]  ncurses                  x86_64   6.4-12.20240127.fc40         fedora    421 k
     [exec]  openssh                  x86_64   9.6p1-1.fc40.4               updates   425 k
     [exec]  openssh-clients          x86_64   9.6p1-1.fc40.4               updates   748 k
     [exec]  perl-AutoLoader          noarch   5.74-506.fc40                fedora     22 k
     [exec]  perl-B                   x86_64   1.88-506.fc40                fedora    176 k
     [exec]  perl-Carp                noarch   1.54-502.fc40                fedora     29 k
     [exec]  perl-Class-Struct        noarch   0.68-506.fc40                fedora     23 k
     [exec]  perl-Data-Dumper         x86_64   2.188-503.fc40               fedora     56 k
     [exec]  perl-Digest              noarch   1.20-502.fc40                fedora     25 k
     [exec]  perl-Digest-MD5          x86_64   2.59-3.fc40                  fedora     36 k
     [exec]  perl-DynaLoader          x86_64   1.54-506.fc40                fedora     26 k
     [exec]  perl-Encode              x86_64   4:3.21-505.fc40              fedora    1.1 M
     [exec]  perl-Errno               x86_64   1.37-506.fc40                fedora     15 k
     [exec]  perl-Error               noarch   1:0.17029-15.fc40            fedora     40 k
     [exec]  perl-Exporter            noarch   5.78-3.fc40                  fedora     31 k
     [exec]  perl-Fcntl               x86_64   1.15-506.fc40                fedora     21 k
     [exec]  perl-File-Basename       noarch   2.86-506.fc40                fedora     18 k
     [exec]  perl-File-Find           noarch   1.43-506.fc40                fedora     26 k
     [exec]  perl-File-Path           noarch   2.18-503.fc40                fedora     35 k
     [exec]  perl-File-Temp           noarch   1:0.231.100-503.fc40         fedora     59 k
     [exec]  perl-File-stat           noarch   1.13-506.fc40                fedora     18 k
     [exec]  perl-FileHandle          noarch   2.05-506.fc40                fedora     16 k
     [exec]  perl-Getopt-Long         noarch   1:2.57-4.fc40                updates    63 k
     [exec]  perl-Getopt-Std          noarch   1.13-506.fc40                fedora     16 k
     [exec]  perl-Git                 noarch   2.47.1-1.fc40                updates    38 k
     [exec]  perl-HTTP-Tiny           noarch   0.088-5.fc40                 fedora     56 k
     [exec]  perl-IO                  x86_64   1.52-506.fc40                fedora     83 k
     [exec]  perl-IO-Socket-IP        noarch   0.42-2.fc40                  fedora     42 k
     [exec]  perl-IO-Socket-SSL       noarch   2.085-1.fc40                 fedora    229 k
     [exec]  perl-IPC-Open3           noarch   1.22-506.fc40                fedora     22 k
     [exec]  perl-MIME-Base64         x86_64   3.16-503.fc40                fedora     30 k
     [exec]  perl-Mozilla-CA          noarch   20231213-3.fc40              fedora     14 k
     [exec]  perl-Net-SSLeay          x86_64   1.94-3.fc40                  fedora    385 k
     [exec]  perl-POSIX               x86_64   2.13-506.fc40                fedora     97 k
     [exec]  perl-PathTools           x86_64   3.89-502.fc40                fedora     87 k
     [exec]  perl-Pod-Escapes         noarch   1:1.07-503.fc40              fedora     20 k
     [exec]  perl-Pod-Perldoc         noarch   3.28.01-503.fc40             fedora     86 k
     [exec]  perl-Pod-Simple          noarch   1:3.45-6.fc40                fedora    219 k
     [exec]  perl-Pod-Usage           noarch   4:2.03-504.fc40              updates    40 k
     [exec]  perl-Scalar-List-Utils   x86_64   5:1.63-503.fc40              fedora     73 k
     [exec]  perl-SelectSaver         noarch   1.02-506.fc40                fedora     12 k
     [exec]  perl-Socket              x86_64   4:2.038-1.fc40               updates    55 k
     [exec]  perl-Storable            x86_64   1:3.32-502.fc40              fedora     98 k
     [exec]  perl-Symbol              noarch   1.09-506.fc40                fedora     15 k
     [exec]  perl-Term-ANSIColor      noarch   5.01-504.fc40                fedora     48 k
     [exec]  perl-Term-Cap            noarch   1.18-503.fc40                fedora     22 k
     [exec]  perl-TermReadKey         x86_64   2.38-21.fc40                 fedora     35 k
     [exec]  perl-Text-ParseWords     noarch   3.31-502.fc40                fedora     16 k
     [exec]  perl-Text-Tabs+Wrap      noarch   2024.001-1.fc40              fedora     22 k
     [exec]  perl-Time-Local          noarch   2:1.350-5.fc40               fedora     34 k
     [exec]  perl-URI                 noarch   5.28-1.fc40                  updates   133 k
     [exec]  perl-base                noarch   2.27-506.fc40                fedora     17 k
     [exec]  perl-constant            noarch   1.33-503.fc40                fedora     23 k
     [exec]  perl-if                  noarch   0.61.000-506.fc40            fedora     14 k
     [exec]  perl-interpreter         x86_64   4:5.38.2-506.fc40            fedora     72 k
     [exec]  perl-lib                 x86_64   0.65-506.fc40                fedora     15 k
     [exec]  perl-libnet              noarch   3.15-503.fc40                fedora    129 k
     [exec]  perl-libs                x86_64   4:5.38.2-506.fc40            fedora    2.3 M
     [exec]  perl-locale              noarch   1.10-506.fc40                fedora     14 k
     [exec]  perl-mro                 x86_64   1.28-506.fc40                fedora     29 k
     [exec]  perl-overload            noarch   1.37-506.fc40                fedora     46 k
     [exec]  perl-overloading         noarch   0.02-506.fc40                fedora     13 k
     [exec]  perl-parent              noarch   1:0.241-502.fc40             fedora     15 k
     [exec]  perl-podlators           noarch   1:5.01-502.fc40              fedora    126 k
     [exec]  perl-vars                noarch   1.05-506.fc40                fedora     13 k
     [exec]  protobuf-c               x86_64   1.5.0-3.fc40                 fedora     32 k
     [exec]  systemd-libs             x86_64   255.15-1.fc40                updates   707 k
     [exec]  unbound-libs             x86_64   1.21.1-3.fc40                updates   543 k
     [exec]  util-linux               x86_64   2.40.2-1.fc40                updates   1.2 M
     [exec]  util-linux-core          x86_64   2.40.2-1.fc40                updates   537 k
     [exec]  wget2                    x86_64   2.2.0-1.fc40                 updates   279 k
     [exec]  wget2-libs               x86_64   2.2.0-1.fc40                 updates   148 k
     [exec] Installing weak dependencies:
     [exec]  perl-NDBM_File           x86_64   1.16-506.fc40                fedora     23 k
     [exec]  unbound-anchor           x86_64   1.21.1-3.fc40                updates    36 k
     [exec] 
     [exec] Transaction Summary
     [exec] ================================================================================
     [exec] Install  88 Packages
     [exec] Upgrade   5 Packages
     [exec] 
     [exec] Total download size: 23 M
     [exec] Downloading Packages:
     [exec] (1/93): libcbor-0.11.0-1.fc40.x86_64.rpm        1.0 MB/s |  33 kB     00:00    
     [exec] (2/93): gpgme-1.23.2-3.fc40.x86_64.rpm          4.2 MB/s | 211 kB     00:00    
     [exec] (3/93): libfido2-1.14.0-4.fc40.x86_64.rpm       5.3 MB/s |  98 kB     00:00    
     [exec] (4/93): libutempter-1.2.1-13.fc40.x86_64.rpm    4.9 MB/s |  26 kB     00:00    
     [exec] (5/93): groff-base-1.23.0-6.fc40.x86_64.rpm      16 MB/s | 1.1 MB     00:00    
     [exec] (6/93): perl-AutoLoader-5.74-506.fc40.noarch.rp 1.0 MB/s |  22 kB     00:00    
     [exec] (7/93): ncurses-6.4-12.20240127.fc40.x86_64.rpm  14 MB/s | 421 kB     00:00    
     [exec] (8/93): perl-B-1.88-506.fc40.x86_64.rpm          13 MB/s | 176 kB     00:00    
     [exec] (9/93): perl-Carp-1.54-502.fc40.noarch.rpm      2.1 MB/s |  29 kB     00:00    
     [exec] (10/93): perl-Class-Struct-0.68-506.fc40.noarch 1.5 MB/s |  23 kB     00:00    
     [exec] (11/93): perl-Digest-1.20-502.fc40.noarch.rpm   4.6 MB/s |  25 kB     00:00    
     [exec] (12/93): perl-Data-Dumper-2.188-503.fc40.x86_64 4.9 MB/s |  56 kB     00:00    
     [exec] (13/93): perl-DynaLoader-1.54-506.fc40.x86_64.r 4.8 MB/s |  26 kB     00:00    
     [exec] (14/93): perl-Errno-1.37-506.fc40.x86_64.rpm    2.9 MB/s |  15 kB     00:00    
     [exec] (15/93): perl-Digest-MD5-2.59-3.fc40.x86_64.rpm 2.2 MB/s |  36 kB     00:00    
     [exec] (16/93): perl-Error-0.17029-15.fc40.noarch.rpm  2.2 MB/s |  40 kB     00:00    
     [exec] (17/93): perl-Exporter-5.78-3.fc40.noarch.rpm   1.1 MB/s |  31 kB     00:00    
     [exec] (18/93): perl-Fcntl-1.15-506.fc40.x86_64.rpm    1.1 MB/s |  21 kB     00:00    
     [exec] (19/93): perl-File-Basename-2.86-506.fc40.noarc 2.8 MB/s |  18 kB     00:00    
     [exec] (20/93): perl-Encode-3.21-505.fc40.x86_64.rpm    19 MB/s | 1.1 MB     00:00    
     [exec] (21/93): perl-File-Path-2.18-503.fc40.noarch.rp 4.8 MB/s |  35 kB     00:00    
     [exec] (22/93): perl-File-Find-1.43-506.fc40.noarch.rp 2.1 MB/s |  26 kB     00:00    
     [exec] (23/93): perl-File-stat-1.13-506.fc40.noarch.rp 3.3 MB/s |  18 kB     00:00    
     [exec] (24/93): perl-File-Temp-0.231.100-503.fc40.noar 5.9 MB/s |  59 kB     00:00    
     [exec] (25/93): perl-FileHandle-2.05-506.fc40.noarch.r 2.5 MB/s |  16 kB     00:00    
     [exec] (26/93): perl-Getopt-Std-1.13-506.fc40.noarch.r 2.9 MB/s |  16 kB     00:00    
     [exec] (27/93): perl-IO-1.52-506.fc40.x86_64.rpm       7.6 MB/s |  83 kB     00:00    
     [exec] (28/93): perl-HTTP-Tiny-0.088-5.fc40.noarch.rpm 3.4 MB/s |  56 kB     00:00    
     [exec] (29/93): perl-IO-Socket-IP-0.42-2.fc40.noarch.r 1.8 MB/s |  42 kB     00:00    
     [exec] (30/93): perl-IO-Socket-SSL-2.085-1.fc40.noarch  16 MB/s | 229 kB     00:00    
     [exec] (31/93): perl-MIME-Base64-3.16-503.fc40.x86_64. 5.2 MB/s |  30 kB     00:00    
     [exec] (32/93): perl-Mozilla-CA-20231213-3.fc40.noarch 2.6 MB/s |  14 kB     00:00    
     [exec] (33/93): perl-IPC-Open3-1.22-506.fc40.noarch.rp 1.3 MB/s |  22 kB     00:00    
     [exec] (34/93): perl-NDBM_File-1.16-506.fc40.x86_64.rp 1.8 MB/s |  23 kB     00:00    
     [exec] (35/93): perl-POSIX-2.13-506.fc40.x86_64.rpm    5.3 MB/s |  97 kB     00:00    
     [exec] (36/93): perl-PathTools-3.89-502.fc40.x86_64.rp 7.6 MB/s |  87 kB     00:00    
     [exec] (37/93): perl-Pod-Escapes-1.07-503.fc40.noarch. 3.6 MB/s |  20 kB     00:00    
     [exec] (38/93): perl-Pod-Perldoc-3.28.01-503.fc40.noar  12 MB/s |  86 kB     00:00    
     [exec] (39/93): perl-Net-SSLeay-1.94-3.fc40.x86_64.rpm  12 MB/s | 385 kB     00:00    
     [exec] (40/93): perl-Pod-Simple-3.45-6.fc40.noarch.rpm  24 MB/s | 219 kB     00:00    
     [exec] (41/93): perl-SelectSaver-1.02-506.fc40.noarch. 2.3 MB/s |  12 kB     00:00    
     [exec] (42/93): perl-Storable-3.32-502.fc40.x86_64.rpm  16 MB/s |  98 kB     00:00    
     [exec] (43/93): perl-Scalar-List-Utils-1.63-503.fc40.x 5.9 MB/s |  73 kB     00:00    
     [exec] (44/93): perl-Symbol-1.09-506.fc40.noarch.rpm   2.5 MB/s |  15 kB     00:00    
     [exec] (45/93): perl-Term-ANSIColor-5.01-504.fc40.noar 8.5 MB/s |  48 kB     00:00    
     [exec] (46/93): perl-Term-Cap-1.18-503.fc40.noarch.rpm 2.5 MB/s |  22 kB     00:00    
     [exec] (47/93): perl-Text-ParseWords-3.31-502.fc40.noa 3.0 MB/s |  16 kB     00:00    
     [exec] (48/93): perl-TermReadKey-2.38-21.fc40.x86_64.r 2.7 MB/s |  35 kB     00:00    
     [exec] (49/93): perl-Time-Local-1.350-5.fc40.noarch.rp 6.3 MB/s |  34 kB     00:00    
     [exec] (50/93): perl-base-2.27-506.fc40.noarch.rpm     3.2 MB/s |  17 kB     00:00    
     [exec] (51/93): perl-Text-Tabs+Wrap-2024.001-1.fc40.no 1.7 MB/s |  22 kB     00:00    
     [exec] (52/93): perl-constant-1.33-503.fc40.noarch.rpm 3.3 MB/s |  23 kB     00:00    
     [exec] (53/93): perl-if-0.61.000-506.fc40.noarch.rpm   1.8 MB/s |  14 kB     00:00    
     [exec] (54/93): perl-lib-0.65-506.fc40.x86_64.rpm      1.9 MB/s |  15 kB     00:00    
     [exec] (55/93): perl-interpreter-5.38.2-506.fc40.x86_6 4.8 MB/s |  72 kB     00:00    
     [exec] (56/93): perl-libnet-3.15-503.fc40.noarch.rpm   9.0 MB/s | 129 kB     00:00    
     [exec] (57/93): perl-locale-1.10-506.fc40.noarch.rpm   2.6 MB/s |  14 kB     00:00    
     [exec] (58/93): perl-mro-1.28-506.fc40.x86_64.rpm      4.9 MB/s |  29 kB     00:00    
     [exec] (59/93): perl-overload-1.37-506.fc40.noarch.rpm 6.8 MB/s |  46 kB     00:00    
     [exec] (60/93): perl-overloading-0.02-506.fc40.noarch. 2.1 MB/s |  13 kB     00:00    
     [exec] (61/93): perl-parent-0.241-502.fc40.noarch.rpm  2.0 MB/s |  15 kB     00:00    
     [exec] (62/93): perl-libs-5.38.2-506.fc40.x86_64.rpm    62 MB/s | 2.3 MB     00:00    
     [exec] (63/93): perl-podlators-5.01-502.fc40.noarch.rp 6.0 MB/s | 126 kB     00:00    
     [exec] (64/93): perl-vars-1.05-506.fc40.noarch.rpm     763 kB/s |  13 kB     00:00    
     [exec] (65/93): protobuf-c-1.5.0-3.fc40.x86_64.rpm     5.4 MB/s |  32 kB     00:00    
     [exec] (66/93): git-2.47.1-1.fc40.x86_64.rpm           9.2 MB/s |  51 kB     00:00    
     [exec] (67/93): unzip-6.0-63.fc40.x86_64.rpm           9.2 MB/s | 185 kB     00:00    
     [exec] (68/93): gnutls-dane-3.8.6-1.fc40.x86_64.rpm    1.6 MB/s |  39 kB     00:00    
     [exec] (69/93): git-core-doc-2.47.1-1.fc40.noarch.rpm   43 MB/s | 3.0 MB     00:00    
     [exec] (70/93): less-643-6.fc40.x86_64.rpm             4.8 MB/s | 175 kB     00:00    
     [exec] (71/93): git-core-2.47.1-1.fc40.x86_64.rpm       55 MB/s | 4.8 MB     00:00    
     [exec] (72/93): libedit-3.1-53.20240808cvs.fc40.x86_64 7.6 MB/s | 105 kB     00:00    
     [exec] (73/93): libfdisk-2.40.2-1.fc40.x86_64.rpm       10 MB/s | 159 kB     00:00    
     [exec] (74/93): openssh-9.6p1-1.fc40.4.x86_64.rpm       33 MB/s | 425 kB     00:00    
     [exec] (75/93): openssh-clients-9.6p1-1.fc40.4.x86_64.  46 MB/s | 748 kB     00:00    
     [exec] (76/93): perl-Getopt-Long-2.57-4.fc40.noarch.rp 4.9 MB/s |  63 kB     00:00    
     [exec] (77/93): perl-Git-2.47.1-1.fc40.noarch.rpm      4.5 MB/s |  38 kB     00:00    
     [exec] (78/93): perl-Pod-Usage-2.03-504.fc40.noarch.rp 5.5 MB/s |  40 kB     00:00    
     [exec] (79/93): perl-Socket-2.038-1.fc40.x86_64.rpm    6.6 MB/s |  55 kB     00:00    
     [exec] (80/93): perl-URI-5.28-1.fc40.noarch.rpm         22 MB/s | 133 kB     00:00    
     [exec] (81/93): unbound-anchor-1.21.1-3.fc40.x86_64.rp 5.3 MB/s |  36 kB     00:00    
     [exec] (82/93): systemd-libs-255.15-1.fc40.x86_64.rpm   50 MB/s | 707 kB     00:00    
     [exec] (83/93): unbound-libs-1.21.1-3.fc40.x86_64.rpm   41 MB/s | 543 kB     00:00    
     [exec] (84/93): util-linux-core-2.40.2-1.fc40.x86_64.r  28 MB/s | 537 kB     00:00    
     [exec] (85/93): util-linux-2.40.2-1.fc40.x86_64.rpm     47 MB/s | 1.2 MB     00:00    
     [exec] (86/93): wget2-2.2.0-1.fc40.x86_64.rpm           13 MB/s | 279 kB     00:00    
     [exec] (87/93): wget2-libs-2.2.0-1.fc40.x86_64.rpm      23 MB/s | 148 kB     00:00    
     [exec] (88/93): wget2-wget-2.2.0-1.fc40.x86_64.rpm     1.9 MB/s | 9.4 kB     00:00    
     [exec] (89/93): libblkid-2.40.2-1.fc40.x86_64.rpm       16 MB/s | 124 kB     00:00    
     [exec] (90/93): libmount-2.40.2-1.fc40.x86_64.rpm       17 MB/s | 155 kB     00:00    
     [exec] (91/93): gnutls-3.8.6-1.fc40.x86_64.rpm          59 MB/s | 1.1 MB     00:00    
     [exec] (92/93): libsmartcols-2.40.2-1.fc40.x86_64.rpm  7.9 MB/s |  83 kB     00:00    
     [exec] (93/93): libuuid-2.40.2-1.fc40.x86_64.rpm       3.3 MB/s |  29 kB     00:00    
     [exec] --------------------------------------------------------------------------------
     [exec] Total                                            15 MB/s |  23 MB     00:01     
     [exec] Running transaction check
     [exec] Transaction check succeeded.
     [exec] Running transaction test
     [exec] Transaction test succeeded.
     [exec] Running transaction
     [exec]   Preparing        :                                                        1/1 
     [exec]   Upgrading        : libuuid-2.40.2-1.fc40.x86_64                          1/98 
     [exec]   Upgrading        : libblkid-2.40.2-1.fc40.x86_64                         2/98 
     [exec]   Installing       : systemd-libs-255.15-1.fc40.x86_64                     3/98 
     [exec]   Upgrading        : libmount-2.40.2-1.fc40.x86_64                         4/98 
     [exec]   Upgrading        : libsmartcols-2.40.2-1.fc40.x86_64                     5/98 
     [exec]   Upgrading        : gnutls-3.8.6-1.fc40.x86_64                            6/98 
     [exec]   Installing       : gpgme-1.23.2-3.fc40.x86_64                            7/98 
     [exec]   Installing       : util-linux-core-2.40.2-1.fc40.x86_64                  8/98 
     [exec]   Installing       : libfdisk-2.40.2-1.fc40.x86_64                         9/98 
     [exec]   Installing       : libedit-3.1-53.20240808cvs.fc40.x86_64               10/98 
     [exec]   Installing       : less-643-6.fc40.x86_64                               11/98 
     [exec]   Installing       : protobuf-c-1.5.0-3.fc40.x86_64                       12/98 
     [exec]   Installing       : unbound-anchor-1.21.1-3.fc40.x86_64                  13/98 
     [exec]   Running scriptlet: unbound-anchor-1.21.1-3.fc40.x86_64                  13/98 
     [exec]   Running scriptlet: unbound-libs-1.21.1-3.fc40.x86_64                    14/98 
     [exec]   Installing       : unbound-libs-1.21.1-3.fc40.x86_64                    14/98 
     [exec]   Installing       : gnutls-dane-3.8.6-1.fc40.x86_64                      15/98 
     [exec]   Installing       : wget2-libs-2.2.0-1.fc40.x86_64                       16/98 
     [exec]   Installing       : wget2-2.2.0-1.fc40.x86_64                            17/98 
     [exec]   Installing       : ncurses-6.4-12.20240127.fc40.x86_64                  18/98 
     [exec]   Running scriptlet: libutempter-1.2.1-13.fc40.x86_64                     19/98 
     [exec]   Installing       : libutempter-1.2.1-13.fc40.x86_64                     19/98 
     [exec]   Installing       : util-linux-2.40.2-1.fc40.x86_64                      20/98 
     [exec]   Running scriptlet: util-linux-2.40.2-1.fc40.x86_64                      20/98 
     [exec]   Installing       : openssh-9.6p1-1.fc40.4.x86_64                        21/98 
     [exec]   Installing       : libcbor-0.11.0-1.fc40.x86_64                         22/98 
     [exec]   Installing       : libfido2-1.14.0-4.fc40.x86_64                        23/98 
     [exec]   Installing       : openssh-clients-9.6p1-1.fc40.4.x86_64                24/98 
     [exec]   Running scriptlet: openssh-clients-9.6p1-1.fc40.4.x86_64                24/98 
     [exec]   Installing       : git-core-2.47.1-1.fc40.x86_64                        25/98 
     [exec]   Installing       : git-core-doc-2.47.1-1.fc40.noarch                    26/98 
     [exec]   Running scriptlet: groff-base-1.23.0-6.fc40.x86_64                      27/98 
     [exec]   Installing       : groff-base-1.23.0-6.fc40.x86_64                      27/98 
     [exec]   Running scriptlet: groff-base-1.23.0-6.fc40.x86_64                      27/98 
     [exec]   Installing       : perl-Digest-1.20-502.fc40.noarch                     28/98 
     [exec]   Installing       : perl-Digest-MD5-2.59-3.fc40.x86_64                   29/98 
     [exec]   Installing       : perl-B-1.88-506.fc40.x86_64                          30/98 
     [exec]   Installing       : perl-FileHandle-2.05-506.fc40.noarch                 31/98 
     [exec]   Installing       : perl-Data-Dumper-2.188-503.fc40.x86_64               32/98 
     [exec]   Installing       : perl-libnet-3.15-503.fc40.noarch                     33/98 
     [exec]   Installing       : perl-AutoLoader-5.74-506.fc40.noarch                 34/98 
     [exec]   Installing       : perl-URI-5.28-1.fc40.noarch                          35/98 
     [exec]   Installing       : perl-Text-Tabs+Wrap-2024.001-1.fc40.noarch           36/98 
     [exec]   Installing       : perl-Mozilla-CA-20231213-3.fc40.noarch               37/98 
     [exec]   Installing       : perl-if-0.61.000-506.fc40.noarch                     38/98 
     [exec]   Installing       : perl-locale-1.10-506.fc40.noarch                     39/98 
     [exec]   Installing       : perl-Time-Local-2:1.350-5.fc40.noarch                40/98 
     [exec]   Installing       : perl-File-Path-2.18-503.fc40.noarch                  41/98 
     [exec]   Installing       : perl-Pod-Escapes-1:1.07-503.fc40.noarch              42/98 
     [exec]   Installing       : perl-IO-Socket-IP-0.42-2.fc40.noarch                 43/98 
     [exec]   Installing       : perl-Net-SSLeay-1.94-3.fc40.x86_64                   44/98 
     [exec]   Installing       : perl-IO-Socket-SSL-2.085-1.fc40.noarch               45/98 
     [exec]   Installing       : perl-Class-Struct-0.68-506.fc40.noarch               46/98 
     [exec]   Installing       : perl-Term-ANSIColor-5.01-504.fc40.noarch             47/98 
     [exec]   Installing       : perl-POSIX-2.13-506.fc40.x86_64                      48/98 
     [exec]   Installing       : perl-Term-Cap-1.18-503.fc40.noarch                   49/98 
     [exec]   Installing       : perl-File-Temp-1:0.231.100-503.fc40.noarch           50/98 
     [exec]   Installing       : perl-IPC-Open3-1.22-506.fc40.noarch                  51/98 
     [exec]   Installing       : perl-HTTP-Tiny-0.088-5.fc40.noarch                   52/98 
     [exec]   Installing       : perl-Pod-Simple-1:3.45-6.fc40.noarch                 53/98 
     [exec]   Installing       : perl-SelectSaver-1.02-506.fc40.noarch                54/98 
     [exec]   Installing       : perl-Symbol-1.09-506.fc40.noarch                     55/98 
     [exec]   Installing       : perl-File-stat-1.13-506.fc40.noarch                  56/98 
     [exec]   Installing       : perl-Socket-4:2.038-1.fc40.x86_64                    57/98 
     [exec]   Installing       : perl-podlators-1:5.01-502.fc40.noarch                58/98 
     [exec]   Installing       : perl-Pod-Perldoc-3.28.01-503.fc40.noarch             59/98 
     [exec]   Installing       : perl-Fcntl-1.15-506.fc40.x86_64                      60/98 
     [exec]   Installing       : perl-Text-ParseWords-3.31-502.fc40.noarch            61/98 
     [exec]   Installing       : perl-base-2.27-506.fc40.noarch                       62/98 
     [exec]   Installing       : perl-mro-1.28-506.fc40.x86_64                        63/98 
     [exec]   Installing       : perl-overloading-0.02-506.fc40.noarch                64/98 
     [exec]   Installing       : perl-IO-1.52-506.fc40.x86_64                         65/98 
     [exec]   Installing       : perl-Pod-Usage-4:2.03-504.fc40.noarch                66/98 
     [exec]   Installing       : perl-Errno-1.37-506.fc40.x86_64                      67/98 
     [exec]   Installing       : perl-File-Basename-2.86-506.fc40.noarch              68/98 
     [exec]   Installing       : perl-Getopt-Std-1.13-506.fc40.noarch                 69/98 
     [exec]   Installing       : perl-MIME-Base64-3.16-503.fc40.x86_64                70/98 
     [exec]   Installing       : perl-Scalar-List-Utils-5:1.63-503.fc40.x86_64        71/98 
     [exec]   Installing       : perl-constant-1.33-503.fc40.noarch                   72/98 
     [exec]   Installing       : perl-overload-1.37-506.fc40.noarch                   73/98 
     [exec]   Installing       : perl-parent-1:0.241-502.fc40.noarch                  74/98 
     [exec]   Installing       : perl-vars-1.05-506.fc40.noarch                       75/98 
     [exec]   Installing       : perl-Storable-1:3.32-502.fc40.x86_64                 76/98 
     [exec]   Installing       : perl-Getopt-Long-1:2.57-4.fc40.noarch                77/98 
     [exec]   Installing       : perl-Carp-1.54-502.fc40.noarch                       78/98 
     [exec]   Installing       : perl-Exporter-5.78-3.fc40.noarch                     79/98 
     [exec]   Installing       : perl-NDBM_File-1.16-506.fc40.x86_64                  80/98 
     [exec]   Installing       : perl-PathTools-3.89-502.fc40.x86_64                  81/98 
     [exec]   Installing       : perl-DynaLoader-1.54-506.fc40.x86_64                 82/98 
     [exec]   Installing       : perl-Encode-4:3.21-505.fc40.x86_64                   83/98 
     [exec]   Installing       : perl-libs-4:5.38.2-506.fc40.x86_64                   84/98 
     [exec]   Installing       : perl-interpreter-4:5.38.2-506.fc40.x86_64            85/98 
     [exec]   Installing       : perl-Error-1:0.17029-15.fc40.noarch                  86/98 
     [exec]   Installing       : perl-File-Find-1.43-506.fc40.noarch                  87/98 
     [exec]   Installing       : perl-TermReadKey-2.38-21.fc40.x86_64                 88/98 
     [exec]   Installing       : perl-lib-0.65-506.fc40.x86_64                        89/98 
     [exec]   Installing       : perl-Git-2.47.1-1.fc40.noarch                        90/98 
     [exec]   Installing       : git-2.47.1-1.fc40.x86_64                             91/98 
     [exec]   Installing       : wget2-wget-2.2.0-1.fc40.x86_64                       92/98 
     [exec]   Installing       : unzip-6.0-63.fc40.x86_64                             93/98 
     [exec]   Cleanup          : libmount-2.40-13.fc40.x86_64                         94/98 
     [exec]   Cleanup          : libblkid-2.40-13.fc40.x86_64                         95/98 
     [exec]   Cleanup          : libuuid-2.40-13.fc40.x86_64                          96/98 
     [exec]   Cleanup          : libsmartcols-2.40-13.fc40.x86_64                     97/98 
     [exec]   Cleanup          : gnutls-3.8.5-1.fc40.x86_64                           98/98 
     [exec]   Running scriptlet: gnutls-3.8.5-1.fc40.x86_64                           98/98 
     [exec] 
     [exec] Upgraded:
     [exec]   gnutls-3.8.6-1.fc40.x86_64           libblkid-2.40.2-1.fc40.x86_64           
     [exec]   libmount-2.40.2-1.fc40.x86_64        libsmartcols-2.40.2-1.fc40.x86_64       
     [exec]   libuuid-2.40.2-1.fc40.x86_64        
     [exec] Installed:
     [exec]   git-2.47.1-1.fc40.x86_64                                                      
     [exec]   git-core-2.47.1-1.fc40.x86_64                                                 
     [exec]   git-core-doc-2.47.1-1.fc40.noarch                                             
     [exec]   gnutls-dane-3.8.6-1.fc40.x86_64                                               
     [exec]   gpgme-1.23.2-3.fc40.x86_64                                                    
     [exec]   groff-base-1.23.0-6.fc40.x86_64                                               
     [exec]   less-643-6.fc40.x86_64                                                        
     [exec]   libcbor-0.11.0-1.fc40.x86_64                                                  
     [exec]   libedit-3.1-53.20240808cvs.fc40.x86_64                                        
     [exec]   libfdisk-2.40.2-1.fc40.x86_64                                                 
     [exec]   libfido2-1.14.0-4.fc40.x86_64                                                 
     [exec]   libutempter-1.2.1-13.fc40.x86_64                                              
     [exec]   ncurses-6.4-12.20240127.fc40.x86_64                                           
     [exec]   openssh-9.6p1-1.fc40.4.x86_64                                                 
     [exec]   openssh-clients-9.6p1-1.fc40.4.x86_64                                         
     [exec]   perl-AutoLoader-5.74-506.fc40.noarch                                          
     [exec]   perl-B-1.88-506.fc40.x86_64                                                   
     [exec]   perl-Carp-1.54-502.fc40.noarch                                                
     [exec]   perl-Class-Struct-0.68-506.fc40.noarch                                        
     [exec]   perl-Data-Dumper-2.188-503.fc40.x86_64                                        
     [exec]   perl-Digest-1.20-502.fc40.noarch                                              
     [exec]   perl-Digest-MD5-2.59-3.fc40.x86_64                                            
     [exec]   perl-DynaLoader-1.54-506.fc40.x86_64                                          
     [exec]   perl-Encode-4:3.21-505.fc40.x86_64                                            
     [exec]   perl-Errno-1.37-506.fc40.x86_64                                               
     [exec]   perl-Error-1:0.17029-15.fc40.noarch                                           
     [exec]   perl-Exporter-5.78-3.fc40.noarch                                              
     [exec]   perl-Fcntl-1.15-506.fc40.x86_64                                               
     [exec]   perl-File-Basename-2.86-506.fc40.noarch                                       
     [exec]   perl-File-Find-1.43-506.fc40.noarch                                           
     [exec]   perl-File-Path-2.18-503.fc40.noarch                                           
     [exec]   perl-File-Temp-1:0.231.100-503.fc40.noarch                                    
     [exec]   perl-File-stat-1.13-506.fc40.noarch                                           
     [exec]   perl-FileHandle-2.05-506.fc40.noarch                                          
     [exec]   perl-Getopt-Long-1:2.57-4.fc40.noarch                                         
     [exec]   perl-Getopt-Std-1.13-506.fc40.noarch                                          
     [exec]   perl-Git-2.47.1-1.fc40.noarch                                                 
     [exec]   perl-HTTP-Tiny-0.088-5.fc40.noarch                                            
     [exec]   perl-IO-1.52-506.fc40.x86_64                                                  
     [exec]   perl-IO-Socket-IP-0.42-2.fc40.noarch                                          
     [exec]   perl-IO-Socket-SSL-2.085-1.fc40.noarch                                        
     [exec]   perl-IPC-Open3-1.22-506.fc40.noarch                                           
     [exec]   perl-MIME-Base64-3.16-503.fc40.x86_64                                         
     [exec]   perl-Mozilla-CA-20231213-3.fc40.noarch                                        
     [exec]   perl-NDBM_File-1.16-506.fc40.x86_64                                           
     [exec]   perl-Net-SSLeay-1.94-3.fc40.x86_64                                            
     [exec]   perl-POSIX-2.13-506.fc40.x86_64                                               
     [exec]   perl-PathTools-3.89-502.fc40.x86_64                                           
     [exec]   perl-Pod-Escapes-1:1.07-503.fc40.noarch                                       
     [exec]   perl-Pod-Perldoc-3.28.01-503.fc40.noarch                                      
     [exec]   perl-Pod-Simple-1:3.45-6.fc40.noarch                                          
     [exec]   perl-Pod-Usage-4:2.03-504.fc40.noarch                                         
     [exec]   perl-Scalar-List-Utils-5:1.63-503.fc40.x86_64                                 
     [exec]   perl-SelectSaver-1.02-506.fc40.noarch                                         
     [exec]   perl-Socket-4:2.038-1.fc40.x86_64                                             
     [exec]   perl-Storable-1:3.32-502.fc40.x86_64                                          
     [exec]   perl-Symbol-1.09-506.fc40.noarch                                              
     [exec]   perl-Term-ANSIColor-5.01-504.fc40.noarch                                      
     [exec]   perl-Term-Cap-1.18-503.fc40.noarch                                            
     [exec]   perl-TermReadKey-2.38-21.fc40.x86_64                                          
     [exec]   perl-Text-ParseWords-3.31-502.fc40.noarch                                     
     [exec]   perl-Text-Tabs+Wrap-2024.001-1.fc40.noarch                                    
     [exec]   perl-Time-Local-2:1.350-5.fc40.noarch                                         
     [exec]   perl-URI-5.28-1.fc40.noarch                                                   
     [exec]   perl-base-2.27-506.fc40.noarch                                                
     [exec]   perl-constant-1.33-503.fc40.noarch                                            
     [exec]   perl-if-0.61.000-506.fc40.noarch                                              
     [exec]   perl-interpreter-4:5.38.2-506.fc40.x86_64                                     
     [exec]   perl-lib-0.65-506.fc40.x86_64                                                 
     [exec]   perl-libnet-3.15-503.fc40.noarch                                              
     [exec]   perl-libs-4:5.38.2-506.fc40.x86_64                                            
     [exec]   perl-locale-1.10-506.fc40.noarch                                              
     [exec]   perl-mro-1.28-506.fc40.x86_64                                                 
     [exec]   perl-overload-1.37-506.fc40.noarch                                            
     [exec]   perl-overloading-0.02-506.fc40.noarch                                         
     [exec]   perl-parent-1:0.241-502.fc40.noarch                                           
     [exec]   perl-podlators-1:5.01-502.fc40.noarch                                         
     [exec]   perl-vars-1.05-506.fc40.noarch                                                
     [exec]   protobuf-c-1.5.0-3.fc40.x86_64                                                
     [exec]   systemd-libs-255.15-1.fc40.x86_64                                             
     [exec]   unbound-anchor-1.21.1-3.fc40.x86_64                                           
     [exec]   unbound-libs-1.21.1-3.fc40.x86_64                                             
     [exec]   unzip-6.0-63.fc40.x86_64                                                      
     [exec]   util-linux-2.40.2-1.fc40.x86_64                                               
     [exec]   util-linux-core-2.40.2-1.fc40.x86_64                                          
     [exec]   wget2-2.2.0-1.fc40.x86_64                                                     
     [exec]   wget2-libs-2.2.0-1.fc40.x86_64                                                
     [exec]   wget2-wget-2.2.0-1.fc40.x86_64                                                
     [exec] 
     [exec] Complete!
     [exec] 17 files removed
     [exec] --> 361ac1a45039
     [exec] STEP 5/22: ENV LANG='en_US.UTF-8' LANGUAGE='en_US:en' LC_ALL='en_US.UTF-8'
     [exec] --> 22a168d0257b
     [exec] STEP 6/22: ENV JAVA_TOOL_OPTIONS=" -Dfile.encoding=UTF8 -Djava.security.egd=file:/dev/./urandom"
     [exec] --> 9df22e16a374
     [exec] STEP 7/22: RUN mkdir testResults
     [exec] /bin/sh: warning: setlocale: LC_ALL: cannot change locale (en_US.UTF-8)
     [exec] --> 6267b3f1cd48
     [exec] STEP 8/22: ENV TEST_HOME /elasticsearch
     [exec] --> d45bff4fbef5
     [exec] STEP 9/22: ENV APPLICATION_NAME=elasticsearch
     [exec] --> 2464041222ce
     [exec] STEP 10/22: ENV APPLICATION_TAG=v8.1.2
     [exec] --> d767f546466e
     [exec] STEP 11/22: ENV OS_TAG=fedora
     [exec] --> a5a5f5a35957
     [exec] STEP 12/22: ENV JDK_VERSION=17
     [exec] --> 6ec69bc53303
     [exec] STEP 13/22: ENV JDK_IMPL=hotspot
     [exec] --> 32d665db5b13
     [exec] STEP 14/22: ENV ELASTICSEARCH_TAG=$ELASTICSEARCH_TAG
     [exec] --> cee2367d265a
     [exec] STEP 15/22: RUN git clone https://github.com/elastic/elasticsearch.git
     [exec] /bin/sh: warning: setlocale: LC_ALL: cannot change locale (en_US.UTF-8)
     [exec] Cloning into 'elasticsearch'...
     [exec] Updating files:  26% (8624/32120)
     [exec] --> eb73a1135b5e
     [exec] STEP 16/22: WORKDIR /elasticsearch/
     [exec] --> 713d3748f9ff
     [exec] STEP 17/22: RUN git checkout $ELASTICSEARCH_TAG
     [exec] Updating files:  27% (8673/32120)Updating files:  28% (8994/32120)Updating files:  29% (9315/32120)Updating files:  30% (9636/32120)Updating files:  31% (9958/32120)Updating files:  32% (10279/32120)Updating files:  33% (10600/32120)Updating files:  34% (10921/32120)Updating files:  35% (11242/32120)Updating files:  36% (11564/32120)Updating files:  37% (11885/32120)Updating files:  38% (12206/32120)Updating files:  39% (12527/32120)Updating files:  40% (12848/32120)Updating files:  41% (13170/32120)Updating files:  42% (13491/32120)Updating files:  43% (13812/32120)Updating files:  44% (14133/32120)Updating files:  45% (14454/32120)Updating files:  46% (14776/32120)Updating files:  47% (15097/32120)Updating files:  48% (15418/32120)Updating files:  49% (15739/32120)Updating files:  50% (16060/32120)Updating files:  51% (16382/32120)Updating files:  52% (16703/32120)Updating files:  53% (17024/32120)Updating files:  54% (17345/32120)Updating files:  55% (17666/32120)Updating files:  56% (17988/32120)Updating files:  57% (18309/32120)Updating files:  58% (18630/32120)Updating files:  59% (18951/32120)Updating files:  60% (19272/32120)Updating files:  61% (19594/32120)Updating files:  62% (19915/32120)Updating files:  63% (20236/32120)Updating files:  63% (20274/32120)Updating files:  64% (20557/32120)Updating files:  65% (20878/32120)Updating files:  66% (21200/32120)Updating files:  67% (21521/32120)Updating files:  68% (21842/32120)Updating files:  69% (22163/32120)Updating files:  70% (22484/32120)Updating files:  71% (22806/32120)Updating files:  72% (23127/32120)Updating files:  73% (23448/32120)Updating files:  74% (23769/32120)Updating files:  75% (24090/32120)Updating files:  76% (24412/32120)Updating files:  77% (24733/32120)Updating files:  78% (25054/32120)Updating files:  79% (25375/32120)Updating files:  80% (25696/32120)Updating files:  81% (26018/32120)Updating files:  82% (26339/32120)Updating files:  83% (26660/32120)Updating files:  84% (26981/32120)Updating files:  85% (27302/32120)Updating files:  86% (27624/32120)Updating files:  87% (27945/32120)Updating files:  88% (28266/32120)Updating files:  89% (28587/32120)Updating files:  90% (28908/32120)Updating files:  91% (29230/32120)Updating files:  92% (29551/32120)Updating files:  93% (29872/32120)Updating files:  94% (30193/32120)Updating files:  95% (30514/32120)Updating files:  96% (30836/32120)Updating files:  97% (31157/32120)Updating files:  98% (31478/32120)Updating files:  98% (31655/32120)Updating files:  99% (31799/32120)Updating files: 100% (32120/32120)Updating files: 100% (32120/32120), done./bin/sh: warning: setlocale: LC_ALL: cannot change locale (en_US.UTF-8)
     [exec] Note: switching to 'v8.1.2'.
     [exec] 
     [exec] You are in 'detached HEAD' state. You can look around, make experimental
     [exec] changes and commit them, and you can discard any commits you make in this
     [exec] state without impacting any branches by switching back to a branch.
     [exec] 
     [exec] If you want to create a new branch to retain commits you create, you may
     [exec] do so (now or later) by using -c with the switch command. Example:
     [exec] 
     [exec]   git switch -c <new-branch-name>
     [exec] 
     [exec] Or undo this operation with:
     [exec] 
     [exec]   git switch -
     [exec] 
     [exec] Turn off this advice by setting config variable advice.detachedHead to false
     [exec] 
     [exec] HEAD is now at 31df9689e80 [DOCS] Reuse data tier content in node role docs (#84346) (#85426) (#85429)
     [exec] --> 612ee4ba9308
     [exec] STEP 18/22: WORKDIR /
     [exec] --> 4a88518e7bc7
     [exec] STEP 19/22: COPY elasticsearch/test.sh /test.sh
     [exec] --> c3a2b9c760a2
     [exec] STEP 20/22: COPY test_base_functions.sh test_base_functions.sh
     [exec] --> 9f35b0aa760c
     [exec] STEP 21/22: WORKDIR ${TEST_HOME}
     [exec] --> 983b4e1e193d
     [exec] STEP 22/22: ENTRYPOINT ["/bin/bash", "/test.sh"]
     [exec] COMMIT adoptopenjdk-elasticsearch-test:17-jdk-ubuntu-hotspot-full
     [exec] --> f9c913a5a428
     [exec] Successfully tagged localhost/adoptopenjdk-elasticsearch-test:17-jdk-ubuntu-hotspot-full
     [exec] f9c913a5a4287cd344d82349b6df1a876912f0e3e16c438a4ae01745fc1989f9

dist:
     [copy] Copying 2 files to /home/jvanek/git/jvmtest/external/elasticsearch

BUILD SUCCESSFUL
Total time: 1 minute 48 seconds
0
make[1]: Leaving directory '/home/jvanek/git/aqa-tests/TKG'
JAVA_HOME is set to /tmp/tmp.pyHOlv4KeZ/jdk-17.0.13+11
LIB_DIR is set to /home/jvanek/git/aqa-tests/TKG/../TKG/lib
make -f makeGen.mk AUTO_DETECT= MODE=tests TESTTARGET=elasticsearch_test_hotspot TESTLIST=
make[1]: Entering directory '/home/jvanek/git/aqa-tests/TKG'
perl scripts/configure.pl
/tmp/tmp.pyHOlv4KeZ/jdk-17.0.13+11/bin/java -cp "./bin/TestKitGen.jar:/home/jvanek/git/aqa-tests/TKG/../TKG/lib/json-simple.jar" org.testKitGen.MainRunner --mode=tests --spec=linux_x86-64 --microArch="" --osLabel="" --jdkVersion=17 --impl=hotspot --vendor="eclipse" --buildList=external/elasticsearch --iterations=1 --aotIterations= --testFlag= --testTarget=elasticsearch_test_hotspot --testList= --numOfMachines= --testTime= --TRSSURL= 
Modes data parsed from resources/modes.xml and resources/ottawa.csv.

Starting to generate test make files.

Parsing /home/jvanek/git/aqa-tests/TKG/../external/elasticsearch/playlist.xml
Generated /home/jvanek/git/aqa-tests/TKG/../external/elasticsearch/autoGen.mk

Generated /home/jvanek/git/aqa-tests/TKG/../external/autoGen.mk

Generated /home/jvanek/git/aqa-tests/TKG/../autoGen.mk

Generated /home/jvanek/git/aqa-tests/TKG/../TKG/utils.mk

Generated /home/jvanek/git/aqa-tests/TKG/../TKG/rerun.mk

Make files are generated successfully.

make[1]: Leaving directory '/home/jvanek/git/aqa-tests/TKG'
make -f runtest.mk _elasticsearch_test_hotspot
make[1]: Entering directory '/home/jvanek/git/aqa-tests/TKG'

Running make 4.4.1
set TEST_ROOT to /home/jvanek/git/aqa-tests/TKG/..
set JDK_VERSION to 17
set JDK_IMPL to hotspot
set JVM_VERSION to openjdk17
set JCL_VERSION to latest
set JAVA_HOME to /tmp/tmp.pyHOlv4KeZ/jdk-17.0.13+11
set SPEC to linux_x86-64
set TEST_FLAG to
Running elasticsearch_test_hotspot ...
There are 1 test targets in elasticsearch_test_hotspot
"/tmp/tmp.pyHOlv4KeZ/jdk-17.0.13+11/bin/java" -version
openjdk version "17.0.13" 2024-10-15
OpenJDK Runtime Environment Temurin-17.0.13+11 (build 17.0.13+11)
OpenJDK 64-Bit Server VM Temurin-17.0.13+11 (build 17.0.13+11, mixed mode, sharing)
make[2]: Entering directory '/home/jvanek/git/aqa-tests'
make[3]: Entering directory '/home/jvanek/git/aqa-tests/external'
make[4]: Entering directory '/home/jvanek/git/aqa-tests/external/elasticsearch'

===============================================
Running test elasticsearch_test_hotspot_0 ...
===============================================
elasticsearch_test_hotspot_0 Start Time: Wed Dec 11 17:26:27 2024 Epoch Time (ms): 1733934387729
variation: NoOptions
JVM_OPTIONS:  
{ \
echo "";	echo "TEST SETUP:"; \
echo "Nothing to be done for setup."; \
mkdir -p "/home/jvanek/git/aqa-tests/TKG/../TKG/output_17339343879484/elasticsearch_test_hotspot_0"; \
cd "/home/jvanek/git/aqa-tests/TKG/../TKG/output_17339343879484/elasticsearch_test_hotspot_0"; \
echo "";	echo "TESTING:"; \
/home/jvanek/git/aqa-tests/TKG/../external/external.sh --run --tag "" --dir elasticsearch --reportsrc /testResults/testJunit --reportdst "/home/jvanek/git/aqa-tests/TKG/../TKG/output_17339343879484/elasticsearch_test_hotspot_0" --docker_args "-v /tmp/tmp.pyHOlv4KeZ/jdk-17.0.13+11:/opt/java/openjdk" ; \
	if [ $? -eq 0 ]; then echo "-----------------------------------"; echo "elasticsearch_test_hotspot_0""_PASSED"; echo "-----------------------------------"; cd /home/jvanek/git/aqa-tests/TKG/..;  else echo "-----------------------------------"; echo "elasticsearch_test_hotspot_0""_FAILED"; echo "-----------------------------------"; fi; \
	/home/jvanek/git/aqa-tests/TKG/../external/external.sh --clean --tag "" --dir elasticsearch; \
echo "";	echo "TEST TEARDOWN:"; \
echo "Nothing to be done for teardown."; \
 } 2>&1 | tee -a "/home/jvanek/git/aqa-tests/TKG/../TKG/output_17339343879484/TestTargetResult";

TEST SETUP:
Nothing to be done for setup.

TESTING:
   # =================== Info =================== Info =================== Info =================== #
   # EXTRA_DOCKER_ARGS set as "-v /tmp/tmp.pyHOlv4KeZ/jdk-17.0.13+11:/opt/java/openjdk"                                #
   # =================== Info =================== Info =================== Info =================== #
   # =================== Info =================== Info =================== Info =================== #
   # TEST_JDK_HOME of /tmp/tmp.pyHOlv4KeZ/jdk-17.0.13+11 is used in EXTRA_DOCKER_ARGS                                #
   # =================== Info =================== Info =================== Info =================== #
No DOCKERIMAGE_TAG set, tag as default 'nightly'
DOCKERIMAGE_TAG nightly has been recognized.
The test here is elasticsearch
The directory in the external.sh is elasticsearch
 podman run --privileged  -v /tmp/tmp.pyHOlv4KeZ/jdk-17.0.13+11:/opt/java/openjdk  --name elasticsearch-test adoptopenjdk-elasticsearch-test:17-jdk-ubuntu-hotspot-full 
time="2024-12-11T17:26:27+01:00" level=warning msg="Error validating CNI config file /home/jvanek/.config/cni/net.d/87-podman.conflist: [failed to find plugin \"bridge\" in path [/usr/local/libexec/cni /usr/libexec/cni /usr/local/lib/cni /usr/lib/cni /opt/cni/bin] failed to find plugin \"portmap\" in path [/usr/local/libexec/cni /usr/libexec/cni /usr/local/lib/cni /usr/lib/cni /opt/cni/bin] failed to find plugin \"firewall\" in path [/usr/local/libexec/cni /usr/libexec/cni /usr/local/lib/cni /usr/lib/cni /opt/cni/bin] failed to find plugin \"tuning\" in path [/usr/local/libexec/cni /usr/libexec/cni /usr/local/lib/cni /usr/lib/cni /opt/cni/bin]]"
/bin/bash: warning: setlocale: LC_ALL: cannot change locale (en_US.UTF-8)
APPLICATION_NAME=elasticsearch
APPLICATION_TAG=v8.1.2
OS_TAG=fedora
Using /opt mounted Java
JAVA_BIN is: /opt/java/openjdk/bin
=JAVA VERSION OUTPUT BEGIN=
Picked up JAVA_TOOL_OPTIONS:  -Dfile.encoding=UTF8 -Djava.security.egd=file:/dev/./urandom
openjdk version "17.0.13" 2024-10-15
OpenJDK Runtime Environment Temurin-17.0.13+11 (build 17.0.13+11)
OpenJDK 64-Bit Server VM Temurin-17.0.13+11 (build 17.0.13+11, mixed mode, sharing)
=JAVA VERSION OUTPUT END=
Building elasticsearch  using gradlew "gradlew assemble"
/bin/sh: warning: setlocale: LC_ALL: cannot change locale (en_US.UTF-8)
Picked up JAVA_TOOL_OPTIONS:  -Dfile.encoding=UTF8 -Djava.security.egd=file:/dev/./urandom
Note: /elasticsearch/build-tools/src/main/java/org/elasticsearch/gradle/testclusters/TestClustersPlugin.java uses or overrides a deprecated API.
Note: Recompile with -Xlint:deprecation for details.
Note: Some input files use unchecked or unsafe operations.
Note: Recompile with -Xlint:unchecked for details.
Note: Some input files use or override a deprecated API.
Note: Recompile with -Xlint:deprecation for details.
Picked up JAVA_TOOL_OPTIONS:  -Dfile.encoding=UTF8 -Djava.security.egd=file:/dev/./urandom
=======================================
Elasticsearch Build Hamster says Hello!
  Gradle Version        : 7.4.1
  OS Info               : Linux 6.11.6-100.fc39.x86_64 (amd64)
  JDK Version           : 17.0.13 (Eclipse Temurin)
  JAVA_HOME             : /opt/java/openjdk
  Random Testing Seed   : 227E1A6C04436586
  In FIPS 140 mode      : false
=======================================
Note: /elasticsearch/libs/plugin-classloader/src/main/java/org/elasticsearch/plugins/loader/ExtendedPluginsClassLoader.java uses or overrides a deprecated API that is marked for removal.
Note: Recompile with -Xlint:removal for details.
Note: Some input files use or override a deprecated API that is marked for removal.
Note: Recompile with -Xlint:removal for details.
Note: Some input files use or override a deprecated API that is marked for removal.
Note: Recompile with -Xlint:removal for details.
Note: Some input files use or override a deprecated API that is marked for removal.
Note: Recompile with -Xlint:removal for details.
Picked up JAVA_TOOL_OPTIONS:  -Dfile.encoding=UTF8 -Djava.security.egd=file:/dev/./urandom
Note: Some input files use or override a deprecated API.
Note: Recompile with -Xlint:deprecation for details.
Note: Some input files use or override a deprecated API.
Note: Recompile with -Xlint:deprecation for details.
Picked up JAVA_TOOL_OPTIONS:  -Dfile.encoding=UTF8 -Djava.security.egd=file:/dev/./urandom
Note: /elasticsearch/x-pack/plugin/sql/sql-client/src/main/java/org/elasticsearch/xpack/sql/client/RemoteFailure.java uses or overrides a deprecated API.
Note: Recompile with -Xlint:deprecation for details.
/elasticsearch/build-tools/src/main/java/org/elasticsearch/gradle/AbstractLazyPropertyCollection.java:12: warning: no comment
public abstract class AbstractLazyPropertyCollection {
                ^
/elasticsearch/build-tools/src/main/java/org/elasticsearch/gradle/AbstractLazyPropertyCollection.java:17: warning: no comment
    public AbstractLazyPropertyCollection(String name) {
           ^
/elasticsearch/build-tools/src/main/java/org/elasticsearch/gradle/AbstractLazyPropertyCollection.java:21: warning: no comment
    public AbstractLazyPropertyCollection(String name, Object owner) {
           ^
/elasticsearch/build-tools/src/main/java/org/elasticsearch/gradle/AbstractLazyPropertyCollection.java:26: warning: no comment
    public abstract List<? extends Object> getNormalizedCollection();
                                           ^
Picked up JAVA_TOOL_OPTIONS:  -Dfile.encoding=UTF8 -Djava.security.egd=file:/dev/./urandom
/elasticsearch/build-tools/src/main/java/org/elasticsearch/gradle/Architecture.java:22: warning: no comment
    public static Architecture current() {
                               ^
Picked up JAVA_TOOL_OPTIONS:  -Dfile.encoding=UTF8 -Djava.security.egd=file:/dev/./urandom
/elasticsearch/build-tools/src/main/java/org/elasticsearch/gradle/Architecture.java:11: warning: no comment
public enum Architecture {
       ^
/elasticsearch/build-tools/src/main/java/org/elasticsearch/gradle/Architecture.java:14: warning: no comment
    AARCH64("aarch64");
    ^
/elasticsearch/build-tools/src/main/java/org/elasticsearch/gradle/Architecture.java:13: warning: no comment
    X64("x86_64"),
    ^
/elasticsearch/build-tools/src/main/java/org/elasticsearch/gradle/Architecture.java:16: warning: no comment
    public final String classifier;
                        ^
/elasticsearch/build-tools/src/main/java/org/elasticsearch/gradle/distribution/ArchiveElasticsearchDistributionType.java:16: warning: no comment
public class ArchiveElasticsearchDistributionType implements ElasticsearchDistributionType {
       ^
/elasticsearch/build-tools/src/main/java/org/elasticsearch/gradle/ElasticsearchDistributionType.java:27: warning: no comment
    default String getClassifier(ElasticsearchDistribution.Platform platform, Version version) {
                   ^
/elasticsearch/build-tools/src/main/java/org/elasticsearch/gradle/ElasticsearchDistributionType.java:23: warning: no comment
    default String getExtension(ElasticsearchDistribution.Platform platform) {
                   ^
/elasticsearch/build-tools/src/main/java/org/elasticsearch/gradle/ElasticsearchDistributionType.java:13: warning: no comment
    String getName();
           ^
/elasticsearch/build-tools/src/main/java/org/elasticsearch/gradle/ElasticsearchDistributionType.java:19: warning: no comment
    default boolean shouldExtract() {
                    ^
Picked up JAVA_TOOL_OPTIONS:  -Dfile.encoding=UTF8 -Djava.security.egd=file:/dev/./urandom
/elasticsearch/build-tools/src/main/java/org/elasticsearch/gradle/dependencies/CompileOnlyResolvePlugin.java:17: warning: no comment
public class CompileOnlyResolvePlugin implements Plugin<Project> {
       ^
/elasticsearch/build-tools/src/main/java/org/elasticsearch/gradle/dependencies/CompileOnlyResolvePlugin.java:18: warning: no comment
    public static final String RESOLVEABLE_COMPILE_ONLY_CONFIGURATION_NAME = "resolveableCompileOnly";
                               ^
/elasticsearch/build-tools/src/main/java/org/elasticsearch/gradle/testclusters/DefaultTestClustersTask.java:15: warning: no comment
public class DefaultTestClustersTask extends DefaultTask implements TestClustersAware {
       ^
/elasticsearch/build-tools/src/main/java/org/elasticsearch/gradle/testclusters/TestClustersAware.java:21: warning: no comment
    Collection<ElasticsearchCluster> getClusters();
                                     ^
Picked up JAVA_TOOL_OPTIONS:  -Dfile.encoding=UTF8 -Djava.security.egd=file:/dev/./urandom
/elasticsearch/build-tools/src/main/java/org/elasticsearch/gradle/DistributionDependency.java:11: warning: no comment
public interface DistributionDependency {
       ^
/elasticsearch/build-tools/src/main/java/org/elasticsearch/gradle/DistributionDependency.java:20: warning: no comment
    class StringBasedDistributionDependency implements DistributionDependency {
    ^
/elasticsearch/build-tools/src/main/java/org/elasticsearch/gradle/DistributionDependency.java:16: warning: no comment
    Object getDefaultNotation();
           ^
/elasticsearch/build-tools/src/main/java/org/elasticsearch/gradle/DistributionDependency.java:18: warning: no comment
    Object getExtractedNotation();
           ^
/elasticsearch/build-tools/src/main/java/org/elasticsearch/gradle/DistributionDependency.java:12: warning: no comment
    static DistributionDependency of(String dependencyNotation) {
                                  ^
/elasticsearch/build-tools/src/main/java/org/elasticsearch/gradle/DistributionDependency.java:23: warning: no comment
        public StringBasedDistributionDependency(String notation) {
               ^
/elasticsearch/build-tools/src/main/java/org/elasticsearch/gradle/DistributionDownloadPlugin.java:44: warning: no comment
    public static final String DISTRO_EXTRACTED_CONFIG_PREFIX = "es_distro_extracted_";
                               ^
/elasticsearch/build-tools/src/main/java/org/elasticsearch/gradle/DistributionDownloadPlugin.java:52: warning: no comment
Picked up JAVA_TOOL_OPTIONS:  -Dfile.encoding=UTF8 -Djava.security.egd=file:/dev/./urandom
    public DistributionDownloadPlugin(ObjectFactory objectFactory) {
           ^
/elasticsearch/build-tools/src/main/java/org/elasticsearch/gradle/DistributionDownloadPlugin.java:106: warning: no comment
    public static NamedDomainObjectContainer<ElasticsearchDistribution> getContainer(Project project) {
                                                                        ^
/elasticsearch/build-tools/src/main/java/org/elasticsearch/gradle/DistributionDownloadPlugin.java:111: warning: no comment
    public static NamedDomainObjectContainer<DistributionResolution> getRegistrationsContainer(Project project) {
                                                                     ^
/elasticsearch/build-tools/src/main/java/org/elasticsearch/gradle/DistributionDownloadPlugin.java:56: warning: no comment
    public void setDockerAvailability(Provider<Boolean> dockerAvailability) {
                ^
/elasticsearch/build-tools/src/main/java/org/elasticsearch/gradle/DistributionResolution.java:13: warning: no comment
public class DistributionResolution {
       ^
/elasticsearch/build-tools/src/main/java/org/elasticsearch/gradle/DistributionResolution.java:42: warning: no comment
    public interface Resolver {
           ^
/elasticsearch/build-tools/src/main/java/org/elasticsearch/gradle/DistributionResolution.java:18: warning: no comment
    public DistributionResolution(String name) {
           ^
/elasticsearch/build-tools/src/main/java/org/elasticsearch/gradle/DistributionResolution.java:22: warning: no comment
    public String getName() {
                  ^
/elasticsearch/build-tools/src/main/java/org/elasticsearch/gradle/DistributionResolution.java:38: warning: no comment
    public int getPriority() {
               ^
/elasticsearch/build-tools/src/main/java/org/elasticsearch/gradle/DistributionResolution.java:26: warning: no comment
    public Resolver getResolver() {
                    ^
/elasticsearch/build-tools/src/main/java/org/elasticsearch/gradle/DistributionResolution.java:34: warning: no comment
    public void setPriority(int priority) {
                ^
/elasticsearch/build-tools/src/main/java/org/elasticsearch/gradle/DistributionResolution.java:30: warning: no comment
    public void setResolver(Resolver resolver) {
                ^
/elasticsearch/build-tools/src/main/java/org/elasticsearch/gradle/DistributionResolution.java:43: warning: no comment
        DistributionDependency resolve(Project project, ElasticsearchDistribution distribution);
                               ^
/elasticsearch/build-tools/src/main/java/org/elasticsearch/gradle/testclusters/ElasticsearchCluster.java:46: warning: no comment
public class ElasticsearchCluster implements TestClusterConfiguration, Named {
       ^
/elasticsearch/build-tools/src/main/java/org/elasticsearch/gradle/testclusters/ElasticsearchCluster.java:68: warning: no comment
    public ElasticsearchCluster(
           ^
/elasticsearch/build-tools/src/main/java/org/elasticsearch/gradle/testclusters/TestClusterConfiguration.java:57: warning: no comment
    void cliSetup(String binTool, CharSequence... args);
         ^
/elasticsearch/build-tools/src/main/java/org/elasticsearch/gradle/testclusters/TestClusterConfiguration.java:73: warning: no comment
    void environment(String key, String value);
         ^
/elasticsearch/build-tools/src/main/java/org/elasticsearch/gradle/testclusters/TestClusterConfiguration.java:75: warning: no comment
    void environment(String key, Supplier<CharSequence> valueSupplier);
         ^
/elasticsearch/build-tools/src/main/java/org/elasticsearch/gradle/testclusters/TestClusterConfiguration.java:77: warning: no comment
    void environment(String key, Supplier<CharSequence> valueSupplier, PropertyNormalization normalization);
         ^
/elasticsearch/build-tools/src/main/java/org/elasticsearch/gradle/testclusters/TestClusterConfiguration.java:91: warning: no comment
    void extraConfigFile(String destination, File from);
         ^
/elasticsearch/build-tools/src/main/java/org/elasticsearch/gradle/testclusters/TestClusterConfiguration.java:93: warning: no comment
    void extraConfigFile(String destination, File from, PropertyNormalization normalization);
         ^
/elasticsearch/build-tools/src/main/java/org/elasticsearch/gradle/testclusters/TestClusterConfiguration.java:95: warning: no comment
    void extraJarFiles(FileCollection from);
         ^
/elasticsearch/build-tools/src/main/java/org/elasticsearch/gradle/testclusters/TestClusterConfiguration.java:85: warning: no comment
    void freeze();
         ^
/elasticsearch/build-tools/src/main/java/org/elasticsearch/gradle/testclusters/TestClusterConfiguration.java:109: warning: no comment
    List<String> getAllHttpSocketURI();
                 ^
/elasticsearch/build-tools/src/main/java/org/elasticsearch/gradle/testclusters/TestClusterConfiguration.java:111: warning: no comment
    List<String> getAllTransportPortURI();
                 ^
/elasticsearch/build-tools/src/main/java/org/elasticsearch/gradle/testclusters/ElasticsearchCluster.java:147: warning: no comment
    public ElasticsearchNode getFirstNode() {
                             ^
/elasticsearch/build-tools/src/main/java/org/elasticsearch/gradle/testclusters/TestClusterConfiguration.java:105: warning: no comment
    String getHttpSocketURI();
           ^
/elasticsearch/build-tools/src/main/java/org/elasticsearch/gradle/testclusters/ElasticsearchCluster.java:152: warning: no comment
    public ElasticsearchNode getLastNode() {
                             ^
/elasticsearch/build-tools/src/main/java/org/elasticsearch/gradle/testclusters/ElasticsearchCluster.java:519: warning: no comment
    public NamedDomainObjectContainer<ElasticsearchNode> getNodes() {
                                                         ^
/elasticsearch/build-tools/src/main/java/org/elasticsearch/gradle/testclusters/ElasticsearchCluster.java:158: warning: no comment
    public int getNumberOfNodes() {
               ^
/elasticsearch/build-tools/src/main/java/org/elasticsearch/gradle/testclusters/ElasticsearchCluster.java:168: warning: no comment
    public String getPath() {
                  ^
/elasticsearch/build-tools/src/main/java/org/elasticsearch/gradle/testclusters/TestClusterConfiguration.java:107: warning: no comment
    String getTransportPortURI();
           ^
/elasticsearch/build-tools/src/main/java/org/elasticsearch/gradle/testclusters/ElasticsearchCluster.java:361: warning: no comment
    public void goToNextVersion() {
                ^
/elasticsearch/build-tools/src/main/java/org/elasticsearch/gradle/testclusters/TestClusterConfiguration.java:81: warning: no comment
    boolean isPreserveDataDir();
            ^
/elasticsearch/build-tools/src/main/java/org/elasticsearch/gradle/testclusters/TestClusterConfiguration.java:178: warning: no comment
    boolean isProcessAlive();
            ^
/elasticsearch/build-tools/src/main/java/org/elasticsearch/gradle/testclusters/TestClusterConfiguration.java:79: warning: no comment
    void jvmArgs(String... values);
         ^
/elasticsearch/build-tools/src/main/java/org/elasticsearch/gradle/testclusters/TestClusterConfiguration.java:49: warning: no comment
    void keystore(String key, File value);
         ^
Picked up JAVA_TOOL_OPTIONS:  -Dfile.encoding=UTF8 -Djava.security.egd=file:/dev/./urandom
/elasticsearch/build-tools/src/main/java/org/elasticsearch/gradle/testclusters/TestClusterConfiguration.java:51: warning: no comment
    void keystore(String key, File value, PropertyNormalization normalization);
         ^
/elasticsearch/build-tools/src/main/java/org/elasticsearch/gradle/testclusters/TestClusterConfiguration.java:45: warning: no comment
    void keystore(String key, String value);
         ^
/elasticsearch/build-tools/src/main/java/org/elasticsearch/gradle/testclusters/TestClusterConfiguration.java:47: warning: no comment
    void keystore(String key, Supplier<CharSequence> valueSupplier);
         ^
/elasticsearch/build-tools/src/main/java/org/elasticsearch/gradle/testclusters/TestClusterConfiguration.java:53: warning: no comment
    void keystore(String key, FileSupplier valueSupplier);
         ^
/elasticsearch/build-tools/src/main/java/org/elasticsearch/gradle/testclusters/TestClusterConfiguration.java:55: warning: no comment
    void keystorePassword(String password);
         ^
/elasticsearch/build-tools/src/main/java/org/elasticsearch/gradle/testclusters/TestClusterConfiguration.java:43: warning: no comment
    void module(String moduleProjectPath);
         ^
/elasticsearch/build-tools/src/main/java/org/elasticsearch/gradle/testclusters/TestClusterConfiguration.java:41: warning: no comment
    void module(Provider<RegularFile> module);
         ^
/elasticsearch/build-tools/src/main/java/org/elasticsearch/gradle/testclusters/ElasticsearchCluster.java:368: warning: no comment
    public void nextNodeToNextVersion() {
                ^
/elasticsearch/build-tools/src/main/java/org/elasticsearch/gradle/testclusters/TestClusterConfiguration.java:39: warning: no comment
    void plugin(String pluginProjectPath);
         ^
/elasticsearch/build-tools/src/main/java/org/elasticsearch/gradle/testclusters/TestClusterConfiguration.java:37: warning: no comment
    void plugin(Provider<RegularFile> plugin);
         ^
/elasticsearch/build-tools/src/main/java/org/elasticsearch/gradle/testclusters/TestClusterConfiguration.java:101: warning: no comment
    void requiresFeature(String feature, Version from);
         ^
/elasticsearch/build-tools/src/main/java/org/elasticsearch/gradle/testclusters/TestClusterConfiguration.java:103: warning: no comment
    void requiresFeature(String feature, Version from, Version until);
         ^
/elasticsearch/build-tools/src/main/java/org/elasticsearch/gradle/testclusters/TestClusterConfiguration.java:89: warning: no comment
    void restart();
         ^
/elasticsearch/build-tools/src/main/java/org/elasticsearch/gradle/testclusters/TestClusterConfiguration.java:99: warning: no comment
    void rolesFile(File rolesYml);
         ^
/elasticsearch/build-tools/src/main/java/org/elasticsearch/gradle/testclusters/TestClusterConfiguration.java:115: warning: no comment
    void setNameCustomization(Function<String, String> nameSupplier);
         ^
/elasticsearch/build-tools/src/main/java/org/elasticsearch/gradle/testclusters/ElasticsearchCluster.java:113: warning: no comment
    public void setNumberOfNodes(int numberOfNodes) {
                ^
/elasticsearch/build-tools/src/main/java/org/elasticsearch/gradle/testclusters/TestClusterConfiguration.java:83: warning: no comment
    void setPreserveDataDir(boolean preserveDataDir);
         ^
/elasticsearch/build-tools/src/main/java/org/elasticsearch/gradle/testclusters/TestClusterConfiguration.java:35: warning: no comment
    void setTestDistribution(TestDistribution distribution);
         ^
/elasticsearch/build-tools/src/main/java/org/elasticsearch/gradle/testclusters/TestClusterConfiguration.java:59: warning: no comment
    void setting(String key, String value);
         ^
/elasticsearch/build-tools/src/main/java/org/elasticsearch/gradle/testclusters/TestClusterConfiguration.java:61: warning: no comment
    void setting(String key, String value, PropertyNormalization normalization);
         ^
/elasticsearch/build-tools/src/main/java/org/elasticsearch/gradle/testclusters/TestClusterConfiguration.java:63: warning: no comment
    void setting(String key, Supplier<CharSequence> valueSupplier);
         ^
/elasticsearch/build-tools/src/main/java/org/elasticsearch/gradle/testclusters/TestClusterConfiguration.java:65: warning: no comment
    void setting(String key, Supplier<CharSequence> valueSupplier, PropertyNormalization normalization);
         ^
/elasticsearch/build-tools/src/main/java/org/elasticsearch/gradle/testclusters/TestClusterConfiguration.java:31: warning: no comment
    void setVersion(String version);
         ^
/elasticsearch/build-tools/src/main/java/org/elasticsearch/gradle/testclusters/TestClusterConfiguration.java:33: warning: no comment
    void setVersions(List<String> version);
         ^
/elasticsearch/build-tools/src/main/java/org/elasticsearch/gradle/testclusters/ElasticsearchCluster.java:482: warning: no comment
    public ElasticsearchNode singleNode() {
                             ^
/elasticsearch/build-tools/src/main/java/org/elasticsearch/gradle/testclusters/TestClusterConfiguration.java:87: warning: no comment
    void start();
         ^
/elasticsearch/build-tools/src/main/java/org/elasticsearch/gradle/testclusters/TestClusterConfiguration.java:113: warning: no comment
    void stop(boolean tailLogs);
         ^
/elasticsearch/build-tools/src/main/java/org/elasticsearch/gradle/testclusters/TestClusterConfiguration.java:67: warning: no comment
    void systemProperty(String key, String value);
         ^
/elasticsearch/build-tools/src/main/java/org/elasticsearch/gradle/testclusters/TestClusterConfiguration.java:69: warning: no comment
    void systemProperty(String key, Supplier<CharSequence> valueSupplier);
         ^
/elasticsearch/build-tools/src/main/java/org/elasticsearch/gradle/testclusters/TestClusterConfiguration.java:71: warning: no comment
    void systemProperty(String key, Supplier<CharSequence> valueSupplier, PropertyNormalization normalization);
         ^
/elasticsearch/build-tools/src/main/java/org/elasticsearch/gradle/testclusters/TestClusterConfiguration.java:97: warning: no comment
    void user(Map<String, String> userSpec);
         ^
/elasticsearch/build-tools/src/main/java/org/elasticsearch/gradle/testclusters/ElasticsearchCluster.java:459: warning: no comment
    public void waitForAllConditions() {
                ^
/elasticsearch/build-tools/src/main/java/org/elasticsearch/gradle/ElasticsearchDistribution.java:113: warning: no @param for type
    public void setType(String type) {
                ^
/elasticsearch/build-tools/src/main/java/org/elasticsearch/gradle/ElasticsearchDistribution.java:161: warning: no @return
    public ElasticsearchDistribution maybeFreeze() {
                                     ^
/elasticsearch/build-tools/src/main/java/org/elasticsearch/gradle/ElasticsearchDistribution.java:24: warning: no comment
public class ElasticsearchDistribution implements Buildable, Iterable<File> {
       ^
/elasticsearch/build-tools/src/main/java/org/elasticsearch/gradle/ElasticsearchDistribution.java:26: warning: no comment
    public enum Platform {
           ^
/elasticsearch/build-tools/src/main/java/org/elasticsearch/gradle/ElasticsearchDistribution.java:38: warning: no comment
    public static final Platform CURRENT_PLATFORM = OS.<Platform>conditional()
                                 ^
/elasticsearch/build-tools/src/main/java/org/elasticsearch/gradle/ElasticsearchDistribution.java:147: warning: no comment
    public Architecture getArchitecture() {
                        ^
Picked up JAVA_TOOL_OPTIONS:  -Dfile.encoding=UTF8 -Djava.security.egd=file:/dev/./urandom
Picked up JAVA_TOOL_OPTIONS:  -Dfile.encoding=UTF8 -Djava.security.egd=file:/dev/./urandom
100 warnings
Picked up JAVA_TOOL_OPTIONS:  -Dfile.encoding=UTF8 -Djava.security.egd=file:/dev/./urandom
Picked up JAVA_TOOL_OPTIONS:  -Dfile.encoding=UTF8 -Djava.security.egd=file:/dev/./urandom
Picked up JAVA_TOOL_OPTIONS:  -Dfile.encoding=UTF8 -Djava.security.egd=file:/dev/./urandom
Picked up JAVA_TOOL_OPTIONS:  -Dfile.encoding=UTF8 -Djava.security.egd=file:/dev/./urandom
Picked up JAVA_TOOL_OPTIONS:  -Dfile.encoding=UTF8 -Djava.security.egd=file:/dev/./urandom

FAILURE: Build completed with 4 failures.

1: Task failed with an exception.
-----------
* What went wrong:
A problem was found with the configuration of task ':distribution:docker:ironbank-docker-export:exportIronBankDockerImage' (type 'LoggedExec').
  - Type 'org.elasticsearch.gradle.LoggedExec' property '$1' specifies file '/elasticsearch/distribution/docker/build/markers/buildIronBankDockerImage.marker' which doesn't exist.
    
    Reason: An input file was expected to be present but it doesn't exist.
    
    Possible solutions:
      1. Make sure the file exists before the task is called.
      2. Make sure that the task which produces the file is declared as an input.
    
    Please refer to https://docs.gradle.org/7.4.1/userguide/validation_problems.html#input_file_does_not_exist for more details about this problem.

* Try:
> Run with --stacktrace option to get the stack trace.
> Run with --info or --debug option to get more log output.
> Run with --scan to get full insights.
==============================================================================

2: Task failed with an exception.
-----------
* What went wrong:
A problem was found with the configuration of task ':distribution:docker:cloud-docker-export:exportCloudDockerImage' (type 'LoggedExec').
  - Type 'org.elasticsearch.gradle.LoggedExec' property '$1' specifies file '/elasticsearch/distribution/docker/build/markers/buildCloudDockerImage.marker' which doesn't exist.
    
    Reason: An input file was expected to be present but it doesn't exist.
    
    Possible solutions:
      1. Make sure the file exists before the task is called.
      2. Make sure that the task which produces the file is declared as an input.
    
    Please refer to https://docs.gradle.org/7.4.1/userguide/validation_problems.html#input_file_does_not_exist for more details about this problem.

* Try:
> Run with --stacktrace option to get the stack trace.
> Run with --info or --debug option to get more log output.
> Run with --scan to get full insights.
==============================================================================

3: Task failed with an exception.
-----------
* What went wrong:
A problem was found with the configuration of task ':distribution:docker:docker-export:exportDockerImage' (type 'LoggedExec').
  - Type 'org.elasticsearch.gradle.LoggedExec' property '$1' specifies file '/elasticsearch/distribution/docker/build/markers/buildDockerImage.marker' which doesn't exist.
    
    Reason: An input file was expected to be present but it doesn't exist.
    
    Possible solutions:
      1. Make sure the file exists before the task is called.
      2. Make sure that the task which produces the file is declared as an input.
    
    Please refer to https://docs.gradle.org/7.4.1/userguide/validation_problems.html#input_file_does_not_exist for more details about this problem.

* Try:
> Run with --stacktrace option to get the stack trace.
> Run with --info or --debug option to get more log output.
> Run with --scan to get full insights.
==============================================================================

4: Task failed with an exception.
-----------
* What went wrong:
A problem was found with the configuration of task ':distribution:docker:cloud-ess-docker-export:exportCloudEssDockerImage' (type 'LoggedExec').
  - Type 'org.elasticsearch.gradle.LoggedExec' property '$1' specifies file '/elasticsearch/distribution/docker/build/markers/buildCloudEssDockerImage.marker' which doesn't exist.
    
    Reason: An input file was expected to be present but it doesn't exist.
    
    Possible solutions:
      1. Make sure the file exists before the task is called.
      2. Make sure that the task which produces the file is declared as an input.
    
    Please refer to https://docs.gradle.org/7.4.1/userguide/validation_problems.html#input_file_does_not_exist for more details about this problem.

* Try:
> Run with --stacktrace option to get the stack trace.
> Run with --info or --debug option to get more log output.
> Run with --scan to get full insights.
==============================================================================

* Get more help at https://help.gradle.org

BUILD FAILED in 2m
-----------------------------------
elasticsearch_test_hotspot_0_FAILED
-----------------------------------
   # =================== Info =================== Info =================== Info =================== #
   # EXTRA_DOCKER_ARGS set as "-v /tmp/tmp.pyHOlv4KeZ/jdk-17.0.13+11:/opt/java/openjdk"                                #
   # =================== Info =================== Info =================== Info =================== #
   # =================== Info =================== Info =================== Info =================== #
   # TEST_JDK_HOME of /tmp/tmp.pyHOlv4KeZ/jdk-17.0.13+11 is used in EXTRA_DOCKER_ARGS                                #
   # =================== Info =================== Info =================== Info =================== #
No DOCKERIMAGE_TAG set, tag as default 'nightly'
DOCKERIMAGE_TAG nightly has been recognized.
The test here is elasticsearch
The directory in the external.sh is elasticsearch
elasticsearch-test
Untagged: localhost/adoptopenjdk-elasticsearch-test:17-jdk-ubuntu-hotspot-full
Deleted: f9c913a5a4287cd344d82349b6df1a876912f0e3e16c438a4ae01745fc1989f9
Deleted: 983b4e1e193d3233f244aba0083058ffbfcbc61a1258e35fe17a775838fbac27
Deleted: 9f35b0aa760c0fc4babd36f95f5642471e90aaf079d76961fb94063866f22195
Deleted: c3a2b9c760a28e42e9068f0ac03f09175fd216aad71c2b290fe93ce78f84a074
Deleted: 4a88518e7bc75852d5f1fb1154b8bb21129afd5fd726c2757b5e2393797c2e33
Deleted: 612ee4ba9308facdaa6303250c1ab74e7c9449108b7d561ee1a7429ffbade645
Deleted: 713d3748f9ff6d8215dd07a42ce47d0e4810e5ae700d9e02b9495f67a02a9e93
Deleted: eb73a1135b5e53697f89e9994e57d23c0e738b1d3a3dc5293da93bba562cd7cd
Deleted: cee2367d265a83b6db006f81bbe6252cee0c0b6d3d9f42862860b1f87b537357
Deleted: 32d665db5b13e83e7f767caad37bc3f55ba3fb3b8fd890d1b25511958b22591a
Deleted: 6ec69bc5330341ed51ea642c98aab1637573556045751ab73814bb15fd5cba00
Deleted: a5a5f5a35957aed8086a3eb46a5d14adb488ca61029237fffedec08250d93040
Deleted: d767f546466e25fb761b3cff14adf5f43f1f85af055c1c03b52aeec90e6dabf3
Deleted: 2464041222ce0f6550c54ff72f247d408d2a961422a297d71e883a5e73e9d06d
Deleted: d45bff4fbef5feadfecbb4d499a91d2e7045912a1d53d6f0ba713d8c2408f845
Deleted: 6267b3f1cd4888cf6644a6cdf211051bcde5db4753161689bd4d21aa96595e84
Deleted: 9df22e16a37452b1aabe5dcf034ad21a4fd4f3037de233cb267b5ed5a4f489c1
Deleted: 22a168d0257ba150126b847f6f927929e4e00c9af780e3b5621c00de9a8b3b45
Deleted: 361ac1a4503955231554a081715f4735f9db56a62b35c5c8885be8168badfa6e
Deleted: c5b57d01e743358a117e132d7f2e5272680a6e66e7e7084e1d4affd6abadd88d
Deleted: d24036709c0502ac99cb967606b17d8e9dfac91e6c80c03f16b347e09e218381
Error: invalid reference format

TEST TEARDOWN:
Nothing to be done for teardown.
elasticsearch_test_hotspot_0 Finish Time: Wed Dec 11 17:28:31 2024 Epoch Time (ms): 1733934511071
make[4]: Leaving directory '/home/jvanek/git/aqa-tests/external/elasticsearch'
make[3]: Leaving directory '/home/jvanek/git/aqa-tests/external'
make[2]: Leaving directory '/home/jvanek/git/aqa-tests'


All tests finished, run result summary:
cd "/home/jvanek/git/aqa-tests/TKG/../TKG/scripts"; \
perl "resultsSum.pl" --failuremk="/home/jvanek/git/aqa-tests/TKG/../TKG/failedtargets.mk" --resultFile="/home/jvanek/git/aqa-tests/TKG/../TKG/output_17339343879484/TestTargetResult" --platFile="/home/jvanek/git/aqa-tests/TKG/../TKG/resources/buildPlatformMap.properties" --diagnostic=failure --jdkVersion=17 --jdkImpl=hotspot --jdkVendor="eclipse" --spec=linux_x86-64 --buildList=external/elasticsearch --customTarget="" --testTarget=elasticsearch_test_hotspot --tapPath=/home/jvanek/git/aqa-tests/TKG/../TKG/output_17339343879484/ --tapName= --comment=""


TEST TARGETS SUMMARY
++++++++++++++++++++++++++++++++++++++++++++++++++++++++++++++++++++++++++
FAILED test targets:
	elasticsearch_test_hotspot_0

TOTAL: 1   EXECUTED: 1   PASSED: 0   FAILED: 1   DISABLED: 0   SKIPPED: 0
++++++++++++++++++++++++++++++++++++++++++++++++++++++++++++++++++++++++++

To rebuild the failed test in a jenkins job, copy the following link and fill out the <Jenkins URL> and <FAILED test target>:
<Jenkins URL>/parambuild/?JDK_VERSION=17&JDK_IMPL=hotspot&JDK_VENDOR=eclipse&BUILD_LIST=external/elasticsearch&PLATFORM=x86-64_linux&TARGET=<FAILED test target>

For example, to rebuild the failed tests in <Jenkins URL>=https://ci.adoptium.net/job/Grinder, use the following links:
https://ci.adoptium.net/job/Grinder/parambuild/?JDK_VERSION=17&JDK_IMPL=hotspot&JDK_VENDOR=eclipse&BUILD_LIST=external/elasticsearch&PLATFORM=x86-64_linux&TARGET=elasticsearch_test_hotspot_0
++++++++++++++++++++++++++++++++++++++++++++++++++++++++++++++++++++++++++
make[1]: *** [settings.mk:446: resultsSummary] Error 2
make[1]: Leaving directory '/home/jvanek/git/aqa-tests/TKG'
make: *** [makefile:61: _elasticsearch_test_hotspot] Error 2
compilation: 0
runtime: 2
