JAVA_HOME is set to /tmp/tmp.d5qkujfeEy/jdk8u432-b06
LIB_DIR is set to /home/jvanek/git/aqa-tests/TKG/../TKG/lib
rm -f -r /home/jvanek/git/aqa-tests/TKG/../TKG/output_compilation; \
mkdir -p /home/jvanek/git/aqa-tests/TKG/../TKG/output_compilation; \
(ant -f ./scripts/build_tools.xml -DTEST_JDK_HOME=/tmp/tmp.d5qkujfeEy/jdk8u432-b06 -DTEST_ROOT=/home/jvanek/git/aqa-tests/TKG/.. -DLIB_DIR=/home/jvanek/git/aqa-tests/TKG/../TKG/lib 2>&1; echo $? ) | tee "/home/jvanek/git/aqa-tests/TKG/../TKG/output_compilation/compilation.log"; \
if [ -z "$(tail -1 /home/jvanek/git/aqa-tests/TKG/../TKG/output_compilation/compilation.log | grep 0)" ]; then perl scripts/moveDmp.pl --compileLogPath="/home/jvanek/git/aqa-tests/TKG/../TKG/output_compilation/compilation.log" --testRoot="/home/jvanek/git/aqa-tests/TKG/.."; false; else rm -f -r "/home/jvanek/git/aqa-tests/TKG/../TKG/output_compilation"; fi
Buildfile: /home/jvanek/git/aqa-tests/TKG/scripts/build_tools.xml

build:

clean:
   [delete] Deleting: /home/jvanek/git/aqa-tests/TKG/autoGenEnv.mk
   [delete] Deleting: /home/jvanek/git/aqa-tests/TKG/utils.mk
   [delete] Deleting directory /home/jvanek/git/aqa-tests/TKG/bin

init:
    [mkdir] Created dir: /home/jvanek/git/aqa-tests/TKG/bin

getDependentLibs:
     [exec] --------------------------------------------
     [exec] path is set to /home/jvanek/git/aqa-tests/TKG/../TKG/lib
     [exec] task is set to default
     [exec] dependencyList is set to json_simple
     [exec] --------------------------------------------
     [exec] Starting download third party dependent jars
     [exec] --------------------------------------------
     [exec] downloading dependent third party jars to /home/jvanek/git/aqa-tests/TKG/../TKG/lib
     [exec] /home/jvanek/git/aqa-tests/TKG/../TKG/lib/json-simple.jar exists with correct hash, not downloading
     [exec] downloaded dependent third party jars successfully

compile:
     [echo] Ant version is Apache Ant(TM) version 1.10.12 compiled on July 19 2023
     [echo] ============COMPILER SETTINGS============
     [echo] ===fork:                         yes
     [echo] ===debug:                        on
    [javac] Compiling 27 source files to /home/jvanek/git/aqa-tests/TKG/bin

dist:
      [jar] Building jar: /home/jvanek/git/aqa-tests/TKG/bin/TestKitGen.jar

BUILD SUCCESSFUL
Total time: 0 seconds
0
/tmp/tmp.d5qkujfeEy/jdk8u432-b06/bin/java -cp ./bin/TestKitGen.jar org.openj9.envInfo.EnvDetector
Unfamiliar microArch detected in TKG. It will not be added in TKG microArch!
microArchOutput: model name	: 11th Gen Intel(R) Core(TM) i7-11850H @ 2.50GHz
****************************** MACHINE INFO ******************************
File path : /home/jvanek/git/aqa-tests/TKG
Free Physical Memory Size : 8202850304
Free space (bytes) : 278862258176
Total Physical Memory Size : 67106488320
Total space (bytes) : 632976211968
Usable space (bytes) : 246633648128
antVersion : Apache Ant(TM) version 1.10.12 compiled on July 19 2023
cpuCores : 16
curlVersion : 
	curl 8.2.1 (x86_64-redhat-linux-gnu) libcurl/8.2.1 OpenSSL/3.1.4 zlib/1.2.13 libidn2/2.3.7 nghttp2/1.55.1
	Release-Date: 2023-07-26
	Protocols: file ftp ftps http https
	Features: alt-svc AsynchDNS GSS-API HSTS HTTP2 HTTPS-proxy IDN IPv6 Kerberos Largefile libz SPNEGO SSL threadsafe UnixSockets
docker : not on docker
gcc version : 13
gclibc version : ldd (GNU libc) 2.38
gdb version : GNU gdb (Fedora Linux) 15.1-1.fc39
lldb version : Command could not be executed
makeVersion : 
	GNU Make 4.4.1
	Built for x86_64-redhat-linux-gnu
	Copyright (C) 1988-2023 Free Software Foundation, Inc.
	License GPLv3+: GNU GPL version 3 or later <https://gnu.org/licenses/gpl.html>
	This is free software: you are free to change and redistribute it.
	There is NO WARRANTY, to the extent permitted by law.
perlVersion : 
	
	This is perl 5, version 38, subversion 2 (v5.38.2) built for x86_64-linux-thread-multi
	(with 15 registered patches, see perl -V for more detail)
	
	Copyright 1987-2023, Larry Wall
	
	Perl may be copied only under the terms of either the Artistic License or the
	GNU General Public License, which may be found in the Perl 5 source kit.
	
	Complete documentation for Perl, including FAQ lists, should be found on
	this system using "man perl" or "perldoc perl".  If you have access to the
	Internet, point your browser at https://www.perl.org/, the Perl Home Page.
	
procArch : unknown
sysArch : x86_64
sysOS : Linux
ulimit : 
	real-time non-blocking time  (microseconds, -R) unlimited
	core file size              (blocks, -c) unlimited
	data seg size               (kbytes, -d) unlimited
	scheduling priority                 (-e) 0
	file size                   (blocks, -f) unlimited
	pending signals                     (-i) 255386
	max locked memory           (kbytes, -l) 8192
	max memory size             (kbytes, -m) unlimited
	open files                          (-n) 524288
	pipe size                (512 bytes, -p) 8
	POSIX message queues         (bytes, -q) 819200
	real-time priority                  (-r) 0
	stack size                  (kbytes, -s) 8192
	cpu time                   (seconds, -t) unlimited
	max user processes                  (-u) 255386
	virtual memory              (kbytes, -v) unlimited
	file locks                          (-x) unlimited
uname : Linux fedora 6.11.6-100.fc39.x86_64 #1 SMP PREEMPT_DYNAMIC Fri Nov  1 16:07:59 UTC 2024 x86_64 GNU/Linux
vmVendor : Oracle Corporation
vmVersion : 25.432-b06
xlc version : bash: line 1: xlC: command not found
**************************************************************************

System.getProperty('java.vm.name')=OpenJDK 64-Bit Server VM

System.getProperty('java.vendor')=Temurin

Warning: cannot determine vendor, use System.getProperty('java.vendor')=Temurin directly.

System.getProperty('os.name')=Linux

System.getProperty('os.arch')=amd64

System.getProperty('java.fullversion')=null

System.getProperty('sun.arch.data.model')=64

make -f clean.mk cleanBuild
make[1]: Entering directory '/home/jvanek/git/aqa-tests/TKG'
rm -f -r /home/jvanek/git/aqa-tests/TKG/../../jvmtest
make[1]: Leaving directory '/home/jvanek/git/aqa-tests/TKG'
make -f compile.mk compile
make[1]: Entering directory '/home/jvanek/git/aqa-tests/TKG'
rm -f -r /home/jvanek/git/aqa-tests/TKG/../TKG/output_compilation; \
mkdir -p /home/jvanek/git/aqa-tests/TKG/../TKG/output_compilation; \
(ant -f scripts/build_test.xml -DTEST_ROOT=/home/jvanek/git/aqa-tests/TKG/.. -DBUILD_ROOT=/home/jvanek/git/aqa-tests/TKG/../../jvmtest -DJDK_VERSION=8 -DJDK_IMPL=hotspot -DJDK_VENDOR=Temurin -DJCL_VERSION=latest -DBUILD_LIST=external/scala -DRESOURCES_DIR=/home/jvanek/git/aqa-tests/TKG/../../jvmtest/TestConfig/resources -DSPEC=linux_x86-64 -DTEST_JDK_HOME=/tmp/tmp.d5qkujfeEy/jdk8u432-b06 -DJVM_VERSION=openjdk8 -DLIB_DIR=/home/jvanek/git/aqa-tests/TKG/../TKG/lib  2>&1; echo $? ) | tee "/home/jvanek/git/aqa-tests/TKG/../TKG/output_compilation/compilation.log"; \
if [ -z "$(tail -1 /home/jvanek/git/aqa-tests/TKG/../TKG/output_compilation/compilation.log | grep 0)" ]; then perl scripts/moveDmp.pl --compileLogPath="/home/jvanek/git/aqa-tests/TKG/../TKG/output_compilation/compilation.log" --testRoot="/home/jvanek/git/aqa-tests/TKG/.."; false; else rm -f -r "/home/jvanek/git/aqa-tests/TKG/../TKG/output_compilation"; fi
Buildfile: /home/jvanek/git/aqa-tests/TKG/scripts/build_test.xml
     [echo]  build.list is TestConfig/build.xml,external/scala/build.xml 

-create_test_directory:
    [mkdir] Created dir: /home/jvanek/git/jvmtest

stage_test_material:
     [copy] Copying 185 files to /home/jvanek/git/jvmtest
     [copy] Copied 130 empty directories to 42 empty directories under /home/jvanek/git/jvmtest

build:

init:
    [mkdir] Created dir: /home/jvanek/git/jvmtest/TestConfig

build:
     [copy] Copying 22 files to /home/jvanek/git/jvmtest/TestConfig
     [copy] Copied 9 empty directories to 4 empty directories under /home/jvanek/git/jvmtest/TestConfig
     [copy] Copying 2 files to /home/jvanek/git/jvmtest/TestConfig

build:

move_scripts:
     [copy] Copying 2 files to /home/jvanek/git/jvmtest/external/scala
     [copy] Copying 9 files to /home/jvanek/git/jvmtest/external

clean_image:
     [echo] Executing external.sh --clean --dir scala --tag nightly --version 8 --impl hotspot 
     [exec]    # =================== Info =================== Info =================== Info =================== #
     [exec]    # EXTRA_DOCKER_ARGS set as "-v /tmp/tmp.d5qkujfeEy/jdk8u432-b06:/opt/java/openjdk"                                #
     [exec]    # =================== Info =================== Info =================== Info =================== #
     [exec]    # =================== Info =================== Info =================== Info =================== #
     [exec]    # TEST_JDK_HOME of /tmp/tmp.d5qkujfeEy/jdk8u432-b06 is used in EXTRA_DOCKER_ARGS                                #
     [exec]    # =================== Info =================== Info =================== Info =================== #
     [exec] The test here is scala
     [exec] The directory in the external.sh is scala
     [exec] DOCKERIMAGE_TAG nightly has been recognized.
     [exec] Error: invalid reference format
     [exec] Result: 125

build_image:
     [echo] Executing external.sh --build --dir scala --tag nightly --version 8 --impl hotspot --platform linux_x86-64 --docker_args -v /tmp/tmp.d5qkujfeEy/jdk8u432-b06:/opt/java/openjdk 
     [exec]    # =================== Info =================== Info =================== Info =================== #
     [exec]    # EXTRA_DOCKER_ARGS set as "-v /tmp/tmp.d5qkujfeEy/jdk8u432-b06:/opt/java/openjdk"                                #
     [exec]    # =================== Info =================== Info =================== Info =================== #
     [exec]    # =================== Info =================== Info =================== Info =================== #
     [exec]    # TEST_JDK_HOME of /tmp/tmp.d5qkujfeEy/jdk8u432-b06 is used in EXTRA_DOCKER_ARGS                                #
     [exec]    # =================== Info =================== Info =================== Info =================== #
     [exec] The test here is scala
     [exec] The directory in the external.sh is scala
     [exec] DOCKERIMAGE_TAG nightly has been recognized.
     [exec] build_image.sh scala 8 hotspot ubuntu jdk full linux_x86-64 default 0 
     [exec] /home/jvanek/git/jvmtest/external
     [exec] 
     [exec] Writing /home/jvanek/git/jvmtest/external/scala/dockerfile/8/jdk/ubuntu/Dockerfile.hotspot.full ... fedora
     [exec] done
     [exec] 
     [exec] The test in the build_image() function is scala
     [exec] #####################################################
     [exec] INFO:  podman build  --no-cache -t adoptopenjdk-scala-test:8-jdk-ubuntu-hotspot-full -f /home/jvanek/git/jvmtest/external/scala/dockerfile/8/jdk/ubuntu/Dockerfile.hotspot.full /home/jvanek/git/jvmtest/external/
     [exec] #####################################################
     [exec] STEP 1/27: FROM fedora:40
     [exec] STEP 2/27: ENV RESULT_COMMENT="IN CONTAINER(not-as-root/podman)"
     [exec] --> 1c9b5e7be216
     [exec] STEP 3/27: ARG SCALA_TAG=v2.13.8
     [exec] --> d9c4e0fadf62
     [exec] STEP 4/27: RUN dnf install -y  gpg git wget tar curl  	&& dnf clean all
     [exec] Fedora 40 - x86_64                               18 MB/s |  20 MB     00:01    
     [exec] Fedora 40 openh264 (From Cisco) - x86_64        871  B/s | 1.4 kB     00:01    
     [exec] Fedora 40 - x86_64 - Updates                     14 MB/s |  11 MB     00:00    
     [exec] Package gnupg2-2.4.4-1.fc40.x86_64 is already installed.
     [exec] Package tar-2:1.35-3.fc40.x86_64 is already installed.
     [exec] Package curl-8.6.0-8.fc40.x86_64 is already installed.
     [exec] Dependencies resolved.
     [exec] ================================================================================
     [exec]  Package                  Arch     Version                      Repo       Size
     [exec] ================================================================================
     [exec] Installing:
     [exec]  git                      x86_64   2.47.1-1.fc40                updates    51 k
     [exec]  wget2-wget               x86_64   2.2.0-1.fc40                 updates   9.4 k
     [exec] Upgrading:
     [exec]  gnutls                   x86_64   3.8.6-1.fc40                 updates   1.1 M
     [exec]  libblkid                 x86_64   2.40.2-1.fc40                updates   124 k
     [exec]  libmount                 x86_64   2.40.2-1.fc40                updates   155 k
     [exec]  libsmartcols             x86_64   2.40.2-1.fc40                updates    83 k
     [exec]  libuuid                  x86_64   2.40.2-1.fc40                updates    29 k
     [exec] Installing dependencies:
     [exec]  git-core                 x86_64   2.47.1-1.fc40                updates   4.8 M
     [exec]  git-core-doc             noarch   2.47.1-1.fc40                updates   3.0 M
     [exec]  gnutls-dane              x86_64   3.8.6-1.fc40                 updates    39 k
     [exec]  gpgme                    x86_64   1.23.2-3.fc40                fedora    211 k
     [exec]  groff-base               x86_64   1.23.0-6.fc40                fedora    1.1 M
     [exec]  less                     x86_64   643-6.fc40                   updates   175 k
     [exec]  libcbor                  x86_64   0.11.0-1.fc40                fedora     33 k
     [exec]  libedit                  x86_64   3.1-53.20240808cvs.fc40      updates   105 k
     [exec]  libfdisk                 x86_64   2.40.2-1.fc40                updates   159 k
     [exec]  libfido2                 x86_64   1.14.0-4.fc40                fedora     98 k
     [exec]  libutempter              x86_64   1.2.1-13.fc40                fedora     26 k
     [exec]  ncurses                  x86_64   6.4-12.20240127.fc40         fedora    421 k
     [exec]  openssh                  x86_64   9.6p1-1.fc40.4               updates   425 k
     [exec]  openssh-clients          x86_64   9.6p1-1.fc40.4               updates   748 k
     [exec]  perl-AutoLoader          noarch   5.74-506.fc40                fedora     22 k
     [exec]  perl-B                   x86_64   1.88-506.fc40                fedora    176 k
     [exec]  perl-Carp                noarch   1.54-502.fc40                fedora     29 k
     [exec]  perl-Class-Struct        noarch   0.68-506.fc40                fedora     23 k
     [exec]  perl-Data-Dumper         x86_64   2.188-503.fc40               fedora     56 k
     [exec]  perl-Digest              noarch   1.20-502.fc40                fedora     25 k
     [exec]  perl-Digest-MD5          x86_64   2.59-3.fc40                  fedora     36 k
     [exec]  perl-DynaLoader          x86_64   1.54-506.fc40                fedora     26 k
     [exec]  perl-Encode              x86_64   4:3.21-505.fc40              fedora    1.1 M
     [exec]  perl-Errno               x86_64   1.37-506.fc40                fedora     15 k
     [exec]  perl-Error               noarch   1:0.17029-15.fc40            fedora     40 k
     [exec]  perl-Exporter            noarch   5.78-3.fc40                  fedora     31 k
     [exec]  perl-Fcntl               x86_64   1.15-506.fc40                fedora     21 k
     [exec]  perl-File-Basename       noarch   2.86-506.fc40                fedora     18 k
     [exec]  perl-File-Find           noarch   1.43-506.fc40                fedora     26 k
     [exec]  perl-File-Path           noarch   2.18-503.fc40                fedora     35 k
     [exec]  perl-File-Temp           noarch   1:0.231.100-503.fc40         fedora     59 k
     [exec]  perl-File-stat           noarch   1.13-506.fc40                fedora     18 k
     [exec]  perl-FileHandle          noarch   2.05-506.fc40                fedora     16 k
     [exec]  perl-Getopt-Long         noarch   1:2.57-4.fc40                updates    63 k
     [exec]  perl-Getopt-Std          noarch   1.13-506.fc40                fedora     16 k
     [exec]  perl-Git                 noarch   2.47.1-1.fc40                updates    38 k
     [exec]  perl-HTTP-Tiny           noarch   0.088-5.fc40                 fedora     56 k
     [exec]  perl-IO                  x86_64   1.52-506.fc40                fedora     83 k
     [exec]  perl-IO-Socket-IP        noarch   0.42-2.fc40                  fedora     42 k
     [exec]  perl-IO-Socket-SSL       noarch   2.085-1.fc40                 fedora    229 k
     [exec]  perl-IPC-Open3           noarch   1.22-506.fc40                fedora     22 k
     [exec]  perl-MIME-Base64         x86_64   3.16-503.fc40                fedora     30 k
     [exec]  perl-Mozilla-CA          noarch   20231213-3.fc40              fedora     14 k
     [exec]  perl-Net-SSLeay          x86_64   1.94-3.fc40                  fedora    385 k
     [exec]  perl-POSIX               x86_64   2.13-506.fc40                fedora     97 k
     [exec]  perl-PathTools           x86_64   3.89-502.fc40                fedora     87 k
     [exec]  perl-Pod-Escapes         noarch   1:1.07-503.fc40              fedora     20 k
     [exec]  perl-Pod-Perldoc         noarch   3.28.01-503.fc40             fedora     86 k
     [exec]  perl-Pod-Simple          noarch   1:3.45-6.fc40                fedora    219 k
     [exec]  perl-Pod-Usage           noarch   4:2.03-504.fc40              updates    40 k
     [exec]  perl-Scalar-List-Utils   x86_64   5:1.63-503.fc40              fedora     73 k
     [exec]  perl-SelectSaver         noarch   1.02-506.fc40                fedora     12 k
     [exec]  perl-Socket              x86_64   4:2.038-1.fc40               updates    55 k
     [exec]  perl-Storable            x86_64   1:3.32-502.fc40              fedora     98 k
     [exec]  perl-Symbol              noarch   1.09-506.fc40                fedora     15 k
     [exec]  perl-Term-ANSIColor      noarch   5.01-504.fc40                fedora     48 k
     [exec]  perl-Term-Cap            noarch   1.18-503.fc40                fedora     22 k
     [exec]  perl-TermReadKey         x86_64   2.38-21.fc40                 fedora     35 k
     [exec]  perl-Text-ParseWords     noarch   3.31-502.fc40                fedora     16 k
     [exec]  perl-Text-Tabs+Wrap      noarch   2024.001-1.fc40              fedora     22 k
     [exec]  perl-Time-Local          noarch   2:1.350-5.fc40               fedora     34 k
     [exec]  perl-URI                 noarch   5.28-1.fc40                  updates   133 k
     [exec]  perl-base                noarch   2.27-506.fc40                fedora     17 k
     [exec]  perl-constant            noarch   1.33-503.fc40                fedora     23 k
     [exec]  perl-if                  noarch   0.61.000-506.fc40            fedora     14 k
     [exec]  perl-interpreter         x86_64   4:5.38.2-506.fc40            fedora     72 k
     [exec]  perl-lib                 x86_64   0.65-506.fc40                fedora     15 k
     [exec]  perl-libnet              noarch   3.15-503.fc40                fedora    129 k
     [exec]  perl-libs                x86_64   4:5.38.2-506.fc40            fedora    2.3 M
     [exec]  perl-locale              noarch   1.10-506.fc40                fedora     14 k
     [exec]  perl-mro                 x86_64   1.28-506.fc40                fedora     29 k
     [exec]  perl-overload            noarch   1.37-506.fc40                fedora     46 k
     [exec]  perl-overloading         noarch   0.02-506.fc40                fedora     13 k
     [exec]  perl-parent              noarch   1:0.241-502.fc40             fedora     15 k
     [exec]  perl-podlators           noarch   1:5.01-502.fc40              fedora    126 k
     [exec]  perl-vars                noarch   1.05-506.fc40                fedora     13 k
     [exec]  protobuf-c               x86_64   1.5.0-3.fc40                 fedora     32 k
     [exec]  systemd-libs             x86_64   255.15-1.fc40                updates   707 k
     [exec]  unbound-libs             x86_64   1.21.1-3.fc40                updates   543 k
     [exec]  util-linux               x86_64   2.40.2-1.fc40                updates   1.2 M
     [exec]  util-linux-core          x86_64   2.40.2-1.fc40                updates   537 k
     [exec]  wget2                    x86_64   2.2.0-1.fc40                 updates   279 k
     [exec]  wget2-libs               x86_64   2.2.0-1.fc40                 updates   148 k
     [exec] Installing weak dependencies:
     [exec]  perl-NDBM_File           x86_64   1.16-506.fc40                fedora     23 k
     [exec]  unbound-anchor           x86_64   1.21.1-3.fc40                updates    36 k
     [exec] 
     [exec] Transaction Summary
     [exec] ================================================================================
     [exec] Install  87 Packages
     [exec] Upgrade   5 Packages
     [exec] 
     [exec] Total download size: 23 M
     [exec] Downloading Packages:
     [exec] (1/92): libcbor-0.11.0-1.fc40.x86_64.rpm        1.0 MB/s |  33 kB     00:00    
     [exec] (2/92): gpgme-1.23.2-3.fc40.x86_64.rpm          4.3 MB/s | 211 kB     00:00    
     [exec] (3/92): libfido2-1.14.0-4.fc40.x86_64.rpm       5.6 MB/s |  98 kB     00:00    
     [exec] (4/92): libutempter-1.2.1-13.fc40.x86_64.rpm    4.5 MB/s |  26 kB     00:00    
     [exec] (5/92): groff-base-1.23.0-6.fc40.x86_64.rpm      17 MB/s | 1.1 MB     00:00    
     [exec] (6/92): ncurses-6.4-12.20240127.fc40.x86_64.rpm  20 MB/s | 421 kB     00:00    
     [exec] (7/92): perl-AutoLoader-5.74-506.fc40.noarch.rp 1.3 MB/s |  22 kB     00:00    
     [exec] (8/92): perl-B-1.88-506.fc40.x86_64.rpm          15 MB/s | 176 kB     00:00    
     [exec] (9/92): perl-Carp-1.54-502.fc40.noarch.rpm      5.0 MB/s |  29 kB     00:00    
     [exec] (10/92): perl-Class-Struct-0.68-506.fc40.noarch 3.7 MB/s |  23 kB     00:00    
     [exec] (11/92): perl-Data-Dumper-2.188-503.fc40.x86_64  10 MB/s |  56 kB     00:00    
     [exec] (12/92): perl-Digest-1.20-502.fc40.noarch.rpm   4.3 MB/s |  25 kB     00:00    
     [exec] (13/92): perl-Digest-MD5-2.59-3.fc40.x86_64.rpm 6.3 MB/s |  36 kB     00:00    
     [exec] (14/92): perl-DynaLoader-1.54-506.fc40.x86_64.r 5.1 MB/s |  26 kB     00:00    
     [exec] (15/92): perl-Errno-1.37-506.fc40.x86_64.rpm    2.9 MB/s |  15 kB     00:00    
     [exec] (16/92): perl-Error-0.17029-15.fc40.noarch.rpm  4.9 MB/s |  40 kB     00:00    
     [exec] (17/92): perl-Exporter-5.78-3.fc40.noarch.rpm   3.7 MB/s |  31 kB     00:00    
     [exec] (18/92): perl-Encode-3.21-505.fc40.x86_64.rpm    64 MB/s | 1.1 MB     00:00    
     [exec] (19/92): perl-Fcntl-1.15-506.fc40.x86_64.rpm    3.9 MB/s |  21 kB     00:00    
     [exec] (20/92): perl-File-Basename-2.86-506.fc40.noarc 3.5 MB/s |  18 kB     00:00    
     [exec] (21/92): perl-File-Find-1.43-506.fc40.noarch.rp 4.9 MB/s |  26 kB     00:00    
     [exec] (22/92): perl-File-Path-2.18-503.fc40.noarch.rp 6.7 MB/s |  35 kB     00:00    
     [exec] (23/92): perl-File-Temp-0.231.100-503.fc40.noar  11 MB/s |  59 kB     00:00    
     [exec] (24/92): perl-File-stat-1.13-506.fc40.noarch.rp 3.5 MB/s |  18 kB     00:00    
     [exec] (25/92): perl-FileHandle-2.05-506.fc40.noarch.r 3.1 MB/s |  16 kB     00:00    
     [exec] (26/92): perl-Getopt-Std-1.13-506.fc40.noarch.r 3.2 MB/s |  16 kB     00:00    
     [exec] (27/92): perl-HTTP-Tiny-0.088-5.fc40.noarch.rpm  10 MB/s |  56 kB     00:00    
     [exec] (28/92): perl-IO-1.52-506.fc40.x86_64.rpm        14 MB/s |  83 kB     00:00    
     [exec] (29/92): perl-IO-Socket-IP-0.42-2.fc40.noarch.r 5.2 MB/s |  42 kB     00:00    
     [exec] (30/92): perl-IO-Socket-SSL-2.085-1.fc40.noarch  31 MB/s | 229 kB     00:00    
     [exec] (31/92): perl-IPC-Open3-1.22-506.fc40.noarch.rp 2.7 MB/s |  22 kB     00:00    
     [exec] (32/92): perl-MIME-Base64-3.16-503.fc40.x86_64. 5.5 MB/s |  30 kB     00:00    
     [exec] (33/92): perl-Mozilla-CA-20231213-3.fc40.noarch 2.7 MB/s |  14 kB     00:00    
     [exec] (34/92): perl-NDBM_File-1.16-506.fc40.x86_64.rp 4.4 MB/s |  23 kB     00:00    
     [exec] (35/92): perl-POSIX-2.13-506.fc40.x86_64.rpm     14 MB/s |  97 kB     00:00    
     [exec] (36/92): perl-Net-SSLeay-1.94-3.fc40.x86_64.rpm  36 MB/s | 385 kB     00:00    
     [exec] (37/92): perl-PathTools-3.89-502.fc40.x86_64.rp 9.5 MB/s |  87 kB     00:00    
     [exec] (38/92): perl-Pod-Escapes-1.07-503.fc40.noarch. 3.6 MB/s |  20 kB     00:00    
     [exec] (39/92): perl-Pod-Perldoc-3.28.01-503.fc40.noar  15 MB/s |  86 kB     00:00    
     [exec] (40/92): perl-Scalar-List-Utils-1.63-503.fc40.x  11 MB/s |  73 kB     00:00    
     [exec] (41/92): perl-Pod-Simple-3.45-6.fc40.noarch.rpm  28 MB/s | 219 kB     00:00    
     [exec] (42/92): perl-SelectSaver-1.02-506.fc40.noarch. 1.2 MB/s |  12 kB     00:00    
     [exec] (43/92): perl-Storable-3.32-502.fc40.x86_64.rpm  16 MB/s |  98 kB     00:00    
     [exec] (44/92): perl-Symbol-1.09-506.fc40.noarch.rpm   2.7 MB/s |  15 kB     00:00    
     [exec] (45/92): perl-Term-ANSIColor-5.01-504.fc40.noar 8.8 MB/s |  48 kB     00:00    
     [exec] (46/92): perl-Term-Cap-1.18-503.fc40.noarch.rpm 4.2 MB/s |  22 kB     00:00    
     [exec] (47/92): perl-TermReadKey-2.38-21.fc40.x86_64.r 6.1 MB/s |  35 kB     00:00    
     [exec] (48/92): perl-Text-ParseWords-3.31-502.fc40.noa 3.2 MB/s |  16 kB     00:00    
     [exec] (49/92): perl-Text-Tabs+Wrap-2024.001-1.fc40.no 4.2 MB/s |  22 kB     00:00    
     [exec] (50/92): perl-Time-Local-1.350-5.fc40.noarch.rp 6.6 MB/s |  34 kB     00:00    
     [exec] (51/92): perl-base-2.27-506.fc40.noarch.rpm     3.3 MB/s |  17 kB     00:00    
     [exec] (52/92): perl-constant-1.33-503.fc40.noarch.rpm 4.4 MB/s |  23 kB     00:00    
     [exec] (53/92): perl-if-0.61.000-506.fc40.noarch.rpm   2.9 MB/s |  14 kB     00:00    
     [exec] (54/92): perl-interpreter-5.38.2-506.fc40.x86_6  13 MB/s |  72 kB     00:00    
     [exec] (55/92): perl-lib-0.65-506.fc40.x86_64.rpm      2.8 MB/s |  15 kB     00:00    
     [exec] (56/92): perl-libnet-3.15-503.fc40.noarch.rpm    21 MB/s | 129 kB     00:00    
     [exec] (57/92): perl-locale-1.10-506.fc40.noarch.rpm   2.6 MB/s |  14 kB     00:00    
     [exec] (58/92): perl-mro-1.28-506.fc40.x86_64.rpm      5.2 MB/s |  29 kB     00:00    
     [exec] (59/92): perl-overload-1.37-506.fc40.noarch.rpm 6.2 MB/s |  46 kB     00:00    
     [exec] (60/92): perl-overloading-0.02-506.fc40.noarch. 1.9 MB/s |  13 kB     00:00    
     [exec] (61/92): perl-parent-0.241-502.fc40.noarch.rpm  1.7 MB/s |  15 kB     00:00    
     [exec] (62/92): perl-podlators-5.01-502.fc40.noarch.rp  12 MB/s | 126 kB     00:00    
     [exec] (63/92): perl-libs-5.38.2-506.fc40.x86_64.rpm    75 MB/s | 2.3 MB     00:00    
     [exec] (64/92): perl-vars-1.05-506.fc40.noarch.rpm     1.5 MB/s |  13 kB     00:00    
     [exec] (65/92): protobuf-c-1.5.0-3.fc40.x86_64.rpm     4.9 MB/s |  32 kB     00:00    
     [exec] (66/92): git-2.47.1-1.fc40.x86_64.rpm           298 kB/s |  51 kB     00:00    
     [exec] (67/92): gnutls-dane-3.8.6-1.fc40.x86_64.rpm    575 kB/s |  39 kB     00:00    
     [exec] (68/92): less-643-6.fc40.x86_64.rpm             1.1 MB/s | 175 kB     00:00    
     [exec] (69/92): git-core-doc-2.47.1-1.fc40.noarch.rpm  7.0 MB/s | 3.0 MB     00:00    
     [exec] (70/92): git-core-2.47.1-1.fc40.x86_64.rpm       11 MB/s | 4.8 MB     00:00    
     [exec] (71/92): libedit-3.1-53.20240808cvs.fc40.x86_64 1.8 MB/s | 105 kB     00:00    
     [exec] (72/92): libfdisk-2.40.2-1.fc40.x86_64.rpm      3.6 MB/s | 159 kB     00:00    
     [exec] (73/92): openssh-clients-9.6p1-1.fc40.4.x86_64.  15 MB/s | 748 kB     00:00    
     [exec] (74/92): perl-Getopt-Long-2.57-4.fc40.noarch.rp 1.5 MB/s |  63 kB     00:00    
     [exec] (75/92): perl-Git-2.47.1-1.fc40.noarch.rpm      910 kB/s |  38 kB     00:00    
     [exec] (76/92): perl-Pod-Usage-2.03-504.fc40.noarch.rp 947 kB/s |  40 kB     00:00    
     [exec] (77/92): openssh-9.6p1-1.fc40.4.x86_64.rpm      3.9 MB/s | 425 kB     00:00    
     [exec] (78/92): perl-Socket-2.038-1.fc40.x86_64.rpm    1.2 MB/s |  55 kB     00:00    
     [exec] (79/92): perl-URI-5.28-1.fc40.noarch.rpm        3.0 MB/s | 133 kB     00:00    
     [exec] (80/92): unbound-anchor-1.21.1-3.fc40.x86_64.rp 835 kB/s |  36 kB     00:00    
     [exec] (81/92): unbound-libs-1.21.1-3.fc40.x86_64.rpm   11 MB/s | 543 kB     00:00    
     [exec] (82/92): systemd-libs-255.15-1.fc40.x86_64.rpm  7.6 MB/s | 707 kB     00:00    
     [exec] (83/92): util-linux-2.40.2-1.fc40.x86_64.rpm     22 MB/s | 1.2 MB     00:00    
     [exec] (84/92): util-linux-core-2.40.2-1.fc40.x86_64.r  10 MB/s | 537 kB     00:00    
     [exec] (85/92): wget2-2.2.0-1.fc40.x86_64.rpm          5.7 MB/s | 279 kB     00:00    
     [exec] (86/92): wget2-libs-2.2.0-1.fc40.x86_64.rpm     3.3 MB/s | 148 kB     00:00    
     [exec] (87/92): wget2-wget-2.2.0-1.fc40.x86_64.rpm     228 kB/s | 9.4 kB     00:00    
     [exec] (88/92): libblkid-2.40.2-1.fc40.x86_64.rpm      2.8 MB/s | 124 kB     00:00    
     [exec] (89/92): libmount-2.40.2-1.fc40.x86_64.rpm      3.4 MB/s | 155 kB     00:00    
     [exec] (90/92): gnutls-3.8.6-1.fc40.x86_64.rpm          12 MB/s | 1.1 MB     00:00    
     [exec] (91/92): libuuid-2.40.2-1.fc40.x86_64.rpm       676 kB/s |  29 kB     00:00    
     [exec] (92/92): libsmartcols-2.40.2-1.fc40.x86_64.rpm  1.8 MB/s |  83 kB     00:00    
     [exec] --------------------------------------------------------------------------------
     [exec] Total                                            12 MB/s |  23 MB     00:01     
     [exec] Running transaction check
     [exec] Transaction check succeeded.
     [exec] Running transaction test
     [exec] Transaction test succeeded.
     [exec] Running transaction
     [exec]   Preparing        :                                                        1/1 
     [exec]   Upgrading        : libuuid-2.40.2-1.fc40.x86_64                          1/97 
     [exec]   Upgrading        : libblkid-2.40.2-1.fc40.x86_64                         2/97 
     [exec]   Installing       : systemd-libs-255.15-1.fc40.x86_64                     3/97 
     [exec]   Upgrading        : libmount-2.40.2-1.fc40.x86_64                         4/97 
     [exec]   Upgrading        : libsmartcols-2.40.2-1.fc40.x86_64                     5/97 
     [exec]   Upgrading        : gnutls-3.8.6-1.fc40.x86_64                            6/97 
     [exec]   Installing       : gpgme-1.23.2-3.fc40.x86_64                            7/97 
     [exec]   Installing       : util-linux-core-2.40.2-1.fc40.x86_64                  8/97 
     [exec]   Installing       : libfdisk-2.40.2-1.fc40.x86_64                         9/97 
     [exec]   Installing       : libedit-3.1-53.20240808cvs.fc40.x86_64               10/97 
     [exec]   Installing       : less-643-6.fc40.x86_64                               11/97 
     [exec]   Installing       : protobuf-c-1.5.0-3.fc40.x86_64                       12/97 
     [exec]   Installing       : unbound-anchor-1.21.1-3.fc40.x86_64                  13/97 
     [exec]   Running scriptlet: unbound-anchor-1.21.1-3.fc40.x86_64                  13/97 
     [exec]   Running scriptlet: unbound-libs-1.21.1-3.fc40.x86_64                    14/97 
     [exec]   Installing       : unbound-libs-1.21.1-3.fc40.x86_64                    14/97 
     [exec]   Installing       : gnutls-dane-3.8.6-1.fc40.x86_64                      15/97 
     [exec]   Installing       : wget2-libs-2.2.0-1.fc40.x86_64                       16/97 
     [exec]   Installing       : wget2-2.2.0-1.fc40.x86_64                            17/97 
     [exec]   Installing       : ncurses-6.4-12.20240127.fc40.x86_64                  18/97 
     [exec]   Running scriptlet: libutempter-1.2.1-13.fc40.x86_64                     19/97 
     [exec]   Installing       : libutempter-1.2.1-13.fc40.x86_64                     19/97 
     [exec]   Installing       : util-linux-2.40.2-1.fc40.x86_64                      20/97 
     [exec]   Running scriptlet: util-linux-2.40.2-1.fc40.x86_64                      20/97 
     [exec]   Installing       : openssh-9.6p1-1.fc40.4.x86_64                        21/97 
     [exec]   Installing       : libcbor-0.11.0-1.fc40.x86_64                         22/97 
     [exec]   Installing       : libfido2-1.14.0-4.fc40.x86_64                        23/97 
     [exec]   Installing       : openssh-clients-9.6p1-1.fc40.4.x86_64                24/97 
     [exec]   Running scriptlet: openssh-clients-9.6p1-1.fc40.4.x86_64                24/97 
     [exec]   Installing       : git-core-2.47.1-1.fc40.x86_64                        25/97 
     [exec]   Installing       : git-core-doc-2.47.1-1.fc40.noarch                    26/97 
     [exec]   Running scriptlet: groff-base-1.23.0-6.fc40.x86_64                      27/97 
     [exec]   Installing       : groff-base-1.23.0-6.fc40.x86_64                      27/97 
     [exec]   Running scriptlet: groff-base-1.23.0-6.fc40.x86_64                      27/97 
     [exec]   Installing       : perl-Digest-1.20-502.fc40.noarch                     28/97 
     [exec]   Installing       : perl-Digest-MD5-2.59-3.fc40.x86_64                   29/97 
     [exec]   Installing       : perl-B-1.88-506.fc40.x86_64                          30/97 
     [exec]   Installing       : perl-FileHandle-2.05-506.fc40.noarch                 31/97 
     [exec]   Installing       : perl-Data-Dumper-2.188-503.fc40.x86_64               32/97 
     [exec]   Installing       : perl-libnet-3.15-503.fc40.noarch                     33/97 
     [exec]   Installing       : perl-AutoLoader-5.74-506.fc40.noarch                 34/97 
     [exec]   Installing       : perl-URI-5.28-1.fc40.noarch                          35/97 
     [exec]   Installing       : perl-Text-Tabs+Wrap-2024.001-1.fc40.noarch           36/97 
     [exec]   Installing       : perl-Mozilla-CA-20231213-3.fc40.noarch               37/97 
     [exec]   Installing       : perl-if-0.61.000-506.fc40.noarch                     38/97 
     [exec]   Installing       : perl-locale-1.10-506.fc40.noarch                     39/97 
     [exec]   Installing       : perl-Time-Local-2:1.350-5.fc40.noarch                40/97 
     [exec]   Installing       : perl-File-Path-2.18-503.fc40.noarch                  41/97 
     [exec]   Installing       : perl-Pod-Escapes-1:1.07-503.fc40.noarch              42/97 
     [exec]   Installing       : perl-IO-Socket-IP-0.42-2.fc40.noarch                 43/97 
     [exec]   Installing       : perl-Net-SSLeay-1.94-3.fc40.x86_64                   44/97 
     [exec]   Installing       : perl-IO-Socket-SSL-2.085-1.fc40.noarch               45/97 
     [exec]   Installing       : perl-Class-Struct-0.68-506.fc40.noarch               46/97 
     [exec]   Installing       : perl-Term-ANSIColor-5.01-504.fc40.noarch             47/97 
     [exec]   Installing       : perl-POSIX-2.13-506.fc40.x86_64                      48/97 
     [exec]   Installing       : perl-Term-Cap-1.18-503.fc40.noarch                   49/97 
     [exec]   Installing       : perl-File-Temp-1:0.231.100-503.fc40.noarch           50/97 
     [exec]   Installing       : perl-IPC-Open3-1.22-506.fc40.noarch                  51/97 
     [exec]   Installing       : perl-HTTP-Tiny-0.088-5.fc40.noarch                   52/97 
     [exec]   Installing       : perl-Pod-Simple-1:3.45-6.fc40.noarch                 53/97 
     [exec]   Installing       : perl-SelectSaver-1.02-506.fc40.noarch                54/97 
     [exec]   Installing       : perl-Symbol-1.09-506.fc40.noarch                     55/97 
     [exec]   Installing       : perl-File-stat-1.13-506.fc40.noarch                  56/97 
     [exec]   Installing       : perl-Socket-4:2.038-1.fc40.x86_64                    57/97 
     [exec]   Installing       : perl-podlators-1:5.01-502.fc40.noarch                58/97 
     [exec]   Installing       : perl-Pod-Perldoc-3.28.01-503.fc40.noarch             59/97 
     [exec]   Installing       : perl-Fcntl-1.15-506.fc40.x86_64                      60/97 
     [exec]   Installing       : perl-Text-ParseWords-3.31-502.fc40.noarch            61/97 
     [exec]   Installing       : perl-base-2.27-506.fc40.noarch                       62/97 
     [exec]   Installing       : perl-mro-1.28-506.fc40.x86_64                        63/97 
     [exec]   Installing       : perl-overloading-0.02-506.fc40.noarch                64/97 
     [exec]   Installing       : perl-IO-1.52-506.fc40.x86_64                         65/97 
     [exec]   Installing       : perl-Pod-Usage-4:2.03-504.fc40.noarch                66/97 
     [exec]   Installing       : perl-Errno-1.37-506.fc40.x86_64                      67/97 
     [exec]   Installing       : perl-File-Basename-2.86-506.fc40.noarch              68/97 
     [exec]   Installing       : perl-Getopt-Std-1.13-506.fc40.noarch                 69/97 
     [exec]   Installing       : perl-MIME-Base64-3.16-503.fc40.x86_64                70/97 
     [exec]   Installing       : perl-Scalar-List-Utils-5:1.63-503.fc40.x86_64        71/97 
     [exec]   Installing       : perl-constant-1.33-503.fc40.noarch                   72/97 
     [exec]   Installing       : perl-overload-1.37-506.fc40.noarch                   73/97 
     [exec]   Installing       : perl-parent-1:0.241-502.fc40.noarch                  74/97 
     [exec]   Installing       : perl-vars-1.05-506.fc40.noarch                       75/97 
     [exec]   Installing       : perl-Storable-1:3.32-502.fc40.x86_64                 76/97 
     [exec]   Installing       : perl-Getopt-Long-1:2.57-4.fc40.noarch                77/97 
     [exec]   Installing       : perl-Carp-1.54-502.fc40.noarch                       78/97 
     [exec]   Installing       : perl-Exporter-5.78-3.fc40.noarch                     79/97 
     [exec]   Installing       : perl-NDBM_File-1.16-506.fc40.x86_64                  80/97 
     [exec]   Installing       : perl-PathTools-3.89-502.fc40.x86_64                  81/97 
     [exec]   Installing       : perl-DynaLoader-1.54-506.fc40.x86_64                 82/97 
     [exec]   Installing       : perl-Encode-4:3.21-505.fc40.x86_64                   83/97 
     [exec]   Installing       : perl-libs-4:5.38.2-506.fc40.x86_64                   84/97 
     [exec]   Installing       : perl-interpreter-4:5.38.2-506.fc40.x86_64            85/97 
     [exec]   Installing       : perl-Error-1:0.17029-15.fc40.noarch                  86/97 
     [exec]   Installing       : perl-File-Find-1.43-506.fc40.noarch                  87/97 
     [exec]   Installing       : perl-TermReadKey-2.38-21.fc40.x86_64                 88/97 
     [exec]   Installing       : perl-lib-0.65-506.fc40.x86_64                        89/97 
     [exec]   Installing       : perl-Git-2.47.1-1.fc40.noarch                        90/97 
     [exec]   Installing       : git-2.47.1-1.fc40.x86_64                             91/97 
     [exec]   Installing       : wget2-wget-2.2.0-1.fc40.x86_64                       92/97 
     [exec]   Cleanup          : libmount-2.40-13.fc40.x86_64                         93/97 
     [exec]   Cleanup          : libblkid-2.40-13.fc40.x86_64                         94/97 
     [exec]   Cleanup          : libuuid-2.40-13.fc40.x86_64                          95/97 
     [exec]   Cleanup          : libsmartcols-2.40-13.fc40.x86_64                     96/97 
     [exec]   Cleanup          : gnutls-3.8.5-1.fc40.x86_64                           97/97 
     [exec]   Running scriptlet: gnutls-3.8.5-1.fc40.x86_64                           97/97 
     [exec] 
     [exec] Upgraded:
     [exec]   gnutls-3.8.6-1.fc40.x86_64           libblkid-2.40.2-1.fc40.x86_64           
     [exec]   libmount-2.40.2-1.fc40.x86_64        libsmartcols-2.40.2-1.fc40.x86_64       
     [exec]   libuuid-2.40.2-1.fc40.x86_64        
     [exec] Installed:
     [exec]   git-2.47.1-1.fc40.x86_64                                                      
     [exec]   git-core-2.47.1-1.fc40.x86_64                                                 
     [exec]   git-core-doc-2.47.1-1.fc40.noarch                                             
     [exec]   gnutls-dane-3.8.6-1.fc40.x86_64                                               
     [exec]   gpgme-1.23.2-3.fc40.x86_64                                                    
     [exec]   groff-base-1.23.0-6.fc40.x86_64                                               
     [exec]   less-643-6.fc40.x86_64                                                        
     [exec]   libcbor-0.11.0-1.fc40.x86_64                                                  
     [exec]   libedit-3.1-53.20240808cvs.fc40.x86_64                                        
     [exec]   libfdisk-2.40.2-1.fc40.x86_64                                                 
     [exec]   libfido2-1.14.0-4.fc40.x86_64                                                 
     [exec]   libutempter-1.2.1-13.fc40.x86_64                                              
     [exec]   ncurses-6.4-12.20240127.fc40.x86_64                                           
     [exec]   openssh-9.6p1-1.fc40.4.x86_64                                                 
     [exec]   openssh-clients-9.6p1-1.fc40.4.x86_64                                         
     [exec]   perl-AutoLoader-5.74-506.fc40.noarch                                          
     [exec]   perl-B-1.88-506.fc40.x86_64                                                   
     [exec]   perl-Carp-1.54-502.fc40.noarch                                                
     [exec]   perl-Class-Struct-0.68-506.fc40.noarch                                        
     [exec]   perl-Data-Dumper-2.188-503.fc40.x86_64                                        
     [exec]   perl-Digest-1.20-502.fc40.noarch                                              
     [exec]   perl-Digest-MD5-2.59-3.fc40.x86_64                                            
     [exec]   perl-DynaLoader-1.54-506.fc40.x86_64                                          
     [exec]   perl-Encode-4:3.21-505.fc40.x86_64                                            
     [exec]   perl-Errno-1.37-506.fc40.x86_64                                               
     [exec]   perl-Error-1:0.17029-15.fc40.noarch                                           
     [exec]   perl-Exporter-5.78-3.fc40.noarch                                              
     [exec]   perl-Fcntl-1.15-506.fc40.x86_64                                               
     [exec]   perl-File-Basename-2.86-506.fc40.noarch                                       
     [exec]   perl-File-Find-1.43-506.fc40.noarch                                           
     [exec]   perl-File-Path-2.18-503.fc40.noarch                                           
     [exec]   perl-File-Temp-1:0.231.100-503.fc40.noarch                                    
     [exec]   perl-File-stat-1.13-506.fc40.noarch                                           
     [exec]   perl-FileHandle-2.05-506.fc40.noarch                                          
     [exec]   perl-Getopt-Long-1:2.57-4.fc40.noarch                                         
     [exec]   perl-Getopt-Std-1.13-506.fc40.noarch                                          
     [exec]   perl-Git-2.47.1-1.fc40.noarch                                                 
     [exec]   perl-HTTP-Tiny-0.088-5.fc40.noarch                                            
     [exec]   perl-IO-1.52-506.fc40.x86_64                                                  
     [exec]   perl-IO-Socket-IP-0.42-2.fc40.noarch                                          
     [exec]   perl-IO-Socket-SSL-2.085-1.fc40.noarch                                        
     [exec]   perl-IPC-Open3-1.22-506.fc40.noarch                                           
     [exec]   perl-MIME-Base64-3.16-503.fc40.x86_64                                         
     [exec]   perl-Mozilla-CA-20231213-3.fc40.noarch                                        
     [exec]   perl-NDBM_File-1.16-506.fc40.x86_64                                           
     [exec]   perl-Net-SSLeay-1.94-3.fc40.x86_64                                            
     [exec]   perl-POSIX-2.13-506.fc40.x86_64                                               
     [exec]   perl-PathTools-3.89-502.fc40.x86_64                                           
     [exec]   perl-Pod-Escapes-1:1.07-503.fc40.noarch                                       
     [exec]   perl-Pod-Perldoc-3.28.01-503.fc40.noarch                                      
     [exec]   perl-Pod-Simple-1:3.45-6.fc40.noarch                                          
     [exec]   perl-Pod-Usage-4:2.03-504.fc40.noarch                                         
     [exec]   perl-Scalar-List-Utils-5:1.63-503.fc40.x86_64                                 
     [exec]   perl-SelectSaver-1.02-506.fc40.noarch                                         
     [exec]   perl-Socket-4:2.038-1.fc40.x86_64                                             
     [exec]   perl-Storable-1:3.32-502.fc40.x86_64                                          
     [exec]   perl-Symbol-1.09-506.fc40.noarch                                              
     [exec]   perl-Term-ANSIColor-5.01-504.fc40.noarch                                      
     [exec]   perl-Term-Cap-1.18-503.fc40.noarch                                            
     [exec]   perl-TermReadKey-2.38-21.fc40.x86_64                                          
     [exec]   perl-Text-ParseWords-3.31-502.fc40.noarch                                     
     [exec]   perl-Text-Tabs+Wrap-2024.001-1.fc40.noarch                                    
     [exec]   perl-Time-Local-2:1.350-5.fc40.noarch                                         
     [exec]   perl-URI-5.28-1.fc40.noarch                                                   
     [exec]   perl-base-2.27-506.fc40.noarch                                                
     [exec]   perl-constant-1.33-503.fc40.noarch                                            
     [exec]   perl-if-0.61.000-506.fc40.noarch                                              
     [exec]   perl-interpreter-4:5.38.2-506.fc40.x86_64                                     
     [exec]   perl-lib-0.65-506.fc40.x86_64                                                 
     [exec]   perl-libnet-3.15-503.fc40.noarch                                              
     [exec]   perl-libs-4:5.38.2-506.fc40.x86_64                                            
     [exec]   perl-locale-1.10-506.fc40.noarch                                              
     [exec]   perl-mro-1.28-506.fc40.x86_64                                                 
     [exec]   perl-overload-1.37-506.fc40.noarch                                            
     [exec]   perl-overloading-0.02-506.fc40.noarch                                         
     [exec]   perl-parent-1:0.241-502.fc40.noarch                                           
     [exec]   perl-podlators-1:5.01-502.fc40.noarch                                         
     [exec]   perl-vars-1.05-506.fc40.noarch                                                
     [exec]   protobuf-c-1.5.0-3.fc40.x86_64                                                
     [exec]   systemd-libs-255.15-1.fc40.x86_64                                             
     [exec]   unbound-anchor-1.21.1-3.fc40.x86_64                                           
     [exec]   unbound-libs-1.21.1-3.fc40.x86_64                                             
     [exec]   util-linux-2.40.2-1.fc40.x86_64                                               
     [exec]   util-linux-core-2.40.2-1.fc40.x86_64                                          
     [exec]   wget2-2.2.0-1.fc40.x86_64                                                     
     [exec]   wget2-libs-2.2.0-1.fc40.x86_64                                                
     [exec]   wget2-wget-2.2.0-1.fc40.x86_64                                                
     [exec] 
     [exec] Complete!
     [exec] 17 files removed
     [exec] --> 5aed2b8e2c15
     [exec] STEP 5/27: ENV LANG='en_US.UTF-8' LANGUAGE='en_US:en' LC_ALL='en_US.UTF-8'
     [exec] --> 674ef7e51bd3
     [exec] STEP 6/27: ARG SBT_VERSION=1.6.2
     [exec] --> ed0168c96bbc
     [exec] STEP 7/27: ENV SBT_VERSION=$SBT_VERSION
     [exec] --> b623dd1e3e61
     [exec] STEP 8/27: ENV SBT_HOME=/opt/sbt
     [exec] --> a30627445aa0
     [exec] STEP 9/27: RUN wget --no-verbose --no-check-certificate --no-cookies https://github.com/sbt/sbt/releases/download/v${SBT_VERSION}/sbt-${SBT_VERSION}.tgz 	&& wget --no-verbose --no-check-certificate --no-cookies https://github.com/sbt/sbt/releases/download/v${SBT_VERSION}/sbt-${SBT_VERSION}.tgz.asc 	&& curl "https://keyserver.ubuntu.com/pks/lookup?op=get&search=0x2EE0EA64E40A89B84B2DF73499E82A75642AC823" | gpg --import 	&& gpg --verify sbt-${SBT_VERSION}.tgz.asc sbt-${SBT_VERSION}.tgz 	&& tar -zvxf sbt-${SBT_VERSION}.tgz -C /opt/ 	&& rm -f sbt-${SBT_VERSION}.tgz 	&& rm -f sbt-${SBT_VERSION}.tgz.asc
     [exec] /bin/sh: warning: setlocale: LC_ALL: cannot change locale (en_US.UTF-8)
     [exec] WARNING: The certificate is NOT trusted. The certificate issuer is unknown. 
     [exec] WARNING: The certificate is NOT trusted. The certificate issuer is unknown. 
     [exec] WARNING: The certificate is NOT trusted. The certificate issuer is unknown. 
     [exec] WARNING: The certificate is NOT trusted. The certificate issuer is unknown. 
     [exec] gpg: directory '/root/.gnupg' created
     [exec]   % Total    % Received % Xferd  Average Speed   Time    Time     Time  Current
     [exec]                                  Dload  Upload   Total   Spent    Left  Speed
     [exec] 
     [exec]   0     0    0     0    0     0      0      0 --:--:-- --:--:-- --:--:--     0  0     0    0     0    0     0      0      0 --:--:-- --:--:-- --:--:--     0100  3118    0  3118    0     0  29184      0 --:--:-- --:--:-- --:--:-- 29140gpg: /root/.gnupg/trustdb.gpg: trustdb created
     [exec] gpg: key 99E82A75642AC823: public key "sbt build tool <scalasbt@gmail.com>" imported
     [exec] gpg: Total number processed: 1
     [exec] gpg:               imported: 1
     [exec] gpg: Signature made Tue Feb  1 04:38:51 2022 UTC
     [exec] gpg:                using RSA key 2EE0EA64E40A89B84B2DF73499E82A75642AC823
     [exec] gpg: Good signature from "sbt build tool <scalasbt@gmail.com>" [unknown]
     [exec] gpg: WARNING: This key is not certified with a trusted signature!
     [exec] gpg:          There is no indication that the signature belongs to the owner.
     [exec] Primary key fingerprint: 2EE0 EA64 E40A 89B8 4B2D  F734 99E8 2A75 642A C823
     [exec] sbt/
     [exec] sbt/bin/
     [exec] sbt/bin/sbt-launch.jar
     [exec] sbt/bin/sbtn-x86_64-pc-win32.exe
     [exec] sbt/bin/sbt
     [exec] sbt/bin/sbtn-x86_64-pc-linux
     [exec] sbt/bin/sbtn-x86_64-apple-darwin
     [exec] sbt/bin/sbt.bat
     [exec] sbt/LICENSE
     [exec] sbt/conf/
     [exec] sbt/conf/sbtopts
     [exec] sbt/conf/sbtconfig.txt
     [exec] sbt/NOTICE
     [exec] time="2024-12-06T08:56:12+01:00" level=warning msg="archive: skipping \"/home/jvanek/.local/share/containers/storage/overlay/7b2de5e9031c62d3ddf3baa450f5d8e5e0709e4d34e37f74ec7bb5adb01ba354/merged/root/.gnupg/S.gpg-agent\" since it is a socket"
     [exec] time="2024-12-06T08:56:12+01:00" level=warning msg="archive: skipping \"/home/jvanek/.local/share/containers/storage/overlay/7b2de5e9031c62d3ddf3baa450f5d8e5e0709e4d34e37f74ec7bb5adb01ba354/merged/root/.gnupg/S.gpg-agent.browser\" since it is a socket"
     [exec] time="2024-12-06T08:56:12+01:00" level=warning msg="archive: skipping \"/home/jvanek/.local/share/containers/storage/overlay/7b2de5e9031c62d3ddf3baa450f5d8e5e0709e4d34e37f74ec7bb5adb01ba354/merged/root/.gnupg/S.gpg-agent.extra\" since it is a socket"
     [exec] time="2024-12-06T08:56:12+01:00" level=warning msg="archive: skipping \"/home/jvanek/.local/share/containers/storage/overlay/7b2de5e9031c62d3ddf3baa450f5d8e5e0709e4d34e37f74ec7bb5adb01ba354/merged/root/.gnupg/S.gpg-agent.ssh\" since it is a socket"
     [exec] time="2024-12-06T08:56:12+01:00" level=warning msg="archive: skipping \"/home/jvanek/.local/share/containers/storage/overlay/7b2de5e9031c62d3ddf3baa450f5d8e5e0709e4d34e37f74ec7bb5adb01ba354/merged/root/.gnupg/S.keyboxd\" since it is a socket"
     [exec] time="2024-12-06T08:56:12+01:00" level=warning msg="archive: skipping \"/home/jvanek/.local/share/containers/storage/overlay/7b2de5e9031c62d3ddf3baa450f5d8e5e0709e4d34e37f74ec7bb5adb01ba354/merged/root/.gnupg/S.scdaemon\" since it is a socket"
     [exec] --> 6932b150b6d4
     [exec] STEP 10/27: ENV PATH ${PATH}:${SBT_HOME}/bin
     [exec] --> 235343e6870f
     [exec] STEP 11/27: ENV JAVA_TOOL_OPTIONS=" -Dfile.encoding=UTF8 -Djava.security.egd=file:/dev/./urandom"
     [exec] --> b12dc7e20134
     [exec] STEP 12/27: ENV TEST_HOME /scala
     [exec] --> 92a4e773f9e9
     [exec] STEP 13/27: ENV APPLICATION_NAME=scala
     [exec] --> cfbea7a94382
     [exec] STEP 14/27: ENV APPLICATION_TAG=v2.13.8
     [exec] --> 6f2cb25b598f
     [exec] STEP 15/27: ENV OS_TAG=fedora
     [exec] --> 8dfc832f675e
     [exec] STEP 16/27: ENV JDK_VERSION=8
     [exec] --> c7a4e0fc7e22
     [exec] STEP 17/27: ENV JDK_IMPL=hotspot
     [exec] --> c642c9212428
     [exec] STEP 18/27: ENV SCALA_TAG=$SCALA_TAG
     [exec] --> 877ec42ff86b
     [exec] STEP 19/27: RUN git clone https://github.com/scala/scala.git
     [exec] /bin/sh: warning: setlocale: LC_ALL: cannot change locale (en_US.UTF-8)
     [exec] Cloning into 'scala'...
     [exec] --> fb89c6bfa5b9
     [exec] STEP 20/27: WORKDIR /scala/
     [exec] --> f45cbbb3f5d9
     [exec] STEP 21/27: RUN git checkout $SCALA_TAG
     [exec] /bin/sh: warning: setlocale: LC_ALL: cannot change locale (en_US.UTF-8)
     [exec] Note: switching to 'v2.13.8'.
     [exec] 
     [exec] You are in 'detached HEAD' state. You can look around, make experimental
     [exec] changes and commit them, and you can discard any commits you make in this
     [exec] state without impacting any branches by switching back to a branch.
     [exec] 
     [exec] If you want to create a new branch to retain commits you create, you may
     [exec] do so (now or later) by using -c with the switch command. Example:
     [exec] 
     [exec]   git switch -c <new-branch-name>
     [exec] 
     [exec] Or undo this operation with:
     [exec] 
     [exec]   git switch -
     [exec] 
     [exec] Turn off this advice by setting config variable advice.detachedHead to false
     [exec] 
     [exec] HEAD is now at 4b2151cbe4 Merge pull request #9859 from SethTisue/revert-grouped-pr-9818
     [exec] --> a071c2adb785
     [exec] STEP 22/27: WORKDIR /
     [exec] --> ff2eaf1bd9eb
     [exec] STEP 23/27: COPY scala/test.sh /test.sh
     [exec] --> 6ad7915dc6c3
     [exec] STEP 24/27: COPY test_base_functions.sh test_base_functions.sh
     [exec] --> 4770ffaea217
     [exec] STEP 25/27: WORKDIR ${TEST_HOME}
     [exec] --> ea8605cb3f71
     [exec] STEP 26/27: ENTRYPOINT ["/bin/bash", "/test.sh"]
     [exec] --> ea75e4248120
     [exec] STEP 27/27: CMD ["jvm pos neg"]
     [exec] COMMIT adoptopenjdk-scala-test:8-jdk-ubuntu-hotspot-full
     [exec] --> b1fd9527fc48
     [exec] Successfully tagged localhost/adoptopenjdk-scala-test:8-jdk-ubuntu-hotspot-full
     [exec] b1fd9527fc48b84cfbf82f1b46b950cb85bbad2be4a2094cc20d344214309829

dist:
     [copy] Copying 3 files to /home/jvanek/git/jvmtest/external/scala

BUILD SUCCESSFUL
Total time: 41 seconds
0
make[1]: Leaving directory '/home/jvanek/git/aqa-tests/TKG'
JAVA_HOME is set to /tmp/tmp.d5qkujfeEy/jdk8u432-b06
LIB_DIR is set to /home/jvanek/git/aqa-tests/TKG/../TKG/lib
make -f makeGen.mk AUTO_DETECT= MODE=tests TESTTARGET=scala_test TESTLIST=
make[1]: Entering directory '/home/jvanek/git/aqa-tests/TKG'
perl scripts/configure.pl
/tmp/tmp.d5qkujfeEy/jdk8u432-b06/bin/java -cp "./bin/TestKitGen.jar:/home/jvanek/git/aqa-tests/TKG/../TKG/lib/json-simple.jar" org.testKitGen.MainRunner --mode=tests --spec=linux_x86-64 --microArch="" --osLabel="" --jdkVersion=8 --impl=hotspot --vendor="Temurin" --buildList=external/scala --iterations=1 --aotIterations= --testFlag= --testTarget=scala_test --testList= --numOfMachines= --testTime= --TRSSURL= 
Modes data parsed from resources/modes.xml and resources/ottawa.csv.

Starting to generate test make files.

Parsing /home/jvanek/git/aqa-tests/TKG/../external/scala/playlist.xml
Generated /home/jvanek/git/aqa-tests/TKG/../external/scala/autoGen.mk

Generated /home/jvanek/git/aqa-tests/TKG/../external/autoGen.mk

Generated /home/jvanek/git/aqa-tests/TKG/../autoGen.mk

Generated /home/jvanek/git/aqa-tests/TKG/../TKG/utils.mk

Generated /home/jvanek/git/aqa-tests/TKG/../TKG/rerun.mk

Make files are generated successfully.

make[1]: Leaving directory '/home/jvanek/git/aqa-tests/TKG'
make -f runtest.mk _scala_test
make[1]: Entering directory '/home/jvanek/git/aqa-tests/TKG'

Running make 4.4.1
set TEST_ROOT to /home/jvanek/git/aqa-tests/TKG/..
set JDK_VERSION to 8
set JDK_IMPL to hotspot
set JVM_VERSION to openjdk8
set JCL_VERSION to latest
set JAVA_HOME to /tmp/tmp.d5qkujfeEy/jdk8u432-b06
set SPEC to linux_x86-64
set TEST_FLAG to
Running scala_test ...
There are 1 test targets in scala_test
"/tmp/tmp.d5qkujfeEy/jdk8u432-b06/bin/java" -version
openjdk version "1.8.0_432"
OpenJDK Runtime Environment (Temurin)(build 1.8.0_432-b06)
OpenJDK 64-Bit Server VM (Temurin)(build 25.432-b06, mixed mode)
make[2]: Entering directory '/home/jvanek/git/aqa-tests'
make[3]: Entering directory '/home/jvanek/git/aqa-tests/external'
make[4]: Entering directory '/home/jvanek/git/aqa-tests/external/scala'

===============================================
Running test scala_test_0 ...
===============================================
scala_test_0 Start Time: Fri Dec  6 08:56:36 2024 Epoch Time (ms): 1733471796812
variation: NoOptions
JVM_OPTIONS:  
{ \
echo "";	echo "TEST SETUP:"; \
echo "Nothing to be done for setup."; \
mkdir -p "/home/jvanek/git/aqa-tests/TKG/../TKG/output_17334717967805/scala_test_0"; \
cd "/home/jvanek/git/aqa-tests/TKG/../TKG/output_17334717967805/scala_test_0"; \
echo "";	echo "TESTING:"; \
/home/jvanek/git/aqa-tests/TKG/../external/external.sh --run --tag "" --dir scala --reportdst "/home/jvanek/git/aqa-tests/TKG/../TKG/output_17334717967805/scala_test_0" --docker_args "-v /tmp/tmp.d5qkujfeEy/jdk8u432-b06:/opt/java/openjdk" ; \
	if [ $? -eq 0 ]; then echo "-----------------------------------"; echo "scala_test_0""_PASSED"; echo "-----------------------------------"; cd /home/jvanek/git/aqa-tests/TKG/..;  else echo "-----------------------------------"; echo "scala_test_0""_FAILED"; echo "-----------------------------------"; fi; \
	/home/jvanek/git/aqa-tests/TKG/../external/external.sh --clean --tag "" --dir scala; \
echo "";	echo "TEST TEARDOWN:"; \
echo "Nothing to be done for teardown."; \
 } 2>&1 | tee -a "/home/jvanek/git/aqa-tests/TKG/../TKG/output_17334717967805/TestTargetResult";

TEST SETUP:
Nothing to be done for setup.

TESTING:
   # =================== Info =================== Info =================== Info =================== #
   # EXTRA_DOCKER_ARGS set as "-v /tmp/tmp.d5qkujfeEy/jdk8u432-b06:/opt/java/openjdk"                                #
   # =================== Info =================== Info =================== Info =================== #
   # =================== Info =================== Info =================== Info =================== #
   # TEST_JDK_HOME of /tmp/tmp.d5qkujfeEy/jdk8u432-b06 is used in EXTRA_DOCKER_ARGS                                #
   # =================== Info =================== Info =================== Info =================== #
No DOCKERIMAGE_TAG set, tag as default 'nightly'
DOCKERIMAGE_TAG nightly has been recognized.
The test here is scala
The directory in the external.sh is scala
 podman run --privileged  -v /tmp/tmp.d5qkujfeEy/jdk8u432-b06:/opt/java/openjdk  --name scala-test --rm adoptopenjdk-scala-test:8-jdk-ubuntu-hotspot-full 
time="2024-12-06T08:56:36+01:00" level=warning msg="Error validating CNI config file /home/jvanek/.config/cni/net.d/87-podman.conflist: [failed to find plugin \"bridge\" in path [/usr/local/libexec/cni /usr/libexec/cni /usr/local/lib/cni /usr/lib/cni /opt/cni/bin] failed to find plugin \"portmap\" in path [/usr/local/libexec/cni /usr/libexec/cni /usr/local/lib/cni /usr/lib/cni /opt/cni/bin] failed to find plugin \"firewall\" in path [/usr/local/libexec/cni /usr/libexec/cni /usr/local/lib/cni /usr/lib/cni /opt/cni/bin] failed to find plugin \"tuning\" in path [/usr/local/libexec/cni /usr/libexec/cni /usr/local/lib/cni /usr/lib/cni /opt/cni/bin]]"
/bin/bash: warning: setlocale: LC_ALL: cannot change locale (en_US.UTF-8)
APPLICATION_NAME=scala
APPLICATION_TAG=v2.13.8
OS_TAG=fedora
Using /opt mounted Java8
JAVA_BIN is: /opt/java/openjdk/jre/bin
=JAVA VERSION OUTPUT BEGIN=
Picked up JAVA_TOOL_OPTIONS:  -Dfile.encoding=UTF8 -Djava.security.egd=file:/dev/./urandom
openjdk version "1.8.0_432"
OpenJDK Runtime Environment (Temurin)(build 1.8.0_432-b06)
OpenJDK 64-Bit Server VM (Temurin)(build 25.432-b06, mixed mode)
=JAVA VERSION OUTPUT END=
Try to echo Scala version by using sbt "scala -version"
bash: warning: setlocale: LC_ALL: cannot change locale (en_US.UTF-8)
Picked up JAVA_TOOL_OPTIONS:  -Dfile.encoding=UTF8 -Djava.security.egd=file:/dev/./urandom -Dfile.encoding=UTF8
[info] [launcher] getting org.scala-sbt sbt 1.5.6  (this may take some time)...
[info] [launcher] getting Scala 2.12.14 (for sbt)...
[info] welcome to sbt 1.5.6 (Temurin Java 1.8.0_432)
[info] loading settings for project scala-build-build from plugins.sbt ...
[info] loading project definition from /scala/project/project
[info] loading settings for project scala-build from plugins.sbt ...
[info] loading project definition from /scala/project
[info] compiling 25 Scala sources to /scala/project/target/scala-2.12/sbt-1.0/classes ...
[info] Non-compiled module 'compiler-bridge_2.12' for Scala 2.12.14. Compiling...
[info]   Compilation completed in 4.701s.
[info] done compiling
[info] loading settings for project root from build.sbt ...
[info] resolving key references (22722 settings) ...
[info] *** Welcome to the sbt build definition for Scala! ***
[info] version=2.13.8-bin-SNAPSHOT scalaVersion=2.13.7
[info] Check README.md for more information.
[info] compiling 536 Scala sources and 32 Java sources to /scala/build/quick/classes/library ...
[info] Non-compiled module 'compiler-bridge_2.13' for Scala 2.13.7. Compiling...
[info]   Compilation completed in 5.547s.
[info] done compiling
[info] compiling 160 Scala sources and 3 Java sources to /scala/build/quick/classes/reflect ...
[info] done compiling
[info] compiling 327 Scala sources and 5 Java sources to /scala/build/quick/classes/compiler ...
[info] done compiling
[info] compiling 43 Scala sources to /scala/build/quick/classes/scaladoc ...
[info] compiling 28 Scala sources to /scala/build/quick/classes/interactive ...
[info] done compiling
[info] compiling 18 Scala sources to /scala/build/quick/classes/repl ...
[info] done compiling
[info] compiling 20 Scala sources and 1 Java source to /scala/build/quick/classes/repl-frontend ...
[info] done compiling
[info] done compiling
[info] running (fork) scala.tools.nsc.MainGenericRunner -usejavacp -version
Picked up JAVA_TOOL_OPTIONS:  -Dfile.encoding=UTF8 -Djava.security.egd=file:/dev/./urandom -Dfile.encoding=UTF8
Scala code runner version 2.13.8-20211217-122810-4b2151c -- Copyright 2002-2021, LAMP/EPFL and Lightbend, Inc.
[success] Total time: 74 s (01:14), completed Dec 6, 2024 7:58:21 AM
Begin to execute Scala test with cmd: sbt "partest jvm pos neg"
bash: warning: setlocale: LC_ALL: cannot change locale (en_US.UTF-8)
Picked up JAVA_TOOL_OPTIONS:  -Dfile.encoding=UTF8 -Djava.security.egd=file:/dev/./urandom -Dfile.encoding=UTF8
[info] welcome to sbt 1.5.6 (Temurin Java 1.8.0_432)
[info] loading settings for project scala-build-build from plugins.sbt ...
[info] loading project definition from /scala/project/project
[info] loading settings for project scala-build from plugins.sbt ...
[info] loading project definition from /scala/project
[info] loading settings for project root from build.sbt ...
[info] resolving key references (22722 settings) ...
[info] *** Welcome to the sbt build definition for Scala! ***
[info] version=2.13.8-bin-SNAPSHOT scalaVersion=2.13.7
[info] Check README.md for more information.
[info] compiling 3 Java sources to /scala/build/quick/classes/partest-javaagent ...
[info] done compiling
[info] compiling 11 Scala sources and 2 Java sources to /scala/build/quick/classes/testkit ...
[info] compiling 22 Scala sources to /scala/build/quick/classes/scalap ...
[info] compiling 1 Scala source and 1 Java source to /scala/build/quick/classes/specLib ...
[info] done compiling
[info] done compiling
[info] done compiling
[info] compiling 49 Scala sources and 2 Java sources to /scala/build/quick/classes/partest ...
[info] done compiling
Picked up JAVA_TOOL_OPTIONS:  -Dfile.encoding=UTF8 -Djava.security.egd=file:/dev/./urandom -Dfile.encoding=UTF8
Selected 3078 tests drawn from 3 named test categories

# starting 1758 tests in pos
........................................................................
........................................................................
........................................................................
........................................................................
........................................................................
........................................................................
........................................................................
........................................................................
............................s...........................................
...s....................................................................
........................................................................
........................................................................
........................................................................
........................................................................
........................................................................
........................................................................
........................................................................
........................................................................
........................................................................
........................................................................
........................................................................
........................................................................
........................................................................
........................................................................
..............................

# starting 1237 tests in neg
........................................................................
........................................................................
...X....................................................................
........................................................................
........................................................................
........................................................................
....X..................................................X................
........................................................................
........................................................................
........................................................................
........................................................................
................................................X.......................
........................................................................
........................................................................
........................................................................
..........................................s.............................
........................................................................
.............
!!    1 - neg/java-import-non-existing-selector     [output differs]
!!    2 - neg/t10701                                [output differs]
!!    3 - neg/t12134                                [expected compilation failure]
!!    4 - neg/t6289                                 [output differs]
# 1233/1237 passed, 4 failed in neg

# starting 83 tests in jvm
Note: test execution will be non-parallel under -Dpartest.exec.in.process
....X..X.XX..X....................X.......X.XXXX.X.................XXX.X
.X..XX.X..X
!!  4 - jvm/deprecation                           [output differs]
!!  5 - jvm/duration-java                         [output differs]
!!  1 - jvm/inner.scala                           [output differs]
!!  3 - jvm/innerClassAttribute                   [output differs]
!!  2 - jvm/methvsfield                           [output differs]
!!  6 - jvm/natives.scala                         [output differs]
!!  9 - jvm/t11321b                               [output differs]
!! 10 - jvm/t1143-2                               [output differs]
!!  8 - jvm/t11726                                [output differs]
!! 11 - jvm/t1342                                 [output differs]
!! 12 - jvm/t1464                                 [output differs]
!!  7 - jvm/t1600.scala                           [output differs]
!! 13 - jvm/t2163                                 [output differs]
!! 16 - jvm/t2570                                 [output differs]
!! 14 - jvm/t2585                                 [output differs]
!! 15 - jvm/t3415                                 [output differs]
!! 17 - jvm/t7253                                 [output differs]
!! 19 - jvm/t8689.scala                           [output differs]
!! 18 - jvm/t8786                                 [output differs]
!! 21 - jvm/value-class-in-jannotation            [output differs]
!! 20 - jvm/varargs                               [output differs]
# 62/83 passed, 21 failed in jvm

# Failed test paths (this command will update checkfiles)
partest --update-check \
  /scala/test/files/neg/java-import-non-existing-selector \
  /scala/test/files/neg/t10701 \
  /scala/test/files/neg/t12134 \
  /scala/test/files/neg/t6289 \
  /scala/test/files/jvm/deprecation \
  /scala/test/files/jvm/duration-java \
  /scala/test/files/jvm/inner.scala \
  /scala/test/files/jvm/innerClassAttribute \
  /scala/test/files/jvm/methvsfield \
  /scala/test/files/jvm/natives.scala \
  /scala/test/files/jvm/t11321b \
  /scala/test/files/jvm/t1143-2 \
  /scala/test/files/jvm/t11726 \
  /scala/test/files/jvm/t1342 \
  /scala/test/files/jvm/t1464 \
  /scala/test/files/jvm/t1600.scala \
  /scala/test/files/jvm/t2163 \
  /scala/test/files/jvm/t2570 \
  /scala/test/files/jvm/t2585 \
  /scala/test/files/jvm/t3415 \
  /scala/test/files/jvm/t7253 \
  /scala/test/files/jvm/t8689.scala \
  /scala/test/files/jvm/t8786 \
  /scala/test/files/jvm/value-class-in-jannotation \
  /scala/test/files/jvm/varargs

[error] Failed: Total 3078, Failed 25, Errors 0, Passed 3050, Skipped 3
[error] Failed tests:
[error] 	partest
[error] (test / IntegrationTest / testOnly) sbt.TestsFailedException: Tests unsuccessful
[error] Total time: 114 s (01:54), completed Dec 6, 2024 8:00:21 AM
-----------------------------------
scala_test_0_FAILED
-----------------------------------
   # =================== Info =================== Info =================== Info =================== #
   # EXTRA_DOCKER_ARGS set as "-v /tmp/tmp.d5qkujfeEy/jdk8u432-b06:/opt/java/openjdk"                                #
   # =================== Info =================== Info =================== Info =================== #
   # =================== Info =================== Info =================== Info =================== #
   # TEST_JDK_HOME of /tmp/tmp.d5qkujfeEy/jdk8u432-b06 is used in EXTRA_DOCKER_ARGS                                #
   # =================== Info =================== Info =================== Info =================== #
No DOCKERIMAGE_TAG set, tag as default 'nightly'
DOCKERIMAGE_TAG nightly has been recognized.
The test here is scala
The directory in the external.sh is scala
Untagged: localhost/adoptopenjdk-scala-test:8-jdk-ubuntu-hotspot-full
Deleted: b1fd9527fc48b84cfbf82f1b46b950cb85bbad2be4a2094cc20d344214309829
Deleted: ea75e42481208a2dd6c3bdd0d925a257ef076903ef3ea9b329bca5429d263df9
Deleted: ea8605cb3f713b14095c3a33dc777f0475476a62792e420ee4161a1859de9be9
Deleted: 4770ffaea217721830a9f39f7ea14207cffd6fc506df4b5becb9b78a96cae4be
Deleted: 6ad7915dc6c3b72e5a9791e165acb0daae163abca8ad87b56b72ddc4c48f2069
Deleted: ff2eaf1bd9eb26aa0c079b3c8a9e0cd4a9ef0308a27808ed5e77897745bf67bb
Deleted: a071c2adb785e2bcb85b1bda2c5eb3bec884bc9577e6b63468f43e613ac1b65d
Deleted: f45cbbb3f5d99c7f38b6c3b3fb06bfeebfa55a7d4627755b9f24539db299eff8
Deleted: fb89c6bfa5b9d7b982e5cb9241e402880de82d21c5ef4f0e66a42762a623e570
Deleted: 877ec42ff86b857b5f05ccde093df1218026616763c834383e9d1dafab13ae3d
Deleted: c642c92124286ee007064537eb0347db6f2be4fde86f0757ce2f67ac5c4f6c54
Deleted: c7a4e0fc7e225dced261bf021994c1ca1d107756811568bdcfdb26c85ce594ec
Deleted: 8dfc832f675ee7e4fa92b3f9ceb5f36517a8f5834dfa36a260bd4e5a13e56b9e
Deleted: 6f2cb25b598f4f9208d9cf85ace82f42ca0583f5da8fe062166d5aec6507c49b
Deleted: cfbea7a943825d37417668e9e8734f7358f9ecbcb788e9490a1982d744dc1a51
Deleted: 92a4e773f9e985121965dc9e5c346f645b34c3288bf647b637a01e3566c0c3f9
Deleted: b12dc7e201343cff9757273b3d83b3a5b9c085e09527d9ae2bb6234b4660c177
Deleted: 235343e6870f1a8f31be4a0156731dc422e6aac4fc55c17dddb15a04f68ef8e3
Deleted: 6932b150b6d4d402aefdbd83d2b8843f5fe71136daf73f3c5b3306abcabbbd7b
Deleted: a30627445aa01182cb9e365b4a474d5c650c6c916ca61612bc876a4ae06647b1
Deleted: b623dd1e3e61c3d424ef36f1dc58260e31f4004be460e1181031a9c864844df4
Deleted: ed0168c96bbc687b4f49faf673e5d7c12e06bf9435127de0b9569929c3d7e382
Deleted: 674ef7e51bd31a85fab97b3c7637c6906cae23d09f90b709cdb0e0140f2c0b51
Deleted: 5aed2b8e2c15a580e75e0c3bce793ff3fb1626dee23e63c84229baec3cecc92f
Deleted: d9c4e0fadf62f1a965ae79a9a4e3f717bb79d476ad8d5c141f5028921a7bca61
Deleted: 1c9b5e7be21692455b2b32d7083ec75561fea58321c44819c8bf8f63d4d9d64c
Error: invalid reference format

TEST TEARDOWN:
Nothing to be done for teardown.
scala_test_0 Finish Time: Fri Dec  6 09:00:22 2024 Epoch Time (ms): 1733472022946
make[4]: Leaving directory '/home/jvanek/git/aqa-tests/external/scala'
make[3]: Leaving directory '/home/jvanek/git/aqa-tests/external'
make[2]: Leaving directory '/home/jvanek/git/aqa-tests'


All tests finished, run result summary:
cd "/home/jvanek/git/aqa-tests/TKG/../TKG/scripts"; \
perl "resultsSum.pl" --failuremk="/home/jvanek/git/aqa-tests/TKG/../TKG/failedtargets.mk" --resultFile="/home/jvanek/git/aqa-tests/TKG/../TKG/output_17334717967805/TestTargetResult" --platFile="/home/jvanek/git/aqa-tests/TKG/../TKG/resources/buildPlatformMap.properties" --diagnostic=failure --jdkVersion=8 --jdkImpl=hotspot --jdkVendor="Temurin" --spec=linux_x86-64 --buildList=external/scala --customTarget="" --testTarget=scala_test --tapPath=/home/jvanek/git/aqa-tests/TKG/../TKG/output_17334717967805/ --tapName= --comment=""


TEST TARGETS SUMMARY
++++++++++++++++++++++++++++++++++++++++++++++++++++++++++++++++++++++++++
FAILED test targets:
	scala_test_0

TOTAL: 1   EXECUTED: 1   PASSED: 0   FAILED: 1   DISABLED: 0   SKIPPED: 0
++++++++++++++++++++++++++++++++++++++++++++++++++++++++++++++++++++++++++

To rebuild the failed test in a jenkins job, copy the following link and fill out the <Jenkins URL> and <FAILED test target>:
<Jenkins URL>/parambuild/?JDK_VERSION=8&JDK_IMPL=hotspot&JDK_VENDOR=Temurin&BUILD_LIST=external/scala&PLATFORM=x86-64_linux&TARGET=<FAILED test target>

For example, to rebuild the failed tests in <Jenkins URL>=https://ci.adoptium.net/job/Grinder, use the following links:
https://ci.adoptium.net/job/Grinder/parambuild/?JDK_VERSION=8&JDK_IMPL=hotspot&JDK_VENDOR=Temurin&BUILD_LIST=external/scala&PLATFORM=x86-64_linux&TARGET=scala_test_0
++++++++++++++++++++++++++++++++++++++++++++++++++++++++++++++++++++++++++
make[1]: *** [settings.mk:446: resultsSummary] Error 2
make[1]: Leaving directory '/home/jvanek/git/aqa-tests/TKG'
make: *** [makefile:61: _scala_test] Error 2
compilation: 0
runtime: 2
